Changing working directory:  /proj/ssiw/projects/code/sketch-learner/learning/d2l/workspace/spanner_hierarchy_0_9_9_9_9_9
Creating sym link: /proj/ssiw/projects/code/sketch-learner/learning/d2l/libs/dlplan/libs/scorpion/fast-downward.py /proj/ssiw/projects/code/sketch-learner/learning/d2l/workspace/spanner_hierarchy_0_9_9_9_9_9/fast-downward.py
================================================================================
SLTP v.0.2.0
================================================================================
================================================================================
(pid: 108901) STARTING STEP #1: Incremental learning module
================================================================================
2023-03-04 19:16:07 INFO     [40m[34mInitializing DomainData...[0m
2023-03-04 19:16:07 INFO     Constructing DomainData for filename /proj/ssiw/projects/code/sketch-learner/learning/d2l/benchmarks/spanner/domain.pddl
2023-03-04 19:16:07 INFO     [40m[34m..done[0m
2023-03-04 19:16:07 INFO     [40m[34mInitializing InstanceDatas...[0m
2023-03-04 19:16:07 INFO     Constructing InstanceData for filename /proj/ssiw/projects/code/sketch-learner/learning/d2l/benchmarks/spanner/p-3-3-3-0.pddl
Num states: 78
2023-03-04 19:16:08 INFO     Constructing InstanceData for filename /proj/ssiw/projects/code/sketch-learner/learning/d2l/benchmarks/spanner/p-3-3-3-1.pddl
Num states: 80
2023-03-04 19:16:08 INFO     Constructing InstanceData for filename /proj/ssiw/projects/code/sketch-learner/learning/d2l/benchmarks/spanner/p-3-3-3-2.pddl
Num states: 78
2023-03-04 19:16:08 INFO     Constructing InstanceData for filename /proj/ssiw/projects/code/sketch-learner/learning/d2l/benchmarks/spanner/p-3-3-3-3.pddl
Num states: 84
2023-03-04 19:16:08 INFO     Constructing InstanceData for filename /proj/ssiw/projects/code/sketch-learner/learning/d2l/benchmarks/spanner/p-3-3-3-4.pddl
Num states: 78
2023-03-04 19:16:09 INFO     Constructing InstanceData for filename /proj/ssiw/projects/code/sketch-learner/learning/d2l/benchmarks/spanner/p-3-3-3-5.pddl
Num states: 88
2023-03-04 19:16:09 INFO     Constructing InstanceData for filename /proj/ssiw/projects/code/sketch-learner/learning/d2l/benchmarks/spanner/p-3-3-3-6.pddl
Num states: 75
2023-03-04 19:16:09 INFO     Constructing InstanceData for filename /proj/ssiw/projects/code/sketch-learner/learning/d2l/benchmarks/spanner/p-3-3-3-7.pddl
Num states: 76
2023-03-04 19:16:09 INFO     Constructing InstanceData for filename /proj/ssiw/projects/code/sketch-learner/learning/d2l/benchmarks/spanner/p-3-3-3-8.pddl
Num states: 78
2023-03-04 19:16:09 INFO     Constructing InstanceData for filename /proj/ssiw/projects/code/sketch-learner/learning/d2l/benchmarks/spanner/p-3-3-3-9.pddl
Num states: 76
2023-03-04 19:16:10 INFO     Constructing InstanceData for filename /proj/ssiw/projects/code/sketch-learner/learning/d2l/benchmarks/spanner/p-3-3-3-10.pddl
Num states: 82
2023-03-04 19:16:10 INFO     Constructing InstanceData for filename /proj/ssiw/projects/code/sketch-learner/learning/d2l/benchmarks/spanner/p-3-3-3-11.pddl
Num states: 78
2023-03-04 19:16:10 INFO     Constructing InstanceData for filename /proj/ssiw/projects/code/sketch-learner/learning/d2l/benchmarks/spanner/p-3-3-3-12.pddl
Num states: 78
2023-03-04 19:16:10 INFO     Constructing InstanceData for filename /proj/ssiw/projects/code/sketch-learner/learning/d2l/benchmarks/spanner/p-3-3-3-13.pddl
Num states: 78
2023-03-04 19:16:10 INFO     Constructing InstanceData for filename /proj/ssiw/projects/code/sketch-learner/learning/d2l/benchmarks/spanner/p-3-3-3-14.pddl
Num states: 78
2023-03-04 19:16:11 INFO     Constructing InstanceData for filename /proj/ssiw/projects/code/sketch-learner/learning/d2l/benchmarks/spanner/p-3-3-3-15.pddl
Num states: 80
2023-03-04 19:16:11 INFO     Constructing InstanceData for filename /proj/ssiw/projects/code/sketch-learner/learning/d2l/benchmarks/spanner/p-3-3-3-16.pddl
Num states: 77
2023-03-04 19:16:11 INFO     Constructing InstanceData for filename /proj/ssiw/projects/code/sketch-learner/learning/d2l/benchmarks/spanner/p-3-3-3-17.pddl
Num states: 82
2023-03-04 19:16:11 INFO     Constructing InstanceData for filename /proj/ssiw/projects/code/sketch-learner/learning/d2l/benchmarks/spanner/p-3-3-3-18.pddl
Num states: 75
2023-03-04 19:16:11 INFO     Constructing InstanceData for filename /proj/ssiw/projects/code/sketch-learner/learning/d2l/benchmarks/spanner/p-3-3-3-19.pddl
Num states: 74
2023-03-04 19:16:12 INFO     Constructing InstanceData for filename /proj/ssiw/projects/code/sketch-learner/learning/d2l/benchmarks/spanner/p-3-3-4-0.pddl
Num states: 215
2023-03-04 19:16:12 INFO     Constructing InstanceData for filename /proj/ssiw/projects/code/sketch-learner/learning/d2l/benchmarks/spanner/p-3-3-4-1.pddl
Num states: 213
2023-03-04 19:16:12 INFO     Constructing InstanceData for filename /proj/ssiw/projects/code/sketch-learner/learning/d2l/benchmarks/spanner/p-3-3-4-2.pddl
Num states: 221
2023-03-04 19:16:12 INFO     Constructing InstanceData for filename /proj/ssiw/projects/code/sketch-learner/learning/d2l/benchmarks/spanner/p-3-3-4-3.pddl
Num states: 213
2023-03-04 19:16:12 INFO     Constructing InstanceData for filename /proj/ssiw/projects/code/sketch-learner/learning/d2l/benchmarks/spanner/p-3-3-4-4.pddl
Num states: 215
2023-03-04 19:16:13 INFO     Constructing InstanceData for filename /proj/ssiw/projects/code/sketch-learner/learning/d2l/benchmarks/spanner/p-3-3-4-5.pddl
Num states: 219
2023-03-04 19:16:13 INFO     Constructing InstanceData for filename /proj/ssiw/projects/code/sketch-learner/learning/d2l/benchmarks/spanner/p-3-3-4-6.pddl
Num states: 211
2023-03-04 19:16:13 INFO     Constructing InstanceData for filename /proj/ssiw/projects/code/sketch-learner/learning/d2l/benchmarks/spanner/p-3-3-4-7.pddl
Num states: 225
2023-03-04 19:16:13 INFO     Constructing InstanceData for filename /proj/ssiw/projects/code/sketch-learner/learning/d2l/benchmarks/spanner/p-3-3-4-8.pddl
Num states: 218
2023-03-04 19:16:13 INFO     Constructing InstanceData for filename /proj/ssiw/projects/code/sketch-learner/learning/d2l/benchmarks/spanner/p-3-3-4-9.pddl
Num states: 229
2023-03-04 19:16:14 INFO     Constructing InstanceData for filename /proj/ssiw/projects/code/sketch-learner/learning/d2l/benchmarks/spanner/p-3-3-4-10.pddl
Num states: 214
2023-03-04 19:16:14 INFO     Constructing InstanceData for filename /proj/ssiw/projects/code/sketch-learner/learning/d2l/benchmarks/spanner/p-3-3-4-11.pddl
Num states: 227
2023-03-04 19:16:14 INFO     Constructing InstanceData for filename /proj/ssiw/projects/code/sketch-learner/learning/d2l/benchmarks/spanner/p-3-3-4-12.pddl
Num states: 229
2023-03-04 19:16:14 INFO     Constructing InstanceData for filename /proj/ssiw/projects/code/sketch-learner/learning/d2l/benchmarks/spanner/p-3-3-4-13.pddl
Num states: 221
2023-03-04 19:16:14 INFO     Constructing InstanceData for filename /proj/ssiw/projects/code/sketch-learner/learning/d2l/benchmarks/spanner/p-3-3-4-14.pddl
Num states: 214
2023-03-04 19:16:15 INFO     Constructing InstanceData for filename /proj/ssiw/projects/code/sketch-learner/learning/d2l/benchmarks/spanner/p-3-3-4-15.pddl
Num states: 212
2023-03-04 19:16:15 INFO     Constructing InstanceData for filename /proj/ssiw/projects/code/sketch-learner/learning/d2l/benchmarks/spanner/p-3-3-4-16.pddl
Num states: 225
2023-03-04 19:16:15 INFO     Constructing InstanceData for filename /proj/ssiw/projects/code/sketch-learner/learning/d2l/benchmarks/spanner/p-3-3-4-17.pddl
Num states: 221
2023-03-04 19:16:15 INFO     Constructing InstanceData for filename /proj/ssiw/projects/code/sketch-learner/learning/d2l/benchmarks/spanner/p-3-3-4-18.pddl
Num states: 217
2023-03-04 19:16:16 INFO     Constructing InstanceData for filename /proj/ssiw/projects/code/sketch-learner/learning/d2l/benchmarks/spanner/p-3-3-4-19.pddl
Num states: 221
2023-03-04 19:16:16 INFO     Constructing InstanceData for filename /proj/ssiw/projects/code/sketch-learner/learning/d2l/benchmarks/spanner/p-3-3-5-0.pddl
Num states: 618
2023-03-04 19:16:16 INFO     Constructing InstanceData for filename /proj/ssiw/projects/code/sketch-learner/learning/d2l/benchmarks/spanner/p-3-3-5-1.pddl
Num states: 602
2023-03-04 19:16:16 INFO     Constructing InstanceData for filename /proj/ssiw/projects/code/sketch-learner/learning/d2l/benchmarks/spanner/p-3-3-5-2.pddl
Num states: 594
2023-03-04 19:16:16 INFO     Constructing InstanceData for filename /proj/ssiw/projects/code/sketch-learner/learning/d2l/benchmarks/spanner/p-3-3-5-3.pddl
Num states: 601
2023-03-04 19:16:17 INFO     Constructing InstanceData for filename /proj/ssiw/projects/code/sketch-learner/learning/d2l/benchmarks/spanner/p-3-3-5-4.pddl
Num states: 617
2023-03-04 19:16:17 INFO     Constructing InstanceData for filename /proj/ssiw/projects/code/sketch-learner/learning/d2l/benchmarks/spanner/p-3-3-5-5.pddl
Num states: 617
2023-03-04 19:16:17 INFO     Constructing InstanceData for filename /proj/ssiw/projects/code/sketch-learner/learning/d2l/benchmarks/spanner/p-3-3-5-6.pddl
Num states: 605
2023-03-04 19:16:17 INFO     Constructing InstanceData for filename /proj/ssiw/projects/code/sketch-learner/learning/d2l/benchmarks/spanner/p-3-3-5-7.pddl
Num states: 595
2023-03-04 19:16:17 INFO     Constructing InstanceData for filename /proj/ssiw/projects/code/sketch-learner/learning/d2l/benchmarks/spanner/p-3-3-5-8.pddl
Num states: 619
2023-03-04 19:16:18 INFO     Constructing InstanceData for filename /proj/ssiw/projects/code/sketch-learner/learning/d2l/benchmarks/spanner/p-3-3-5-9.pddl
Num states: 601
2023-03-04 19:16:18 INFO     Constructing InstanceData for filename /proj/ssiw/projects/code/sketch-learner/learning/d2l/benchmarks/spanner/p-3-3-5-10.pddl
Num states: 625
2023-03-04 19:16:18 INFO     Constructing InstanceData for filename /proj/ssiw/projects/code/sketch-learner/learning/d2l/benchmarks/spanner/p-3-3-5-11.pddl
Num states: 591
2023-03-04 19:16:18 INFO     Constructing InstanceData for filename /proj/ssiw/projects/code/sketch-learner/learning/d2l/benchmarks/spanner/p-3-3-5-12.pddl
Num states: 595
2023-03-04 19:16:18 INFO     Constructing InstanceData for filename /proj/ssiw/projects/code/sketch-learner/learning/d2l/benchmarks/spanner/p-3-3-5-13.pddl
Num states: 590
2023-03-04 19:16:19 INFO     Constructing InstanceData for filename /proj/ssiw/projects/code/sketch-learner/learning/d2l/benchmarks/spanner/p-3-3-5-14.pddl
Num states: 591
2023-03-04 19:16:19 INFO     Constructing InstanceData for filename /proj/ssiw/projects/code/sketch-learner/learning/d2l/benchmarks/spanner/p-3-3-5-15.pddl
Num states: 591
2023-03-04 19:16:19 INFO     Constructing InstanceData for filename /proj/ssiw/projects/code/sketch-learner/learning/d2l/benchmarks/spanner/p-3-3-5-16.pddl
Num states: 589
2023-03-04 19:16:19 INFO     Constructing InstanceData for filename /proj/ssiw/projects/code/sketch-learner/learning/d2l/benchmarks/spanner/p-3-3-5-17.pddl
Num states: 597
2023-03-04 19:16:20 INFO     Constructing InstanceData for filename /proj/ssiw/projects/code/sketch-learner/learning/d2l/benchmarks/spanner/p-3-3-5-18.pddl
Num states: 621
2023-03-04 19:16:20 INFO     Constructing InstanceData for filename /proj/ssiw/projects/code/sketch-learner/learning/d2l/benchmarks/spanner/p-3-3-5-19.pddl
Num states: 590
2023-03-04 19:16:20 INFO     Constructing InstanceData for filename /proj/ssiw/projects/code/sketch-learner/learning/d2l/benchmarks/spanner/p-3-4-4-0.pddl
Num states: 344
2023-03-04 19:16:20 INFO     Constructing InstanceData for filename /proj/ssiw/projects/code/sketch-learner/learning/d2l/benchmarks/spanner/p-3-4-4-1.pddl
Num states: 350
2023-03-04 19:16:20 INFO     Constructing InstanceData for filename /proj/ssiw/projects/code/sketch-learner/learning/d2l/benchmarks/spanner/p-3-4-4-2.pddl
Num states: 350
2023-03-04 19:16:21 INFO     Constructing InstanceData for filename /proj/ssiw/projects/code/sketch-learner/learning/d2l/benchmarks/spanner/p-3-4-4-3.pddl
Num states: 370
2023-03-04 19:16:21 INFO     Constructing InstanceData for filename /proj/ssiw/projects/code/sketch-learner/learning/d2l/benchmarks/spanner/p-3-4-4-4.pddl
Num states: 348
2023-03-04 19:16:21 INFO     Constructing InstanceData for filename /proj/ssiw/projects/code/sketch-learner/learning/d2l/benchmarks/spanner/p-3-4-4-5.pddl
Num states: 350
2023-03-04 19:16:21 INFO     Constructing InstanceData for filename /proj/ssiw/projects/code/sketch-learner/learning/d2l/benchmarks/spanner/p-3-4-4-6.pddl
Num states: 348
2023-03-04 19:16:21 INFO     Constructing InstanceData for filename /proj/ssiw/projects/code/sketch-learner/learning/d2l/benchmarks/spanner/p-3-4-4-7.pddl
Num states: 343
2023-03-04 19:16:22 INFO     Constructing InstanceData for filename /proj/ssiw/projects/code/sketch-learner/learning/d2l/benchmarks/spanner/p-3-4-4-8.pddl
Num states: 342
2023-03-04 19:16:22 INFO     Constructing InstanceData for filename /proj/ssiw/projects/code/sketch-learner/learning/d2l/benchmarks/spanner/p-3-4-4-9.pddl
Num states: 350
2023-03-04 19:16:22 INFO     Constructing InstanceData for filename /proj/ssiw/projects/code/sketch-learner/learning/d2l/benchmarks/spanner/p-3-4-4-10.pddl
Num states: 350
2023-03-04 19:16:22 INFO     Constructing InstanceData for filename /proj/ssiw/projects/code/sketch-learner/learning/d2l/benchmarks/spanner/p-3-4-4-11.pddl
Num states: 354
2023-03-04 19:16:22 INFO     Constructing InstanceData for filename /proj/ssiw/projects/code/sketch-learner/learning/d2l/benchmarks/spanner/p-3-4-4-12.pddl
Num states: 344
2023-03-04 19:16:23 INFO     Constructing InstanceData for filename /proj/ssiw/projects/code/sketch-learner/learning/d2l/benchmarks/spanner/p-3-4-4-13.pddl
Num states: 350
2023-03-04 19:16:23 INFO     Constructing InstanceData for filename /proj/ssiw/projects/code/sketch-learner/learning/d2l/benchmarks/spanner/p-3-4-4-14.pddl
Num states: 344
2023-03-04 19:16:23 INFO     Constructing InstanceData for filename /proj/ssiw/projects/code/sketch-learner/learning/d2l/benchmarks/spanner/p-3-4-4-15.pddl
Num states: 347
2023-03-04 19:16:23 INFO     Constructing InstanceData for filename /proj/ssiw/projects/code/sketch-learner/learning/d2l/benchmarks/spanner/p-3-4-4-16.pddl
Num states: 354
2023-03-04 19:16:24 INFO     Constructing InstanceData for filename /proj/ssiw/projects/code/sketch-learner/learning/d2l/benchmarks/spanner/p-3-4-4-17.pddl
Num states: 343
2023-03-04 19:16:24 INFO     Constructing InstanceData for filename /proj/ssiw/projects/code/sketch-learner/learning/d2l/benchmarks/spanner/p-3-4-4-18.pddl
Num states: 346
2023-03-04 19:16:24 INFO     Constructing InstanceData for filename /proj/ssiw/projects/code/sketch-learner/learning/d2l/benchmarks/spanner/p-3-4-4-19.pddl
Num states: 354
2023-03-04 19:16:24 INFO     Constructing InstanceData for filename /proj/ssiw/projects/code/sketch-learner/learning/d2l/benchmarks/spanner/p-3-4-5-0.pddl
Num states: 1051
2023-03-04 19:16:24 INFO     Constructing InstanceData for filename /proj/ssiw/projects/code/sketch-learner/learning/d2l/benchmarks/spanner/p-3-4-5-1.pddl
Num states: 1045
2023-03-04 19:16:25 INFO     Constructing InstanceData for filename /proj/ssiw/projects/code/sketch-learner/learning/d2l/benchmarks/spanner/p-3-4-5-2.pddl
Num states: 1045
2023-03-04 19:16:25 INFO     Constructing InstanceData for filename /proj/ssiw/projects/code/sketch-learner/learning/d2l/benchmarks/spanner/p-3-4-5-3.pddl
Num states: 1059
2023-03-04 19:16:25 INFO     Constructing InstanceData for filename /proj/ssiw/projects/code/sketch-learner/learning/d2l/benchmarks/spanner/p-3-4-5-4.pddl
Num states: 1059
2023-03-04 19:16:25 INFO     Constructing InstanceData for filename /proj/ssiw/projects/code/sketch-learner/learning/d2l/benchmarks/spanner/p-3-4-5-5.pddl
Num states: 1041
2023-03-04 19:16:25 INFO     Constructing InstanceData for filename /proj/ssiw/projects/code/sketch-learner/learning/d2l/benchmarks/spanner/p-3-4-5-6.pddl
Num states: 1068
2023-03-04 19:16:26 INFO     Constructing InstanceData for filename /proj/ssiw/projects/code/sketch-learner/learning/d2l/benchmarks/spanner/p-3-4-5-7.pddl
Num states: 1045
2023-03-04 19:16:26 INFO     Constructing InstanceData for filename /proj/ssiw/projects/code/sketch-learner/learning/d2l/benchmarks/spanner/p-3-4-5-8.pddl
Num states: 1069
2023-03-04 19:16:26 INFO     Constructing InstanceData for filename /proj/ssiw/projects/code/sketch-learner/learning/d2l/benchmarks/spanner/p-3-4-5-9.pddl
Num states: 1053
2023-03-04 19:16:26 INFO     Constructing InstanceData for filename /proj/ssiw/projects/code/sketch-learner/learning/d2l/benchmarks/spanner/p-3-4-5-10.pddl
Num states: 1045
2023-03-04 19:16:27 INFO     Constructing InstanceData for filename /proj/ssiw/projects/code/sketch-learner/learning/d2l/benchmarks/spanner/p-3-4-5-11.pddl
Num states: 1047
2023-03-04 19:16:27 INFO     Constructing InstanceData for filename /proj/ssiw/projects/code/sketch-learner/learning/d2l/benchmarks/spanner/p-3-4-5-12.pddl
Num states: 1059
2023-03-04 19:16:27 INFO     Constructing InstanceData for filename /proj/ssiw/projects/code/sketch-learner/learning/d2l/benchmarks/spanner/p-3-4-5-13.pddl
Num states: 1055
2023-03-04 19:16:27 INFO     Constructing InstanceData for filename /proj/ssiw/projects/code/sketch-learner/learning/d2l/benchmarks/spanner/p-3-4-5-14.pddl
Num states: 1040
2023-03-04 19:16:28 INFO     Constructing InstanceData for filename /proj/ssiw/projects/code/sketch-learner/learning/d2l/benchmarks/spanner/p-3-4-5-15.pddl
Num states: 1051
2023-03-04 19:16:28 INFO     Constructing InstanceData for filename /proj/ssiw/projects/code/sketch-learner/learning/d2l/benchmarks/spanner/p-3-4-5-16.pddl
Num states: 1039
2023-03-04 19:16:28 INFO     Constructing InstanceData for filename /proj/ssiw/projects/code/sketch-learner/learning/d2l/benchmarks/spanner/p-3-4-5-17.pddl
Num states: 1045
2023-03-04 19:16:28 INFO     Constructing InstanceData for filename /proj/ssiw/projects/code/sketch-learner/learning/d2l/benchmarks/spanner/p-3-4-5-18.pddl
Num states: 1075
2023-03-04 19:16:28 INFO     Constructing InstanceData for filename /proj/ssiw/projects/code/sketch-learner/learning/d2l/benchmarks/spanner/p-3-4-5-19.pddl
Num states: 1043
2023-03-04 19:16:29 INFO     Constructing InstanceData for filename /proj/ssiw/projects/code/sketch-learner/learning/d2l/benchmarks/spanner/p-3-5-5-0.pddl
Num states: 1728
2023-03-04 19:16:29 INFO     Constructing InstanceData for filename /proj/ssiw/projects/code/sketch-learner/learning/d2l/benchmarks/spanner/p-3-5-5-1.pddl
Num states: 1756
2023-03-04 19:16:29 INFO     Constructing InstanceData for filename /proj/ssiw/projects/code/sketch-learner/learning/d2l/benchmarks/spanner/p-3-5-5-2.pddl
Num states: 1740
2023-03-04 19:16:29 INFO     Constructing InstanceData for filename /proj/ssiw/projects/code/sketch-learner/learning/d2l/benchmarks/spanner/p-3-5-5-3.pddl
Num states: 1724
2023-03-04 19:16:30 INFO     Constructing InstanceData for filename /proj/ssiw/projects/code/sketch-learner/learning/d2l/benchmarks/spanner/p-3-5-5-4.pddl
Num states: 1734
2023-03-04 19:16:30 INFO     Constructing InstanceData for filename /proj/ssiw/projects/code/sketch-learner/learning/d2l/benchmarks/spanner/p-3-5-5-5.pddl
Num states: 1736
2023-03-04 19:16:30 INFO     Constructing InstanceData for filename /proj/ssiw/projects/code/sketch-learner/learning/d2l/benchmarks/spanner/p-3-5-5-6.pddl
Num states: 1756
2023-03-04 19:16:30 INFO     Constructing InstanceData for filename /proj/ssiw/projects/code/sketch-learner/learning/d2l/benchmarks/spanner/p-3-5-5-7.pddl
Num states: 1736
2023-03-04 19:16:31 INFO     Constructing InstanceData for filename /proj/ssiw/projects/code/sketch-learner/learning/d2l/benchmarks/spanner/p-3-5-5-8.pddl
Num states: 1736
2023-03-04 19:16:31 INFO     Constructing InstanceData for filename /proj/ssiw/projects/code/sketch-learner/learning/d2l/benchmarks/spanner/p-3-5-5-9.pddl
Num states: 1740
2023-03-04 19:16:31 INFO     Constructing InstanceData for filename /proj/ssiw/projects/code/sketch-learner/learning/d2l/benchmarks/spanner/p-3-5-5-10.pddl
Num states: 1726
2023-03-04 19:16:31 INFO     Constructing InstanceData for filename /proj/ssiw/projects/code/sketch-learner/learning/d2l/benchmarks/spanner/p-3-5-5-11.pddl
Num states: 1750
2023-03-04 19:16:32 INFO     Constructing InstanceData for filename /proj/ssiw/projects/code/sketch-learner/learning/d2l/benchmarks/spanner/p-3-5-5-12.pddl
Num states: 1756
2023-03-04 19:16:32 INFO     Constructing InstanceData for filename /proj/ssiw/projects/code/sketch-learner/learning/d2l/benchmarks/spanner/p-3-5-5-13.pddl
Num states: 1736
2023-03-04 19:16:32 INFO     Constructing InstanceData for filename /proj/ssiw/projects/code/sketch-learner/learning/d2l/benchmarks/spanner/p-3-5-5-14.pddl
Num states: 1740
2023-03-04 19:16:32 INFO     Constructing InstanceData for filename /proj/ssiw/projects/code/sketch-learner/learning/d2l/benchmarks/spanner/p-3-5-5-15.pddl
Num states: 1722
2023-03-04 19:16:32 INFO     Constructing InstanceData for filename /proj/ssiw/projects/code/sketch-learner/learning/d2l/benchmarks/spanner/p-3-5-5-16.pddl
Num states: 1748
2023-03-04 19:16:33 INFO     Constructing InstanceData for filename /proj/ssiw/projects/code/sketch-learner/learning/d2l/benchmarks/spanner/p-3-5-5-17.pddl
Num states: 1726
2023-03-04 19:16:33 INFO     Constructing InstanceData for filename /proj/ssiw/projects/code/sketch-learner/learning/d2l/benchmarks/spanner/p-3-5-5-18.pddl
Num states: 1719
2023-03-04 19:16:33 INFO     Constructing InstanceData for filename /proj/ssiw/projects/code/sketch-learner/learning/d2l/benchmarks/spanner/p-3-5-5-19.pddl
Num states: 1722
2023-03-04 19:16:33 INFO     Constructing InstanceData for filename /proj/ssiw/projects/code/sketch-learner/learning/d2l/benchmarks/spanner/p-4-3-3-0.pddl
Num states: 92
2023-03-04 19:16:34 INFO     Constructing InstanceData for filename /proj/ssiw/projects/code/sketch-learner/learning/d2l/benchmarks/spanner/p-4-3-3-1.pddl
Num states: 90
2023-03-04 19:16:34 INFO     Constructing InstanceData for filename /proj/ssiw/projects/code/sketch-learner/learning/d2l/benchmarks/spanner/p-4-3-3-2.pddl
Num states: 82
2023-03-04 19:16:34 INFO     Constructing InstanceData for filename /proj/ssiw/projects/code/sketch-learner/learning/d2l/benchmarks/spanner/p-4-3-3-3.pddl
Num states: 82
2023-03-04 19:16:34 INFO     Constructing InstanceData for filename /proj/ssiw/projects/code/sketch-learner/learning/d2l/benchmarks/spanner/p-4-3-3-4.pddl
Num states: 79
2023-03-04 19:16:34 INFO     Constructing InstanceData for filename /proj/ssiw/projects/code/sketch-learner/learning/d2l/benchmarks/spanner/p-4-3-3-5.pddl
Num states: 80
2023-03-04 19:16:35 INFO     Constructing InstanceData for filename /proj/ssiw/projects/code/sketch-learner/learning/d2l/benchmarks/spanner/p-4-3-3-6.pddl
Num states: 82
2023-03-04 19:16:35 INFO     Constructing InstanceData for filename /proj/ssiw/projects/code/sketch-learner/learning/d2l/benchmarks/spanner/p-4-3-3-7.pddl
Num states: 76
2023-03-04 19:16:35 INFO     Constructing InstanceData for filename /proj/ssiw/projects/code/sketch-learner/learning/d2l/benchmarks/spanner/p-4-3-3-8.pddl
Num states: 84
2023-03-04 19:16:35 INFO     Constructing InstanceData for filename /proj/ssiw/projects/code/sketch-learner/learning/d2l/benchmarks/spanner/p-4-3-3-9.pddl
Num states: 76
2023-03-04 19:16:35 INFO     Constructing InstanceData for filename /proj/ssiw/projects/code/sketch-learner/learning/d2l/benchmarks/spanner/p-4-3-3-10.pddl
Num states: 81
2023-03-04 19:16:36 INFO     Constructing InstanceData for filename /proj/ssiw/projects/code/sketch-learner/learning/d2l/benchmarks/spanner/p-4-3-3-11.pddl
Num states: 80
2023-03-04 19:16:36 INFO     Constructing InstanceData for filename /proj/ssiw/projects/code/sketch-learner/learning/d2l/benchmarks/spanner/p-4-3-3-12.pddl
Num states: 92
2023-03-04 19:16:36 INFO     Constructing InstanceData for filename /proj/ssiw/projects/code/sketch-learner/learning/d2l/benchmarks/spanner/p-4-3-3-13.pddl
Num states: 86
2023-03-04 19:16:36 INFO     Constructing InstanceData for filename /proj/ssiw/projects/code/sketch-learner/learning/d2l/benchmarks/spanner/p-4-3-3-14.pddl
Num states: 81
2023-03-04 19:16:36 INFO     Constructing InstanceData for filename /proj/ssiw/projects/code/sketch-learner/learning/d2l/benchmarks/spanner/p-4-3-3-15.pddl
Num states: 82
2023-03-04 19:16:37 INFO     Constructing InstanceData for filename /proj/ssiw/projects/code/sketch-learner/learning/d2l/benchmarks/spanner/p-4-3-3-16.pddl
Num states: 83
2023-03-04 19:16:37 INFO     Constructing InstanceData for filename /proj/ssiw/projects/code/sketch-learner/learning/d2l/benchmarks/spanner/p-4-3-3-17.pddl
Num states: 78
2023-03-04 19:16:37 INFO     Constructing InstanceData for filename /proj/ssiw/projects/code/sketch-learner/learning/d2l/benchmarks/spanner/p-4-3-3-18.pddl
Num states: 85
2023-03-04 19:16:37 INFO     Constructing InstanceData for filename /proj/ssiw/projects/code/sketch-learner/learning/d2l/benchmarks/spanner/p-4-3-3-19.pddl
Num states: 78
2023-03-04 19:16:37 INFO     Constructing InstanceData for filename /proj/ssiw/projects/code/sketch-learner/learning/d2l/benchmarks/spanner/p-4-3-4-0.pddl
Num states: 219
2023-03-04 19:16:38 INFO     Constructing InstanceData for filename /proj/ssiw/projects/code/sketch-learner/learning/d2l/benchmarks/spanner/p-4-3-4-1.pddl
Num states: 220
2023-03-04 19:16:38 INFO     Constructing InstanceData for filename /proj/ssiw/projects/code/sketch-learner/learning/d2l/benchmarks/spanner/p-4-3-4-2.pddl
Num states: 227
2023-03-04 19:16:38 INFO     Constructing InstanceData for filename /proj/ssiw/projects/code/sketch-learner/learning/d2l/benchmarks/spanner/p-4-3-4-3.pddl
Num states: 233
2023-03-04 19:16:38 INFO     Constructing InstanceData for filename /proj/ssiw/projects/code/sketch-learner/learning/d2l/benchmarks/spanner/p-4-3-4-4.pddl
Num states: 225
2023-03-04 19:16:39 INFO     Constructing InstanceData for filename /proj/ssiw/projects/code/sketch-learner/learning/d2l/benchmarks/spanner/p-4-3-4-5.pddl
Num states: 223
2023-03-04 19:16:39 INFO     Constructing InstanceData for filename /proj/ssiw/projects/code/sketch-learner/learning/d2l/benchmarks/spanner/p-4-3-4-6.pddl
Num states: 215
2023-03-04 19:16:39 INFO     Constructing InstanceData for filename /proj/ssiw/projects/code/sketch-learner/learning/d2l/benchmarks/spanner/p-4-3-4-7.pddl
Num states: 220
2023-03-04 19:16:39 INFO     Constructing InstanceData for filename /proj/ssiw/projects/code/sketch-learner/learning/d2l/benchmarks/spanner/p-4-3-4-8.pddl
Num states: 222
2023-03-04 19:16:39 INFO     Constructing InstanceData for filename /proj/ssiw/projects/code/sketch-learner/learning/d2l/benchmarks/spanner/p-4-3-4-9.pddl
Num states: 235
2023-03-04 19:16:40 INFO     Constructing InstanceData for filename /proj/ssiw/projects/code/sketch-learner/learning/d2l/benchmarks/spanner/p-4-3-4-10.pddl
Num states: 243
2023-03-04 19:16:40 INFO     Constructing InstanceData for filename /proj/ssiw/projects/code/sketch-learner/learning/d2l/benchmarks/spanner/p-4-3-4-11.pddl
Num states: 241
2023-03-04 19:16:40 INFO     Constructing InstanceData for filename /proj/ssiw/projects/code/sketch-learner/learning/d2l/benchmarks/spanner/p-4-3-4-12.pddl
Num states: 221
2023-03-04 19:16:40 INFO     Constructing InstanceData for filename /proj/ssiw/projects/code/sketch-learner/learning/d2l/benchmarks/spanner/p-4-3-4-13.pddl
Num states: 217
2023-03-04 19:16:40 INFO     Constructing InstanceData for filename /proj/ssiw/projects/code/sketch-learner/learning/d2l/benchmarks/spanner/p-4-3-4-14.pddl
Num states: 215
2023-03-04 19:16:41 INFO     Constructing InstanceData for filename /proj/ssiw/projects/code/sketch-learner/learning/d2l/benchmarks/spanner/p-4-3-4-15.pddl
Num states: 222
2023-03-04 19:16:41 INFO     Constructing InstanceData for filename /proj/ssiw/projects/code/sketch-learner/learning/d2l/benchmarks/spanner/p-4-3-4-16.pddl
Num states: 230
2023-03-04 19:16:41 INFO     Constructing InstanceData for filename /proj/ssiw/projects/code/sketch-learner/learning/d2l/benchmarks/spanner/p-4-3-4-17.pddl
Num states: 221
2023-03-04 19:16:41 INFO     Constructing InstanceData for filename /proj/ssiw/projects/code/sketch-learner/learning/d2l/benchmarks/spanner/p-4-3-4-18.pddl
Num states: 213
2023-03-04 19:16:41 INFO     Constructing InstanceData for filename /proj/ssiw/projects/code/sketch-learner/learning/d2l/benchmarks/spanner/p-4-3-4-19.pddl
Num states: 237
2023-03-04 19:16:42 INFO     Constructing InstanceData for filename /proj/ssiw/projects/code/sketch-learner/learning/d2l/benchmarks/spanner/p-4-3-5-0.pddl
Num states: 629
2023-03-04 19:16:42 INFO     Constructing InstanceData for filename /proj/ssiw/projects/code/sketch-learner/learning/d2l/benchmarks/spanner/p-4-3-5-1.pddl
Num states: 599
2023-03-04 19:16:42 INFO     Constructing InstanceData for filename /proj/ssiw/projects/code/sketch-learner/learning/d2l/benchmarks/spanner/p-4-3-5-2.pddl
Num states: 625
2023-03-04 19:16:42 INFO     Constructing InstanceData for filename /proj/ssiw/projects/code/sketch-learner/learning/d2l/benchmarks/spanner/p-4-3-5-3.pddl
Num states: 606
2023-03-04 19:16:42 INFO     Constructing InstanceData for filename /proj/ssiw/projects/code/sketch-learner/learning/d2l/benchmarks/spanner/p-4-3-5-4.pddl
Num states: 621
2023-03-04 19:16:43 INFO     Constructing InstanceData for filename /proj/ssiw/projects/code/sketch-learner/learning/d2l/benchmarks/spanner/p-4-3-5-5.pddl
Num states: 597
2023-03-04 19:16:43 INFO     Constructing InstanceData for filename /proj/ssiw/projects/code/sketch-learner/learning/d2l/benchmarks/spanner/p-4-3-5-6.pddl
Num states: 629
2023-03-04 19:16:43 INFO     Constructing InstanceData for filename /proj/ssiw/projects/code/sketch-learner/learning/d2l/benchmarks/spanner/p-4-3-5-7.pddl
Num states: 597
2023-03-04 19:16:43 INFO     Constructing InstanceData for filename /proj/ssiw/projects/code/sketch-learner/learning/d2l/benchmarks/spanner/p-4-3-5-8.pddl
Num states: 613
2023-03-04 19:16:44 INFO     Constructing InstanceData for filename /proj/ssiw/projects/code/sketch-learner/learning/d2l/benchmarks/spanner/p-4-3-5-9.pddl
Num states: 629
2023-03-04 19:16:44 INFO     Constructing InstanceData for filename /proj/ssiw/projects/code/sketch-learner/learning/d2l/benchmarks/spanner/p-4-3-5-10.pddl
Num states: 623
2023-03-04 19:16:44 INFO     Constructing InstanceData for filename /proj/ssiw/projects/code/sketch-learner/learning/d2l/benchmarks/spanner/p-4-3-5-11.pddl
Num states: 613
2023-03-04 19:16:44 INFO     Constructing InstanceData for filename /proj/ssiw/projects/code/sketch-learner/learning/d2l/benchmarks/spanner/p-4-3-5-12.pddl
Num states: 599
2023-03-04 19:16:44 INFO     Constructing InstanceData for filename /proj/ssiw/projects/code/sketch-learner/learning/d2l/benchmarks/spanner/p-4-3-5-13.pddl
Num states: 607
2023-03-04 19:16:45 INFO     Constructing InstanceData for filename /proj/ssiw/projects/code/sketch-learner/learning/d2l/benchmarks/spanner/p-4-3-5-14.pddl
Num states: 605
2023-03-04 19:16:45 INFO     Constructing InstanceData for filename /proj/ssiw/projects/code/sketch-learner/learning/d2l/benchmarks/spanner/p-4-3-5-15.pddl
Num states: 620
2023-03-04 19:16:45 INFO     Constructing InstanceData for filename /proj/ssiw/projects/code/sketch-learner/learning/d2l/benchmarks/spanner/p-4-3-5-16.pddl
Num states: 593
2023-03-04 19:16:45 INFO     Constructing InstanceData for filename /proj/ssiw/projects/code/sketch-learner/learning/d2l/benchmarks/spanner/p-4-3-5-17.pddl
Num states: 603
2023-03-04 19:16:46 INFO     Constructing InstanceData for filename /proj/ssiw/projects/code/sketch-learner/learning/d2l/benchmarks/spanner/p-4-3-5-18.pddl
Num states: 601
2023-03-04 19:16:46 INFO     Constructing InstanceData for filename /proj/ssiw/projects/code/sketch-learner/learning/d2l/benchmarks/spanner/p-4-3-5-19.pddl
Num states: 611
2023-03-04 19:16:46 INFO     Constructing InstanceData for filename /proj/ssiw/projects/code/sketch-learner/learning/d2l/benchmarks/spanner/p-4-4-4-0.pddl
Num states: 356
2023-03-04 19:16:46 INFO     Constructing InstanceData for filename /proj/ssiw/projects/code/sketch-learner/learning/d2l/benchmarks/spanner/p-4-4-4-1.pddl
Num states: 350
2023-03-04 19:16:46 INFO     Constructing InstanceData for filename /proj/ssiw/projects/code/sketch-learner/learning/d2l/benchmarks/spanner/p-4-4-4-2.pddl
Num states: 359
2023-03-04 19:16:47 INFO     Constructing InstanceData for filename /proj/ssiw/projects/code/sketch-learner/learning/d2l/benchmarks/spanner/p-4-4-4-3.pddl
Num states: 354
2023-03-04 19:16:47 INFO     Constructing InstanceData for filename /proj/ssiw/projects/code/sketch-learner/learning/d2l/benchmarks/spanner/p-4-4-4-4.pddl
Num states: 354
2023-03-04 19:16:47 INFO     Constructing InstanceData for filename /proj/ssiw/projects/code/sketch-learner/learning/d2l/benchmarks/spanner/p-4-4-4-5.pddl
Num states: 374
2023-03-04 19:16:47 INFO     Constructing InstanceData for filename /proj/ssiw/projects/code/sketch-learner/learning/d2l/benchmarks/spanner/p-4-4-4-6.pddl
Num states: 357
2023-03-04 19:16:47 INFO     Constructing InstanceData for filename /proj/ssiw/projects/code/sketch-learner/learning/d2l/benchmarks/spanner/p-4-4-4-7.pddl
Num states: 358
2023-03-04 19:16:48 INFO     Constructing InstanceData for filename /proj/ssiw/projects/code/sketch-learner/learning/d2l/benchmarks/spanner/p-4-4-4-8.pddl
Num states: 362
2023-03-04 19:16:48 INFO     Constructing InstanceData for filename /proj/ssiw/projects/code/sketch-learner/learning/d2l/benchmarks/spanner/p-4-4-4-9.pddl
Num states: 362
2023-03-04 19:16:48 INFO     Constructing InstanceData for filename /proj/ssiw/projects/code/sketch-learner/learning/d2l/benchmarks/spanner/p-4-4-4-10.pddl
Num states: 350
2023-03-04 19:16:48 INFO     Constructing InstanceData for filename /proj/ssiw/projects/code/sketch-learner/learning/d2l/benchmarks/spanner/p-4-4-4-11.pddl
Num states: 372
2023-03-04 19:16:49 INFO     Constructing InstanceData for filename /proj/ssiw/projects/code/sketch-learner/learning/d2l/benchmarks/spanner/p-4-4-4-12.pddl
Num states: 352
2023-03-04 19:16:49 INFO     Constructing InstanceData for filename /proj/ssiw/projects/code/sketch-learner/learning/d2l/benchmarks/spanner/p-4-4-4-13.pddl
Num states: 344
2023-03-04 19:16:49 INFO     Constructing InstanceData for filename /proj/ssiw/projects/code/sketch-learner/learning/d2l/benchmarks/spanner/p-4-4-4-14.pddl
Num states: 364
2023-03-04 19:16:49 INFO     Constructing InstanceData for filename /proj/ssiw/projects/code/sketch-learner/learning/d2l/benchmarks/spanner/p-4-4-4-15.pddl
Num states: 342
2023-03-04 19:16:49 INFO     Constructing InstanceData for filename /proj/ssiw/projects/code/sketch-learner/learning/d2l/benchmarks/spanner/p-4-4-4-16.pddl
Num states: 346
2023-03-04 19:16:50 INFO     Constructing InstanceData for filename /proj/ssiw/projects/code/sketch-learner/learning/d2l/benchmarks/spanner/p-4-4-4-17.pddl
Num states: 350
2023-03-04 19:16:50 INFO     Constructing InstanceData for filename /proj/ssiw/projects/code/sketch-learner/learning/d2l/benchmarks/spanner/p-4-4-4-18.pddl
Num states: 350
2023-03-04 19:16:50 INFO     Constructing InstanceData for filename /proj/ssiw/projects/code/sketch-learner/learning/d2l/benchmarks/spanner/p-4-4-4-19.pddl
Num states: 352
2023-03-04 19:16:50 INFO     Constructing InstanceData for filename /proj/ssiw/projects/code/sketch-learner/learning/d2l/benchmarks/spanner/p-4-4-5-0.pddl
Num states: 1043
2023-03-04 19:16:50 INFO     Constructing InstanceData for filename /proj/ssiw/projects/code/sketch-learner/learning/d2l/benchmarks/spanner/p-4-4-5-1.pddl
Num states: 1061
2023-03-04 19:16:51 INFO     Constructing InstanceData for filename /proj/ssiw/projects/code/sketch-learner/learning/d2l/benchmarks/spanner/p-4-4-5-2.pddl
Num states: 1042
2023-03-04 19:16:51 INFO     Constructing InstanceData for filename /proj/ssiw/projects/code/sketch-learner/learning/d2l/benchmarks/spanner/p-4-4-5-3.pddl
Num states: 1059
2023-03-04 19:16:51 INFO     Constructing InstanceData for filename /proj/ssiw/projects/code/sketch-learner/learning/d2l/benchmarks/spanner/p-4-4-5-4.pddl
Num states: 1061
2023-03-04 19:16:51 INFO     Constructing InstanceData for filename /proj/ssiw/projects/code/sketch-learner/learning/d2l/benchmarks/spanner/p-4-4-5-5.pddl
Num states: 1059
2023-03-04 19:16:52 INFO     Constructing InstanceData for filename /proj/ssiw/projects/code/sketch-learner/learning/d2l/benchmarks/spanner/p-4-4-5-6.pddl
Num states: 1048
2023-03-04 19:16:52 INFO     Constructing InstanceData for filename /proj/ssiw/projects/code/sketch-learner/learning/d2l/benchmarks/spanner/p-4-4-5-7.pddl
Num states: 1059
2023-03-04 19:16:52 INFO     Constructing InstanceData for filename /proj/ssiw/projects/code/sketch-learner/learning/d2l/benchmarks/spanner/p-4-4-5-8.pddl
Num states: 1079
2023-03-04 19:16:52 INFO     Constructing InstanceData for filename /proj/ssiw/projects/code/sketch-learner/learning/d2l/benchmarks/spanner/p-4-4-5-9.pddl
Num states: 1069
2023-03-04 19:16:53 INFO     Constructing InstanceData for filename /proj/ssiw/projects/code/sketch-learner/learning/d2l/benchmarks/spanner/p-4-4-5-10.pddl
Num states: 1073
2023-03-04 19:16:53 INFO     Constructing InstanceData for filename /proj/ssiw/projects/code/sketch-learner/learning/d2l/benchmarks/spanner/p-4-4-5-11.pddl
Num states: 1083
2023-03-04 19:16:53 INFO     Constructing InstanceData for filename /proj/ssiw/projects/code/sketch-learner/learning/d2l/benchmarks/spanner/p-4-4-5-12.pddl
Num states: 1047
2023-03-04 19:16:53 INFO     Constructing InstanceData for filename /proj/ssiw/projects/code/sketch-learner/learning/d2l/benchmarks/spanner/p-4-4-5-13.pddl
Num states: 1067
2023-03-04 19:16:53 INFO     Constructing InstanceData for filename /proj/ssiw/projects/code/sketch-learner/learning/d2l/benchmarks/spanner/p-4-4-5-14.pddl
Num states: 1100
2023-03-04 19:16:54 INFO     Constructing InstanceData for filename /proj/ssiw/projects/code/sketch-learner/learning/d2l/benchmarks/spanner/p-4-4-5-15.pddl
Num states: 1055
2023-03-04 19:16:54 INFO     Constructing InstanceData for filename /proj/ssiw/projects/code/sketch-learner/learning/d2l/benchmarks/spanner/p-4-4-5-16.pddl
Num states: 1046
2023-03-04 19:16:54 INFO     Constructing InstanceData for filename /proj/ssiw/projects/code/sketch-learner/learning/d2l/benchmarks/spanner/p-4-4-5-17.pddl
Num states: 1083
2023-03-04 19:16:54 INFO     Constructing InstanceData for filename /proj/ssiw/projects/code/sketch-learner/learning/d2l/benchmarks/spanner/p-4-4-5-18.pddl
Num states: 1067
2023-03-04 19:16:55 INFO     Constructing InstanceData for filename /proj/ssiw/projects/code/sketch-learner/learning/d2l/benchmarks/spanner/p-4-4-5-19.pddl
Num states: 1045
2023-03-04 19:16:55 INFO     Constructing InstanceData for filename /proj/ssiw/projects/code/sketch-learner/learning/d2l/benchmarks/spanner/p-4-5-5-0.pddl
Num states: 1744
2023-03-04 19:16:55 INFO     Constructing InstanceData for filename /proj/ssiw/projects/code/sketch-learner/learning/d2l/benchmarks/spanner/p-4-5-5-1.pddl
Num states: 1756
2023-03-04 19:16:55 INFO     Constructing InstanceData for filename /proj/ssiw/projects/code/sketch-learner/learning/d2l/benchmarks/spanner/p-4-5-5-2.pddl
Num states: 1730
2023-03-04 19:16:56 INFO     Constructing InstanceData for filename /proj/ssiw/projects/code/sketch-learner/learning/d2l/benchmarks/spanner/p-4-5-5-3.pddl
Num states: 1766
2023-03-04 19:16:56 INFO     Constructing InstanceData for filename /proj/ssiw/projects/code/sketch-learner/learning/d2l/benchmarks/spanner/p-4-5-5-4.pddl
Num states: 1728
2023-03-04 19:16:56 INFO     Constructing InstanceData for filename /proj/ssiw/projects/code/sketch-learner/learning/d2l/benchmarks/spanner/p-4-5-5-5.pddl
Num states: 1733
2023-03-04 19:16:56 INFO     Constructing InstanceData for filename /proj/ssiw/projects/code/sketch-learner/learning/d2l/benchmarks/spanner/p-4-5-5-6.pddl
Num states: 1734
2023-03-04 19:16:57 INFO     Constructing InstanceData for filename /proj/ssiw/projects/code/sketch-learner/learning/d2l/benchmarks/spanner/p-4-5-5-7.pddl
Num states: 1729
2023-03-04 19:16:57 INFO     Constructing InstanceData for filename /proj/ssiw/projects/code/sketch-learner/learning/d2l/benchmarks/spanner/p-4-5-5-8.pddl
Num states: 1729
2023-03-04 19:16:57 INFO     Constructing InstanceData for filename /proj/ssiw/projects/code/sketch-learner/learning/d2l/benchmarks/spanner/p-4-5-5-9.pddl
Num states: 1782
2023-03-04 19:16:57 INFO     Constructing InstanceData for filename /proj/ssiw/projects/code/sketch-learner/learning/d2l/benchmarks/spanner/p-4-5-5-10.pddl
Num states: 1734
2023-03-04 19:16:58 INFO     Constructing InstanceData for filename /proj/ssiw/projects/code/sketch-learner/learning/d2l/benchmarks/spanner/p-4-5-5-11.pddl
Num states: 1736
2023-03-04 19:16:58 INFO     Constructing InstanceData for filename /proj/ssiw/projects/code/sketch-learner/learning/d2l/benchmarks/spanner/p-4-5-5-12.pddl
Num states: 1728
2023-03-04 19:16:58 INFO     Constructing InstanceData for filename /proj/ssiw/projects/code/sketch-learner/learning/d2l/benchmarks/spanner/p-4-5-5-13.pddl
Num states: 1730
2023-03-04 19:16:58 INFO     Constructing InstanceData for filename /proj/ssiw/projects/code/sketch-learner/learning/d2l/benchmarks/spanner/p-4-5-5-14.pddl
Num states: 1760
2023-03-04 19:16:59 INFO     Constructing InstanceData for filename /proj/ssiw/projects/code/sketch-learner/learning/d2l/benchmarks/spanner/p-4-5-5-15.pddl
Num states: 1760
2023-03-04 19:16:59 INFO     Constructing InstanceData for filename /proj/ssiw/projects/code/sketch-learner/learning/d2l/benchmarks/spanner/p-4-5-5-16.pddl
Num states: 1758
2023-03-04 19:16:59 INFO     Constructing InstanceData for filename /proj/ssiw/projects/code/sketch-learner/learning/d2l/benchmarks/spanner/p-4-5-5-17.pddl
Num states: 1728
2023-03-04 19:16:59 INFO     Constructing InstanceData for filename /proj/ssiw/projects/code/sketch-learner/learning/d2l/benchmarks/spanner/p-4-5-5-18.pddl
Num states: 1727
2023-03-04 19:16:59 INFO     Constructing InstanceData for filename /proj/ssiw/projects/code/sketch-learner/learning/d2l/benchmarks/spanner/p-4-5-5-19.pddl
Num states: 1766
2023-03-04 19:17:00 INFO     Constructing InstanceData for filename /proj/ssiw/projects/code/sketch-learner/learning/d2l/benchmarks/spanner/p-5-3-3-0.pddl
Num states: 81
2023-03-04 19:17:00 INFO     Constructing InstanceData for filename /proj/ssiw/projects/code/sketch-learner/learning/d2l/benchmarks/spanner/p-5-3-3-1.pddl
Num states: 85
2023-03-04 19:17:00 INFO     Constructing InstanceData for filename /proj/ssiw/projects/code/sketch-learner/learning/d2l/benchmarks/spanner/p-5-3-3-2.pddl
Num states: 89
2023-03-04 19:17:00 INFO     Constructing InstanceData for filename /proj/ssiw/projects/code/sketch-learner/learning/d2l/benchmarks/spanner/p-5-3-3-3.pddl
Num states: 87
2023-03-04 19:17:01 INFO     Constructing InstanceData for filename /proj/ssiw/projects/code/sketch-learner/learning/d2l/benchmarks/spanner/p-5-3-3-4.pddl
Num states: 84
2023-03-04 19:17:01 INFO     Constructing InstanceData for filename /proj/ssiw/projects/code/sketch-learner/learning/d2l/benchmarks/spanner/p-5-3-3-5.pddl
Num states: 92
2023-03-04 19:17:01 INFO     Constructing InstanceData for filename /proj/ssiw/projects/code/sketch-learner/learning/d2l/benchmarks/spanner/p-5-3-3-6.pddl
Num states: 84
2023-03-04 19:17:01 INFO     Constructing InstanceData for filename /proj/ssiw/projects/code/sketch-learner/learning/d2l/benchmarks/spanner/p-5-3-3-7.pddl
Num states: 82
2023-03-04 19:17:01 INFO     Constructing InstanceData for filename /proj/ssiw/projects/code/sketch-learner/learning/d2l/benchmarks/spanner/p-5-3-3-8.pddl
Num states: 94
2023-03-04 19:17:02 INFO     Constructing InstanceData for filename /proj/ssiw/projects/code/sketch-learner/learning/d2l/benchmarks/spanner/p-5-3-3-9.pddl
Num states: 92
2023-03-04 19:17:02 INFO     Constructing InstanceData for filename /proj/ssiw/projects/code/sketch-learner/learning/d2l/benchmarks/spanner/p-5-3-3-10.pddl
Num states: 88
2023-03-04 19:17:02 INFO     Constructing InstanceData for filename /proj/ssiw/projects/code/sketch-learner/learning/d2l/benchmarks/spanner/p-5-3-3-11.pddl
Num states: 80
2023-03-04 19:17:02 INFO     Constructing InstanceData for filename /proj/ssiw/projects/code/sketch-learner/learning/d2l/benchmarks/spanner/p-5-3-3-12.pddl
Num states: 80
2023-03-04 19:17:02 INFO     Constructing InstanceData for filename /proj/ssiw/projects/code/sketch-learner/learning/d2l/benchmarks/spanner/p-5-3-3-13.pddl
Num states: 79
2023-03-04 19:17:03 INFO     Constructing InstanceData for filename /proj/ssiw/projects/code/sketch-learner/learning/d2l/benchmarks/spanner/p-5-3-3-14.pddl
Num states: 84
2023-03-04 19:17:03 INFO     Constructing InstanceData for filename /proj/ssiw/projects/code/sketch-learner/learning/d2l/benchmarks/spanner/p-5-3-3-15.pddl
Num states: 91
2023-03-04 19:17:03 INFO     Constructing InstanceData for filename /proj/ssiw/projects/code/sketch-learner/learning/d2l/benchmarks/spanner/p-5-3-3-16.pddl
Num states: 81
2023-03-04 19:17:03 INFO     Constructing InstanceData for filename /proj/ssiw/projects/code/sketch-learner/learning/d2l/benchmarks/spanner/p-5-3-3-17.pddl
Num states: 90
2023-03-04 19:17:03 INFO     Constructing InstanceData for filename /proj/ssiw/projects/code/sketch-learner/learning/d2l/benchmarks/spanner/p-5-3-3-18.pddl
Num states: 80
2023-03-04 19:17:04 INFO     Constructing InstanceData for filename /proj/ssiw/projects/code/sketch-learner/learning/d2l/benchmarks/spanner/p-5-3-3-19.pddl
Num states: 100
2023-03-04 19:17:04 INFO     Constructing InstanceData for filename /proj/ssiw/projects/code/sketch-learner/learning/d2l/benchmarks/spanner/p-5-3-4-0.pddl
Num states: 227
2023-03-04 19:17:04 INFO     Constructing InstanceData for filename /proj/ssiw/projects/code/sketch-learner/learning/d2l/benchmarks/spanner/p-5-3-4-1.pddl
Num states: 241
2023-03-04 19:17:04 INFO     Constructing InstanceData for filename /proj/ssiw/projects/code/sketch-learner/learning/d2l/benchmarks/spanner/p-5-3-4-2.pddl
Num states: 227
2023-03-04 19:17:04 INFO     Constructing InstanceData for filename /proj/ssiw/projects/code/sketch-learner/learning/d2l/benchmarks/spanner/p-5-3-4-3.pddl
Num states: 221
2023-03-04 19:17:05 INFO     Constructing InstanceData for filename /proj/ssiw/projects/code/sketch-learner/learning/d2l/benchmarks/spanner/p-5-3-4-4.pddl
Num states: 215
2023-03-04 19:17:05 INFO     Constructing InstanceData for filename /proj/ssiw/projects/code/sketch-learner/learning/d2l/benchmarks/spanner/p-5-3-4-5.pddl
Num states: 226
2023-03-04 19:17:05 INFO     Constructing InstanceData for filename /proj/ssiw/projects/code/sketch-learner/learning/d2l/benchmarks/spanner/p-5-3-4-6.pddl
Num states: 231
2023-03-04 19:17:05 INFO     Constructing InstanceData for filename /proj/ssiw/projects/code/sketch-learner/learning/d2l/benchmarks/spanner/p-5-3-4-7.pddl
Num states: 219
2023-03-04 19:17:05 INFO     Constructing InstanceData for filename /proj/ssiw/projects/code/sketch-learner/learning/d2l/benchmarks/spanner/p-5-3-4-8.pddl
Num states: 239
2023-03-04 19:17:06 INFO     Constructing InstanceData for filename /proj/ssiw/projects/code/sketch-learner/learning/d2l/benchmarks/spanner/p-5-3-4-9.pddl
Num states: 223
2023-03-04 19:17:06 INFO     Constructing InstanceData for filename /proj/ssiw/projects/code/sketch-learner/learning/d2l/benchmarks/spanner/p-5-3-4-10.pddl
Num states: 224
2023-03-04 19:17:06 INFO     Constructing InstanceData for filename /proj/ssiw/projects/code/sketch-learner/learning/d2l/benchmarks/spanner/p-5-3-4-11.pddl
Num states: 223
2023-03-04 19:17:06 INFO     Constructing InstanceData for filename /proj/ssiw/projects/code/sketch-learner/learning/d2l/benchmarks/spanner/p-5-3-4-12.pddl
Num states: 223
2023-03-04 19:17:06 INFO     Constructing InstanceData for filename /proj/ssiw/projects/code/sketch-learner/learning/d2l/benchmarks/spanner/p-5-3-4-13.pddl
Num states: 231
2023-03-04 19:17:07 INFO     Constructing InstanceData for filename /proj/ssiw/projects/code/sketch-learner/learning/d2l/benchmarks/spanner/p-5-3-4-14.pddl
Num states: 235
2023-03-04 19:17:07 INFO     Constructing InstanceData for filename /proj/ssiw/projects/code/sketch-learner/learning/d2l/benchmarks/spanner/p-5-3-4-15.pddl
Num states: 221
2023-03-04 19:17:07 INFO     Constructing InstanceData for filename /proj/ssiw/projects/code/sketch-learner/learning/d2l/benchmarks/spanner/p-5-3-4-16.pddl
Num states: 217
2023-03-04 19:17:07 INFO     Constructing InstanceData for filename /proj/ssiw/projects/code/sketch-learner/learning/d2l/benchmarks/spanner/p-5-3-4-17.pddl
Num states: 223
2023-03-04 19:17:08 INFO     Constructing InstanceData for filename /proj/ssiw/projects/code/sketch-learner/learning/d2l/benchmarks/spanner/p-5-3-4-18.pddl
Num states: 237
2023-03-04 19:17:08 INFO     Constructing InstanceData for filename /proj/ssiw/projects/code/sketch-learner/learning/d2l/benchmarks/spanner/p-5-3-4-19.pddl
Num states: 220
2023-03-04 19:17:08 INFO     Constructing InstanceData for filename /proj/ssiw/projects/code/sketch-learner/learning/d2l/benchmarks/spanner/p-5-3-5-0.pddl
Num states: 609
2023-03-04 19:17:08 INFO     Constructing InstanceData for filename /proj/ssiw/projects/code/sketch-learner/learning/d2l/benchmarks/spanner/p-5-3-5-1.pddl
Num states: 629
2023-03-04 19:17:08 INFO     Constructing InstanceData for filename /proj/ssiw/projects/code/sketch-learner/learning/d2l/benchmarks/spanner/p-5-3-5-2.pddl
Num states: 619
2023-03-04 19:17:09 INFO     Constructing InstanceData for filename /proj/ssiw/projects/code/sketch-learner/learning/d2l/benchmarks/spanner/p-5-3-5-3.pddl
Num states: 627
2023-03-04 19:17:09 INFO     Constructing InstanceData for filename /proj/ssiw/projects/code/sketch-learner/learning/d2l/benchmarks/spanner/p-5-3-5-4.pddl
Num states: 598
2023-03-04 19:17:09 INFO     Constructing InstanceData for filename /proj/ssiw/projects/code/sketch-learner/learning/d2l/benchmarks/spanner/p-5-3-5-5.pddl
Num states: 624
2023-03-04 19:17:09 INFO     Constructing InstanceData for filename /proj/ssiw/projects/code/sketch-learner/learning/d2l/benchmarks/spanner/p-5-3-5-6.pddl
Num states: 591
2023-03-04 19:17:10 INFO     Constructing InstanceData for filename /proj/ssiw/projects/code/sketch-learner/learning/d2l/benchmarks/spanner/p-5-3-5-7.pddl
Num states: 617
2023-03-04 19:17:10 INFO     Constructing InstanceData for filename /proj/ssiw/projects/code/sketch-learner/learning/d2l/benchmarks/spanner/p-5-3-5-8.pddl
Num states: 606
2023-03-04 19:17:10 INFO     Constructing InstanceData for filename /proj/ssiw/projects/code/sketch-learner/learning/d2l/benchmarks/spanner/p-5-3-5-9.pddl
Num states: 611
2023-03-04 19:17:10 INFO     Constructing InstanceData for filename /proj/ssiw/projects/code/sketch-learner/learning/d2l/benchmarks/spanner/p-5-3-5-10.pddl
Num states: 601
2023-03-04 19:17:10 INFO     Constructing InstanceData for filename /proj/ssiw/projects/code/sketch-learner/learning/d2l/benchmarks/spanner/p-5-3-5-11.pddl
Num states: 629
2023-03-04 19:17:11 INFO     Constructing InstanceData for filename /proj/ssiw/projects/code/sketch-learner/learning/d2l/benchmarks/spanner/p-5-3-5-12.pddl
Num states: 667
2023-03-04 19:17:11 INFO     Constructing InstanceData for filename /proj/ssiw/projects/code/sketch-learner/learning/d2l/benchmarks/spanner/p-5-3-5-13.pddl
Num states: 607
2023-03-04 19:17:11 INFO     Constructing InstanceData for filename /proj/ssiw/projects/code/sketch-learner/learning/d2l/benchmarks/spanner/p-5-3-5-14.pddl
Num states: 597
2023-03-04 19:17:11 INFO     Constructing InstanceData for filename /proj/ssiw/projects/code/sketch-learner/learning/d2l/benchmarks/spanner/p-5-3-5-15.pddl
Num states: 612
2023-03-04 19:17:12 INFO     Constructing InstanceData for filename /proj/ssiw/projects/code/sketch-learner/learning/d2l/benchmarks/spanner/p-5-3-5-16.pddl
Num states: 623
2023-03-04 19:17:12 INFO     Constructing InstanceData for filename /proj/ssiw/projects/code/sketch-learner/learning/d2l/benchmarks/spanner/p-5-3-5-17.pddl
Num states: 638
2023-03-04 19:17:12 INFO     Constructing InstanceData for filename /proj/ssiw/projects/code/sketch-learner/learning/d2l/benchmarks/spanner/p-5-3-5-18.pddl
Num states: 649
2023-03-04 19:17:12 INFO     Constructing InstanceData for filename /proj/ssiw/projects/code/sketch-learner/learning/d2l/benchmarks/spanner/p-5-3-5-19.pddl
Num states: 619
2023-03-04 19:17:12 INFO     Constructing InstanceData for filename /proj/ssiw/projects/code/sketch-learner/learning/d2l/benchmarks/spanner/p-5-4-4-0.pddl
Num states: 368
2023-03-04 19:17:13 INFO     Constructing InstanceData for filename /proj/ssiw/projects/code/sketch-learner/learning/d2l/benchmarks/spanner/p-5-4-4-1.pddl
Num states: 358
2023-03-04 19:17:13 INFO     Constructing InstanceData for filename /proj/ssiw/projects/code/sketch-learner/learning/d2l/benchmarks/spanner/p-5-4-4-2.pddl
Num states: 368
2023-03-04 19:17:13 INFO     Constructing InstanceData for filename /proj/ssiw/projects/code/sketch-learner/learning/d2l/benchmarks/spanner/p-5-4-4-3.pddl
Num states: 351
2023-03-04 19:17:13 INFO     Constructing InstanceData for filename /proj/ssiw/projects/code/sketch-learner/learning/d2l/benchmarks/spanner/p-5-4-4-4.pddl
Num states: 348
2023-03-04 19:17:14 INFO     Constructing InstanceData for filename /proj/ssiw/projects/code/sketch-learner/learning/d2l/benchmarks/spanner/p-5-4-4-5.pddl
Num states: 347
2023-03-04 19:17:14 INFO     Constructing InstanceData for filename /proj/ssiw/projects/code/sketch-learner/learning/d2l/benchmarks/spanner/p-5-4-4-6.pddl
Num states: 348
2023-03-04 19:17:14 INFO     Constructing InstanceData for filename /proj/ssiw/projects/code/sketch-learner/learning/d2l/benchmarks/spanner/p-5-4-4-7.pddl
Num states: 364
2023-03-04 19:17:14 INFO     Constructing InstanceData for filename /proj/ssiw/projects/code/sketch-learner/learning/d2l/benchmarks/spanner/p-5-4-4-8.pddl
Num states: 352
2023-03-04 19:17:14 INFO     Constructing InstanceData for filename /proj/ssiw/projects/code/sketch-learner/learning/d2l/benchmarks/spanner/p-5-4-4-9.pddl
Num states: 364
2023-03-04 19:17:15 INFO     Constructing InstanceData for filename /proj/ssiw/projects/code/sketch-learner/learning/d2l/benchmarks/spanner/p-5-4-4-10.pddl
Num states: 346
2023-03-04 19:17:15 INFO     Constructing InstanceData for filename /proj/ssiw/projects/code/sketch-learner/learning/d2l/benchmarks/spanner/p-5-4-4-11.pddl
Num states: 368
2023-03-04 19:17:15 INFO     Constructing InstanceData for filename /proj/ssiw/projects/code/sketch-learner/learning/d2l/benchmarks/spanner/p-5-4-4-12.pddl
Num states: 354
2023-03-04 19:17:15 INFO     Constructing InstanceData for filename /proj/ssiw/projects/code/sketch-learner/learning/d2l/benchmarks/spanner/p-5-4-4-13.pddl
Num states: 366
2023-03-04 19:17:16 INFO     Constructing InstanceData for filename /proj/ssiw/projects/code/sketch-learner/learning/d2l/benchmarks/spanner/p-5-4-4-14.pddl
Num states: 351
2023-03-04 19:17:16 INFO     Constructing InstanceData for filename /proj/ssiw/projects/code/sketch-learner/learning/d2l/benchmarks/spanner/p-5-4-4-15.pddl
Num states: 356
2023-03-04 19:17:16 INFO     Constructing InstanceData for filename /proj/ssiw/projects/code/sketch-learner/learning/d2l/benchmarks/spanner/p-5-4-4-16.pddl
Num states: 348
2023-03-04 19:17:16 INFO     Constructing InstanceData for filename /proj/ssiw/projects/code/sketch-learner/learning/d2l/benchmarks/spanner/p-5-4-4-17.pddl
Num states: 367
2023-03-04 19:17:16 INFO     Constructing InstanceData for filename /proj/ssiw/projects/code/sketch-learner/learning/d2l/benchmarks/spanner/p-5-4-4-18.pddl
Num states: 353
2023-03-04 19:17:17 INFO     Constructing InstanceData for filename /proj/ssiw/projects/code/sketch-learner/learning/d2l/benchmarks/spanner/p-5-4-4-19.pddl
Num states: 360
2023-03-04 19:17:17 INFO     Constructing InstanceData for filename /proj/ssiw/projects/code/sketch-learner/learning/d2l/benchmarks/spanner/p-5-4-5-0.pddl
Num states: 1072
2023-03-04 19:17:17 INFO     Constructing InstanceData for filename /proj/ssiw/projects/code/sketch-learner/learning/d2l/benchmarks/spanner/p-5-4-5-1.pddl
Num states: 1088
2023-03-04 19:17:17 INFO     Constructing InstanceData for filename /proj/ssiw/projects/code/sketch-learner/learning/d2l/benchmarks/spanner/p-5-4-5-2.pddl
Num states: 1077
2023-03-04 19:17:17 INFO     Constructing InstanceData for filename /proj/ssiw/projects/code/sketch-learner/learning/d2l/benchmarks/spanner/p-5-4-5-3.pddl
Num states: 1065
2023-03-04 19:17:18 INFO     Constructing InstanceData for filename /proj/ssiw/projects/code/sketch-learner/learning/d2l/benchmarks/spanner/p-5-4-5-4.pddl
Num states: 1065
2023-03-04 19:17:18 INFO     Constructing InstanceData for filename /proj/ssiw/projects/code/sketch-learner/learning/d2l/benchmarks/spanner/p-5-4-5-5.pddl
Num states: 1057
2023-03-04 19:17:18 INFO     Constructing InstanceData for filename /proj/ssiw/projects/code/sketch-learner/learning/d2l/benchmarks/spanner/p-5-4-5-6.pddl
Num states: 1109
2023-03-04 19:17:18 INFO     Constructing InstanceData for filename /proj/ssiw/projects/code/sketch-learner/learning/d2l/benchmarks/spanner/p-5-4-5-7.pddl
Num states: 1117
2023-03-04 19:17:19 INFO     Constructing InstanceData for filename /proj/ssiw/projects/code/sketch-learner/learning/d2l/benchmarks/spanner/p-5-4-5-8.pddl
Num states: 1093
2023-03-04 19:17:19 INFO     Constructing InstanceData for filename /proj/ssiw/projects/code/sketch-learner/learning/d2l/benchmarks/spanner/p-5-4-5-9.pddl
Num states: 1059
2023-03-04 19:17:19 INFO     Constructing InstanceData for filename /proj/ssiw/projects/code/sketch-learner/learning/d2l/benchmarks/spanner/p-5-4-5-10.pddl
Num states: 1117
2023-03-04 19:17:19 INFO     Constructing InstanceData for filename /proj/ssiw/projects/code/sketch-learner/learning/d2l/benchmarks/spanner/p-5-4-5-11.pddl
Num states: 1056
2023-03-04 19:17:20 INFO     Constructing InstanceData for filename /proj/ssiw/projects/code/sketch-learner/learning/d2l/benchmarks/spanner/p-5-4-5-12.pddl
Num states: 1088
2023-03-04 19:17:20 INFO     Constructing InstanceData for filename /proj/ssiw/projects/code/sketch-learner/learning/d2l/benchmarks/spanner/p-5-4-5-13.pddl
Num states: 1062
2023-03-04 19:17:20 INFO     Constructing InstanceData for filename /proj/ssiw/projects/code/sketch-learner/learning/d2l/benchmarks/spanner/p-5-4-5-14.pddl
Num states: 1075
2023-03-04 19:17:20 INFO     Constructing InstanceData for filename /proj/ssiw/projects/code/sketch-learner/learning/d2l/benchmarks/spanner/p-5-4-5-15.pddl
Num states: 1081
2023-03-04 19:17:21 INFO     Constructing InstanceData for filename /proj/ssiw/projects/code/sketch-learner/learning/d2l/benchmarks/spanner/p-5-4-5-16.pddl
Num states: 1061
2023-03-04 19:17:21 INFO     Constructing InstanceData for filename /proj/ssiw/projects/code/sketch-learner/learning/d2l/benchmarks/spanner/p-5-4-5-17.pddl
Num states: 1086
2023-03-04 19:17:21 INFO     Constructing InstanceData for filename /proj/ssiw/projects/code/sketch-learner/learning/d2l/benchmarks/spanner/p-5-4-5-18.pddl
Num states: 1065
2023-03-04 19:17:21 INFO     Constructing InstanceData for filename /proj/ssiw/projects/code/sketch-learner/learning/d2l/benchmarks/spanner/p-5-4-5-19.pddl
Num states: 1139
2023-03-04 19:17:21 INFO     Constructing InstanceData for filename /proj/ssiw/projects/code/sketch-learner/learning/d2l/benchmarks/spanner/p-5-5-5-0.pddl
Num states: 1752
2023-03-04 19:17:22 INFO     Constructing InstanceData for filename /proj/ssiw/projects/code/sketch-learner/learning/d2l/benchmarks/spanner/p-5-5-5-1.pddl
Num states: 1746
2023-03-04 19:17:22 INFO     Constructing InstanceData for filename /proj/ssiw/projects/code/sketch-learner/learning/d2l/benchmarks/spanner/p-5-5-5-2.pddl
Num states: 1746
2023-03-04 19:17:22 INFO     Constructing InstanceData for filename /proj/ssiw/projects/code/sketch-learner/learning/d2l/benchmarks/spanner/p-5-5-5-3.pddl
Num states: 1725
2023-03-04 19:17:22 INFO     Constructing InstanceData for filename /proj/ssiw/projects/code/sketch-learner/learning/d2l/benchmarks/spanner/p-5-5-5-4.pddl
Num states: 1760
2023-03-04 19:17:23 INFO     Constructing InstanceData for filename /proj/ssiw/projects/code/sketch-learner/learning/d2l/benchmarks/spanner/p-5-5-5-5.pddl
Num states: 1744
2023-03-04 19:17:23 INFO     Constructing InstanceData for filename /proj/ssiw/projects/code/sketch-learner/learning/d2l/benchmarks/spanner/p-5-5-5-6.pddl
Num states: 1758
2023-03-04 19:17:23 INFO     Constructing InstanceData for filename /proj/ssiw/projects/code/sketch-learner/learning/d2l/benchmarks/spanner/p-5-5-5-7.pddl
Num states: 1740
2023-03-04 19:17:23 INFO     Constructing InstanceData for filename /proj/ssiw/projects/code/sketch-learner/learning/d2l/benchmarks/spanner/p-5-5-5-8.pddl
Num states: 1752
2023-03-04 19:17:24 INFO     Constructing InstanceData for filename /proj/ssiw/projects/code/sketch-learner/learning/d2l/benchmarks/spanner/p-5-5-5-9.pddl
Num states: 1760
2023-03-04 19:17:24 INFO     Constructing InstanceData for filename /proj/ssiw/projects/code/sketch-learner/learning/d2l/benchmarks/spanner/p-5-5-5-10.pddl
Num states: 1730
2023-03-04 19:17:24 INFO     Constructing InstanceData for filename /proj/ssiw/projects/code/sketch-learner/learning/d2l/benchmarks/spanner/p-5-5-5-11.pddl
Num states: 1754
2023-03-04 19:17:24 INFO     Constructing InstanceData for filename /proj/ssiw/projects/code/sketch-learner/learning/d2l/benchmarks/spanner/p-5-5-5-12.pddl
Num states: 1736
2023-03-04 19:17:25 INFO     Constructing InstanceData for filename /proj/ssiw/projects/code/sketch-learner/learning/d2l/benchmarks/spanner/p-5-5-5-13.pddl
Num states: 1804
2023-03-04 19:17:25 INFO     Constructing InstanceData for filename /proj/ssiw/projects/code/sketch-learner/learning/d2l/benchmarks/spanner/p-5-5-5-14.pddl
Num states: 1727
2023-03-04 19:17:25 INFO     Constructing InstanceData for filename /proj/ssiw/projects/code/sketch-learner/learning/d2l/benchmarks/spanner/p-5-5-5-15.pddl
Num states: 1725
2023-03-04 19:17:25 INFO     Constructing InstanceData for filename /proj/ssiw/projects/code/sketch-learner/learning/d2l/benchmarks/spanner/p-5-5-5-16.pddl
Num states: 1783
2023-03-04 19:17:26 INFO     Constructing InstanceData for filename /proj/ssiw/projects/code/sketch-learner/learning/d2l/benchmarks/spanner/p-5-5-5-17.pddl
Num states: 1759
2023-03-04 19:17:26 INFO     Constructing InstanceData for filename /proj/ssiw/projects/code/sketch-learner/learning/d2l/benchmarks/spanner/p-5-5-5-18.pddl
Num states: 1738
2023-03-04 19:17:26 INFO     Constructing InstanceData for filename /proj/ssiw/projects/code/sketch-learner/learning/d2l/benchmarks/spanner/p-5-5-5-19.pddl
Num states: 1743
2023-03-04 19:17:26 INFO     [40m[34m..done[0m
2023-03-04 19:17:26 INFO     [40m[34mInitializing TupleGraphs...[0m
2023-03-04 19:17:42 INFO     [40m[34m..done[0m
/proj/ssiw/projects/code/sketch-learner/learning/d2l/workspace/spanner_hierarchy_0_9_9_9_9_9/learning

2023-03-04 19:17:42 INFO     [40m[31mIteration: 0[0m
Number of selected instances: 1
Selected instances:
    id: 0 name: p-3-3-3-19
initial states: [0, 1, 2, 3, 5, 6, 7, 9, 10, 12, 18, 33, 49, 50, 51, 52, 53, 54, 55, 56, 57, 64, 65, 66, 67, 68, 69, 70, 71, 72]
2023-03-04 19:17:42 INFO     [40m[34mInitializing DomainFeatureData...[0m
[t=95.3283s, 1839836 KB] Started generating base features of complexity 1.
[t=95.329s, 1839836 KB] Complexity 1:
    b_nullary: 0
    c_one_of: 0
    c_top: 1
    c_bot: 1
    c_primitive: 8
    r_primitive: 4
    c_and: 0
    c_not: 0
    c_equal: 0
    c_some: 0
    c_all: 0
    r_restrict: 0
    r_and: 0
    r_inverse: 0
    r_transitive_closure: 0
    b_empty: 0
    n_count: 0
    n_concept_distance: 0
[t=95.3291s, 1839836 KB] Finished generating base features.
[t=95.3292s, 1839836 KB] Started generating composite features. 
[t=95.3298s, 1839836 KB] Complexity 2:
Total concept elements: 16
Total role elements: 8
Total numerical elements: 11
Total boolean elements: 5
    b_nullary: 0
    c_one_of: 0
    c_top: 1
    c_bot: 1
    c_primitive: 8
    r_primitive: 4
    c_and: 0
    c_not: 6
    c_equal: 0
    c_some: 0
    c_all: 0
    r_restrict: 0
    r_and: 0
    r_inverse: 3
    r_transitive_closure: 1
    b_empty: 5
    n_count: 11
    n_concept_distance: 0
[t=95.3352s, 1839836 KB] Complexity 3:
Total concept elements: 24
Total role elements: 10
Total numerical elements: 16
Total boolean elements: 5
    b_nullary: 0
    c_one_of: 0
    c_top: 1
    c_bot: 1
    c_primitive: 8
    r_primitive: 4
    c_and: 0
    c_not: 6
    c_equal: 1
    c_some: 4
    c_all: 3
    r_restrict: 1
    r_and: 0
    r_inverse: 4
    r_transitive_closure: 1
    b_empty: 5
    n_count: 16
    n_concept_distance: 0
[t=95.3419s, 1839836 KB] Complexity 4:
Total concept elements: 47
Total role elements: 11
Total numerical elements: 26
Total boolean elements: 6
    b_nullary: 0
    c_one_of: 0
    c_top: 1
    c_bot: 1
    c_primitive: 8
    r_primitive: 4
    c_and: 7
    c_not: 8
    c_equal: 1
    c_some: 12
    c_all: 9
    r_restrict: 1
    r_and: 0
    r_inverse: 5
    r_transitive_closure: 1
    b_empty: 6
    n_count: 23
    n_concept_distance: 3
[t=95.35s, 1839836 KB] Complexity 5:
Total concept elements: 84
Total role elements: 11
Total numerical elements: 39
Total boolean elements: 7
    b_nullary: 0
    c_one_of: 0
    c_top: 1
    c_bot: 1
    c_primitive: 8
    r_primitive: 4
    c_and: 24
    c_not: 20
    c_equal: 1
    c_some: 16
    c_all: 13
    r_restrict: 1
    r_and: 0
    r_inverse: 5
    r_transitive_closure: 1
    b_empty: 7
    n_count: 36
    n_concept_distance: 3
[t=95.3676s, 1839968 KB] Complexity 6:
Total concept elements: 171
Total role elements: 11
Total numerical elements: 65
Total boolean elements: 10
    b_nullary: 0
    c_one_of: 0
    c_top: 1
    c_bot: 1
    c_primitive: 8
    r_primitive: 4
    c_and: 52
    c_not: 34
    c_equal: 1
    c_some: 39
    c_all: 35
    r_restrict: 1
    r_and: 0
    r_inverse: 5
    r_transitive_closure: 1
    b_empty: 10
    n_count: 57
    n_concept_distance: 8
[t=95.4008s, 1840232 KB] Complexity 7:
Total concept elements: 333
Total role elements: 11
Total numerical elements: 136
Total boolean elements: 17
    b_nullary: 0
    c_one_of: 0
    c_top: 1
    c_bot: 1
    c_primitive: 8
    r_primitive: 4
    c_and: 112
    c_not: 94
    c_equal: 1
    c_some: 62
    c_all: 54
    r_restrict: 1
    r_and: 0
    r_inverse: 5
    r_transitive_closure: 1
    b_empty: 17
    n_count: 121
    n_concept_distance: 15
[t=95.4725s, 1840904 KB] Complexity 8:
Total concept elements: 634
Total role elements: 11
Total numerical elements: 243
Total boolean elements: 22
    b_nullary: 0
    c_one_of: 0
    c_top: 1
    c_bot: 1
    c_primitive: 8
    r_primitive: 4
    c_and: 248
    c_not: 158
    c_equal: 1
    c_some: 111
    c_all: 106
    r_restrict: 1
    r_and: 0
    r_inverse: 5
    r_transitive_closure: 1
    b_empty: 22
    n_count: 219
    n_concept_distance: 24
[t=95.6224s, 1842332 KB] Complexity 9:
Total concept elements: 1177
Total role elements: 11
Total numerical elements: 462
Total boolean elements: 43
    b_nullary: 0
    c_one_of: 0
    c_top: 1
    c_bot: 1
    c_primitive: 8
    r_primitive: 4
    c_and: 527
    c_not: 322
    c_equal: 1
    c_some: 157
    c_all: 160
    r_restrict: 1
    r_and: 0
    r_inverse: 5
    r_transitive_closure: 1
    b_empty: 43
    n_count: 416
    n_concept_distance: 46
[t=95.6225s, 1842332 KB] Finished generating composite features.
DomainFeatureDataStatistics:
    num_dlplan_states: 74
    num_boolean_features: 43
    num_numerical_features: 462
2023-03-04 19:17:42 INFO     [40m[34m..done[0m
2023-03-04 19:17:42 INFO     [40m[34mInitializing InstanceFeatureDatas...[0m
2023-03-04 19:17:42 INFO     [40m[34m..done[0m
2023-03-04 19:17:42 INFO     [40m[34mInitializing StatePairEquivalenceDatas...[0m
2023-03-04 19:17:42 INFO     [40m[34m..done[0m
2023-03-04 19:17:42 INFO     [40m[34mInitializing TupleGraphEquivalences...[0m
TupleGraphEquivalenceFactoryStatistics:
    num_subgoal_tuples: 333
    num_single_rule_subgoal_tuples: 333
    num_multi_rule_subgoal_tuples: 0
2023-03-04 19:17:42 INFO     [40m[34m..done[0m
2023-03-04 19:17:42 INFO     [40m[34m..done[0m
2023-03-04 19:17:42 INFO     [40m[33mIteration data preprocessing summary:[0m
DomainFeatureDataStatistics:
    num_dlplan_states: 74
    num_boolean_features: 43
    num_numerical_features: 462
StatePairEquivalenceStatistics:
    num_subgoal_states: 108
    num_equivalences: 21
TupleGraphEquivalenceFactoryStatistics:
    num_subgoal_tuples: 333
    num_single_rule_subgoal_tuples: 333
    num_multi_rule_subgoal_tuples: 0
TupleGraphEquivalenceFactoryStatistics:
    num_subgoal_tuples: 68
    num_single_rule_subgoal_tuples: 68
    num_multi_rule_subgoal_tuples: 0
2023-03-04 19:17:43 INFO     [40m[34mGrounding Logic Program...[0m
2023-03-04 19:17:44 INFO     [40m[34m..done[0m
2023-03-04 19:17:44 INFO     [40m[34mSolving Logic Program...[0m
Clingo statistics:
{'call': 0.0, 'result': 1.0, 'signal': 9.0, 'exhausted': 0.0, 'costs': [26.0], 'lower': [26.0], 'concurrency': 32.0, 'winner': 32.0, 'times': {'total': 134.37787294387817, 'cpu': 4194.0011, 'solve': 132.06475496292114, 'unsat': 0.0, 'sat': 17.763503074645996}, 'models': {'enumerated': 60.0, 'optimal': 1.0}}
Solution cost: [26.0]
Total time: 134.37787294387817
CPU time: 4194.0011
Solve time: 132.06475496292114
2023-03-04 19:19:57 INFO     [40m[34m..done[0m
2023-03-04 19:19:57 INFO     Learned the following sketch:
(:policy
(:boolean_features )
(:numerical_features "n_count(c_some(r_inverse(r_transitive_closure(r_primitive(link,0,1))),c_some(r_inverse(r_primitive(at,0,1)),c_primitive(man,0))))" "n_count(c_some(r_primitive(at,0,1),c_all(r_inverse(r_primitive(at,0,1)),c_primitive(man,0))))" "n_count(r_restrict(r_primitive(carrying,0,1),c_primitive(useable,0)))")
(:rule (:conditions (:c_n_eq 1) (:c_n_gt 0)) (:effects (:e_n_inc 2)))
(:rule (:conditions (:c_n_eq 0)) (:effects (:e_n_dec 2)))
(:rule (:conditions (:c_n_gt 1)) (:effects (:e_n_dec 0)))
)
Numer of sketch rules: 3
Number of selected features: 3
Maximum complexity of selected feature: 9
2023-03-04 19:19:57 INFO     [40m[34mVerifying learned sketch...[0m
2023-03-04 19:20:05 INFO     [40m[34m..done[0m
[40m[31mSketch solves all instances![0m
2023-03-04 19:20:05 INFO     [40m[32mSummary:[0m
LearningStatistics:
    num_training_instances: 1
    num_selected_training_instances: 1
    num_states_in_selected_training_instances: 74
    num_features_in_pool: 505
    num_cpu_seconds: 4218.54 seconds
    num_peak_memory_mb: 2283.75 MB
Resulting sketch:
(:policy
(:boolean_features )
(:numerical_features "n_count(c_some(r_inverse(r_transitive_closure(r_primitive(link,0,1))),c_some(r_inverse(r_primitive(at,0,1)),c_primitive(man,0))))" "n_count(c_some(r_primitive(at,0,1),c_all(r_inverse(r_primitive(at,0,1)),c_primitive(man,0))))" "n_count(r_restrict(r_primitive(carrying,0,1),c_primitive(useable,0)))")
(:rule (:conditions (:c_n_eq 1) (:c_n_gt 0)) (:effects (:e_n_inc 2)))
(:rule (:conditions (:c_n_eq 0)) (:effects (:e_n_dec 2)))
(:rule (:conditions (:c_n_gt 1)) (:effects (:e_n_dec 0)))
)
Numer of sketch rules: 3
Number of selected features: 3
Maximum complexity of selected feature: 9
Resulting sketch minimized:
(:policy
(:boolean_features )
(:numerical_features "n_count(c_some(r_inverse(r_transitive_closure(r_primitive(link,0,1))),c_some(r_inverse(r_primitive(at,0,1)),c_primitive(man,0))))" "n_count(c_some(r_primitive(at,0,1),c_all(r_inverse(r_primitive(at,0,1)),c_primitive(man,0))))" "n_count(r_restrict(r_primitive(carrying,0,1),c_primitive(useable,0)))")
(:rule (:conditions (:c_n_eq 1) (:c_n_gt 0)) (:effects (:e_n_inc 2)))
(:rule (:conditions (:c_n_eq 0)) (:effects (:e_n_dec 2)))
(:rule (:conditions (:c_n_gt 1)) (:effects (:e_n_dec 0)))
)
Numer of sketch rules: 3
Number of selected features: 3
Maximum complexity of selected feature: 9
2023-03-04 19:20:06 INFO     [40m[33mSummary:[0m
2023-03-04 19:20:06 INFO     [40m[32mHierarchical sketch:[0m
[40m[32mLevel 0 sketch:[0m
(:policy
(:boolean_features )
(:numerical_features "n_count(c_some(r_inverse(r_transitive_closure(r_primitive(link,0,1))),c_some(r_inverse(r_primitive(at,0,1)),c_primitive(man,0))))" "n_count(c_some(r_primitive(at,0,1),c_all(r_inverse(r_primitive(at,0,1)),c_primitive(man,0))))" "n_count(r_restrict(r_primitive(carrying,0,1),c_primitive(useable,0)))")
(:rule (:conditions (:c_n_eq 1) (:c_n_gt 0)) (:effects (:e_n_inc 2)))
(:rule (:conditions (:c_n_eq 0)) (:effects (:e_n_dec 2)))
(:rule (:conditions (:c_n_gt 1)) (:effects (:e_n_dec 0)))
)
Num features: 3
Max feature complexity 9
Num rules: 3
LearningStatistics:
    num_training_instances: 1
    num_selected_training_instances: 1
    num_states_in_selected_training_instances: 74
    num_features_in_pool: 505
    num_cpu_seconds: 4218.54 seconds
    num_peak_memory_mb: 2283.75 MB
RESOURCES FOR PREPROCESSING: 81.81 CPU sec - 2211.61 MB
================================================================================
END OF STEP #1: Incremental learning module. 4301.92 CPU sec - 2283.85 MB
================================================================================
