Changing working directory:  /proj/ssiw/projects/code/sketch-learner/learning/d2l/workspace/blocks_4_hierarchy_clear_0_9_9_9_9_9
Creating sym link: /proj/ssiw/projects/code/sketch-learner/learning/d2l/libs/dlplan/libs/scorpion/fast-downward.py /proj/ssiw/projects/code/sketch-learner/learning/d2l/workspace/blocks_4_hierarchy_clear_0_9_9_9_9_9/fast-downward.py
================================================================================
SLTP v.0.2.0
================================================================================
================================================================================
(pid: 20579) STARTING STEP #1: Incremental learning module
================================================================================
2023-03-04 19:13:18 INFO     [40m[34mInitializing DomainData...[0m
2023-03-04 19:13:18 INFO     Constructing DomainData for filename /proj/ssiw/projects/code/sketch-learner/learning/d2l/benchmarks/blocks_4_clear/domain.pddl
2023-03-04 19:13:18 INFO     [40m[34m..done[0m
2023-03-04 19:13:18 INFO     [40m[34mInitializing InstanceDatas...[0m
2023-03-04 19:13:18 INFO     Constructing InstanceData for filename /proj/ssiw/projects/code/sketch-learner/learning/d2l/benchmarks/blocks_4_clear/p-2-0.pddl
Num states: 5
2023-03-04 19:13:19 INFO     Constructing InstanceData for filename /proj/ssiw/projects/code/sketch-learner/learning/d2l/benchmarks/blocks_4_clear/p-3-0.pddl
Num states: 22
2023-03-04 19:13:20 INFO     Constructing InstanceData for filename /proj/ssiw/projects/code/sketch-learner/learning/d2l/benchmarks/blocks_4_clear/p-4-0.pddl
Num states: 125
2023-03-04 19:13:20 INFO     [40m[34m..done[0m
2023-03-04 19:13:20 INFO     [40m[34mInitializing TupleGraphs...[0m
2023-03-04 19:13:20 INFO     [40m[34m..done[0m
/proj/ssiw/projects/code/sketch-learner/learning/d2l/workspace/blocks_4_hierarchy_clear_0_9_9_9_9_9/learning

2023-03-04 19:13:20 INFO     [40m[31mIteration: 0[0m
Number of selected instances: 1
Selected instances:
    id: 0 name: p-2-0
initial states: [0, 3]
2023-03-04 19:13:20 INFO     [40m[34mInitializing DomainFeatureData...[0m
[t=4.85321s, 1339432 KB] Started generating base features of complexity 1.
[t=4.85423s, 1339432 KB] Complexity 1:
    b_nullary: 2
    c_one_of: 0
    c_top: 1
    c_bot: 1
    c_primitive: 4
    r_primitive: 2
    c_and: 0
    c_not: 0
    c_equal: 0
    c_some: 0
    c_all: 0
    r_restrict: 0
    r_and: 0
    r_inverse: 0
    r_transitive_closure: 0
    b_empty: 0
    n_count: 0
    n_concept_distance: 0
[t=4.8546s, 1339432 KB] Finished generating base features.
[t=4.85471s, 1339432 KB] Started generating composite features. 
[t=4.85527s, 1339432 KB] Complexity 2:
Total concept elements: 10
Total role elements: 3
Total numerical elements: 6
Total boolean elements: 4
    b_nullary: 2
    c_one_of: 0
    c_top: 1
    c_bot: 1
    c_primitive: 4
    r_primitive: 2
    c_and: 0
    c_not: 4
    c_equal: 0
    c_some: 0
    c_all: 0
    r_restrict: 0
    r_and: 0
    r_inverse: 1
    r_transitive_closure: 0
    b_empty: 2
    n_count: 6
    n_concept_distance: 0
[t=4.85692s, 1339432 KB] Complexity 3:
Total concept elements: 18
Total role elements: 4
Total numerical elements: 8
Total boolean elements: 5
    b_nullary: 2
    c_one_of: 0
    c_top: 1
    c_bot: 1
    c_primitive: 4
    r_primitive: 2
    c_and: 4
    c_not: 4
    c_equal: 1
    c_some: 2
    c_all: 1
    r_restrict: 1
    r_and: 0
    r_inverse: 1
    r_transitive_closure: 0
    b_empty: 3
    n_count: 8
    n_concept_distance: 0
[t=4.85906s, 1339432 KB] Complexity 4:
Total concept elements: 34
Total role elements: 5
Total numerical elements: 20
Total boolean elements: 10
    b_nullary: 2
    c_one_of: 0
    c_top: 1
    c_bot: 1
    c_primitive: 4
    r_primitive: 2
    c_and: 11
    c_not: 10
    c_equal: 1
    c_some: 3
    c_all: 3
    r_restrict: 1
    r_and: 0
    r_inverse: 2
    r_transitive_closure: 0
    b_empty: 8
    n_count: 15
    n_concept_distance: 5
[t=4.86359s, 1339432 KB] Complexity 5:
Total concept elements: 48
Total role elements: 5
Total numerical elements: 42
Total boolean elements: 17
    b_nullary: 2
    c_one_of: 0
    c_top: 1
    c_bot: 1
    c_primitive: 4
    r_primitive: 2
    c_and: 17
    c_not: 18
    c_equal: 1
    c_some: 3
    c_all: 3
    r_restrict: 1
    r_and: 0
    r_inverse: 2
    r_transitive_closure: 0
    b_empty: 15
    n_count: 27
    n_concept_distance: 15
[t=4.87013s, 1339432 KB] Complexity 6:
Total concept elements: 64
Total role elements: 5
Total numerical elements: 61
Total boolean elements: 22
    b_nullary: 2
    c_one_of: 0
    c_top: 1
    c_bot: 1
    c_primitive: 4
    r_primitive: 2
    c_and: 27
    c_not: 24
    c_equal: 1
    c_some: 3
    c_all: 3
    r_restrict: 1
    r_and: 0
    r_inverse: 2
    r_transitive_closure: 0
    b_empty: 20
    n_count: 39
    n_concept_distance: 22
[t=4.87636s, 1339432 KB] Complexity 7:
Total concept elements: 86
Total role elements: 5
Total numerical elements: 78
Total boolean elements: 26
    b_nullary: 2
    c_one_of: 0
    c_top: 1
    c_bot: 1
    c_primitive: 4
    r_primitive: 2
    c_and: 41
    c_not: 32
    c_equal: 1
    c_some: 3
    c_all: 3
    r_restrict: 1
    r_and: 0
    r_inverse: 2
    r_transitive_closure: 0
    b_empty: 24
    n_count: 51
    n_concept_distance: 27
[t=4.88369s, 1339432 KB] Complexity 8:
Total concept elements: 107
Total role elements: 5
Total numerical elements: 91
Total boolean elements: 28
    b_nullary: 2
    c_one_of: 0
    c_top: 1
    c_bot: 1
    c_primitive: 4
    r_primitive: 2
    c_and: 54
    c_not: 40
    c_equal: 1
    c_some: 3
    c_all: 3
    r_restrict: 1
    r_and: 0
    r_inverse: 2
    r_transitive_closure: 0
    b_empty: 26
    n_count: 61
    n_concept_distance: 30
[t=4.89205s, 1339432 KB] Complexity 9:
Total concept elements: 123
Total role elements: 5
Total numerical elements: 101
Total boolean elements: 28
    b_nullary: 2
    c_one_of: 0
    c_top: 1
    c_bot: 1
    c_primitive: 4
    r_primitive: 2
    c_and: 69
    c_not: 41
    c_equal: 1
    c_some: 3
    c_all: 3
    r_restrict: 1
    r_and: 0
    r_inverse: 2
    r_transitive_closure: 0
    b_empty: 26
    n_count: 70
    n_concept_distance: 31
[t=4.89216s, 1339432 KB] Finished generating composite features.
DomainFeatureDataStatistics:
    num_dlplan_states: 5
    num_boolean_features: 28
    num_numerical_features: 101
2023-03-04 19:13:20 INFO     [40m[34m..done[0m
2023-03-04 19:13:20 INFO     [40m[34mInitializing InstanceFeatureDatas...[0m
2023-03-04 19:13:20 INFO     [40m[34m..done[0m
2023-03-04 19:13:20 INFO     [40m[34mInitializing StatePairEquivalenceDatas...[0m
2023-03-04 19:13:20 INFO     [40m[34m..done[0m
2023-03-04 19:13:20 INFO     [40m[34mInitializing TupleGraphEquivalences...[0m
TupleGraphEquivalenceFactoryStatistics:
    num_subgoal_tuples: 33
    num_single_rule_subgoal_tuples: 29
    num_multi_rule_subgoal_tuples: 4
2023-03-04 19:13:20 INFO     [40m[34m..done[0m
2023-03-04 19:13:20 INFO     [40m[34m..done[0m
2023-03-04 19:13:20 INFO     [40m[33mIteration data preprocessing summary:[0m
DomainFeatureDataStatistics:
    num_dlplan_states: 5
    num_boolean_features: 28
    num_numerical_features: 101
StatePairEquivalenceStatistics:
    num_subgoal_states: 13
    num_equivalences: 13
TupleGraphEquivalenceFactoryStatistics:
    num_subgoal_tuples: 33
    num_single_rule_subgoal_tuples: 29
    num_multi_rule_subgoal_tuples: 4
TupleGraphEquivalenceFactoryStatistics:
    num_subgoal_tuples: 13
    num_single_rule_subgoal_tuples: 13
    num_multi_rule_subgoal_tuples: 0
2023-03-04 19:13:20 INFO     [40m[34mGrounding Logic Program...[0m
2023-03-04 19:13:20 INFO     [40m[34m..done[0m
2023-03-04 19:13:20 INFO     [40m[34mSolving Logic Program...[0m
Clingo statistics:
{'call': 0.0, 'result': 1.0, 'signal': 9.0, 'exhausted': 0.0, 'costs': [4.0], 'lower': [4.0], 'concurrency': 32.0, 'winner': 32.0, 'times': {'total': 0.3550140857696533, 'cpu': 2.974503, 'solve': 0.16525793075561523, 'unsat': 0.0, 'sat': 0.13323402404785156}, 'models': {'enumerated': 7.0, 'optimal': 1.0}}
Solution cost: [4.0]
Total time: 0.3550140857696533
CPU time: 2.974503
Solve time: 0.16525793075561523
2023-03-04 19:13:20 INFO     [40m[34m..done[0m
2023-03-04 19:13:20 INFO     Learned the following sketch:
(:policy
(:boolean_features "b_nullary(arm-empty)")
(:numerical_features )
(:rule (:conditions (:c_b_neg 0)) (:effects (:e_b_pos 0)))
(:rule (:conditions (:c_b_pos 0)) (:effects (:e_b_neg 0)))
)
Numer of sketch rules: 2
Number of selected features: 1
Maximum complexity of selected feature: 1
2023-03-04 19:13:20 INFO     [40m[34mVerifying learned sketch...[0m
[40m[31mSketch cycles[0m
Instance: 1 p-3-0
0 (instance index=1, state index=0, atoms={on-table(b1), on-table(b2), on(b3,b1), clear(b2), clear(b3), arm-empty()})
1 (instance index=1, state index=1, atoms={on-table(b1), holding(b2), on(b3,b1), clear(b3)})
0 (instance index=1, state index=0, atoms={on-table(b1), on-table(b2), on(b3,b1), clear(b2), clear(b3), arm-empty()})
2023-03-04 19:13:20 INFO     [40m[34m..done[0m
Smallest unsolved instance: 1
Selected instances: [1]

2023-03-04 19:13:20 INFO     [40m[31mIteration: 1[0m
Number of selected instances: 1
Selected instances:
    id: 1 name: p-3-0
initial states: [0, 1, 3, 6, 8, 12, 16, 17, 18, 19, 21]
2023-03-04 19:13:20 INFO     [40m[34mInitializing DomainFeatureData...[0m
[t=5.33456s, 3480120 KB] Started generating base features of complexity 1.
[t=5.33509s, 3480120 KB] Complexity 1:
    b_nullary: 2
    c_one_of: 0
    c_top: 1
    c_bot: 1
    c_primitive: 4
    r_primitive: 2
    c_and: 0
    c_not: 0
    c_equal: 0
    c_some: 0
    c_all: 0
    r_restrict: 0
    r_and: 0
    r_inverse: 0
    r_transitive_closure: 0
    b_empty: 0
    n_count: 0
    n_concept_distance: 0
[t=5.33544s, 3480120 KB] Finished generating base features.
[t=5.33555s, 3480120 KB] Started generating composite features. 
[t=5.33609s, 3480120 KB] Complexity 2:
Total concept elements: 10
Total role elements: 4
Total numerical elements: 6
Total boolean elements: 4
    b_nullary: 2
    c_one_of: 0
    c_top: 1
    c_bot: 1
    c_primitive: 4
    r_primitive: 2
    c_and: 0
    c_not: 4
    c_equal: 0
    c_some: 0
    c_all: 0
    r_restrict: 0
    r_and: 0
    r_inverse: 1
    r_transitive_closure: 1
    b_empty: 2
    n_count: 6
    n_concept_distance: 0
[t=5.33835s, 3480120 KB] Complexity 3:
Total concept elements: 20
Total role elements: 7
Total numerical elements: 10
Total boolean elements: 5
    b_nullary: 2
    c_one_of: 0
    c_top: 1
    c_bot: 1
    c_primitive: 4
    r_primitive: 2
    c_and: 4
    c_not: 4
    c_equal: 1
    c_some: 3
    c_all: 2
    r_restrict: 2
    r_and: 0
    r_inverse: 2
    r_transitive_closure: 1
    b_empty: 3
    n_count: 10
    n_concept_distance: 0
[t=5.34151s, 3480120 KB] Complexity 4:
Total concept elements: 44
Total role elements: 9
Total numerical elements: 24
Total boolean elements: 10
    b_nullary: 2
    c_one_of: 0
    c_top: 1
    c_bot: 1
    c_primitive: 4
    r_primitive: 2
    c_and: 12
    c_not: 12
    c_equal: 1
    c_some: 7
    c_all: 6
    r_restrict: 2
    r_and: 0
    r_inverse: 4
    r_transitive_closure: 1
    b_empty: 8
    n_count: 19
    n_concept_distance: 5
[t=5.34731s, 3480120 KB] Complexity 5:
Total concept elements: 80
Total role elements: 9
Total numerical elements: 47
Total boolean elements: 19
    b_nullary: 2
    c_one_of: 0
    c_top: 1
    c_bot: 1
    c_primitive: 4
    r_primitive: 2
    c_and: 25
    c_not: 26
    c_equal: 1
    c_some: 11
    c_all: 11
    r_restrict: 2
    r_and: 0
    r_inverse: 4
    r_transitive_closure: 1
    b_empty: 17
    n_count: 37
    n_concept_distance: 10
[t=5.35686s, 3480120 KB] Complexity 6:
Total concept elements: 146
Total role elements: 9
Total numerical elements: 86
Total boolean elements: 33
    b_nullary: 2
    c_one_of: 0
    c_top: 1
    c_bot: 1
    c_primitive: 4
    r_primitive: 2
    c_and: 59
    c_not: 48
    c_equal: 1
    c_some: 13
    c_all: 19
    r_restrict: 2
    r_and: 0
    r_inverse: 4
    r_transitive_closure: 1
    b_empty: 31
    n_count: 68
    n_concept_distance: 18
[t=5.36878s, 3480120 KB] Complexity 7:
Total concept elements: 260
Total role elements: 10
Total numerical elements: 147
Total boolean elements: 50
    b_nullary: 2
    c_one_of: 0
    c_top: 1
    c_bot: 1
    c_primitive: 4
    r_primitive: 2
    c_and: 118
    c_not: 79
    c_equal: 1
    c_some: 24
    c_all: 32
    r_restrict: 2
    r_and: 1
    r_inverse: 4
    r_transitive_closure: 1
    b_empty: 48
    n_count: 113
    n_concept_distance: 34
[t=5.38618s, 3480120 KB] Complexity 8:
Total concept elements: 447
Total role elements: 11
Total numerical elements: 241
Total boolean elements: 76
    b_nullary: 2
    c_one_of: 0
    c_top: 1
    c_bot: 1
    c_primitive: 4
    r_primitive: 2
    c_and: 218
    c_not: 148
    c_equal: 1
    c_some: 33
    c_all: 41
    r_restrict: 2
    r_and: 1
    r_inverse: 5
    r_transitive_closure: 1
    b_empty: 74
    n_count: 191
    n_concept_distance: 50
[t=5.42075s, 3480120 KB] Complexity 9:
Total concept elements: 735
Total role elements: 11
Total numerical elements: 393
Total boolean elements: 110
    b_nullary: 2
    c_one_of: 0
    c_top: 1
    c_bot: 1
    c_primitive: 4
    r_primitive: 2
    c_and: 392
    c_not: 228
    c_equal: 1
    c_some: 42
    c_all: 66
    r_restrict: 2
    r_and: 1
    r_inverse: 5
    r_transitive_closure: 1
    b_empty: 108
    n_count: 318
    n_concept_distance: 75
[t=5.43052s, 3480120 KB] Finished generating composite features.
DomainFeatureDataStatistics:
    num_dlplan_states: 22
    num_boolean_features: 110
    num_numerical_features: 393
2023-03-04 19:13:20 INFO     [40m[34m..done[0m
2023-03-04 19:13:20 INFO     [40m[34mInitializing InstanceFeatureDatas...[0m
2023-03-04 19:13:20 INFO     [40m[34m..done[0m
2023-03-04 19:13:20 INFO     [40m[34mInitializing StatePairEquivalenceDatas...[0m
2023-03-04 19:13:21 INFO     [40m[34m..done[0m
2023-03-04 19:13:21 INFO     [40m[34mInitializing TupleGraphEquivalences...[0m
TupleGraphEquivalenceFactoryStatistics:
    num_subgoal_tuples: 184
    num_single_rule_subgoal_tuples: 166
    num_multi_rule_subgoal_tuples: 18
2023-03-04 19:13:21 INFO     [40m[34m..done[0m
2023-03-04 19:13:21 INFO     [40m[34m..done[0m
2023-03-04 19:13:21 INFO     [40m[33mIteration data preprocessing summary:[0m
DomainFeatureDataStatistics:
    num_dlplan_states: 22
    num_boolean_features: 110
    num_numerical_features: 393
StatePairEquivalenceStatistics:
    num_subgoal_states: 64
    num_equivalences: 34
TupleGraphEquivalenceFactoryStatistics:
    num_subgoal_tuples: 184
    num_single_rule_subgoal_tuples: 166
    num_multi_rule_subgoal_tuples: 18
TupleGraphEquivalenceFactoryStatistics:
    num_subgoal_tuples: 62
    num_single_rule_subgoal_tuples: 62
    num_multi_rule_subgoal_tuples: 0
2023-03-04 19:13:21 INFO     [40m[34mGrounding Logic Program...[0m
2023-03-04 19:13:22 INFO     [40m[34m..done[0m
2023-03-04 19:13:22 INFO     [40m[34mSolving Logic Program...[0m
Clingo statistics:
{'call': 0.0, 'result': 1.0, 'signal': 9.0, 'exhausted': 0.0, 'costs': [7.0], 'lower': [7.0], 'concurrency': 32.0, 'winner': 32.0, 'times': {'total': 20.635879039764404, 'cpu': 549.7662600000001, 'solve': 17.805788040161133, 'unsat': 0.0, 'sat': 8.969323873519897}, 'models': {'enumerated': 49.0, 'optimal': 1.0}}
Solution cost: [7.0]
Total time: 20.635879039764404
CPU time: 549.7662600000001
Solve time: 17.805788040161133
2023-03-04 19:13:41 INFO     [40m[34m..done[0m
2023-03-04 19:13:41 INFO     Learned the following sketch:
(:policy
(:boolean_features "b_nullary(arm-empty)")
(:numerical_features "n_count(c_primitive(clear,0))")
(:rule (:conditions (:c_b_neg 0)) (:effects (:e_n_inc 0)))
(:rule (:conditions (:c_b_pos 0)) (:effects (:e_b_neg 0) (:e_n_bot 0)))
)
Numer of sketch rules: 2
Number of selected features: 2
Maximum complexity of selected feature: 2
2023-03-04 19:13:41 INFO     [40m[34mVerifying learned sketch...[0m
2023-03-04 19:13:41 INFO     [40m[34m..done[0m
[40m[31mSketch solves all instances![0m
2023-03-04 19:13:41 INFO     [40m[32mSummary:[0m
LearningStatistics:
    num_training_instances: 1
    num_selected_training_instances: 1
    num_states_in_selected_training_instances: 22
    num_features_in_pool: 503
    num_cpu_seconds: 553.20 seconds
    num_peak_memory_mb: 1884.19 MB
Resulting sketch:
(:policy
(:boolean_features "b_nullary(arm-empty)")
(:numerical_features "n_count(c_primitive(clear,0))")
(:rule (:conditions (:c_b_neg 0)) (:effects (:e_n_inc 0)))
(:rule (:conditions (:c_b_pos 0)) (:effects (:e_b_neg 0) (:e_n_bot 0)))
)
Numer of sketch rules: 2
Number of selected features: 2
Maximum complexity of selected feature: 2
Resulting sketch minimized:
(:policy
(:boolean_features "b_nullary(arm-empty)")
(:numerical_features "n_count(c_primitive(clear,0))")
(:rule (:conditions (:c_b_neg 0)) (:effects (:e_n_inc 0)))
(:rule (:conditions (:c_b_pos 0)) (:effects (:e_b_neg 0) (:e_n_bot 0)))
)
Numer of sketch rules: 2
Number of selected features: 2
Maximum complexity of selected feature: 2
2023-03-04 19:13:42 INFO     [40m[33mSummary:[0m
2023-03-04 19:13:42 INFO     [40m[32mHierarchical sketch:[0m
[40m[32mLevel 0 sketch:[0m
(:policy
(:boolean_features "b_nullary(arm-empty)")
(:numerical_features "n_count(c_primitive(clear,0))")
(:rule (:conditions (:c_b_neg 0)) (:effects (:e_n_inc 0)))
(:rule (:conditions (:c_b_pos 0)) (:effects (:e_b_neg 0) (:e_n_bot 0)))
)
Num features: 2
Max feature complexity 2
Num rules: 2
LearningStatistics:
    num_training_instances: 1
    num_selected_training_instances: 1
    num_states_in_selected_training_instances: 22
    num_features_in_pool: 503
    num_cpu_seconds: 553.20 seconds
    num_peak_memory_mb: 1884.19 MB
RESOURCES FOR PREPROCESSING: 0.81 CPU sec - 1225.51 MB
================================================================================
END OF STEP #1: Incremental learning module. 554.64 CPU sec - 1884.23 MB
================================================================================
