Changing working directory:  /proj/ssiw/projects/code/sketch-learner/learning/d2l/workspace/reward_hierarchy_0_9_9_9_9_9
Creating sym link: /proj/ssiw/projects/code/sketch-learner/learning/d2l/libs/dlplan/libs/scorpion/fast-downward.py /proj/ssiw/projects/code/sketch-learner/learning/d2l/workspace/reward_hierarchy_0_9_9_9_9_9/fast-downward.py
================================================================================
SLTP v.0.2.0
================================================================================
================================================================================
(pid: 194559) STARTING STEP #1: Incremental learning module
================================================================================
2023-03-04 19:14:12 INFO     [40m[34mInitializing DomainData...[0m
2023-03-04 19:14:12 INFO     Constructing DomainData for filename /proj/ssiw/projects/code/sketch-learner/learning/d2l/benchmarks/reward/domain.pddl
2023-03-04 19:14:12 INFO     [40m[34m..done[0m
2023-03-04 19:14:12 INFO     [40m[34mInitializing InstanceDatas...[0m
2023-03-04 19:14:12 INFO     Constructing InstanceData for filename /proj/ssiw/projects/code/sketch-learner/learning/d2l/benchmarks/reward/instance_2x2_0.pddl
Num states: 16
2023-03-04 19:14:13 INFO     Constructing InstanceData for filename /proj/ssiw/projects/code/sketch-learner/learning/d2l/benchmarks/reward/instance_3x3_0.pddl
Num states: 32
2023-03-04 19:14:14 INFO     Constructing InstanceData for filename /proj/ssiw/projects/code/sketch-learner/learning/d2l/benchmarks/reward/instance_2x2_1.pddl
Num states: 8
2023-03-04 19:14:14 INFO     Constructing InstanceData for filename /proj/ssiw/projects/code/sketch-learner/learning/d2l/benchmarks/reward/instance_3x3_1.pddl
Num states: 16
2023-03-04 19:14:14 INFO     Constructing InstanceData for filename /proj/ssiw/projects/code/sketch-learner/learning/d2l/benchmarks/reward/instance_2x2_2.pddl
Num states: 8
2023-03-04 19:14:15 INFO     Constructing InstanceData for filename /proj/ssiw/projects/code/sketch-learner/learning/d2l/benchmarks/reward/instance_3x3_2.pddl
Num states: 64
2023-03-04 19:14:15 INFO     Constructing InstanceData for filename /proj/ssiw/projects/code/sketch-learner/learning/d2l/benchmarks/reward/instance_2x2_3.pddl
Num states: 8
2023-03-04 19:14:15 INFO     Constructing InstanceData for filename /proj/ssiw/projects/code/sketch-learner/learning/d2l/benchmarks/reward/instance_3x3_3.pddl
Num states: 36
2023-03-04 19:14:15 INFO     Constructing InstanceData for filename /proj/ssiw/projects/code/sketch-learner/learning/d2l/benchmarks/reward/instance_2x2_4.pddl
Num states: 12
2023-03-04 19:14:15 INFO     Constructing InstanceData for filename /proj/ssiw/projects/code/sketch-learner/learning/d2l/benchmarks/reward/instance_3x3_4.pddl
Num states: 48
2023-03-04 19:14:16 INFO     Constructing InstanceData for filename /proj/ssiw/projects/code/sketch-learner/learning/d2l/benchmarks/reward/instance_2x2_5.pddl
Num states: 6
2023-03-04 19:14:16 INFO     Constructing InstanceData for filename /proj/ssiw/projects/code/sketch-learner/learning/d2l/benchmarks/reward/instance_3x3_5.pddl
Num states: 18
2023-03-04 19:14:16 INFO     Constructing InstanceData for filename /proj/ssiw/projects/code/sketch-learner/learning/d2l/benchmarks/reward/instance_2x2_6.pddl
Num states: 12
2023-03-04 19:14:16 INFO     Constructing InstanceData for filename /proj/ssiw/projects/code/sketch-learner/learning/d2l/benchmarks/reward/instance_3x3_6.pddl
Num states: 36
2023-03-04 19:14:16 INFO     Constructing InstanceData for filename /proj/ssiw/projects/code/sketch-learner/learning/d2l/benchmarks/reward/instance_2x2_7.pddl
Num states: 16
2023-03-04 19:14:17 INFO     Constructing InstanceData for filename /proj/ssiw/projects/code/sketch-learner/learning/d2l/benchmarks/reward/instance_3x3_7.pddl
Num states: 72
2023-03-04 19:14:17 INFO     Constructing InstanceData for filename /proj/ssiw/projects/code/sketch-learner/learning/d2l/benchmarks/reward/instance_2x2_8.pddl
Num states: 16
2023-03-04 19:14:17 INFO     Constructing InstanceData for filename /proj/ssiw/projects/code/sketch-learner/learning/d2l/benchmarks/reward/instance_3x3_8.pddl
Num states: 56
2023-03-04 19:14:17 INFO     Constructing InstanceData for filename /proj/ssiw/projects/code/sketch-learner/learning/d2l/benchmarks/reward/instance_2x2_9.pddl
Num states: 16
2023-03-04 19:14:18 INFO     Constructing InstanceData for filename /proj/ssiw/projects/code/sketch-learner/learning/d2l/benchmarks/reward/instance_3x3_9.pddl
Num states: 36
2023-03-04 19:14:18 INFO     Constructing InstanceData for filename /proj/ssiw/projects/code/sketch-learner/learning/d2l/benchmarks/reward/instance_2x2_10.pddl
Num states: 8
2023-03-04 19:14:18 INFO     Constructing InstanceData for filename /proj/ssiw/projects/code/sketch-learner/learning/d2l/benchmarks/reward/instance_3x3_10.pddl
Num states: 36
2023-03-04 19:14:18 INFO     Constructing InstanceData for filename /proj/ssiw/projects/code/sketch-learner/learning/d2l/benchmarks/reward/instance_2x2_11.pddl
Num states: 12
2023-03-04 19:14:18 INFO     Constructing InstanceData for filename /proj/ssiw/projects/code/sketch-learner/learning/d2l/benchmarks/reward/instance_3x3_11.pddl
Num states: 14
2023-03-04 19:14:19 INFO     Constructing InstanceData for filename /proj/ssiw/projects/code/sketch-learner/learning/d2l/benchmarks/reward/instance_2x2_12.pddl
Num states: 8
2023-03-04 19:14:19 INFO     Constructing InstanceData for filename /proj/ssiw/projects/code/sketch-learner/learning/d2l/benchmarks/reward/instance_3x3_12.pddl
Num states: 16
2023-03-04 19:14:19 INFO     Constructing InstanceData for filename /proj/ssiw/projects/code/sketch-learner/learning/d2l/benchmarks/reward/instance_2x2_13.pddl
Num states: 8
2023-03-04 19:14:19 INFO     Constructing InstanceData for filename /proj/ssiw/projects/code/sketch-learner/learning/d2l/benchmarks/reward/instance_3x3_13.pddl
Num states: 56
2023-03-04 19:14:20 INFO     Constructing InstanceData for filename /proj/ssiw/projects/code/sketch-learner/learning/d2l/benchmarks/reward/instance_2x2_14.pddl
Num states: 16
2023-03-04 19:14:20 INFO     Constructing InstanceData for filename /proj/ssiw/projects/code/sketch-learner/learning/d2l/benchmarks/reward/instance_3x3_14.pddl
Num states: 64
2023-03-04 19:14:20 INFO     Constructing InstanceData for filename /proj/ssiw/projects/code/sketch-learner/learning/d2l/benchmarks/reward/instance_2x2_15.pddl
Num states: 16
2023-03-04 19:14:20 INFO     Constructing InstanceData for filename /proj/ssiw/projects/code/sketch-learner/learning/d2l/benchmarks/reward/instance_3x3_15.pddl
Num states: 64
2023-03-04 19:14:20 INFO     Constructing InstanceData for filename /proj/ssiw/projects/code/sketch-learner/learning/d2l/benchmarks/reward/instance_2x2_16.pddl
Num states: 8
2023-03-04 19:14:21 INFO     Constructing InstanceData for filename /proj/ssiw/projects/code/sketch-learner/learning/d2l/benchmarks/reward/instance_3x3_16.pddl
Num states: 28
2023-03-04 19:14:21 INFO     Constructing InstanceData for filename /proj/ssiw/projects/code/sketch-learner/learning/d2l/benchmarks/reward/instance_2x2_17.pddl
Num states: 16
2023-03-04 19:14:21 INFO     Constructing InstanceData for filename /proj/ssiw/projects/code/sketch-learner/learning/d2l/benchmarks/reward/instance_3x3_17.pddl
Num states: 36
2023-03-04 19:14:22 INFO     Constructing InstanceData for filename /proj/ssiw/projects/code/sketch-learner/learning/d2l/benchmarks/reward/instance_2x2_18.pddl
Num states: 16
2023-03-04 19:14:22 INFO     Constructing InstanceData for filename /proj/ssiw/projects/code/sketch-learner/learning/d2l/benchmarks/reward/instance_3x3_18.pddl
Num states: 14
2023-03-04 19:14:22 INFO     Constructing InstanceData for filename /proj/ssiw/projects/code/sketch-learner/learning/d2l/benchmarks/reward/instance_2x2_19.pddl
Num states: 12
2023-03-04 19:14:22 INFO     Constructing InstanceData for filename /proj/ssiw/projects/code/sketch-learner/learning/d2l/benchmarks/reward/instance_3x3_19.pddl
Num states: 14
2023-03-04 19:14:22 INFO     Constructing InstanceData for filename /proj/ssiw/projects/code/sketch-learner/learning/d2l/benchmarks/reward/instance_2x2_20.pddl
Num states: 16
2023-03-04 19:14:22 INFO     Constructing InstanceData for filename /proj/ssiw/projects/code/sketch-learner/learning/d2l/benchmarks/reward/instance_3x3_20.pddl
Num states: 32
2023-03-04 19:14:23 INFO     Constructing InstanceData for filename /proj/ssiw/projects/code/sketch-learner/learning/d2l/benchmarks/reward/instance_2x2_21.pddl
Num states: 6
2023-03-04 19:14:23 INFO     Constructing InstanceData for filename /proj/ssiw/projects/code/sketch-learner/learning/d2l/benchmarks/reward/instance_3x3_21.pddl
Num states: 14
2023-03-04 19:14:23 INFO     Constructing InstanceData for filename /proj/ssiw/projects/code/sketch-learner/learning/d2l/benchmarks/reward/instance_2x2_22.pddl
Num states: 8
2023-03-04 19:14:23 INFO     Constructing InstanceData for filename /proj/ssiw/projects/code/sketch-learner/learning/d2l/benchmarks/reward/instance_3x3_22.pddl
Num states: 64
2023-03-04 19:14:23 INFO     Constructing InstanceData for filename /proj/ssiw/projects/code/sketch-learner/learning/d2l/benchmarks/reward/instance_2x2_23.pddl
Num states: 6
2023-03-04 19:14:24 INFO     Constructing InstanceData for filename /proj/ssiw/projects/code/sketch-learner/learning/d2l/benchmarks/reward/instance_3x3_23.pddl
Num states: 64
2023-03-04 19:14:24 INFO     Constructing InstanceData for filename /proj/ssiw/projects/code/sketch-learner/learning/d2l/benchmarks/reward/instance_2x2_24.pddl
Num states: 16
2023-03-04 19:14:24 INFO     Constructing InstanceData for filename /proj/ssiw/projects/code/sketch-learner/learning/d2l/benchmarks/reward/instance_3x3_24.pddl
Num states: 64
2023-03-04 19:14:25 INFO     Constructing InstanceData for filename /proj/ssiw/projects/code/sketch-learner/learning/d2l/benchmarks/reward/instance_2x2_25.pddl
Num states: 6
2023-03-04 19:14:25 INFO     Constructing InstanceData for filename /proj/ssiw/projects/code/sketch-learner/learning/d2l/benchmarks/reward/instance_3x3_25.pddl
Num states: 16
2023-03-04 19:14:25 INFO     Constructing InstanceData for filename /proj/ssiw/projects/code/sketch-learner/learning/d2l/benchmarks/reward/instance_2x2_26.pddl
Num states: 6
2023-03-04 19:14:25 INFO     Constructing InstanceData for filename /proj/ssiw/projects/code/sketch-learner/learning/d2l/benchmarks/reward/instance_3x3_26.pddl
Num states: 18
2023-03-04 19:14:25 INFO     Constructing InstanceData for filename /proj/ssiw/projects/code/sketch-learner/learning/d2l/benchmarks/reward/instance_2x2_27.pddl
Num states: 16
2023-03-04 19:14:26 INFO     Constructing InstanceData for filename /proj/ssiw/projects/code/sketch-learner/learning/d2l/benchmarks/reward/instance_3x3_27.pddl
Num states: 14
2023-03-04 19:14:26 INFO     Constructing InstanceData for filename /proj/ssiw/projects/code/sketch-learner/learning/d2l/benchmarks/reward/instance_2x2_28.pddl
Num states: 6
2023-03-04 19:14:26 INFO     Constructing InstanceData for filename /proj/ssiw/projects/code/sketch-learner/learning/d2l/benchmarks/reward/instance_3x3_28.pddl
Num states: 14
2023-03-04 19:14:26 INFO     Constructing InstanceData for filename /proj/ssiw/projects/code/sketch-learner/learning/d2l/benchmarks/reward/instance_2x2_29.pddl
Num states: 16
2023-03-04 19:14:27 INFO     Constructing InstanceData for filename /proj/ssiw/projects/code/sketch-learner/learning/d2l/benchmarks/reward/instance_3x3_29.pddl
Num states: 32
2023-03-04 19:14:27 INFO     Constructing InstanceData for filename /proj/ssiw/projects/code/sketch-learner/learning/d2l/benchmarks/reward/instance_2x2_30.pddl
Num states: 6
2023-03-04 19:14:27 INFO     Constructing InstanceData for filename /proj/ssiw/projects/code/sketch-learner/learning/d2l/benchmarks/reward/instance_3x3_30.pddl
Num states: 18
2023-03-04 19:14:28 INFO     Constructing InstanceData for filename /proj/ssiw/projects/code/sketch-learner/learning/d2l/benchmarks/reward/instance_2x2_31.pddl
Num states: 16
2023-03-04 19:14:28 INFO     Constructing InstanceData for filename /proj/ssiw/projects/code/sketch-learner/learning/d2l/benchmarks/reward/instance_3x3_31.pddl
Num states: 64
2023-03-04 19:14:28 INFO     Constructing InstanceData for filename /proj/ssiw/projects/code/sketch-learner/learning/d2l/benchmarks/reward/instance_2x2_32.pddl
Num states: 6
2023-03-04 19:14:28 INFO     Constructing InstanceData for filename /proj/ssiw/projects/code/sketch-learner/learning/d2l/benchmarks/reward/instance_3x3_32.pddl
Num states: 56
2023-03-04 19:14:28 INFO     Constructing InstanceData for filename /proj/ssiw/projects/code/sketch-learner/learning/d2l/benchmarks/reward/instance_2x2_33.pddl
Num states: 6
2023-03-04 19:14:29 INFO     Constructing InstanceData for filename /proj/ssiw/projects/code/sketch-learner/learning/d2l/benchmarks/reward/instance_3x3_33.pddl
Num states: 64
2023-03-04 19:14:29 INFO     Constructing InstanceData for filename /proj/ssiw/projects/code/sketch-learner/learning/d2l/benchmarks/reward/instance_2x2_34.pddl
Num states: 16
2023-03-04 19:14:29 INFO     Constructing InstanceData for filename /proj/ssiw/projects/code/sketch-learner/learning/d2l/benchmarks/reward/instance_3x3_34.pddl
Num states: 28
2023-03-04 19:14:29 INFO     Constructing InstanceData for filename /proj/ssiw/projects/code/sketch-learner/learning/d2l/benchmarks/reward/instance_2x2_35.pddl
Num states: 12
2023-03-04 19:14:29 INFO     Constructing InstanceData for filename /proj/ssiw/projects/code/sketch-learner/learning/d2l/benchmarks/reward/instance_3x3_35.pddl
Num states: 36
2023-03-04 19:14:30 INFO     Constructing InstanceData for filename /proj/ssiw/projects/code/sketch-learner/learning/d2l/benchmarks/reward/instance_2x2_36.pddl
Num states: 12
2023-03-04 19:14:30 INFO     Constructing InstanceData for filename /proj/ssiw/projects/code/sketch-learner/learning/d2l/benchmarks/reward/instance_3x3_36.pddl
Num states: 64
2023-03-04 19:14:30 INFO     Constructing InstanceData for filename /proj/ssiw/projects/code/sketch-learner/learning/d2l/benchmarks/reward/instance_2x2_37.pddl
Num states: 12
2023-03-04 19:14:30 INFO     Constructing InstanceData for filename /proj/ssiw/projects/code/sketch-learner/learning/d2l/benchmarks/reward/instance_3x3_37.pddl
Num states: 32
2023-03-04 19:14:30 INFO     Constructing InstanceData for filename /proj/ssiw/projects/code/sketch-learner/learning/d2l/benchmarks/reward/instance_2x2_38.pddl
Num states: 12
2023-03-04 19:14:31 INFO     Constructing InstanceData for filename /proj/ssiw/projects/code/sketch-learner/learning/d2l/benchmarks/reward/instance_3x3_38.pddl
Num states: 18
2023-03-04 19:14:31 INFO     Constructing InstanceData for filename /proj/ssiw/projects/code/sketch-learner/learning/d2l/benchmarks/reward/instance_2x2_39.pddl
Num states: 16
2023-03-04 19:14:31 INFO     Constructing InstanceData for filename /proj/ssiw/projects/code/sketch-learner/learning/d2l/benchmarks/reward/instance_3x3_39.pddl
Num states: 16
2023-03-04 19:14:31 INFO     Constructing InstanceData for filename /proj/ssiw/projects/code/sketch-learner/learning/d2l/benchmarks/reward/instance_2x2_40.pddl
Num states: 6
2023-03-04 19:14:31 INFO     Constructing InstanceData for filename /proj/ssiw/projects/code/sketch-learner/learning/d2l/benchmarks/reward/instance_3x3_40.pddl
Num states: 36
2023-03-04 19:14:32 INFO     Constructing InstanceData for filename /proj/ssiw/projects/code/sketch-learner/learning/d2l/benchmarks/reward/instance_2x2_41.pddl
Num states: 8
2023-03-04 19:14:32 INFO     Constructing InstanceData for filename /proj/ssiw/projects/code/sketch-learner/learning/d2l/benchmarks/reward/instance_3x3_41.pddl
Num states: 64
2023-03-04 19:14:32 INFO     Constructing InstanceData for filename /proj/ssiw/projects/code/sketch-learner/learning/d2l/benchmarks/reward/instance_2x2_42.pddl
Num states: 6
2023-03-04 19:14:33 INFO     Constructing InstanceData for filename /proj/ssiw/projects/code/sketch-learner/learning/d2l/benchmarks/reward/instance_3x3_42.pddl
Num states: 32
2023-03-04 19:14:33 INFO     Constructing InstanceData for filename /proj/ssiw/projects/code/sketch-learner/learning/d2l/benchmarks/reward/instance_2x2_43.pddl
Num states: 6
2023-03-04 19:14:33 INFO     Constructing InstanceData for filename /proj/ssiw/projects/code/sketch-learner/learning/d2l/benchmarks/reward/instance_3x3_43.pddl
Num states: 28
2023-03-04 19:14:33 INFO     Constructing InstanceData for filename /proj/ssiw/projects/code/sketch-learner/learning/d2l/benchmarks/reward/instance_2x2_44.pddl
Num states: 12
2023-03-04 19:14:33 INFO     Constructing InstanceData for filename /proj/ssiw/projects/code/sketch-learner/learning/d2l/benchmarks/reward/instance_3x3_44.pddl
Num states: 32
2023-03-04 19:14:34 INFO     Constructing InstanceData for filename /proj/ssiw/projects/code/sketch-learner/learning/d2l/benchmarks/reward/instance_2x2_45.pddl
Num states: 16
2023-03-04 19:14:34 INFO     Constructing InstanceData for filename /proj/ssiw/projects/code/sketch-learner/learning/d2l/benchmarks/reward/instance_3x3_45.pddl
Num states: 16
2023-03-04 19:14:34 INFO     Constructing InstanceData for filename /proj/ssiw/projects/code/sketch-learner/learning/d2l/benchmarks/reward/instance_2x2_46.pddl
Num states: 6
2023-03-04 19:14:34 INFO     Constructing InstanceData for filename /proj/ssiw/projects/code/sketch-learner/learning/d2l/benchmarks/reward/instance_3x3_46.pddl
Num states: 64
2023-03-04 19:14:34 INFO     Constructing InstanceData for filename /proj/ssiw/projects/code/sketch-learner/learning/d2l/benchmarks/reward/instance_2x2_47.pddl
Num states: 6
2023-03-04 19:14:35 INFO     Constructing InstanceData for filename /proj/ssiw/projects/code/sketch-learner/learning/d2l/benchmarks/reward/instance_3x3_47.pddl
Num states: 18
2023-03-04 19:14:35 INFO     Constructing InstanceData for filename /proj/ssiw/projects/code/sketch-learner/learning/d2l/benchmarks/reward/instance_2x2_48.pddl
Num states: 16
2023-03-04 19:14:35 INFO     Constructing InstanceData for filename /proj/ssiw/projects/code/sketch-learner/learning/d2l/benchmarks/reward/instance_3x3_48.pddl
Num states: 36
2023-03-04 19:14:35 INFO     Constructing InstanceData for filename /proj/ssiw/projects/code/sketch-learner/learning/d2l/benchmarks/reward/instance_2x2_49.pddl
Num states: 6
2023-03-04 19:14:35 INFO     Constructing InstanceData for filename /proj/ssiw/projects/code/sketch-learner/learning/d2l/benchmarks/reward/instance_3x3_49.pddl
Num states: 36
2023-03-04 19:14:36 INFO     [40m[34m..done[0m
2023-03-04 19:14:36 INFO     [40m[34mInitializing TupleGraphs...[0m
2023-03-04 19:14:36 INFO     [40m[34m..done[0m
/proj/ssiw/projects/code/sketch-learner/learning/d2l/workspace/reward_hierarchy_0_9_9_9_9_9/learning

2023-03-04 19:14:36 INFO     [40m[31mIteration: 0[0m
Number of selected instances: 1
Selected instances:
    id: 0 name: instance_2x2_5
initial states: [0, 1, 2]
2023-03-04 19:14:36 INFO     [40m[34mInitializing DomainFeatureData...[0m
[t=24.3572s, 1339940 KB] Started generating base features of complexity 1.
[t=24.3576s, 1339940 KB] Complexity 1:
    b_nullary: 0
    c_one_of: 0
    c_top: 1
    c_bot: 1
    c_primitive: 5
    r_primitive: 2
    c_and: 0
    c_not: 0
    c_equal: 0
    c_some: 0
    c_all: 0
    r_restrict: 0
    r_and: 0
    r_inverse: 0
    r_transitive_closure: 0
    b_empty: 0
    n_count: 0
    n_concept_distance: 0
[t=24.3577s, 1339940 KB] Finished generating base features.
[t=24.3577s, 1339940 KB] Started generating composite features. 
[t=24.3579s, 1339940 KB] Complexity 2:
Total concept elements: 12
Total role elements: 3
Total numerical elements: 7
Total boolean elements: 4
    b_nullary: 0
    c_one_of: 0
    c_top: 1
    c_bot: 1
    c_primitive: 5
    r_primitive: 2
    c_and: 0
    c_not: 5
    c_equal: 0
    c_some: 0
    c_all: 0
    r_restrict: 0
    r_and: 0
    r_inverse: 0
    r_transitive_closure: 1
    b_empty: 4
    n_count: 7
    n_concept_distance: 0
[t=24.3585s, 1339940 KB] Complexity 3:
Total concept elements: 20
Total role elements: 8
Total numerical elements: 10
Total boolean elements: 4
    b_nullary: 0
    c_one_of: 0
    c_top: 1
    c_bot: 1
    c_primitive: 5
    r_primitive: 2
    c_and: 3
    c_not: 5
    c_equal: 0
    c_some: 4
    c_all: 1
    r_restrict: 5
    r_and: 0
    r_inverse: 0
    r_transitive_closure: 1
    b_empty: 4
    n_count: 10
    n_concept_distance: 0
[t=24.3592s, 1339940 KB] Complexity 4:
Total concept elements: 37
Total role elements: 13
Total numerical elements: 26
Total boolean elements: 7
    b_nullary: 0
    c_one_of: 0
    c_top: 1
    c_bot: 1
    c_primitive: 5
    r_primitive: 2
    c_and: 12
    c_not: 11
    c_equal: 0
    c_some: 6
    c_all: 1
    r_restrict: 5
    r_and: 0
    r_inverse: 5
    r_transitive_closure: 1
    b_empty: 7
    n_count: 17
    n_concept_distance: 9
[t=24.3608s, 1339940 KB] Complexity 5:
Total concept elements: 63
Total role elements: 13
Total numerical elements: 45
Total boolean elements: 12
    b_nullary: 0
    c_one_of: 0
    c_top: 1
    c_bot: 1
    c_primitive: 5
    r_primitive: 2
    c_and: 18
    c_not: 20
    c_equal: 0
    c_some: 11
    c_all: 7
    r_restrict: 5
    r_and: 0
    r_inverse: 5
    r_transitive_closure: 1
    b_empty: 12
    n_count: 30
    n_concept_distance: 15
[t=24.3639s, 1339940 KB] Complexity 6:
Total concept elements: 106
Total role elements: 13
Total numerical elements: 71
Total boolean elements: 12
    b_nullary: 0
    c_one_of: 0
    c_top: 1
    c_bot: 1
    c_primitive: 5
    r_primitive: 2
    c_and: 40
    c_not: 37
    c_equal: 0
    c_some: 14
    c_all: 8
    r_restrict: 5
    r_and: 0
    r_inverse: 5
    r_transitive_closure: 1
    b_empty: 12
    n_count: 48
    n_concept_distance: 23
[t=24.3692s, 1339940 KB] Complexity 7:
Total concept elements: 179
Total role elements: 16
Total numerical elements: 110
Total boolean elements: 14
    b_nullary: 0
    c_one_of: 0
    c_top: 1
    c_bot: 1
    c_primitive: 5
    r_primitive: 2
    c_and: 76
    c_not: 58
    c_equal: 0
    c_some: 24
    c_all: 14
    r_restrict: 5
    r_and: 3
    r_inverse: 5
    r_transitive_closure: 1
    b_empty: 14
    n_count: 75
    n_concept_distance: 35
[t=24.379s, 1339940 KB] Complexity 8:
Total concept elements: 265
Total role elements: 28
Total numerical elements: 150
Total boolean elements: 14
    b_nullary: 0
    c_one_of: 0
    c_top: 1
    c_bot: 1
    c_primitive: 5
    r_primitive: 2
    c_and: 124
    c_not: 92
    c_equal: 0
    c_some: 24
    c_all: 18
    r_restrict: 5
    r_and: 12
    r_inverse: 8
    r_transitive_closure: 1
    b_empty: 14
    n_count: 105
    n_concept_distance: 45
[t=24.397s, 1339940 KB] Complexity 9:
Total concept elements: 399
Total role elements: 28
Total numerical elements: 188
Total boolean elements: 14
    b_nullary: 0
    c_one_of: 0
    c_top: 1
    c_bot: 1
    c_primitive: 5
    r_primitive: 2
    c_and: 215
    c_not: 127
    c_equal: 0
    c_some: 26
    c_all: 24
    r_restrict: 5
    r_and: 12
    r_inverse: 8
    r_transitive_closure: 1
    b_empty: 14
    n_count: 135
    n_concept_distance: 53
[t=24.3972s, 1339940 KB] Finished generating composite features.
DomainFeatureDataStatistics:
    num_dlplan_states: 6
    num_boolean_features: 14
    num_numerical_features: 188
2023-03-04 19:14:36 INFO     [40m[34m..done[0m
2023-03-04 19:14:36 INFO     [40m[34mInitializing InstanceFeatureDatas...[0m
2023-03-04 19:14:36 INFO     [40m[34m..done[0m
2023-03-04 19:14:36 INFO     [40m[34mInitializing StatePairEquivalenceDatas...[0m
2023-03-04 19:14:36 INFO     [40m[34m..done[0m
2023-03-04 19:14:36 INFO     [40m[34mInitializing TupleGraphEquivalences...[0m
TupleGraphEquivalenceFactoryStatistics:
    num_subgoal_tuples: 21
    num_single_rule_subgoal_tuples: 21
    num_multi_rule_subgoal_tuples: 0
2023-03-04 19:14:36 INFO     [40m[34m..done[0m
2023-03-04 19:14:36 INFO     [40m[34m..done[0m
2023-03-04 19:14:36 INFO     [40m[33mIteration data preprocessing summary:[0m
DomainFeatureDataStatistics:
    num_dlplan_states: 6
    num_boolean_features: 14
    num_numerical_features: 188
StatePairEquivalenceStatistics:
    num_subgoal_states: 15
    num_equivalences: 9
TupleGraphEquivalenceFactoryStatistics:
    num_subgoal_tuples: 21
    num_single_rule_subgoal_tuples: 21
    num_multi_rule_subgoal_tuples: 0
TupleGraphEquivalenceFactoryStatistics:
    num_subgoal_tuples: 13
    num_single_rule_subgoal_tuples: 13
    num_multi_rule_subgoal_tuples: 0
2023-03-04 19:14:36 INFO     [40m[34mGrounding Logic Program...[0m
2023-03-04 19:14:36 INFO     [40m[34m..done[0m
2023-03-04 19:14:36 INFO     [40m[34mSolving Logic Program...[0m
Clingo statistics:
{'call': 0.0, 'result': 1.0, 'signal': 9.0, 'exhausted': 0.0, 'costs': [8.0], 'lower': [8.0], 'concurrency': 32.0, 'winner': 32.0, 'times': {'total': 0.5275890827178955, 'cpu': 5.707237000000001, 'solve': 0.27906203269958496, 'unsat': 0.0, 'sat': 0.20028901100158691}, 'models': {'enumerated': 10.0, 'optimal': 1.0}}
Solution cost: [8.0]
Total time: 0.5275890827178955
CPU time: 5.707237000000001
Solve time: 0.27906203269958496
2023-03-04 19:14:36 INFO     [40m[34m..done[0m
2023-03-04 19:14:36 INFO     Learned the following sketch:
(:policy
(:boolean_features )
(:numerical_features "n_concept_distance(c_primitive(at,0),r_primitive(adjacent,0,1),c_some(r_primitive(adjacent,0,1),c_primitive(reward,0)))")
(:rule (:conditions ) (:effects (:e_n_inc 0)))
)
Numer of sketch rules: 1
Number of selected features: 1
Maximum complexity of selected feature: 6
2023-03-04 19:14:36 INFO     [40m[34mVerifying learned sketch...[0m
[40m[31mGroup fails to bound width of a state[0m
Group: 0
Instance: 1 instance_2x2_21
State: (instance index=1, state index=2, atoms={at(c_1_0), reward(c_0_1)})
2023-03-04 19:14:36 INFO     [40m[34m..done[0m
Smallest unsolved instance: 1
Selected instances: [1]

2023-03-04 19:14:36 INFO     [40m[31mIteration: 1[0m
Number of selected instances: 1
Selected instances:
    id: 1 name: instance_2x2_21
initial states: [0, 1, 2]
2023-03-04 19:14:36 INFO     [40m[34mInitializing DomainFeatureData...[0m
[t=24.97s, 3561212 KB] Started generating base features of complexity 1.
[t=24.9702s, 3561212 KB] Complexity 1:
    b_nullary: 0
    c_one_of: 0
    c_top: 1
    c_bot: 1
    c_primitive: 5
    r_primitive: 2
    c_and: 0
    c_not: 0
    c_equal: 0
    c_some: 0
    c_all: 0
    r_restrict: 0
    r_and: 0
    r_inverse: 0
    r_transitive_closure: 0
    b_empty: 0
    n_count: 0
    n_concept_distance: 0
[t=24.9703s, 3561212 KB] Finished generating base features.
[t=24.9704s, 3561212 KB] Started generating composite features. 
[t=24.9706s, 3561212 KB] Complexity 2:
Total concept elements: 12
Total role elements: 3
Total numerical elements: 7
Total boolean elements: 4
    b_nullary: 0
    c_one_of: 0
    c_top: 1
    c_bot: 1
    c_primitive: 5
    r_primitive: 2
    c_and: 0
    c_not: 5
    c_equal: 0
    c_some: 0
    c_all: 0
    r_restrict: 0
    r_and: 0
    r_inverse: 0
    r_transitive_closure: 1
    b_empty: 4
    n_count: 7
    n_concept_distance: 0
[t=24.9712s, 3561212 KB] Complexity 3:
Total concept elements: 19
Total role elements: 8
Total numerical elements: 10
Total boolean elements: 4
    b_nullary: 0
    c_one_of: 0
    c_top: 1
    c_bot: 1
    c_primitive: 5
    r_primitive: 2
    c_and: 3
    c_not: 5
    c_equal: 0
    c_some: 4
    c_all: 0
    r_restrict: 5
    r_and: 0
    r_inverse: 0
    r_transitive_closure: 1
    b_empty: 4
    n_count: 10
    n_concept_distance: 0
[t=24.9721s, 3561212 KB] Complexity 4:
Total concept elements: 38
Total role elements: 13
Total numerical elements: 26
Total boolean elements: 7
    b_nullary: 0
    c_one_of: 0
    c_top: 1
    c_bot: 1
    c_primitive: 5
    r_primitive: 2
    c_and: 13
    c_not: 12
    c_equal: 0
    c_some: 6
    c_all: 0
    r_restrict: 5
    r_and: 0
    r_inverse: 5
    r_transitive_closure: 1
    b_empty: 7
    n_count: 17
    n_concept_distance: 9
[t=24.9737s, 3561212 KB] Complexity 5:
Total concept elements: 73
Total role elements: 13
Total numerical elements: 46
Total boolean elements: 12
    b_nullary: 0
    c_one_of: 0
    c_top: 1
    c_bot: 1
    c_primitive: 5
    r_primitive: 2
    c_and: 26
    c_not: 22
    c_equal: 0
    c_some: 11
    c_all: 7
    r_restrict: 5
    r_and: 0
    r_inverse: 5
    r_transitive_closure: 1
    b_empty: 12
    n_count: 31
    n_concept_distance: 15
[t=24.9772s, 3561212 KB] Complexity 6:
Total concept elements: 130
Total role elements: 13
Total numerical elements: 79
Total boolean elements: 15
    b_nullary: 0
    c_one_of: 0
    c_top: 1
    c_bot: 1
    c_primitive: 5
    r_primitive: 2
    c_and: 53
    c_not: 47
    c_equal: 0
    c_some: 14
    c_all: 9
    r_restrict: 5
    r_and: 0
    r_inverse: 5
    r_transitive_closure: 1
    b_empty: 15
    n_count: 53
    n_concept_distance: 26
[t=24.9837s, 3561212 KB] Complexity 7:
Total concept elements: 236
Total role elements: 16
Total numerical elements: 132
Total boolean elements: 20
    b_nullary: 0
    c_one_of: 0
    c_top: 1
    c_bot: 1
    c_primitive: 5
    r_primitive: 2
    c_and: 101
    c_not: 77
    c_equal: 0
    c_some: 32
    c_all: 19
    r_restrict: 5
    r_and: 3
    r_inverse: 5
    r_transitive_closure: 1
    b_empty: 20
    n_count: 87
    n_concept_distance: 45
[t=24.9966s, 3561212 KB] Complexity 8:
Total concept elements: 392
Total role elements: 34
Total numerical elements: 197
Total boolean elements: 22
    b_nullary: 0
    c_one_of: 0
    c_top: 1
    c_bot: 1
    c_primitive: 5
    r_primitive: 2
    c_and: 184
    c_not: 137
    c_equal: 0
    c_some: 35
    c_all: 29
    r_restrict: 5
    r_and: 18
    r_inverse: 8
    r_transitive_closure: 1
    b_empty: 22
    n_count: 138
    n_concept_distance: 59
[t=25.0241s, 3561212 KB] Complexity 9:
Total concept elements: 668
Total role elements: 34
Total numerical elements: 303
Total boolean elements: 30
    b_nullary: 0
    c_one_of: 0
    c_top: 1
    c_bot: 1
    c_primitive: 5
    r_primitive: 2
    c_and: 372
    c_not: 210
    c_equal: 0
    c_some: 44
    c_all: 35
    r_restrict: 5
    r_and: 18
    r_inverse: 8
    r_transitive_closure: 1
    b_empty: 30
    n_count: 209
    n_concept_distance: 94
[t=25.0243s, 3561212 KB] Finished generating composite features.
DomainFeatureDataStatistics:
    num_dlplan_states: 6
    num_boolean_features: 30
    num_numerical_features: 303
2023-03-04 19:14:36 INFO     [40m[34m..done[0m
2023-03-04 19:14:36 INFO     [40m[34mInitializing InstanceFeatureDatas...[0m
2023-03-04 19:14:36 INFO     [40m[34m..done[0m
2023-03-04 19:14:36 INFO     [40m[34mInitializing StatePairEquivalenceDatas...[0m
2023-03-04 19:14:36 INFO     [40m[34m..done[0m
2023-03-04 19:14:36 INFO     [40m[34mInitializing TupleGraphEquivalences...[0m
TupleGraphEquivalenceFactoryStatistics:
    num_subgoal_tuples: 21
    num_single_rule_subgoal_tuples: 21
    num_multi_rule_subgoal_tuples: 0
2023-03-04 19:14:36 INFO     [40m[34m..done[0m
2023-03-04 19:14:36 INFO     [40m[34m..done[0m
2023-03-04 19:14:36 INFO     [40m[33mIteration data preprocessing summary:[0m
DomainFeatureDataStatistics:
    num_dlplan_states: 6
    num_boolean_features: 30
    num_numerical_features: 303
StatePairEquivalenceStatistics:
    num_subgoal_states: 15
    num_equivalences: 15
TupleGraphEquivalenceFactoryStatistics:
    num_subgoal_tuples: 21
    num_single_rule_subgoal_tuples: 21
    num_multi_rule_subgoal_tuples: 0
TupleGraphEquivalenceFactoryStatistics:
    num_subgoal_tuples: 15
    num_single_rule_subgoal_tuples: 15
    num_multi_rule_subgoal_tuples: 0
2023-03-04 19:14:37 INFO     [40m[34mGrounding Logic Program...[0m
2023-03-04 19:14:37 INFO     [40m[34m..done[0m
2023-03-04 19:14:37 INFO     [40m[34mSolving Logic Program...[0m
Clingo statistics:
{'call': 0.0, 'result': 1.0, 'signal': 9.0, 'exhausted': 0.0, 'costs': [10.0], 'lower': [10.0], 'concurrency': 32.0, 'winner': 32.0, 'times': {'total': 2.354668140411377, 'cpu': 48.688356999999996, 'solve': 1.6574361324310303, 'unsat': 0.0, 'sat': 0.4919159412384033}, 'models': {'enumerated': 14.0, 'optimal': 1.0}}
Solution cost: [10.0]
Total time: 2.354668140411377
CPU time: 48.688356999999996
Solve time: 1.6574361324310303
2023-03-04 19:14:39 INFO     [40m[34m..done[0m
2023-03-04 19:14:39 INFO     Learned the following sketch:
(:policy
(:boolean_features )
(:numerical_features "n_concept_distance(c_primitive(at,0),r_primitive(adjacent,0,1),c_primitive(reward,0))" "n_count(c_primitive(reward,0))")
(:rule (:conditions (:c_n_eq 0)) (:effects (:e_n_dec 1)))
(:rule (:conditions (:c_n_gt 1) (:c_n_gt 0)) (:effects (:e_n_dec 0)))
)
Numer of sketch rules: 2
Number of selected features: 2
Maximum complexity of selected feature: 4
2023-03-04 19:14:39 INFO     [40m[34mVerifying learned sketch...[0m
[40m[31mGroup fails to bound width of a state[0m
Group: 0
Instance: 33 instance_3x3_11
State: (instance index=33, state index=6, atoms={at(c_1_2), reward(c_1_0)})
2023-03-04 19:14:39 INFO     [40m[34m..done[0m
Smallest unsolved instance: 33
Selected instances: [33]

2023-03-04 19:14:39 INFO     [40m[31mIteration: 2[0m
Number of selected instances: 1
Selected instances:
    id: 33 name: instance_3x3_11
initial states: [0, 1, 2, 3, 4, 6, 7]
2023-03-04 19:14:39 INFO     [40m[34mInitializing DomainFeatureData...[0m
[t=27.4675s, 3561212 KB] Started generating base features of complexity 1.
[t=27.4677s, 3561212 KB] Complexity 1:
    b_nullary: 0
    c_one_of: 0
    c_top: 1
    c_bot: 1
    c_primitive: 5
    r_primitive: 2
    c_and: 0
    c_not: 0
    c_equal: 0
    c_some: 0
    c_all: 0
    r_restrict: 0
    r_and: 0
    r_inverse: 0
    r_transitive_closure: 0
    b_empty: 0
    n_count: 0
    n_concept_distance: 0
[t=27.4678s, 3561212 KB] Finished generating base features.
[t=27.4678s, 3561212 KB] Started generating composite features. 
[t=27.4681s, 3561212 KB] Complexity 2:
Total concept elements: 12
Total role elements: 3
Total numerical elements: 7
Total boolean elements: 4
    b_nullary: 0
    c_one_of: 0
    c_top: 1
    c_bot: 1
    c_primitive: 5
    r_primitive: 2
    c_and: 0
    c_not: 5
    c_equal: 0
    c_some: 0
    c_all: 0
    r_restrict: 0
    r_and: 0
    r_inverse: 0
    r_transitive_closure: 1
    b_empty: 4
    n_count: 7
    n_concept_distance: 0
[t=27.4689s, 3561212 KB] Complexity 3:
Total concept elements: 20
Total role elements: 8
Total numerical elements: 12
Total boolean elements: 4
    b_nullary: 0
    c_one_of: 0
    c_top: 1
    c_bot: 1
    c_primitive: 5
    r_primitive: 2
    c_and: 3
    c_not: 5
    c_equal: 0
    c_some: 4
    c_all: 1
    r_restrict: 5
    r_and: 0
    r_inverse: 0
    r_transitive_closure: 1
    b_empty: 4
    n_count: 12
    n_concept_distance: 0
[t=27.4701s, 3561212 KB] Complexity 4:
Total concept elements: 40
Total role elements: 13
Total numerical elements: 30
Total boolean elements: 7
    b_nullary: 0
    c_one_of: 0
    c_top: 1
    c_bot: 1
    c_primitive: 5
    r_primitive: 2
    c_and: 13
    c_not: 13
    c_equal: 0
    c_some: 6
    c_all: 1
    r_restrict: 5
    r_and: 0
    r_inverse: 5
    r_transitive_closure: 1
    b_empty: 7
    n_count: 21
    n_concept_distance: 9
[t=27.4725s, 3561212 KB] Complexity 5:
Total concept elements: 78
Total role elements: 13
Total numerical elements: 51
Total boolean elements: 12
    b_nullary: 0
    c_one_of: 0
    c_top: 1
    c_bot: 1
    c_primitive: 5
    r_primitive: 2
    c_and: 28
    c_not: 23
    c_equal: 0
    c_some: 12
    c_all: 8
    r_restrict: 5
    r_and: 0
    r_inverse: 5
    r_transitive_closure: 1
    b_empty: 12
    n_count: 38
    n_concept_distance: 13
[t=27.4775s, 3561212 KB] Complexity 6:
Total concept elements: 145
Total role elements: 13
Total numerical elements: 98
Total boolean elements: 17
    b_nullary: 0
    c_one_of: 0
    c_top: 1
    c_bot: 1
    c_primitive: 5
    r_primitive: 2
    c_and: 59
    c_not: 51
    c_equal: 0
    c_some: 15
    c_all: 13
    r_restrict: 5
    r_and: 0
    r_inverse: 5
    r_transitive_closure: 1
    b_empty: 17
    n_count: 67
    n_concept_distance: 31
[t=27.487s, 3561212 KB] Complexity 7:
Total concept elements: 290
Total role elements: 16
Total numerical elements: 164
Total boolean elements: 23
    b_nullary: 0
    c_one_of: 0
    c_top: 1
    c_bot: 1
    c_primitive: 5
    r_primitive: 2
    c_and: 121
    c_not: 88
    c_equal: 0
    c_some: 38
    c_all: 36
    r_restrict: 5
    r_and: 3
    r_inverse: 5
    r_transitive_closure: 1
    b_empty: 23
    n_count: 117
    n_concept_distance: 47
[t=27.5068s, 3561212 KB] Complexity 8:
Total concept elements: 508
Total role elements: 34
Total numerical elements: 296
Total boolean elements: 28
    b_nullary: 0
    c_one_of: 0
    c_top: 1
    c_bot: 1
    c_primitive: 5
    r_primitive: 2
    c_and: 224
    c_not: 184
    c_equal: 0
    c_some: 47
    c_all: 46
    r_restrict: 5
    r_and: 18
    r_inverse: 8
    r_transitive_closure: 1
    b_empty: 28
    n_count: 231
    n_concept_distance: 65
[t=27.5473s, 3561212 KB] Complexity 9:
Total concept elements: 1005
Total role elements: 34
Total numerical elements: 517
Total boolean elements: 38
    b_nullary: 0
    c_one_of: 0
    c_top: 1
    c_bot: 1
    c_primitive: 5
    r_primitive: 2
    c_and: 495
    c_not: 291
    c_equal: 0
    c_some: 102
    c_all: 110
    r_restrict: 5
    r_and: 18
    r_inverse: 8
    r_transitive_closure: 1
    b_empty: 38
    n_count: 406
    n_concept_distance: 111
[t=27.5474s, 3561212 KB] Finished generating composite features.
DomainFeatureDataStatistics:
    num_dlplan_states: 14
    num_boolean_features: 38
    num_numerical_features: 517
2023-03-04 19:14:39 INFO     [40m[34m..done[0m
2023-03-04 19:14:39 INFO     [40m[34mInitializing InstanceFeatureDatas...[0m
2023-03-04 19:14:39 INFO     [40m[34m..done[0m
2023-03-04 19:14:39 INFO     [40m[34mInitializing StatePairEquivalenceDatas...[0m
2023-03-04 19:14:39 INFO     [40m[34m..done[0m
2023-03-04 19:14:39 INFO     [40m[34mInitializing TupleGraphEquivalences...[0m
TupleGraphEquivalenceFactoryStatistics:
    num_subgoal_tuples: 53
    num_single_rule_subgoal_tuples: 53
    num_multi_rule_subgoal_tuples: 0
2023-03-04 19:14:39 INFO     [40m[34m..done[0m
2023-03-04 19:14:39 INFO     [40m[34m..done[0m
2023-03-04 19:14:39 INFO     [40m[33mIteration data preprocessing summary:[0m
DomainFeatureDataStatistics:
    num_dlplan_states: 14
    num_boolean_features: 38
    num_numerical_features: 517
StatePairEquivalenceStatistics:
    num_subgoal_states: 39
    num_equivalences: 39
TupleGraphEquivalenceFactoryStatistics:
    num_subgoal_tuples: 53
    num_single_rule_subgoal_tuples: 53
    num_multi_rule_subgoal_tuples: 0
TupleGraphEquivalenceFactoryStatistics:
    num_subgoal_tuples: 39
    num_single_rule_subgoal_tuples: 39
    num_multi_rule_subgoal_tuples: 0
2023-03-04 19:14:40 INFO     [40m[34mGrounding Logic Program...[0m
2023-03-04 19:14:41 INFO     [40m[34m..done[0m
2023-03-04 19:14:41 INFO     [40m[34mSolving Logic Program...[0m
Clingo statistics:
{'call': 0.0, 'result': 1.0, 'signal': 9.0, 'exhausted': 0.0, 'costs': [12.0], 'lower': [12.0], 'concurrency': 32.0, 'winner': 32.0, 'times': {'total': 22.379037141799927, 'cpu': 600.950657, 'solve': 19.327044010162354, 'unsat': 0.0, 'sat': 6.865020036697388}, 'models': {'enumerated': 51.0, 'optimal': 1.0}}
Solution cost: [12.0]
Total time: 22.379037141799927
CPU time: 600.950657
Solve time: 19.327044010162354
2023-03-04 19:15:02 INFO     [40m[34m..done[0m
2023-03-04 19:15:02 INFO     Learned the following sketch:
(:policy
(:boolean_features "b_empty(c_primitive(picked,0))")
(:numerical_features "n_concept_distance(c_primitive(at,0),r_restrict(r_primitive(adjacent,0,1),c_primitive(unblocked,0)),c_primitive(reward,0))")
(:rule (:conditions (:c_n_eq 0)) (:effects (:e_b_neg 0)))
(:rule (:conditions (:c_n_gt 0)) (:effects (:e_n_dec 0)))
)
Numer of sketch rules: 2
Number of selected features: 2
Maximum complexity of selected feature: 6
2023-03-04 19:15:02 INFO     [40m[34mVerifying learned sketch...[0m
[40m[31mSketch cycles[0m
Instance: 24 instance_2x2_4
0 (instance index=24, state index=0, atoms={at(c_0_0), reward(c_1_1), reward(c_1_0)})
1 (instance index=24, state index=1, atoms={at(c_1_0), reward(c_1_1), reward(c_1_0)})
3 (instance index=24, state index=3, atoms={at(c_1_0), reward(c_1_1), picked(c_1_0)})
6 (instance index=24, state index=6, atoms={at(c_1_1), reward(c_1_1), picked(c_1_0)})
3 (instance index=24, state index=3, atoms={at(c_1_0), reward(c_1_1), picked(c_1_0)})
2023-03-04 19:15:02 INFO     [40m[34m..done[0m
Smallest unsolved instance: 24
Selected instances: [33, 24]

2023-03-04 19:15:02 INFO     [40m[31mIteration: 3[0m
Number of selected instances: 2
Selected instances:
    id: 33 name: instance_3x3_11
initial states: [0, 1, 2, 3, 4, 6, 7]
    id: 24 name: instance_2x2_4
initial states: [0, 1, 2, 3, 4, 5, 6, 7, 9]
2023-03-04 19:15:02 INFO     [40m[34mInitializing DomainFeatureData...[0m
[t=50.1775s, 4609020 KB] Started generating base features of complexity 1.
[t=50.1778s, 4609020 KB] Complexity 1:
    b_nullary: 0
    c_one_of: 0
    c_top: 1
    c_bot: 1
    c_primitive: 5
    r_primitive: 2
    c_and: 0
    c_not: 0
    c_equal: 0
    c_some: 0
    c_all: 0
    r_restrict: 0
    r_and: 0
    r_inverse: 0
    r_transitive_closure: 0
    b_empty: 0
    n_count: 0
    n_concept_distance: 0
[t=50.1779s, 4609020 KB] Finished generating base features.
[t=50.1779s, 4609020 KB] Started generating composite features. 
[t=50.1782s, 4609020 KB] Complexity 2:
Total concept elements: 12
Total role elements: 3
Total numerical elements: 8
Total boolean elements: 4
    b_nullary: 0
    c_one_of: 0
    c_top: 1
    c_bot: 1
    c_primitive: 5
    r_primitive: 2
    c_and: 0
    c_not: 5
    c_equal: 0
    c_some: 0
    c_all: 0
    r_restrict: 0
    r_and: 0
    r_inverse: 0
    r_transitive_closure: 1
    b_empty: 4
    n_count: 8
    n_concept_distance: 0
[t=50.1793s, 4609020 KB] Complexity 3:
Total concept elements: 20
Total role elements: 8
Total numerical elements: 14
Total boolean elements: 4
    b_nullary: 0
    c_one_of: 0
    c_top: 1
    c_bot: 1
    c_primitive: 5
    r_primitive: 2
    c_and: 3
    c_not: 5
    c_equal: 0
    c_some: 4
    c_all: 1
    r_restrict: 5
    r_and: 0
    r_inverse: 0
    r_transitive_closure: 1
    b_empty: 4
    n_count: 14
    n_concept_distance: 0
[t=50.1808s, 4609020 KB] Complexity 4:
Total concept elements: 40
Total role elements: 13
Total numerical elements: 30
Total boolean elements: 7
    b_nullary: 0
    c_one_of: 0
    c_top: 1
    c_bot: 1
    c_primitive: 5
    r_primitive: 2
    c_and: 13
    c_not: 13
    c_equal: 0
    c_some: 6
    c_all: 1
    r_restrict: 5
    r_and: 0
    r_inverse: 5
    r_transitive_closure: 1
    b_empty: 7
    n_count: 23
    n_concept_distance: 7
[t=50.1838s, 4609020 KB] Complexity 5:
Total concept elements: 100
Total role elements: 13
Total numerical elements: 54
Total boolean elements: 16
    b_nullary: 0
    c_one_of: 0
    c_top: 1
    c_bot: 1
    c_primitive: 5
    r_primitive: 2
    c_and: 40
    c_not: 25
    c_equal: 0
    c_some: 13
    c_all: 15
    r_restrict: 5
    r_and: 0
    r_inverse: 5
    r_transitive_closure: 1
    b_empty: 16
    n_count: 43
    n_concept_distance: 11
[t=50.1906s, 4609020 KB] Complexity 6:
Total concept elements: 219
Total role elements: 13
Total numerical elements: 123
Total boolean elements: 34
    b_nullary: 0
    c_one_of: 0
    c_top: 1
    c_bot: 1
    c_primitive: 5
    r_primitive: 2
    c_and: 97
    c_not: 73
    c_equal: 0
    c_some: 16
    c_all: 26
    r_restrict: 5
    r_and: 0
    r_inverse: 5
    r_transitive_closure: 1
    b_empty: 34
    n_count: 94
    n_concept_distance: 29
[t=50.2071s, 4609020 KB] Complexity 7:
Total concept elements: 506
Total role elements: 16
Total numerical elements: 245
Total boolean elements: 52
    b_nullary: 0
    c_one_of: 0
    c_top: 1
    c_bot: 1
    c_primitive: 5
    r_primitive: 2
    c_and: 238
    c_not: 135
    c_equal: 0
    c_some: 56
    c_all: 70
    r_restrict: 5
    r_and: 3
    r_inverse: 5
    r_transitive_closure: 1
    b_empty: 52
    n_count: 196
    n_concept_distance: 49
[t=50.2485s, 4609020 KB] Complexity 8:
Total concept elements: 1124
Total role elements: 43
Total numerical elements: 554
Total boolean elements: 94
    b_nullary: 0
    c_one_of: 0
    c_top: 1
    c_bot: 1
    c_primitive: 5
    r_primitive: 2
    c_and: 586
    c_not: 341
    c_equal: 0
    c_some: 79
    c_all: 111
    r_restrict: 5
    r_and: 27
    r_inverse: 8
    r_transitive_closure: 1
    b_empty: 94
    n_count: 443
    n_concept_distance: 111
[t=50.3511s, 4609020 KB] Complexity 9:
Total concept elements: 2505
Total role elements: 43
Total numerical elements: 1193
Total boolean elements: 195
    b_nullary: 0
    c_one_of: 0
    c_top: 1
    c_bot: 1
    c_primitive: 5
    r_primitive: 2
    c_and: 1269
    c_not: 713
    c_equal: 0
    c_some: 216
    c_all: 300
    r_restrict: 5
    r_and: 27
    r_inverse: 8
    r_transitive_closure: 1
    b_empty: 195
    n_count: 948
    n_concept_distance: 245
[t=50.3512s, 4609020 KB] Finished generating composite features.
DomainFeatureDataStatistics:
    num_dlplan_states: 26
    num_boolean_features: 195
    num_numerical_features: 1193
2023-03-04 19:15:02 INFO     [40m[34m..done[0m
2023-03-04 19:15:02 INFO     [40m[34mInitializing InstanceFeatureDatas...[0m
2023-03-04 19:15:02 INFO     [40m[34m..done[0m
2023-03-04 19:15:02 INFO     [40m[34mInitializing StatePairEquivalenceDatas...[0m
2023-03-04 19:15:03 INFO     [40m[34m..done[0m
2023-03-04 19:15:03 INFO     [40m[34mInitializing TupleGraphEquivalences...[0m
TupleGraphEquivalenceFactoryStatistics:
    num_subgoal_tuples: 109
    num_single_rule_subgoal_tuples: 109
    num_multi_rule_subgoal_tuples: 0
2023-03-04 19:15:03 INFO     [40m[34m..done[0m
2023-03-04 19:15:03 INFO     [40m[34m..done[0m
2023-03-04 19:15:03 INFO     [40m[33mIteration data preprocessing summary:[0m
DomainFeatureDataStatistics:
    num_dlplan_states: 26
    num_boolean_features: 195
    num_numerical_features: 1193
StatePairEquivalenceStatistics:
    num_subgoal_states: 71
    num_equivalences: 71
TupleGraphEquivalenceFactoryStatistics:
    num_subgoal_tuples: 109
    num_single_rule_subgoal_tuples: 109
    num_multi_rule_subgoal_tuples: 0
TupleGraphEquivalenceFactoryStatistics:
    num_subgoal_tuples: 71
    num_single_rule_subgoal_tuples: 71
    num_multi_rule_subgoal_tuples: 0
2023-03-04 19:15:05 INFO     [40m[34mGrounding Logic Program...[0m
2023-03-04 19:15:13 INFO     [40m[34m..done[0m
2023-03-04 19:15:13 INFO     [40m[34mSolving Logic Program...[0m
Clingo statistics:
{'call': 0.0, 'result': 1.0, 'signal': 9.0, 'exhausted': 0.0, 'costs': [12.0], 'lower': [12.0], 'concurrency': 32.0, 'winner': 32.0, 'times': {'total': 369.78975200653076, 'cpu': 11285.876715, 'solve': 355.0785450935364, 'unsat': 0.0, 'sat': 135.7853560447693}, 'models': {'enumerated': 198.0, 'optimal': 1.0}}
Solution cost: [12.0]
Total time: 369.78975200653076
CPU time: 11285.876715
Solve time: 355.0785450935364
2023-03-04 19:21:13 INFO     [40m[34m..done[0m
2023-03-04 19:21:13 INFO     Learned the following sketch:
(:policy
(:boolean_features )
(:numerical_features "n_concept_distance(c_primitive(at,0),r_restrict(r_primitive(adjacent,0,1),c_primitive(unblocked,0)),c_primitive(reward,0))" "n_count(c_primitive(reward,0))")
(:rule (:conditions (:c_n_gt 1) (:c_n_eq 0)) (:effects (:e_n_dec 1) (:e_n_inc 0)))
(:rule (:conditions (:c_n_gt 1) (:c_n_gt 0)) (:effects (:e_n_bot 1) (:e_n_dec 0)))
)
Numer of sketch rules: 2
Number of selected features: 2
Maximum complexity of selected feature: 6
2023-03-04 19:21:13 INFO     [40m[34mVerifying learned sketch...[0m
2023-03-04 19:21:13 INFO     [40m[34m..done[0m
[40m[31mSketch solves all instances![0m
2023-03-04 19:21:13 INFO     [40m[32mSummary:[0m
LearningStatistics:
    num_training_instances: 2
    num_selected_training_instances: 2
    num_states_in_selected_training_instances: 26
    num_features_in_pool: 1388
    num_cpu_seconds: 11943.24 seconds
    num_peak_memory_mb: 9823.06 MB
Resulting sketch:
(:policy
(:boolean_features )
(:numerical_features "n_concept_distance(c_primitive(at,0),r_restrict(r_primitive(adjacent,0,1),c_primitive(unblocked,0)),c_primitive(reward,0))" "n_count(c_primitive(reward,0))")
(:rule (:conditions (:c_n_gt 1) (:c_n_eq 0)) (:effects (:e_n_dec 1) (:e_n_inc 0)))
(:rule (:conditions (:c_n_gt 1) (:c_n_gt 0)) (:effects (:e_n_bot 1) (:e_n_dec 0)))
)
Numer of sketch rules: 2
Number of selected features: 2
Maximum complexity of selected feature: 6
Resulting sketch minimized:
(:policy
(:boolean_features )
(:numerical_features "n_concept_distance(c_primitive(at,0),r_restrict(r_primitive(adjacent,0,1),c_primitive(unblocked,0)),c_primitive(reward,0))" "n_count(c_primitive(reward,0))")
(:rule (:conditions (:c_n_gt 1) (:c_n_eq 0)) (:effects (:e_n_dec 1) (:e_n_inc 0)))
(:rule (:conditions (:c_n_gt 1) (:c_n_gt 0)) (:effects (:e_n_bot 1) (:e_n_dec 0)))
)
Numer of sketch rules: 2
Number of selected features: 2
Maximum complexity of selected feature: 6
2023-03-04 19:21:15 INFO     [40m[33mSummary:[0m
2023-03-04 19:21:15 INFO     [40m[32mHierarchical sketch:[0m
[40m[32mLevel 0 sketch:[0m
(:policy
(:boolean_features )
(:numerical_features "n_concept_distance(c_primitive(at,0),r_restrict(r_primitive(adjacent,0,1),c_primitive(unblocked,0)),c_primitive(reward,0))" "n_count(c_primitive(reward,0))")
(:rule (:conditions (:c_n_gt 1) (:c_n_eq 0)) (:effects (:e_n_dec 1) (:e_n_inc 0)))
(:rule (:conditions (:c_n_gt 1) (:c_n_gt 0)) (:effects (:e_n_bot 1) (:e_n_dec 0)))
)
Num features: 2
Max feature complexity 6
Num rules: 2
LearningStatistics:
    num_training_instances: 2
    num_selected_training_instances: 2
    num_states_in_selected_training_instances: 26
    num_features_in_pool: 1388
    num_cpu_seconds: 11943.24 seconds
    num_peak_memory_mb: 9823.06 MB
RESOURCES FOR PREPROCESSING: 20.02 CPU sec - 5021.07 MB
================================================================================
END OF STEP #1: Incremental learning module. 11965.95 CPU sec - 9823.11 MB
================================================================================
