Changing working directory:  /proj/ssiw/projects/code/sketch-learner/learning/d2l/workspace/miconic_hierarchy_2_9_9_9_9_9
Creating sym link: /proj/ssiw/projects/code/sketch-learner/learning/d2l/libs/dlplan/libs/scorpion/fast-downward.py /proj/ssiw/projects/code/sketch-learner/learning/d2l/workspace/miconic_hierarchy_2_9_9_9_9_9/fast-downward.py
================================================================================
SLTP v.0.2.0
================================================================================
================================================================================
(pid: 23667) STARTING STEP #1: Incremental learning module
================================================================================
2023-03-04 19:13:48 INFO     [40m[34mInitializing DomainData...[0m
2023-03-04 19:13:48 INFO     Constructing DomainData for filename /proj/ssiw/projects/code/sketch-learner/learning/d2l/benchmarks/miconic/domain-with-fix.pddl
2023-03-04 19:13:48 INFO     [40m[34m..done[0m
2023-03-04 19:13:48 INFO     [40m[34mInitializing InstanceDatas...[0m
2023-03-04 19:13:48 INFO     Constructing InstanceData for filename /proj/ssiw/projects/code/sketch-learner/learning/d2l/benchmarks/miconic/p-2-2-0.pddl
Num states: 18
2023-03-04 19:13:49 INFO     Constructing InstanceData for filename /proj/ssiw/projects/code/sketch-learner/learning/d2l/benchmarks/miconic/p-2-2-1.pddl
Num states: 18
2023-03-04 19:13:49 INFO     Constructing InstanceData for filename /proj/ssiw/projects/code/sketch-learner/learning/d2l/benchmarks/miconic/p-2-2-2.pddl
Num states: 18
2023-03-04 19:13:49 INFO     Constructing InstanceData for filename /proj/ssiw/projects/code/sketch-learner/learning/d2l/benchmarks/miconic/p-2-2-3.pddl
Num states: 18
2023-03-04 19:13:49 INFO     Constructing InstanceData for filename /proj/ssiw/projects/code/sketch-learner/learning/d2l/benchmarks/miconic/p-2-2-4.pddl
Num states: 18
2023-03-04 19:13:50 INFO     Constructing InstanceData for filename /proj/ssiw/projects/code/sketch-learner/learning/d2l/benchmarks/miconic/p-2-3-0.pddl
Num states: 54
2023-03-04 19:13:50 INFO     Constructing InstanceData for filename /proj/ssiw/projects/code/sketch-learner/learning/d2l/benchmarks/miconic/p-2-3-1.pddl
Num states: 54
2023-03-04 19:13:50 INFO     Constructing InstanceData for filename /proj/ssiw/projects/code/sketch-learner/learning/d2l/benchmarks/miconic/p-2-3-2.pddl
Num states: 54
2023-03-04 19:13:50 INFO     Constructing InstanceData for filename /proj/ssiw/projects/code/sketch-learner/learning/d2l/benchmarks/miconic/p-2-3-3.pddl
Num states: 54
2023-03-04 19:13:50 INFO     Constructing InstanceData for filename /proj/ssiw/projects/code/sketch-learner/learning/d2l/benchmarks/miconic/p-2-3-4.pddl
Num states: 54
2023-03-04 19:13:51 INFO     Constructing InstanceData for filename /proj/ssiw/projects/code/sketch-learner/learning/d2l/benchmarks/miconic/p-2-4-0.pddl
Num states: 162
2023-03-04 19:13:51 INFO     Constructing InstanceData for filename /proj/ssiw/projects/code/sketch-learner/learning/d2l/benchmarks/miconic/p-2-4-1.pddl
Num states: 162
2023-03-04 19:13:51 INFO     Constructing InstanceData for filename /proj/ssiw/projects/code/sketch-learner/learning/d2l/benchmarks/miconic/p-2-4-2.pddl
Num states: 162
2023-03-04 19:13:51 INFO     Constructing InstanceData for filename /proj/ssiw/projects/code/sketch-learner/learning/d2l/benchmarks/miconic/p-2-4-3.pddl
Num states: 162
2023-03-04 19:13:51 INFO     Constructing InstanceData for filename /proj/ssiw/projects/code/sketch-learner/learning/d2l/benchmarks/miconic/p-2-4-4.pddl
Num states: 162
2023-03-04 19:13:52 INFO     Constructing InstanceData for filename /proj/ssiw/projects/code/sketch-learner/learning/d2l/benchmarks/miconic/p-3-2-0.pddl
Num states: 27
2023-03-04 19:13:52 INFO     Constructing InstanceData for filename /proj/ssiw/projects/code/sketch-learner/learning/d2l/benchmarks/miconic/p-3-2-1.pddl
Num states: 27
2023-03-04 19:13:52 INFO     Constructing InstanceData for filename /proj/ssiw/projects/code/sketch-learner/learning/d2l/benchmarks/miconic/p-3-2-2.pddl
Num states: 27
2023-03-04 19:13:52 INFO     Constructing InstanceData for filename /proj/ssiw/projects/code/sketch-learner/learning/d2l/benchmarks/miconic/p-3-2-3.pddl
Num states: 27
2023-03-04 19:13:52 INFO     Constructing InstanceData for filename /proj/ssiw/projects/code/sketch-learner/learning/d2l/benchmarks/miconic/p-3-2-4.pddl
Num states: 27
2023-03-04 19:13:52 INFO     Constructing InstanceData for filename /proj/ssiw/projects/code/sketch-learner/learning/d2l/benchmarks/miconic/p-3-3-0.pddl
Num states: 81
2023-03-04 19:13:53 INFO     Constructing InstanceData for filename /proj/ssiw/projects/code/sketch-learner/learning/d2l/benchmarks/miconic/p-3-3-1.pddl
Num states: 81
2023-03-04 19:13:53 INFO     Constructing InstanceData for filename /proj/ssiw/projects/code/sketch-learner/learning/d2l/benchmarks/miconic/p-3-3-2.pddl
Num states: 81
2023-03-04 19:13:53 INFO     Constructing InstanceData for filename /proj/ssiw/projects/code/sketch-learner/learning/d2l/benchmarks/miconic/p-3-3-3.pddl
Num states: 81
2023-03-04 19:13:53 INFO     Constructing InstanceData for filename /proj/ssiw/projects/code/sketch-learner/learning/d2l/benchmarks/miconic/p-3-3-4.pddl
Num states: 81
2023-03-04 19:13:53 INFO     Constructing InstanceData for filename /proj/ssiw/projects/code/sketch-learner/learning/d2l/benchmarks/miconic/p-3-4-0.pddl
Num states: 243
2023-03-04 19:13:54 INFO     Constructing InstanceData for filename /proj/ssiw/projects/code/sketch-learner/learning/d2l/benchmarks/miconic/p-3-4-1.pddl
Num states: 243
2023-03-04 19:13:54 INFO     Constructing InstanceData for filename /proj/ssiw/projects/code/sketch-learner/learning/d2l/benchmarks/miconic/p-3-4-2.pddl
Num states: 243
2023-03-04 19:13:54 INFO     Constructing InstanceData for filename /proj/ssiw/projects/code/sketch-learner/learning/d2l/benchmarks/miconic/p-3-4-3.pddl
Num states: 243
2023-03-04 19:13:54 INFO     Constructing InstanceData for filename /proj/ssiw/projects/code/sketch-learner/learning/d2l/benchmarks/miconic/p-3-4-4.pddl
Num states: 243
2023-03-04 19:13:54 INFO     Constructing InstanceData for filename /proj/ssiw/projects/code/sketch-learner/learning/d2l/benchmarks/miconic/p-4-2-0.pddl
Num states: 36
2023-03-04 19:13:55 INFO     Constructing InstanceData for filename /proj/ssiw/projects/code/sketch-learner/learning/d2l/benchmarks/miconic/p-4-2-1.pddl
Num states: 36
2023-03-04 19:13:55 INFO     Constructing InstanceData for filename /proj/ssiw/projects/code/sketch-learner/learning/d2l/benchmarks/miconic/p-4-2-2.pddl
Num states: 36
2023-03-04 19:13:55 INFO     Constructing InstanceData for filename /proj/ssiw/projects/code/sketch-learner/learning/d2l/benchmarks/miconic/p-4-2-3.pddl
Num states: 36
2023-03-04 19:13:55 INFO     Constructing InstanceData for filename /proj/ssiw/projects/code/sketch-learner/learning/d2l/benchmarks/miconic/p-4-2-4.pddl
Num states: 36
2023-03-04 19:13:55 INFO     Constructing InstanceData for filename /proj/ssiw/projects/code/sketch-learner/learning/d2l/benchmarks/miconic/p-4-3-0.pddl
Num states: 108
2023-03-04 19:13:56 INFO     Constructing InstanceData for filename /proj/ssiw/projects/code/sketch-learner/learning/d2l/benchmarks/miconic/p-4-3-1.pddl
Num states: 108
2023-03-04 19:13:56 INFO     Constructing InstanceData for filename /proj/ssiw/projects/code/sketch-learner/learning/d2l/benchmarks/miconic/p-4-3-2.pddl
Num states: 108
2023-03-04 19:13:56 INFO     Constructing InstanceData for filename /proj/ssiw/projects/code/sketch-learner/learning/d2l/benchmarks/miconic/p-4-3-3.pddl
Num states: 108
2023-03-04 19:13:56 INFO     Constructing InstanceData for filename /proj/ssiw/projects/code/sketch-learner/learning/d2l/benchmarks/miconic/p-4-3-4.pddl
Num states: 108
2023-03-04 19:13:56 INFO     Constructing InstanceData for filename /proj/ssiw/projects/code/sketch-learner/learning/d2l/benchmarks/miconic/p-4-4-0.pddl
Num states: 324
2023-03-04 19:13:57 INFO     Constructing InstanceData for filename /proj/ssiw/projects/code/sketch-learner/learning/d2l/benchmarks/miconic/p-4-4-1.pddl
Num states: 324
2023-03-04 19:13:57 INFO     Constructing InstanceData for filename /proj/ssiw/projects/code/sketch-learner/learning/d2l/benchmarks/miconic/p-4-4-2.pddl
Num states: 324
2023-03-04 19:13:57 INFO     Constructing InstanceData for filename /proj/ssiw/projects/code/sketch-learner/learning/d2l/benchmarks/miconic/p-4-4-3.pddl
Num states: 324
2023-03-04 19:13:57 INFO     Constructing InstanceData for filename /proj/ssiw/projects/code/sketch-learner/learning/d2l/benchmarks/miconic/p-4-4-4.pddl
Num states: 324
2023-03-04 19:13:57 INFO     [40m[34m..done[0m
2023-03-04 19:13:57 INFO     [40m[34mInitializing TupleGraphs...[0m
2023-03-04 19:13:58 INFO     [40m[34m..done[0m
/proj/ssiw/projects/code/sketch-learner/learning/d2l/workspace/miconic_hierarchy_2_9_9_9_9_9/learning

2023-03-04 19:13:58 INFO     [40m[31mIteration: 0[0m
Number of selected instances: 1
Selected instances:
    id: 0 name: p-2-2-0
initial states: [0, 1, 2, 3, 4, 5, 6, 7, 8, 9, 10, 11, 12, 13, 14, 15]
2023-03-04 19:13:58 INFO     [40m[34mInitializing DomainFeatureData...[0m
[t=10.9851s, 1377128 KB] Started generating base features of complexity 1.
[t=10.9856s, 1377128 KB] Complexity 1:
    b_nullary: 0
    c_one_of: 0
    c_top: 1
    c_bot: 1
    c_primitive: 5
    r_primitive: 4
    c_and: 0
    c_not: 0
    c_equal: 0
    c_some: 0
    c_all: 0
    r_restrict: 0
    r_and: 0
    r_inverse: 0
    r_transitive_closure: 0
    b_empty: 0
    n_count: 0
    n_concept_distance: 0
[t=10.9857s, 1377128 KB] Finished generating base features.
[t=10.9857s, 1377128 KB] Started generating composite features. 
[t=10.9859s, 1377128 KB] Complexity 2:
Total concept elements: 10
Total role elements: 7
Total numerical elements: 7
Total boolean elements: 5
    b_nullary: 0
    c_one_of: 0
    c_top: 1
    c_bot: 1
    c_primitive: 5
    r_primitive: 4
    c_and: 0
    c_not: 3
    c_equal: 0
    c_some: 0
    c_all: 0
    r_restrict: 0
    r_and: 0
    r_inverse: 3
    r_transitive_closure: 0
    b_empty: 5
    n_count: 7
    n_concept_distance: 0
[t=10.9869s, 1377128 KB] Complexity 3:
Total concept elements: 20
Total role elements: 10
Total numerical elements: 10
Total boolean elements: 5
    b_nullary: 0
    c_one_of: 0
    c_top: 1
    c_bot: 1
    c_primitive: 5
    r_primitive: 4
    c_and: 0
    c_not: 3
    c_equal: 1
    c_some: 5
    c_all: 4
    r_restrict: 3
    r_and: 0
    r_inverse: 3
    r_transitive_closure: 0
    b_empty: 5
    n_count: 10
    n_concept_distance: 0
[t=10.988s, 1377128 KB] Complexity 4:
Total concept elements: 39
Total role elements: 13
Total numerical elements: 16
Total boolean elements: 7
    b_nullary: 0
    c_one_of: 0
    c_top: 1
    c_bot: 1
    c_primitive: 5
    r_primitive: 4
    c_and: 3
    c_not: 9
    c_equal: 1
    c_some: 10
    c_all: 9
    r_restrict: 3
    r_and: 0
    r_inverse: 6
    r_transitive_closure: 0
    b_empty: 7
    n_count: 15
    n_concept_distance: 1
[t=10.9903s, 1377260 KB] Complexity 5:
Total concept elements: 72
Total role elements: 13
Total numerical elements: 25
Total boolean elements: 11
    b_nullary: 0
    c_one_of: 0
    c_top: 1
    c_bot: 1
    c_primitive: 5
    r_primitive: 4
    c_and: 12
    c_not: 17
    c_equal: 1
    c_some: 18
    c_all: 17
    r_restrict: 3
    r_and: 0
    r_inverse: 6
    r_transitive_closure: 0
    b_empty: 11
    n_count: 23
    n_concept_distance: 2
[t=10.995s, 1377392 KB] Complexity 6:
Total concept elements: 147
Total role elements: 13
Total numerical elements: 47
Total boolean elements: 18
    b_nullary: 0
    c_one_of: 0
    c_top: 1
    c_bot: 1
    c_primitive: 5
    r_primitive: 4
    c_and: 36
    c_not: 31
    c_equal: 1
    c_some: 35
    c_all: 37
    r_restrict: 3
    r_and: 0
    r_inverse: 6
    r_transitive_closure: 0
    b_empty: 18
    n_count: 40
    n_concept_distance: 7
[t=11.0037s, 1377524 KB] Complexity 7:
Total concept elements: 245
Total role elements: 13
Total numerical elements: 101
Total boolean elements: 32
    b_nullary: 0
    c_one_of: 0
    c_top: 1
    c_bot: 1
    c_primitive: 5
    r_primitive: 4
    c_and: 85
    c_not: 72
    c_equal: 1
    c_some: 39
    c_all: 41
    r_restrict: 3
    r_and: 0
    r_inverse: 6
    r_transitive_closure: 0
    b_empty: 32
    n_count: 82
    n_concept_distance: 19
[t=11.0227s, 1377940 KB] Complexity 8:
Total concept elements: 516
Total role elements: 13
Total numerical elements: 169
Total boolean elements: 53
    b_nullary: 0
    c_one_of: 0
    c_top: 1
    c_bot: 1
    c_primitive: 5
    r_primitive: 4
    c_and: 215
    c_not: 119
    c_equal: 1
    c_some: 79
    c_all: 95
    r_restrict: 3
    r_and: 0
    r_inverse: 6
    r_transitive_closure: 0
    b_empty: 53
    n_count: 135
    n_concept_distance: 34
[t=11.0573s, 1378796 KB] Complexity 9:
Total concept elements: 968
Total role elements: 13
Total numerical elements: 333
Total boolean elements: 96
    b_nullary: 0
    c_one_of: 0
    c_top: 1
    c_bot: 1
    c_primitive: 5
    r_primitive: 4
    c_and: 437
    c_not: 272
    c_equal: 1
    c_some: 110
    c_all: 141
    r_restrict: 3
    r_and: 0
    r_inverse: 6
    r_transitive_closure: 0
    b_empty: 96
    n_count: 268
    n_concept_distance: 65
[t=11.0574s, 1378796 KB] Finished generating composite features.
DomainFeatureDataStatistics:
    num_dlplan_states: 18
    num_boolean_features: 96
    num_numerical_features: 333
2023-03-04 19:13:58 INFO     [40m[34m..done[0m
2023-03-04 19:13:58 INFO     [40m[34mInitializing InstanceFeatureDatas...[0m
2023-03-04 19:13:58 INFO     [40m[34m..done[0m
2023-03-04 19:13:58 INFO     [40m[34mInitializing StatePairEquivalenceDatas...[0m
2023-03-04 19:13:59 INFO     [40m[34m..done[0m
2023-03-04 19:13:59 INFO     [40m[34mInitializing TupleGraphEquivalences...[0m
TupleGraphEquivalenceFactoryStatistics:
    num_subgoal_tuples: 210
    num_single_rule_subgoal_tuples: 210
    num_multi_rule_subgoal_tuples: 0
2023-03-04 19:13:59 INFO     [40m[34m..done[0m
2023-03-04 19:13:59 INFO     [40m[34m..done[0m
2023-03-04 19:13:59 INFO     [40m[33mIteration data preprocessing summary:[0m
DomainFeatureDataStatistics:
    num_dlplan_states: 18
    num_boolean_features: 96
    num_numerical_features: 333
StatePairEquivalenceStatistics:
    num_subgoal_states: 132
    num_equivalences: 132
TupleGraphEquivalenceFactoryStatistics:
    num_subgoal_tuples: 210
    num_single_rule_subgoal_tuples: 210
    num_multi_rule_subgoal_tuples: 0
TupleGraphEquivalenceFactoryStatistics:
    num_subgoal_tuples: 120
    num_single_rule_subgoal_tuples: 120
    num_multi_rule_subgoal_tuples: 0
2023-03-04 19:14:00 INFO     [40m[34mGrounding Logic Program...[0m
2023-03-04 19:14:04 INFO     [40m[34m..done[0m
2023-03-04 19:14:04 INFO     [40m[34mSolving Logic Program...[0m
Clingo statistics:
{'call': 0.0, 'result': 1.0, 'signal': 9.0, 'exhausted': 0.0, 'costs': [4.0], 'lower': [4.0], 'concurrency': 32.0, 'winner': 32.0, 'times': {'total': 162.8592071533203, 'cpu': 4924.1440139999995, 'solve': 154.8668611049652, 'unsat': 0.0, 'sat': 135.59339809417725}, 'models': {'enumerated': 40.0, 'optimal': 1.0}}
Solution cost: [4.0]
Total time: 162.8592071533203
CPU time: 4924.1440139999995
Solve time: 154.8668611049652
2023-03-04 19:16:42 INFO     [40m[34m..done[0m
2023-03-04 19:16:42 INFO     Learned the following sketch:
(:policy
(:boolean_features )
(:numerical_features "n_count(c_primitive(served,0))")
(:rule (:conditions ) (:effects (:e_n_inc 0)))
)
Numer of sketch rules: 1
Number of selected features: 1
Maximum complexity of selected feature: 2
2023-03-04 19:16:42 INFO     [40m[34mVerifying learned sketch...[0m
2023-03-04 19:16:43 INFO     [40m[34m..done[0m
[40m[31mSketch solves all instances![0m
2023-03-04 19:16:43 INFO     [40m[32mSummary:[0m
LearningStatistics:
    num_training_instances: 1
    num_selected_training_instances: 1
    num_states_in_selected_training_instances: 18
    num_features_in_pool: 429
    num_cpu_seconds: 4926.97 seconds
    num_peak_memory_mb: 5228.54 MB
Resulting sketch:
(:policy
(:boolean_features )
(:numerical_features "n_count(c_primitive(served,0))")
(:rule (:conditions ) (:effects (:e_n_inc 0)))
)
Numer of sketch rules: 1
Number of selected features: 1
Maximum complexity of selected feature: 2
Resulting sketch minimized:
(:policy
(:boolean_features )
(:numerical_features "n_count(c_primitive(served,0))")
(:rule (:conditions ) (:effects (:e_n_inc 0)))
)
Numer of sketch rules: 1
Number of selected features: 1
Maximum complexity of selected feature: 2
Sketch:
(:policy
(:boolean_features )
(:numerical_features "n_count(c_primitive(served,0))")
(:rule (:conditions ) (:effects (:e_n_inc 0)))
)
Sketch rule: 0 (:rule (:conditions ) (:effects (:e_n_inc 0)))
2023-03-04 19:16:44 INFO     [40m[34mInitializing Subproblems...[0m
Number of problems: 45
Number of subproblems: 869
Highest number of states in problem: 324
Highest number of states in subproblem: 96
2023-03-04 19:16:45 INFO     [40m[34m..done[0m
2023-03-04 19:16:45 INFO     [40m[34mInitializing TupleGraphs...[0m
2023-03-04 19:16:45 INFO     [40m[34m..done[0m
/proj/ssiw/projects/code/sketch-learner/learning/d2l/workspace/miconic_hierarchy_2_9_9_9_9_9/learning/rule_0

2023-03-04 19:16:45 INFO     [40m[31mIteration: 0[0m
Number of selected instances: 1
Selected instances:
    id: 0 name: p-2-2-0-9
initial states: {9, 6}
2023-03-04 19:16:45 INFO     [40m[34mInitializing DomainFeatureData...[0m
[t=177.617s, 8666940 KB] Started generating base features of complexity 1.
[t=177.618s, 8666940 KB] Complexity 1:
    b_nullary: 0
    c_one_of: 0
    c_top: 1
    c_bot: 1
    c_primitive: 5
    r_primitive: 3
    c_and: 0
    c_not: 0
    c_equal: 0
    c_some: 0
    c_all: 0
    r_restrict: 0
    r_and: 0
    r_inverse: 0
    r_transitive_closure: 0
    b_empty: 0
    n_count: 0
    n_concept_distance: 0
[t=177.618s, 8666940 KB] Finished generating base features.
[t=177.618s, 8666940 KB] Started generating composite features. 
[t=177.618s, 8666940 KB] Complexity 2:
Total concept elements: 10
Total role elements: 5
Total numerical elements: 6
Total boolean elements: 3
    b_nullary: 0
    c_one_of: 0
    c_top: 1
    c_bot: 1
    c_primitive: 5
    r_primitive: 3
    c_and: 0
    c_not: 3
    c_equal: 0
    c_some: 0
    c_all: 0
    r_restrict: 0
    r_and: 0
    r_inverse: 2
    r_transitive_closure: 0
    b_empty: 3
    n_count: 6
    n_concept_distance: 0
[t=177.618s, 8666940 KB] Complexity 3:
Total concept elements: 16
Total role elements: 7
Total numerical elements: 9
Total boolean elements: 3
    b_nullary: 0
    c_one_of: 0
    c_top: 1
    c_bot: 1
    c_primitive: 5
    r_primitive: 3
    c_and: 0
    c_not: 3
    c_equal: 0
    c_some: 3
    c_all: 3
    r_restrict: 2
    r_and: 0
    r_inverse: 2
    r_transitive_closure: 0
    b_empty: 3
    n_count: 9
    n_concept_distance: 0
[t=177.619s, 8666940 KB] Complexity 4:
Total concept elements: 29
Total role elements: 9
Total numerical elements: 12
Total boolean elements: 4
    b_nullary: 0
    c_one_of: 0
    c_top: 1
    c_bot: 1
    c_primitive: 5
    r_primitive: 3
    c_and: 1
    c_not: 7
    c_equal: 0
    c_some: 7
    c_all: 7
    r_restrict: 2
    r_and: 0
    r_inverse: 4
    r_transitive_closure: 0
    b_empty: 4
    n_count: 11
    n_concept_distance: 1
[t=177.62s, 8666940 KB] Complexity 5:
Total concept elements: 44
Total role elements: 9
Total numerical elements: 15
Total boolean elements: 5
    b_nullary: 0
    c_one_of: 0
    c_top: 1
    c_bot: 1
    c_primitive: 5
    r_primitive: 3
    c_and: 6
    c_not: 9
    c_equal: 0
    c_some: 11
    c_all: 11
    r_restrict: 2
    r_and: 0
    r_inverse: 4
    r_transitive_closure: 0
    b_empty: 5
    n_count: 13
    n_concept_distance: 2
[t=177.622s, 8666940 KB] Complexity 6:
Total concept elements: 71
Total role elements: 9
Total numerical elements: 24
Total boolean elements: 6
    b_nullary: 0
    c_one_of: 0
    c_top: 1
    c_bot: 1
    c_primitive: 5
    r_primitive: 3
    c_and: 16
    c_not: 17
    c_equal: 0
    c_some: 15
    c_all: 16
    r_restrict: 2
    r_and: 0
    r_inverse: 4
    r_transitive_closure: 0
    b_empty: 6
    n_count: 18
    n_concept_distance: 6
[t=177.625s, 8666940 KB] Complexity 7:
Total concept elements: 104
Total role elements: 9
Total numerical elements: 35
Total boolean elements: 8
    b_nullary: 0
    c_one_of: 0
    c_top: 1
    c_bot: 1
    c_primitive: 5
    r_primitive: 3
    c_and: 36
    c_not: 26
    c_equal: 0
    c_some: 17
    c_all: 18
    r_restrict: 2
    r_and: 0
    r_inverse: 4
    r_transitive_closure: 0
    b_empty: 8
    n_count: 27
    n_concept_distance: 8
[t=177.63s, 8666940 KB] Complexity 8:
Total concept elements: 161
Total role elements: 9
Total numerical elements: 50
Total boolean elements: 11
    b_nullary: 0
    c_one_of: 0
    c_top: 1
    c_bot: 1
    c_primitive: 5
    r_primitive: 3
    c_and: 68
    c_not: 38
    c_equal: 0
    c_some: 23
    c_all: 25
    r_restrict: 2
    r_and: 0
    r_inverse: 4
    r_transitive_closure: 0
    b_empty: 11
    n_count: 38
    n_concept_distance: 12
[t=177.638s, 8666940 KB] Complexity 9:
Total concept elements: 243
Total role elements: 9
Total numerical elements: 70
Total boolean elements: 14
    b_nullary: 0
    c_one_of: 0
    c_top: 1
    c_bot: 1
    c_primitive: 5
    r_primitive: 3
    c_and: 113
    c_not: 63
    c_equal: 0
    c_some: 29
    c_all: 31
    r_restrict: 2
    r_and: 0
    r_inverse: 4
    r_transitive_closure: 0
    b_empty: 14
    n_count: 54
    n_concept_distance: 16
[t=177.638s, 8666940 KB] Finished generating composite features.
DomainFeatureDataStatistics:
    num_dlplan_states: 4
    num_boolean_features: 14
    num_numerical_features: 70
2023-03-04 19:16:45 INFO     [40m[34m..done[0m
2023-03-04 19:16:45 INFO     [40m[34mInitializing InstanceFeatureDatas...[0m
2023-03-04 19:16:45 INFO     [40m[34m..done[0m
2023-03-04 19:16:45 INFO     [40m[34mInitializing StatePairEquivalenceDatas...[0m
2023-03-04 19:16:45 INFO     [40m[34m..done[0m
2023-03-04 19:16:45 INFO     [40m[34mInitializing TupleGraphEquivalences...[0m
TupleGraphEquivalenceFactoryStatistics:
    num_subgoal_tuples: 18
    num_single_rule_subgoal_tuples: 18
    num_multi_rule_subgoal_tuples: 0
2023-03-04 19:16:45 INFO     [40m[34m..done[0m
2023-03-04 19:16:45 INFO     [40m[34m..done[0m
2023-03-04 19:16:45 INFO     [40m[33mIteration data preprocessing summary:[0m
DomainFeatureDataStatistics:
    num_dlplan_states: 4
    num_boolean_features: 14
    num_numerical_features: 70
StatePairEquivalenceStatistics:
    num_subgoal_states: 10
    num_equivalences: 10
TupleGraphEquivalenceFactoryStatistics:
    num_subgoal_tuples: 18
    num_single_rule_subgoal_tuples: 18
    num_multi_rule_subgoal_tuples: 0
TupleGraphEquivalenceFactoryStatistics:
    num_subgoal_tuples: 10
    num_single_rule_subgoal_tuples: 10
    num_multi_rule_subgoal_tuples: 0
2023-03-04 19:16:45 INFO     [40m[34mGrounding Logic Program...[0m
2023-03-04 19:16:45 INFO     [40m[34m..done[0m
2023-03-04 19:16:45 INFO     [40m[34mSolving Logic Program...[0m
Clingo statistics:
{'call': 0.0, 'result': 1.0, 'signal': 9.0, 'exhausted': 0.0, 'costs': [2.0], 'lower': [2.0], 'concurrency': 32.0, 'winner': 32.0, 'times': {'total': 0.24831700325012207, 'cpu': 1.2796009999992748, 'solve': 0.12089991569519043, 'unsat': 0.0, 'sat': 0.02644491195678711}, 'models': {'enumerated': 18.0, 'optimal': 1.0}}
Solution cost: [2.0]
Total time: 0.24831700325012207
CPU time: 1.2796009999992748
Solve time: 0.12089991569519043
2023-03-04 19:16:45 INFO     [40m[34m..done[0m
2023-03-04 19:16:45 INFO     Learned the following sketch:
(:policy
(:boolean_features )
(:numerical_features "n_count(c_primitive(served,0))")
(:rule (:conditions ) (:effects (:e_n_inc 0)))
)
Numer of sketch rules: 1
Number of selected features: 1
Maximum complexity of selected feature: 2
2023-03-04 19:16:45 INFO     [40m[34mVerifying learned sketch...[0m
[40m[31mGroup fails to bound width of a state[0m
Group: 0
Instance: 26 p-2-2-0-11
State: (instance index=451, state index=7, atoms={lift-at(f1), origin(p1,f1), served(p0)})
2023-03-04 19:16:45 INFO     [40m[34m..done[0m
Smallest unsolved instance: 26
Selected instances: [26]

2023-03-04 19:16:45 INFO     [40m[31mIteration: 1[0m
Number of selected instances: 1
Selected instances:
    id: 26 name: p-2-2-0-11
initial states: {10, 11, 14, 7}
2023-03-04 19:16:45 INFO     [40m[34mInitializing DomainFeatureData...[0m
[t=177.918s, 8666940 KB] Started generating base features of complexity 1.
[t=177.918s, 8666940 KB] Complexity 1:
    b_nullary: 0
    c_one_of: 0
    c_top: 1
    c_bot: 1
    c_primitive: 5
    r_primitive: 4
    c_and: 0
    c_not: 0
    c_equal: 0
    c_some: 0
    c_all: 0
    r_restrict: 0
    r_and: 0
    r_inverse: 0
    r_transitive_closure: 0
    b_empty: 0
    n_count: 0
    n_concept_distance: 0
[t=177.919s, 8666940 KB] Finished generating base features.
[t=177.919s, 8666940 KB] Started generating composite features. 
[t=177.919s, 8666940 KB] Complexity 2:
Total concept elements: 10
Total role elements: 7
Total numerical elements: 7
Total boolean elements: 4
    b_nullary: 0
    c_one_of: 0
    c_top: 1
    c_bot: 1
    c_primitive: 5
    r_primitive: 4
    c_and: 0
    c_not: 3
    c_equal: 0
    c_some: 0
    c_all: 0
    r_restrict: 0
    r_and: 0
    r_inverse: 3
    r_transitive_closure: 0
    b_empty: 4
    n_count: 7
    n_concept_distance: 0
[t=177.92s, 8666940 KB] Complexity 3:
Total concept elements: 20
Total role elements: 10
Total numerical elements: 10
Total boolean elements: 4
    b_nullary: 0
    c_one_of: 0
    c_top: 1
    c_bot: 1
    c_primitive: 5
    r_primitive: 4
    c_and: 0
    c_not: 3
    c_equal: 1
    c_some: 5
    c_all: 4
    r_restrict: 3
    r_and: 0
    r_inverse: 3
    r_transitive_closure: 0
    b_empty: 4
    n_count: 10
    n_concept_distance: 0
[t=177.921s, 8666940 KB] Complexity 4:
Total concept elements: 39
Total role elements: 13
Total numerical elements: 16
Total boolean elements: 6
    b_nullary: 0
    c_one_of: 0
    c_top: 1
    c_bot: 1
    c_primitive: 5
    r_primitive: 4
    c_and: 3
    c_not: 9
    c_equal: 1
    c_some: 10
    c_all: 9
    r_restrict: 3
    r_and: 0
    r_inverse: 6
    r_transitive_closure: 0
    b_empty: 6
    n_count: 15
    n_concept_distance: 1
[t=177.922s, 8666940 KB] Complexity 5:
Total concept elements: 64
Total role elements: 13
Total numerical elements: 25
Total boolean elements: 9
    b_nullary: 0
    c_one_of: 0
    c_top: 1
    c_bot: 1
    c_primitive: 5
    r_primitive: 4
    c_and: 12
    c_not: 17
    c_equal: 1
    c_some: 14
    c_all: 13
    r_restrict: 3
    r_and: 0
    r_inverse: 6
    r_transitive_closure: 0
    b_empty: 9
    n_count: 23
    n_concept_distance: 2
[t=177.926s, 8666940 KB] Complexity 6:
Total concept elements: 120
Total role elements: 13
Total numerical elements: 39
Total boolean elements: 11
    b_nullary: 0
    c_one_of: 0
    c_top: 1
    c_bot: 1
    c_primitive: 5
    r_primitive: 4
    c_and: 36
    c_not: 27
    c_equal: 1
    c_some: 23
    c_all: 26
    r_restrict: 3
    r_and: 0
    r_inverse: 6
    r_transitive_closure: 0
    b_empty: 11
    n_count: 32
    n_concept_distance: 7
[t=177.932s, 8666940 KB] Complexity 7:
Total concept elements: 186
Total role elements: 13
Total numerical elements: 72
Total boolean elements: 16
    b_nullary: 0
    c_one_of: 0
    c_top: 1
    c_bot: 1
    c_primitive: 5
    r_primitive: 4
    c_and: 70
    c_not: 55
    c_equal: 1
    c_some: 25
    c_all: 28
    r_restrict: 3
    r_and: 0
    r_inverse: 6
    r_transitive_closure: 0
    b_empty: 16
    n_count: 57
    n_concept_distance: 15
[t=177.945s, 8666940 KB] Complexity 8:
Total concept elements: 305
Total role elements: 13
Total numerical elements: 102
Total boolean elements: 20
    b_nullary: 0
    c_one_of: 0
    c_top: 1
    c_bot: 1
    c_primitive: 5
    r_primitive: 4
    c_and: 132
    c_not: 87
    c_equal: 1
    c_some: 34
    c_all: 44
    r_restrict: 3
    r_and: 0
    r_inverse: 6
    r_transitive_closure: 0
    b_empty: 20
    n_count: 81
    n_concept_distance: 21
[t=177.965s, 8666940 KB] Complexity 9:
Total concept elements: 486
Total role elements: 13
Total numerical elements: 139
Total boolean elements: 24
    b_nullary: 0
    c_one_of: 0
    c_top: 1
    c_bot: 1
    c_primitive: 5
    r_primitive: 4
    c_and: 237
    c_not: 138
    c_equal: 1
    c_some: 45
    c_all: 58
    r_restrict: 3
    r_and: 0
    r_inverse: 6
    r_transitive_closure: 0
    b_empty: 24
    n_count: 111
    n_concept_distance: 28
[t=177.966s, 8666940 KB] Finished generating composite features.
DomainFeatureDataStatistics:
    num_dlplan_states: 5
    num_boolean_features: 24
    num_numerical_features: 139
2023-03-04 19:16:45 INFO     [40m[34m..done[0m
2023-03-04 19:16:45 INFO     [40m[34mInitializing InstanceFeatureDatas...[0m
2023-03-04 19:16:45 INFO     [40m[34m..done[0m
2023-03-04 19:16:45 INFO     [40m[34mInitializing StatePairEquivalenceDatas...[0m
2023-03-04 19:16:45 INFO     [40m[34m..done[0m
2023-03-04 19:16:45 INFO     [40m[34mInitializing TupleGraphEquivalences...[0m
TupleGraphEquivalenceFactoryStatistics:
    num_subgoal_tuples: 23
    num_single_rule_subgoal_tuples: 23
    num_multi_rule_subgoal_tuples: 0
2023-03-04 19:16:45 INFO     [40m[34m..done[0m
2023-03-04 19:16:45 INFO     [40m[34m..done[0m
2023-03-04 19:16:45 INFO     [40m[33mIteration data preprocessing summary:[0m
DomainFeatureDataStatistics:
    num_dlplan_states: 5
    num_boolean_features: 24
    num_numerical_features: 139
StatePairEquivalenceStatistics:
    num_subgoal_states: 13
    num_equivalences: 13
TupleGraphEquivalenceFactoryStatistics:
    num_subgoal_tuples: 23
    num_single_rule_subgoal_tuples: 23
    num_multi_rule_subgoal_tuples: 0
TupleGraphEquivalenceFactoryStatistics:
    num_subgoal_tuples: 13
    num_single_rule_subgoal_tuples: 13
    num_multi_rule_subgoal_tuples: 0
2023-03-04 19:16:45 INFO     [40m[34mGrounding Logic Program...[0m
2023-03-04 19:16:46 INFO     [40m[34m..done[0m
2023-03-04 19:16:46 INFO     [40m[34mSolving Logic Program...[0m
Clingo statistics:
{'call': 0.0, 'result': 1.0, 'signal': 9.0, 'exhausted': 0.0, 'costs': [5.0], 'lower': [5.0], 'concurrency': 32.0, 'winner': 32.0, 'times': {'total': 1.3961868286132812, 'cpu': 32.625774000001, 'solve': 1.0340628623962402, 'unsat': 0.0, 'sat': 0.2846548557281494}, 'models': {'enumerated': 70.0, 'optimal': 1.0}}
Solution cost: [5.0]
Total time: 1.3961868286132812
CPU time: 32.625774000001
Solve time: 1.0340628623962402
2023-03-04 19:16:47 INFO     [40m[34m..done[0m
2023-03-04 19:16:47 INFO     Learned the following sketch:
(:policy
(:boolean_features "b_empty(c_primitive(boarded,0))")
(:numerical_features )
(:rule (:conditions (:c_b_neg 0)) (:effects (:e_b_pos 0)))
(:rule (:conditions (:c_b_pos 0)) (:effects (:e_b_neg 0)))
)
Numer of sketch rules: 2
Number of selected features: 1
Maximum complexity of selected feature: 2
2023-03-04 19:16:47 INFO     [40m[34mVerifying learned sketch...[0m
[40m[31mGroup fails to bound width of a state[0m
Group: 0
Instance: 0 p-2-2-0-9
State: (instance index=451, state index=9, atoms={lift-at(f0), boarded(p1), boarded(p0)})
2023-03-04 19:16:47 INFO     [40m[34m..done[0m
Smallest unsolved instance: 0
Selected instances: [26, 0]

2023-03-04 19:16:47 INFO     [40m[31mIteration: 2[0m
Number of selected instances: 2
Selected instances:
    id: 26 name: p-2-2-0-11
initial states: {10, 11, 14, 7}
    id: 0 name: p-2-2-0-9
initial states: {9, 6}
2023-03-04 19:16:47 INFO     [40m[34mInitializing DomainFeatureData...[0m
[t=179.403s, 8666940 KB] Started generating base features of complexity 1.
[t=179.404s, 8666940 KB] Complexity 1:
    b_nullary: 0
    c_one_of: 0
    c_top: 1
    c_bot: 1
    c_primitive: 5
    r_primitive: 4
    c_and: 0
    c_not: 0
    c_equal: 0
    c_some: 0
    c_all: 0
    r_restrict: 0
    r_and: 0
    r_inverse: 0
    r_transitive_closure: 0
    b_empty: 0
    n_count: 0
    n_concept_distance: 0
[t=179.404s, 8666940 KB] Finished generating base features.
[t=179.404s, 8666940 KB] Started generating composite features. 
[t=179.404s, 8666940 KB] Complexity 2:
Total concept elements: 10
Total role elements: 7
Total numerical elements: 7
Total boolean elements: 5
    b_nullary: 0
    c_one_of: 0
    c_top: 1
    c_bot: 1
    c_primitive: 5
    r_primitive: 4
    c_and: 0
    c_not: 3
    c_equal: 0
    c_some: 0
    c_all: 0
    r_restrict: 0
    r_and: 0
    r_inverse: 3
    r_transitive_closure: 0
    b_empty: 5
    n_count: 7
    n_concept_distance: 0
[t=179.406s, 8666940 KB] Complexity 3:
Total concept elements: 20
Total role elements: 10
Total numerical elements: 10
Total boolean elements: 5
    b_nullary: 0
    c_one_of: 0
    c_top: 1
    c_bot: 1
    c_primitive: 5
    r_primitive: 4
    c_and: 0
    c_not: 3
    c_equal: 1
    c_some: 5
    c_all: 4
    r_restrict: 3
    r_and: 0
    r_inverse: 3
    r_transitive_closure: 0
    b_empty: 5
    n_count: 10
    n_concept_distance: 0
[t=179.407s, 8666940 KB] Complexity 4:
Total concept elements: 39
Total role elements: 13
Total numerical elements: 16
Total boolean elements: 7
    b_nullary: 0
    c_one_of: 0
    c_top: 1
    c_bot: 1
    c_primitive: 5
    r_primitive: 4
    c_and: 3
    c_not: 9
    c_equal: 1
    c_some: 10
    c_all: 9
    r_restrict: 3
    r_and: 0
    r_inverse: 6
    r_transitive_closure: 0
    b_empty: 7
    n_count: 15
    n_concept_distance: 1
[t=179.41s, 8666940 KB] Complexity 5:
Total concept elements: 64
Total role elements: 13
Total numerical elements: 25
Total boolean elements: 10
    b_nullary: 0
    c_one_of: 0
    c_top: 1
    c_bot: 1
    c_primitive: 5
    r_primitive: 4
    c_and: 12
    c_not: 17
    c_equal: 1
    c_some: 14
    c_all: 13
    r_restrict: 3
    r_and: 0
    r_inverse: 6
    r_transitive_closure: 0
    b_empty: 10
    n_count: 23
    n_concept_distance: 2
[t=179.415s, 8666940 KB] Complexity 6:
Total concept elements: 125
Total role elements: 13
Total numerical elements: 39
Total boolean elements: 12
    b_nullary: 0
    c_one_of: 0
    c_top: 1
    c_bot: 1
    c_primitive: 5
    r_primitive: 4
    c_and: 36
    c_not: 27
    c_equal: 1
    c_some: 26
    c_all: 28
    r_restrict: 3
    r_and: 0
    r_inverse: 6
    r_transitive_closure: 0
    b_empty: 12
    n_count: 32
    n_concept_distance: 7
[t=179.422s, 8666940 KB] Complexity 7:
Total concept elements: 201
Total role elements: 13
Total numerical elements: 80
Total boolean elements: 20
    b_nullary: 0
    c_one_of: 0
    c_top: 1
    c_bot: 1
    c_primitive: 5
    r_primitive: 4
    c_and: 79
    c_not: 56
    c_equal: 1
    c_some: 28
    c_all: 30
    r_restrict: 3
    r_and: 0
    r_inverse: 6
    r_transitive_closure: 0
    b_empty: 20
    n_count: 62
    n_concept_distance: 18
[t=179.437s, 8666940 KB] Complexity 8:
Total concept elements: 372
Total role elements: 13
Total numerical elements: 124
Total boolean elements: 28
    b_nullary: 0
    c_one_of: 0
    c_top: 1
    c_bot: 1
    c_primitive: 5
    r_primitive: 4
    c_and: 167
    c_not: 97
    c_equal: 1
    c_some: 45
    c_all: 55
    r_restrict: 3
    r_and: 0
    r_inverse: 6
    r_transitive_closure: 0
    b_empty: 28
    n_count: 95
    n_concept_distance: 29
[t=179.464s, 8666940 KB] Complexity 9:
Total concept elements: 612
Total role elements: 13
Total numerical elements: 199
Total boolean elements: 44
    b_nullary: 0
    c_one_of: 0
    c_top: 1
    c_bot: 1
    c_primitive: 5
    r_primitive: 4
    c_and: 302
    c_not: 173
    c_equal: 1
    c_some: 56
    c_all: 73
    r_restrict: 3
    r_and: 0
    r_inverse: 6
    r_transitive_closure: 0
    b_empty: 44
    n_count: 158
    n_concept_distance: 41
[t=179.464s, 8666940 KB] Finished generating composite features.
DomainFeatureDataStatistics:
    num_dlplan_states: 8
    num_boolean_features: 44
    num_numerical_features: 199
2023-03-04 19:16:47 INFO     [40m[34m..done[0m
2023-03-04 19:16:47 INFO     [40m[34mInitializing InstanceFeatureDatas...[0m
2023-03-04 19:16:47 INFO     [40m[34m..done[0m
2023-03-04 19:16:47 INFO     [40m[34mInitializing StatePairEquivalenceDatas...[0m
2023-03-04 19:16:47 INFO     [40m[34m..done[0m
2023-03-04 19:16:47 INFO     [40m[34mInitializing TupleGraphEquivalences...[0m
TupleGraphEquivalenceFactoryStatistics:
    num_subgoal_tuples: 41
    num_single_rule_subgoal_tuples: 41
    num_multi_rule_subgoal_tuples: 0
2023-03-04 19:16:47 INFO     [40m[34m..done[0m
2023-03-04 19:16:47 INFO     [40m[34m..done[0m
2023-03-04 19:16:47 INFO     [40m[33mIteration data preprocessing summary:[0m
DomainFeatureDataStatistics:
    num_dlplan_states: 8
    num_boolean_features: 44
    num_numerical_features: 199
StatePairEquivalenceStatistics:
    num_subgoal_states: 23
    num_equivalences: 22
TupleGraphEquivalenceFactoryStatistics:
    num_subgoal_tuples: 41
    num_single_rule_subgoal_tuples: 41
    num_multi_rule_subgoal_tuples: 0
TupleGraphEquivalenceFactoryStatistics:
    num_subgoal_tuples: 23
    num_single_rule_subgoal_tuples: 23
    num_multi_rule_subgoal_tuples: 0
2023-03-04 19:16:47 INFO     [40m[34mGrounding Logic Program...[0m
2023-03-04 19:16:47 INFO     [40m[34m..done[0m
2023-03-04 19:16:47 INFO     [40m[34mSolving Logic Program...[0m
Clingo statistics:
{'call': 0.0, 'result': 1.0, 'signal': 9.0, 'exhausted': 0.0, 'costs': [5.0], 'lower': [5.0], 'concurrency': 32.0, 'winner': 32.0, 'times': {'total': 1.3893790245056152, 'cpu': 14.35475200000019, 'solve': 0.45769596099853516, 'unsat': 0.0, 'sat': 0.20960497856140137}, 'models': {'enumerated': 7.0, 'optimal': 1.0}}
Solution cost: [5.0]
Total time: 1.3893790245056152
CPU time: 14.35475200000019
Solve time: 0.45769596099853516
2023-03-04 19:16:48 INFO     [40m[34m..done[0m
2023-03-04 19:16:48 INFO     Learned the following sketch:
(:policy
(:boolean_features )
(:numerical_features "n_count(c_primitive(boarded,0))")
(:rule (:conditions (:c_n_eq 0)) (:effects (:e_n_inc 0)))
(:rule (:conditions (:c_n_gt 0)) (:effects (:e_n_dec 0)))
)
Numer of sketch rules: 2
Number of selected features: 1
Maximum complexity of selected feature: 2
2023-03-04 19:16:48 INFO     [40m[34mVerifying learned sketch...[0m
2023-03-04 19:16:49 INFO     [40m[34m..done[0m
[40m[31mSketch solves all instances![0m
2023-03-04 19:16:49 INFO     [40m[32mSummary:[0m
LearningStatistics:
    num_training_instances: 2
    num_selected_training_instances: 2
    num_states_in_selected_training_instances: 9
    num_features_in_pool: 243
    num_cpu_seconds: 49.12 seconds
    num_peak_memory_mb: 1263.55 MB
Resulting sketch:
(:policy
(:boolean_features )
(:numerical_features "n_count(c_primitive(boarded,0))")
(:rule (:conditions (:c_n_eq 0)) (:effects (:e_n_inc 0)))
(:rule (:conditions (:c_n_gt 0)) (:effects (:e_n_dec 0)))
)
Numer of sketch rules: 2
Number of selected features: 1
Maximum complexity of selected feature: 2
Resulting sketch minimized:
(:policy
(:boolean_features )
(:numerical_features "n_count(c_primitive(boarded,0))")
(:rule (:conditions (:c_n_eq 0)) (:effects (:e_n_inc 0)))
(:rule (:conditions (:c_n_gt 0)) (:effects (:e_n_dec 0)))
)
Numer of sketch rules: 2
Number of selected features: 1
Maximum complexity of selected feature: 2
Sketch:
(:policy
(:boolean_features )
(:numerical_features "n_count(c_primitive(boarded,0))")
(:rule (:conditions (:c_n_eq 0)) (:effects (:e_n_inc 0)))
(:rule (:conditions (:c_n_gt 0)) (:effects (:e_n_dec 0)))
)
Sketch rule: 0 (:rule (:conditions (:c_n_eq 0)) (:effects (:e_n_inc 0)))
2023-03-04 19:16:49 INFO     [40m[34mInitializing Subproblems...[0m
Number of problems: 45
Number of subproblems: 375
Highest number of states in problem: 324
Highest number of states in subproblem: 8
2023-03-04 19:16:49 INFO     [40m[34m..done[0m
2023-03-04 19:16:49 INFO     [40m[34mInitializing TupleGraphs...[0m
2023-03-04 19:16:49 INFO     [40m[34m..done[0m
/proj/ssiw/projects/code/sketch-learner/learning/d2l/workspace/miconic_hierarchy_2_9_9_9_9_9/learning/rule_0

2023-03-04 19:16:49 INFO     [40m[31mIteration: 0[0m
Number of selected instances: 1
Selected instances:
    id: 0 name: p-2-2-0-11
initial states: {11, 7}
2023-03-04 19:16:49 INFO     [40m[34mInitializing DomainFeatureData...[0m
[t=181.655s, 8666940 KB] Started generating base features of complexity 1.
[t=181.656s, 8666940 KB] Complexity 1:
    b_nullary: 0
    c_one_of: 0
    c_top: 1
    c_bot: 1
    c_primitive: 5
    r_primitive: 4
    c_and: 0
    c_not: 0
    c_equal: 0
    c_some: 0
    c_all: 0
    r_restrict: 0
    r_and: 0
    r_inverse: 0
    r_transitive_closure: 0
    b_empty: 0
    n_count: 0
    n_concept_distance: 0
[t=181.656s, 8666940 KB] Finished generating base features.
[t=181.656s, 8666940 KB] Started generating composite features. 
[t=181.656s, 8666940 KB] Complexity 2:
Total concept elements: 10
Total role elements: 7
Total numerical elements: 6
Total boolean elements: 4
    b_nullary: 0
    c_one_of: 0
    c_top: 1
    c_bot: 1
    c_primitive: 5
    r_primitive: 4
    c_and: 0
    c_not: 3
    c_equal: 0
    c_some: 0
    c_all: 0
    r_restrict: 0
    r_and: 0
    r_inverse: 3
    r_transitive_closure: 0
    b_empty: 4
    n_count: 6
    n_concept_distance: 0
[t=181.657s, 8666940 KB] Complexity 3:
Total concept elements: 20
Total role elements: 10
Total numerical elements: 8
Total boolean elements: 4
    b_nullary: 0
    c_one_of: 0
    c_top: 1
    c_bot: 1
    c_primitive: 5
    r_primitive: 4
    c_and: 0
    c_not: 3
    c_equal: 1
    c_some: 5
    c_all: 4
    r_restrict: 3
    r_and: 0
    r_inverse: 3
    r_transitive_closure: 0
    b_empty: 4
    n_count: 8
    n_concept_distance: 0
[t=181.658s, 8666940 KB] Complexity 4:
Total concept elements: 37
Total role elements: 13
Total numerical elements: 14
Total boolean elements: 6
    b_nullary: 0
    c_one_of: 0
    c_top: 1
    c_bot: 1
    c_primitive: 5
    r_primitive: 4
    c_and: 3
    c_not: 9
    c_equal: 1
    c_some: 9
    c_all: 8
    r_restrict: 3
    r_and: 0
    r_inverse: 6
    r_transitive_closure: 0
    b_empty: 6
    n_count: 12
    n_concept_distance: 2
[t=181.659s, 8666940 KB] Complexity 5:
Total concept elements: 53
Total role elements: 13
Total numerical elements: 20
Total boolean elements: 7
    b_nullary: 0
    c_one_of: 0
    c_top: 1
    c_bot: 1
    c_primitive: 5
    r_primitive: 4
    c_and: 11
    c_not: 15
    c_equal: 1
    c_some: 10
    c_all: 9
    r_restrict: 3
    r_and: 0
    r_inverse: 6
    r_transitive_closure: 0
    b_empty: 7
    n_count: 17
    n_concept_distance: 3
[t=181.662s, 8666940 KB] Complexity 6:
Total concept elements: 89
Total role elements: 13
Total numerical elements: 26
Total boolean elements: 7
    b_nullary: 0
    c_one_of: 0
    c_top: 1
    c_bot: 1
    c_primitive: 5
    r_primitive: 4
    c_and: 28
    c_not: 21
    c_equal: 1
    c_some: 16
    c_all: 16
    r_restrict: 3
    r_and: 0
    r_inverse: 6
    r_transitive_closure: 0
    b_empty: 7
    n_count: 21
    n_concept_distance: 5
[t=181.667s, 8666940 KB] Complexity 7:
Total concept elements: 130
Total role elements: 13
Total numerical elements: 38
Total boolean elements: 8
    b_nullary: 0
    c_one_of: 0
    c_top: 1
    c_bot: 1
    c_primitive: 5
    r_primitive: 4
    c_and: 52
    c_not: 37
    c_equal: 1
    c_some: 17
    c_all: 16
    r_restrict: 3
    r_and: 0
    r_inverse: 6
    r_transitive_closure: 0
    b_empty: 8
    n_count: 27
    n_concept_distance: 11
[t=181.676s, 8666940 KB] Complexity 8:
Total concept elements: 198
Total role elements: 13
Total numerical elements: 43
Total boolean elements: 8
    b_nullary: 0
    c_one_of: 0
    c_top: 1
    c_bot: 1
    c_primitive: 5
    r_primitive: 4
    c_and: 90
    c_not: 58
    c_equal: 1
    c_some: 21
    c_all: 21
    r_restrict: 3
    r_and: 0
    r_inverse: 6
    r_transitive_closure: 0
    b_empty: 8
    n_count: 31
    n_concept_distance: 12
[t=181.69s, 8666940 KB] Complexity 9:
Total concept elements: 283
Total role elements: 13
Total numerical elements: 53
Total boolean elements: 8
    b_nullary: 0
    c_one_of: 0
    c_top: 1
    c_bot: 1
    c_primitive: 5
    r_primitive: 4
    c_and: 143
    c_not: 88
    c_equal: 1
    c_some: 21
    c_all: 23
    r_restrict: 3
    r_and: 0
    r_inverse: 6
    r_transitive_closure: 0
    b_empty: 8
    n_count: 39
    n_concept_distance: 14
[t=181.69s, 8666940 KB] Finished generating composite features.
DomainFeatureDataStatistics:
    num_dlplan_states: 3
    num_boolean_features: 8
    num_numerical_features: 53
2023-03-04 19:16:49 INFO     [40m[34m..done[0m
2023-03-04 19:16:49 INFO     [40m[34mInitializing InstanceFeatureDatas...[0m
2023-03-04 19:16:49 INFO     [40m[34m..done[0m
2023-03-04 19:16:49 INFO     [40m[34mInitializing StatePairEquivalenceDatas...[0m
2023-03-04 19:16:49 INFO     [40m[34m..done[0m
2023-03-04 19:16:49 INFO     [40m[34mInitializing TupleGraphEquivalences...[0m
TupleGraphEquivalenceFactoryStatistics:
    num_subgoal_tuples: 12
    num_single_rule_subgoal_tuples: 12
    num_multi_rule_subgoal_tuples: 0
2023-03-04 19:16:49 INFO     [40m[34m..done[0m
2023-03-04 19:16:49 INFO     [40m[34m..done[0m
2023-03-04 19:16:49 INFO     [40m[33mIteration data preprocessing summary:[0m
DomainFeatureDataStatistics:
    num_dlplan_states: 3
    num_boolean_features: 8
    num_numerical_features: 53
StatePairEquivalenceStatistics:
    num_subgoal_states: 6
    num_equivalences: 6
TupleGraphEquivalenceFactoryStatistics:
    num_subgoal_tuples: 12
    num_single_rule_subgoal_tuples: 12
    num_multi_rule_subgoal_tuples: 0
TupleGraphEquivalenceFactoryStatistics:
    num_subgoal_tuples: 6
    num_single_rule_subgoal_tuples: 6
    num_multi_rule_subgoal_tuples: 0
2023-03-04 19:16:49 INFO     [40m[34mGrounding Logic Program...[0m
2023-03-04 19:16:49 INFO     [40m[34m..done[0m
2023-03-04 19:16:49 INFO     [40m[34mSolving Logic Program...[0m
Clingo statistics:
{'call': 0.0, 'result': 1.0, 'signal': 9.0, 'exhausted': 0.0, 'costs': [8.0], 'lower': [8.0], 'concurrency': 32.0, 'winner': 32.0, 'times': {'total': 0.13103818893432617, 'cpu': 1.486493999999766, 'solve': 0.05160212516784668, 'unsat': 0.0, 'sat': 0.024995088577270508}, 'models': {'enumerated': 25.0, 'optimal': 1.0}}
Solution cost: [8.0]
Total time: 0.13103818893432617
CPU time: 1.486493999999766
Solve time: 0.05160212516784668
2023-03-04 19:16:49 INFO     [40m[34m..done[0m
2023-03-04 19:16:49 INFO     Learned the following sketch:
(:policy
(:boolean_features "b_empty(c_some(r_primitive(origin,0,1),c_primitive(lift-at,0)))")
(:numerical_features "n_count(c_primitive(boarded,0))")
(:rule (:conditions (:c_b_neg 0)) (:effects (:e_n_inc 0) (:e_b_pos 0)))
(:rule (:conditions (:c_b_pos 0)) (:effects (:e_n_bot 0) (:e_b_neg 0)))
)
Numer of sketch rules: 2
Number of selected features: 2
Maximum complexity of selected feature: 4
2023-03-04 19:16:49 INFO     [40m[34mVerifying learned sketch...[0m
[40m[31mGroup fails to bound width of a state[0m
Group: 0
Instance: 48 p-2-2-3-1
State: (instance index=48, state index=0, atoms={lift-at(f0), origin(p1,f0), origin(p0,f0)})
2023-03-04 19:16:49 INFO     [40m[34m..done[0m
Smallest unsolved instance: 48
Selected instances: [48]

2023-03-04 19:16:49 INFO     [40m[31mIteration: 1[0m
Number of selected instances: 1
Selected instances:
    id: 48 name: p-2-2-3-1
initial states: {0, 1}
2023-03-04 19:16:49 INFO     [40m[34mInitializing DomainFeatureData...[0m
[t=181.846s, 8666940 KB] Started generating base features of complexity 1.
[t=181.846s, 8666940 KB] Complexity 1:
    b_nullary: 0
    c_one_of: 0
    c_top: 1
    c_bot: 1
    c_primitive: 4
    r_primitive: 4
    c_and: 0
    c_not: 0
    c_equal: 0
    c_some: 0
    c_all: 0
    r_restrict: 0
    r_and: 0
    r_inverse: 0
    r_transitive_closure: 0
    b_empty: 0
    n_count: 0
    n_concept_distance: 0
[t=181.846s, 8666940 KB] Finished generating base features.
[t=181.846s, 8666940 KB] Started generating composite features. 
[t=181.846s, 8666940 KB] Complexity 2:
Total concept elements: 8
Total role elements: 7
Total numerical elements: 6
Total boolean elements: 3
    b_nullary: 0
    c_one_of: 0
    c_top: 1
    c_bot: 1
    c_primitive: 4
    r_primitive: 4
    c_and: 0
    c_not: 2
    c_equal: 0
    c_some: 0
    c_all: 0
    r_restrict: 0
    r_and: 0
    r_inverse: 3
    r_transitive_closure: 0
    b_empty: 3
    n_count: 6
    n_concept_distance: 0
[t=181.847s, 8666940 KB] Complexity 3:
Total concept elements: 18
Total role elements: 10
Total numerical elements: 8
Total boolean elements: 3
    b_nullary: 0
    c_one_of: 0
    c_top: 1
    c_bot: 1
    c_primitive: 4
    r_primitive: 4
    c_and: 0
    c_not: 2
    c_equal: 1
    c_some: 5
    c_all: 4
    r_restrict: 3
    r_and: 0
    r_inverse: 3
    r_transitive_closure: 0
    b_empty: 3
    n_count: 8
    n_concept_distance: 0
[t=181.848s, 8666940 KB] Complexity 4:
Total concept elements: 28
Total role elements: 13
Total numerical elements: 16
Total boolean elements: 5
    b_nullary: 0
    c_one_of: 0
    c_top: 1
    c_bot: 1
    c_primitive: 4
    r_primitive: 4
    c_and: 1
    c_not: 6
    c_equal: 1
    c_some: 8
    c_all: 6
    r_restrict: 3
    r_and: 0
    r_inverse: 6
    r_transitive_closure: 0
    b_empty: 5
    n_count: 15
    n_concept_distance: 1
[t=181.849s, 8666940 KB] Complexity 5:
Total concept elements: 34
Total role elements: 13
Total numerical elements: 21
Total boolean elements: 5
    b_nullary: 0
    c_one_of: 0
    c_top: 1
    c_bot: 1
    c_primitive: 4
    r_primitive: 4
    c_and: 4
    c_not: 9
    c_equal: 1
    c_some: 8
    c_all: 6
    r_restrict: 3
    r_and: 0
    r_inverse: 6
    r_transitive_closure: 0
    b_empty: 5
    n_count: 19
    n_concept_distance: 2
[t=181.852s, 8666940 KB] Complexity 6:
Total concept elements: 51
Total role elements: 13
Total numerical elements: 25
Total boolean elements: 5
    b_nullary: 0
    c_one_of: 0
    c_top: 1
    c_bot: 1
    c_primitive: 4
    r_primitive: 4
    c_and: 14
    c_not: 11
    c_equal: 1
    c_some: 10
    c_all: 9
    r_restrict: 3
    r_and: 0
    r_inverse: 6
    r_transitive_closure: 0
    b_empty: 5
    n_count: 21
    n_concept_distance: 4
[t=181.854s, 8666940 KB] Complexity 7:
Total concept elements: 75
Total role elements: 13
Total numerical elements: 39
Total boolean elements: 6
    b_nullary: 0
    c_one_of: 0
    c_top: 1
    c_bot: 1
    c_primitive: 4
    r_primitive: 4
    c_and: 27
    c_not: 22
    c_equal: 1
    c_some: 10
    c_all: 9
    r_restrict: 3
    r_and: 0
    r_inverse: 6
    r_transitive_closure: 0
    b_empty: 6
    n_count: 33
    n_concept_distance: 6
[t=181.859s, 8666940 KB] Complexity 8:
Total concept elements: 103
Total role elements: 13
Total numerical elements: 48
Total boolean elements: 7
    b_nullary: 0
    c_one_of: 0
    c_top: 1
    c_bot: 1
    c_primitive: 4
    r_primitive: 4
    c_and: 43
    c_not: 29
    c_equal: 1
    c_some: 13
    c_all: 11
    r_restrict: 3
    r_and: 0
    r_inverse: 6
    r_transitive_closure: 0
    b_empty: 7
    n_count: 42
    n_concept_distance: 6
[t=181.866s, 8666940 KB] Complexity 9:
Total concept elements: 144
Total role elements: 13
Total numerical elements: 60
Total boolean elements: 8
    b_nullary: 0
    c_one_of: 0
    c_top: 1
    c_bot: 1
    c_primitive: 4
    r_primitive: 4
    c_and: 64
    c_not: 48
    c_equal: 1
    c_some: 13
    c_all: 12
    r_restrict: 3
    r_and: 0
    r_inverse: 6
    r_transitive_closure: 0
    b_empty: 8
    n_count: 52
    n_concept_distance: 8
[t=181.866s, 8666940 KB] Finished generating composite features.
DomainFeatureDataStatistics:
    num_dlplan_states: 4
    num_boolean_features: 8
    num_numerical_features: 60
2023-03-04 19:16:49 INFO     [40m[34m..done[0m
2023-03-04 19:16:49 INFO     [40m[34mInitializing InstanceFeatureDatas...[0m
2023-03-04 19:16:49 INFO     [40m[34m..done[0m
2023-03-04 19:16:49 INFO     [40m[34mInitializing StatePairEquivalenceDatas...[0m
2023-03-04 19:16:49 INFO     [40m[34m..done[0m
2023-03-04 19:16:49 INFO     [40m[34mInitializing TupleGraphEquivalences...[0m
TupleGraphEquivalenceFactoryStatistics:
    num_subgoal_tuples: 16
    num_single_rule_subgoal_tuples: 16
    num_multi_rule_subgoal_tuples: 0
2023-03-04 19:16:49 INFO     [40m[34m..done[0m
2023-03-04 19:16:49 INFO     [40m[34m..done[0m
2023-03-04 19:16:49 INFO     [40m[33mIteration data preprocessing summary:[0m
DomainFeatureDataStatistics:
    num_dlplan_states: 4
    num_boolean_features: 8
    num_numerical_features: 60
StatePairEquivalenceStatistics:
    num_subgoal_states: 8
    num_equivalences: 6
TupleGraphEquivalenceFactoryStatistics:
    num_subgoal_tuples: 16
    num_single_rule_subgoal_tuples: 16
    num_multi_rule_subgoal_tuples: 0
TupleGraphEquivalenceFactoryStatistics:
    num_subgoal_tuples: 7
    num_single_rule_subgoal_tuples: 7
    num_multi_rule_subgoal_tuples: 0
2023-03-04 19:16:49 INFO     [40m[34mGrounding Logic Program...[0m
2023-03-04 19:16:49 INFO     [40m[34m..done[0m
2023-03-04 19:16:49 INFO     [40m[34mSolving Logic Program...[0m
Clingo statistics:
{'call': 0.0, 'result': 1.0, 'signal': 9.0, 'exhausted': 0.0, 'costs': [8.0], 'lower': [8.0], 'concurrency': 32.0, 'winner': 32.0, 'times': {'total': 0.17513084411621094, 'cpu': 1.5445239999999103, 'solve': 0.049730777740478516, 'unsat': 0.0, 'sat': 0.019662857055664062}, 'models': {'enumerated': 26.0, 'optimal': 1.0}}
Solution cost: [8.0]
Total time: 0.17513084411621094
CPU time: 1.5445239999999103
Solve time: 0.049730777740478516
2023-03-04 19:16:49 INFO     [40m[34m..done[0m
2023-03-04 19:16:49 INFO     Learned the following sketch:
(:policy
(:boolean_features )
(:numerical_features "n_count(c_primitive(boarded,0))" "n_count(c_some(r_primitive(destin,0,1),c_primitive(lift-at,0)))")
(:rule (:conditions (:c_n_eq 1)) (:effects (:e_n_inc 0) (:e_n_bot 1)))
(:rule (:conditions (:c_n_gt 1)) (:effects (:e_n_dec 1)))
)
Numer of sketch rules: 2
Number of selected features: 2
Maximum complexity of selected feature: 4
2023-03-04 19:16:49 INFO     [40m[34mVerifying learned sketch...[0m
[40m[31mGroup fails to bound width of a state[0m
Group: 0
Instance: 0 p-2-2-0-11
State: (instance index=45, state index=11, atoms={lift-at(f0), origin(p1,f1), served(p0)})
2023-03-04 19:16:49 INFO     [40m[34m..done[0m
Smallest unsolved instance: 0
Selected instances: [48, 0]

2023-03-04 19:16:49 INFO     [40m[31mIteration: 2[0m
Number of selected instances: 2
Selected instances:
    id: 48 name: p-2-2-3-1
initial states: {0, 1}
    id: 0 name: p-2-2-0-11
initial states: {11, 7}
2023-03-04 19:16:49 INFO     [40m[34mInitializing DomainFeatureData...[0m
[t=182.061s, 8666940 KB] Started generating base features of complexity 1.
[t=182.061s, 8666940 KB] Complexity 1:
    b_nullary: 0
    c_one_of: 0
    c_top: 1
    c_bot: 1
    c_primitive: 5
    r_primitive: 4
    c_and: 0
    c_not: 0
    c_equal: 0
    c_some: 0
    c_all: 0
    r_restrict: 0
    r_and: 0
    r_inverse: 0
    r_transitive_closure: 0
    b_empty: 0
    n_count: 0
    n_concept_distance: 0
[t=182.061s, 8666940 KB] Finished generating base features.
[t=182.061s, 8666940 KB] Started generating composite features. 
[t=182.061s, 8666940 KB] Complexity 2:
Total concept elements: 10
Total role elements: 7
Total numerical elements: 7
Total boolean elements: 5
    b_nullary: 0
    c_one_of: 0
    c_top: 1
    c_bot: 1
    c_primitive: 5
    r_primitive: 4
    c_and: 0
    c_not: 3
    c_equal: 0
    c_some: 0
    c_all: 0
    r_restrict: 0
    r_and: 0
    r_inverse: 3
    r_transitive_closure: 0
    b_empty: 5
    n_count: 7
    n_concept_distance: 0
[t=182.063s, 8666940 KB] Complexity 3:
Total concept elements: 20
Total role elements: 10
Total numerical elements: 10
Total boolean elements: 5
    b_nullary: 0
    c_one_of: 0
    c_top: 1
    c_bot: 1
    c_primitive: 5
    r_primitive: 4
    c_and: 0
    c_not: 3
    c_equal: 1
    c_some: 5
    c_all: 4
    r_restrict: 3
    r_and: 0
    r_inverse: 3
    r_transitive_closure: 0
    b_empty: 5
    n_count: 10
    n_concept_distance: 0
[t=182.064s, 8666940 KB] Complexity 4:
Total concept elements: 41
Total role elements: 13
Total numerical elements: 18
Total boolean elements: 8
    b_nullary: 0
    c_one_of: 0
    c_top: 1
    c_bot: 1
    c_primitive: 5
    r_primitive: 4
    c_and: 3
    c_not: 9
    c_equal: 1
    c_some: 11
    c_all: 10
    r_restrict: 3
    r_and: 0
    r_inverse: 6
    r_transitive_closure: 0
    b_empty: 8
    n_count: 17
    n_concept_distance: 1
[t=182.066s, 8666940 KB] Complexity 5:
Total concept elements: 73
Total role elements: 13
Total numerical elements: 32
Total boolean elements: 11
    b_nullary: 0
    c_one_of: 0
    c_top: 1
    c_bot: 1
    c_primitive: 5
    r_primitive: 4
    c_and: 11
    c_not: 17
    c_equal: 1
    c_some: 19
    c_all: 18
    r_restrict: 3
    r_and: 0
    r_inverse: 6
    r_transitive_closure: 0
    b_empty: 11
    n_count: 30
    n_concept_distance: 2
[t=182.071s, 8666940 KB] Complexity 6:
Total concept elements: 145
Total role elements: 13
Total numerical elements: 54
Total boolean elements: 17
    b_nullary: 0
    c_one_of: 0
    c_top: 1
    c_bot: 1
    c_primitive: 5
    r_primitive: 4
    c_and: 36
    c_not: 29
    c_equal: 1
    c_some: 34
    c_all: 38
    r_restrict: 3
    r_and: 0
    r_inverse: 6
    r_transitive_closure: 0
    b_empty: 17
    n_count: 50
    n_concept_distance: 4
[t=182.079s, 8666940 KB] Complexity 7:
Total concept elements: 231
Total role elements: 13
Total numerical elements: 118
Total boolean elements: 27
    b_nullary: 0
    c_one_of: 0
    c_top: 1
    c_bot: 1
    c_primitive: 5
    r_primitive: 4
    c_and: 81
    c_not: 64
    c_equal: 1
    c_some: 37
    c_all: 41
    r_restrict: 3
    r_and: 0
    r_inverse: 6
    r_transitive_closure: 0
    b_empty: 27
    n_count: 102
    n_concept_distance: 16
[t=182.095s, 8666940 KB] Complexity 8:
Total concept elements: 428
Total role elements: 13
Total numerical elements: 173
Total boolean elements: 32
    b_nullary: 0
    c_one_of: 0
    c_top: 1
    c_bot: 1
    c_primitive: 5
    r_primitive: 4
    c_and: 180
    c_not: 101
    c_equal: 1
    c_some: 64
    c_all: 75
    r_restrict: 3
    r_and: 0
    r_inverse: 6
    r_transitive_closure: 0
    b_empty: 32
    n_count: 153
    n_concept_distance: 20
[t=182.125s, 8666940 KB] Complexity 9:
Total concept elements: 719
Total role elements: 13
Total numerical elements: 292
Total boolean elements: 42
    b_nullary: 0
    c_one_of: 0
    c_top: 1
    c_bot: 1
    c_primitive: 5
    r_primitive: 4
    c_and: 343
    c_not: 199
    c_equal: 1
    c_some: 75
    c_all: 94
    r_restrict: 3
    r_and: 0
    r_inverse: 6
    r_transitive_closure: 0
    b_empty: 42
    n_count: 254
    n_concept_distance: 38
[t=182.125s, 8666940 KB] Finished generating composite features.
DomainFeatureDataStatistics:
    num_dlplan_states: 7
    num_boolean_features: 42
    num_numerical_features: 292
2023-03-04 19:16:49 INFO     [40m[34m..done[0m
2023-03-04 19:16:49 INFO     [40m[34mInitializing InstanceFeatureDatas...[0m
2023-03-04 19:16:49 INFO     [40m[34m..done[0m
2023-03-04 19:16:49 INFO     [40m[34mInitializing StatePairEquivalenceDatas...[0m
2023-03-04 19:16:50 INFO     [40m[34m..done[0m
2023-03-04 19:16:50 INFO     [40m[34mInitializing TupleGraphEquivalences...[0m
TupleGraphEquivalenceFactoryStatistics:
    num_subgoal_tuples: 28
    num_single_rule_subgoal_tuples: 28
    num_multi_rule_subgoal_tuples: 0
2023-03-04 19:16:50 INFO     [40m[34m..done[0m
2023-03-04 19:16:50 INFO     [40m[34m..done[0m
2023-03-04 19:16:50 INFO     [40m[33mIteration data preprocessing summary:[0m
DomainFeatureDataStatistics:
    num_dlplan_states: 7
    num_boolean_features: 42
    num_numerical_features: 292
StatePairEquivalenceStatistics:
    num_subgoal_states: 14
    num_equivalences: 12
TupleGraphEquivalenceFactoryStatistics:
    num_subgoal_tuples: 28
    num_single_rule_subgoal_tuples: 28
    num_multi_rule_subgoal_tuples: 0
TupleGraphEquivalenceFactoryStatistics:
    num_subgoal_tuples: 13
    num_single_rule_subgoal_tuples: 13
    num_multi_rule_subgoal_tuples: 0
2023-03-04 19:16:50 INFO     [40m[34mGrounding Logic Program...[0m
2023-03-04 19:16:50 INFO     [40m[34m..done[0m
2023-03-04 19:16:50 INFO     [40m[34mSolving Logic Program...[0m
Clingo statistics:
{'call': 0.0, 'result': 1.0, 'signal': 9.0, 'exhausted': 0.0, 'costs': [8.0], 'lower': [8.0], 'concurrency': 32.0, 'winner': 32.0, 'times': {'total': 4.039534091949463, 'cpu': 95.49253000000044, 'solve': 3.011691093444824, 'unsat': 0.0, 'sat': 1.56746506690979}, 'models': {'enumerated': 39.0, 'optimal': 1.0}}
Solution cost: [8.0]
Total time: 4.039534091949463
CPU time: 95.49253000000044
Solve time: 3.011691093444824
2023-03-04 19:16:54 INFO     [40m[34m..done[0m
2023-03-04 19:16:54 INFO     Learned the following sketch:
(:policy
(:boolean_features "b_empty(c_some(r_primitive(origin,0,1),c_primitive(lift-at,0)))")
(:numerical_features "n_count(c_primitive(boarded,0))")
(:rule (:conditions (:c_b_neg 0)) (:effects (:e_n_inc 0)))
(:rule (:conditions (:c_b_pos 0)) (:effects (:e_b_neg 0)))
)
Numer of sketch rules: 2
Number of selected features: 2
Maximum complexity of selected feature: 4
2023-03-04 19:16:54 INFO     [40m[34mVerifying learned sketch...[0m
2023-03-04 19:16:54 INFO     [40m[34m..done[0m
[40m[31mSketch solves all instances![0m
2023-03-04 19:16:54 INFO     [40m[32mSummary:[0m
LearningStatistics:
    num_training_instances: 2
    num_selected_training_instances: 2
    num_states_in_selected_training_instances: 7
    num_features_in_pool: 334
    num_cpu_seconds: 98.89 seconds
    num_peak_memory_mb: 1269.54 MB
Resulting sketch:
(:policy
(:boolean_features "b_empty(c_some(r_primitive(origin,0,1),c_primitive(lift-at,0)))")
(:numerical_features "n_count(c_primitive(boarded,0))")
(:rule (:conditions (:c_b_neg 0)) (:effects (:e_n_inc 0)))
(:rule (:conditions (:c_b_pos 0)) (:effects (:e_b_neg 0)))
)
Numer of sketch rules: 2
Number of selected features: 2
Maximum complexity of selected feature: 4
Resulting sketch minimized:
(:policy
(:boolean_features "b_empty(c_some(r_primitive(origin,0,1),c_primitive(lift-at,0)))")
(:numerical_features "n_count(c_primitive(boarded,0))")
(:rule (:conditions (:c_b_neg 0)) (:effects (:e_n_inc 0)))
(:rule (:conditions (:c_b_pos 0)) (:effects (:e_b_neg 0)))
)
Numer of sketch rules: 2
Number of selected features: 2
Maximum complexity of selected feature: 4
Sketch:
(:policy
(:boolean_features )
(:numerical_features "n_count(c_primitive(boarded,0))")
(:rule (:conditions (:c_n_eq 0)) (:effects (:e_n_inc 0)))
(:rule (:conditions (:c_n_gt 0)) (:effects (:e_n_dec 0)))
)
Sketch rule: 1 (:rule (:conditions (:c_n_gt 0)) (:effects (:e_n_dec 0)))
2023-03-04 19:16:54 INFO     [40m[34mInitializing Subproblems...[0m
Number of problems: 45
Number of subproblems: 1335
Highest number of states in problem: 324
Highest number of states in subproblem: 51
2023-03-04 19:16:55 INFO     [40m[34m..done[0m
2023-03-04 19:16:55 INFO     [40m[34mInitializing TupleGraphs...[0m
2023-03-04 19:16:55 INFO     [40m[34m..done[0m
/proj/ssiw/projects/code/sketch-learner/learning/d2l/workspace/miconic_hierarchy_2_9_9_9_9_9/learning/rule_1

2023-03-04 19:16:55 INFO     [40m[31mIteration: 0[0m
Number of selected instances: 1
Selected instances:
    id: 0 name: p-2-2-0-10
initial states: {10, 14}
2023-03-04 19:16:55 INFO     [40m[34mInitializing DomainFeatureData...[0m
[t=187.483s, 8666940 KB] Started generating base features of complexity 1.
[t=187.483s, 8666940 KB] Complexity 1:
    b_nullary: 0
    c_one_of: 0
    c_top: 1
    c_bot: 1
    c_primitive: 5
    r_primitive: 3
    c_and: 0
    c_not: 0
    c_equal: 0
    c_some: 0
    c_all: 0
    r_restrict: 0
    r_and: 0
    r_inverse: 0
    r_transitive_closure: 0
    b_empty: 0
    n_count: 0
    n_concept_distance: 0
[t=187.483s, 8666940 KB] Finished generating base features.
[t=187.483s, 8666940 KB] Started generating composite features. 
[t=187.483s, 8666940 KB] Complexity 2:
Total concept elements: 10
Total role elements: 5
Total numerical elements: 6
Total boolean elements: 3
    b_nullary: 0
    c_one_of: 0
    c_top: 1
    c_bot: 1
    c_primitive: 5
    r_primitive: 3
    c_and: 0
    c_not: 3
    c_equal: 0
    c_some: 0
    c_all: 0
    r_restrict: 0
    r_and: 0
    r_inverse: 2
    r_transitive_closure: 0
    b_empty: 3
    n_count: 6
    n_concept_distance: 0
[t=187.484s, 8666940 KB] Complexity 3:
Total concept elements: 16
Total role elements: 7
Total numerical elements: 9
Total boolean elements: 3
    b_nullary: 0
    c_one_of: 0
    c_top: 1
    c_bot: 1
    c_primitive: 5
    r_primitive: 3
    c_and: 0
    c_not: 3
    c_equal: 0
    c_some: 3
    c_all: 3
    r_restrict: 2
    r_and: 0
    r_inverse: 2
    r_transitive_closure: 0
    b_empty: 3
    n_count: 9
    n_concept_distance: 0
[t=187.484s, 8666940 KB] Complexity 4:
Total concept elements: 29
Total role elements: 9
Total numerical elements: 12
Total boolean elements: 4
    b_nullary: 0
    c_one_of: 0
    c_top: 1
    c_bot: 1
    c_primitive: 5
    r_primitive: 3
    c_and: 1
    c_not: 7
    c_equal: 0
    c_some: 7
    c_all: 7
    r_restrict: 2
    r_and: 0
    r_inverse: 4
    r_transitive_closure: 0
    b_empty: 4
    n_count: 11
    n_concept_distance: 1
[t=187.485s, 8666940 KB] Complexity 5:
Total concept elements: 45
Total role elements: 9
Total numerical elements: 15
Total boolean elements: 5
    b_nullary: 0
    c_one_of: 0
    c_top: 1
    c_bot: 1
    c_primitive: 5
    r_primitive: 3
    c_and: 7
    c_not: 9
    c_equal: 0
    c_some: 11
    c_all: 11
    r_restrict: 2
    r_and: 0
    r_inverse: 4
    r_transitive_closure: 0
    b_empty: 5
    n_count: 13
    n_concept_distance: 2
[t=187.488s, 8666940 KB] Complexity 6:
Total concept elements: 72
Total role elements: 9
Total numerical elements: 25
Total boolean elements: 7
    b_nullary: 0
    c_one_of: 0
    c_top: 1
    c_bot: 1
    c_primitive: 5
    r_primitive: 3
    c_and: 20
    c_not: 18
    c_equal: 0
    c_some: 12
    c_all: 15
    r_restrict: 2
    r_and: 0
    r_inverse: 4
    r_transitive_closure: 0
    b_empty: 7
    n_count: 19
    n_concept_distance: 6
[t=187.491s, 8666940 KB] Complexity 7:
Total concept elements: 102
Total role elements: 9
Total numerical elements: 33
Total boolean elements: 7
    b_nullary: 0
    c_one_of: 0
    c_top: 1
    c_bot: 1
    c_primitive: 5
    r_primitive: 3
    c_and: 36
    c_not: 28
    c_equal: 0
    c_some: 14
    c_all: 17
    r_restrict: 2
    r_and: 0
    r_inverse: 4
    r_transitive_closure: 0
    b_empty: 7
    n_count: 26
    n_concept_distance: 7
[t=187.497s, 8666940 KB] Complexity 8:
Total concept elements: 130
Total role elements: 9
Total numerical elements: 43
Total boolean elements: 8
    b_nullary: 0
    c_one_of: 0
    c_top: 1
    c_bot: 1
    c_primitive: 5
    r_primitive: 3
    c_and: 54
    c_not: 36
    c_equal: 0
    c_some: 14
    c_all: 19
    r_restrict: 2
    r_and: 0
    r_inverse: 4
    r_transitive_closure: 0
    b_empty: 8
    n_count: 34
    n_concept_distance: 9
[t=187.505s, 8666940 KB] Complexity 9:
Total concept elements: 187
Total role elements: 9
Total numerical elements: 48
Total boolean elements: 8
    b_nullary: 0
    c_one_of: 0
    c_top: 1
    c_bot: 1
    c_primitive: 5
    r_primitive: 3
    c_and: 89
    c_not: 46
    c_equal: 0
    c_some: 20
    c_all: 25
    r_restrict: 2
    r_and: 0
    r_inverse: 4
    r_transitive_closure: 0
    b_empty: 8
    n_count: 36
    n_concept_distance: 12
[t=187.505s, 8666940 KB] Finished generating composite features.
DomainFeatureDataStatistics:
    num_dlplan_states: 3
    num_boolean_features: 8
    num_numerical_features: 48
2023-03-04 19:16:55 INFO     [40m[34m..done[0m
2023-03-04 19:16:55 INFO     [40m[34mInitializing InstanceFeatureDatas...[0m
2023-03-04 19:16:55 INFO     [40m[34m..done[0m
2023-03-04 19:16:55 INFO     [40m[34mInitializing StatePairEquivalenceDatas...[0m
2023-03-04 19:16:55 INFO     [40m[34m..done[0m
2023-03-04 19:16:55 INFO     [40m[34mInitializing TupleGraphEquivalences...[0m
TupleGraphEquivalenceFactoryStatistics:
    num_subgoal_tuples: 12
    num_single_rule_subgoal_tuples: 12
    num_multi_rule_subgoal_tuples: 0
2023-03-04 19:16:55 INFO     [40m[34m..done[0m
2023-03-04 19:16:55 INFO     [40m[34m..done[0m
2023-03-04 19:16:55 INFO     [40m[33mIteration data preprocessing summary:[0m
DomainFeatureDataStatistics:
    num_dlplan_states: 3
    num_boolean_features: 8
    num_numerical_features: 48
StatePairEquivalenceStatistics:
    num_subgoal_states: 6
    num_equivalences: 6
TupleGraphEquivalenceFactoryStatistics:
    num_subgoal_tuples: 12
    num_single_rule_subgoal_tuples: 12
    num_multi_rule_subgoal_tuples: 0
TupleGraphEquivalenceFactoryStatistics:
    num_subgoal_tuples: 6
    num_single_rule_subgoal_tuples: 6
    num_multi_rule_subgoal_tuples: 0
2023-03-04 19:16:55 INFO     [40m[34mGrounding Logic Program...[0m
2023-03-04 19:16:55 INFO     [40m[34m..done[0m
2023-03-04 19:16:55 INFO     [40m[34mSolving Logic Program...[0m
Clingo statistics:
{'call': 0.0, 'result': 1.0, 'signal': 9.0, 'exhausted': 0.0, 'costs': [8.0], 'lower': [8.0], 'concurrency': 32.0, 'winner': 32.0, 'times': {'total': 0.1383509635925293, 'cpu': 1.6036159999994197, 'solve': 0.05671882629394531, 'unsat': 0.0, 'sat': 0.034277915954589844}, 'models': {'enumerated': 15.0, 'optimal': 1.0}}
Solution cost: [8.0]
Total time: 0.1383509635925293
CPU time: 1.6036159999994197
Solve time: 0.05671882629394531
2023-03-04 19:16:55 INFO     [40m[34m..done[0m
2023-03-04 19:16:55 INFO     Learned the following sketch:
(:policy
(:boolean_features )
(:numerical_features "n_count(c_primitive(served,0))" "n_count(c_some(r_primitive(above,0,1),c_primitive(lift-at,0)))")
(:rule (:conditions (:c_n_eq 1)) (:effects (:e_n_inc 0) (:e_n_bot 1)))
(:rule (:conditions (:c_n_gt 1)) (:effects (:e_n_bot 0) (:e_n_dec 1)))
)
Numer of sketch rules: 2
Number of selected features: 2
Maximum complexity of selected feature: 4
2023-03-04 19:16:55 INFO     [40m[34mVerifying learned sketch...[0m
[40m[31mGroup fails to bound width of a state[0m
Group: 0
Instance: 1 p-2-2-0-13
State: (instance index=512, state index=13, atoms={lift-at(f0), served(p1), boarded(p0)})
2023-03-04 19:16:55 INFO     [40m[34m..done[0m
Smallest unsolved instance: 1
Selected instances: [1]

2023-03-04 19:16:55 INFO     [40m[31mIteration: 1[0m
Number of selected instances: 1
Selected instances:
    id: 1 name: p-2-2-0-13
initial states: {13, 15}
2023-03-04 19:16:55 INFO     [40m[34mInitializing DomainFeatureData...[0m
[t=187.662s, 8666940 KB] Started generating base features of complexity 1.
[t=187.662s, 8666940 KB] Complexity 1:
    b_nullary: 0
    c_one_of: 0
    c_top: 1
    c_bot: 1
    c_primitive: 5
    r_primitive: 3
    c_and: 0
    c_not: 0
    c_equal: 0
    c_some: 0
    c_all: 0
    r_restrict: 0
    r_and: 0
    r_inverse: 0
    r_transitive_closure: 0
    b_empty: 0
    n_count: 0
    n_concept_distance: 0
[t=187.662s, 8666940 KB] Finished generating base features.
[t=187.662s, 8666940 KB] Started generating composite features. 
[t=187.662s, 8666940 KB] Complexity 2:
Total concept elements: 10
Total role elements: 5
Total numerical elements: 6
Total boolean elements: 3
    b_nullary: 0
    c_one_of: 0
    c_top: 1
    c_bot: 1
    c_primitive: 5
    r_primitive: 3
    c_and: 0
    c_not: 3
    c_equal: 0
    c_some: 0
    c_all: 0
    r_restrict: 0
    r_and: 0
    r_inverse: 2
    r_transitive_closure: 0
    b_empty: 3
    n_count: 6
    n_concept_distance: 0
[t=187.663s, 8666940 KB] Complexity 3:
Total concept elements: 16
Total role elements: 7
Total numerical elements: 9
Total boolean elements: 3
    b_nullary: 0
    c_one_of: 0
    c_top: 1
    c_bot: 1
    c_primitive: 5
    r_primitive: 3
    c_and: 0
    c_not: 3
    c_equal: 0
    c_some: 3
    c_all: 3
    r_restrict: 2
    r_and: 0
    r_inverse: 2
    r_transitive_closure: 0
    b_empty: 3
    n_count: 9
    n_concept_distance: 0
[t=187.664s, 8666940 KB] Complexity 4:
Total concept elements: 29
Total role elements: 9
Total numerical elements: 12
Total boolean elements: 4
    b_nullary: 0
    c_one_of: 0
    c_top: 1
    c_bot: 1
    c_primitive: 5
    r_primitive: 3
    c_and: 1
    c_not: 7
    c_equal: 0
    c_some: 7
    c_all: 7
    r_restrict: 2
    r_and: 0
    r_inverse: 4
    r_transitive_closure: 0
    b_empty: 4
    n_count: 11
    n_concept_distance: 1
[t=187.666s, 8666940 KB] Complexity 5:
Total concept elements: 45
Total role elements: 9
Total numerical elements: 15
Total boolean elements: 5
    b_nullary: 0
    c_one_of: 0
    c_top: 1
    c_bot: 1
    c_primitive: 5
    r_primitive: 3
    c_and: 7
    c_not: 9
    c_equal: 0
    c_some: 11
    c_all: 11
    r_restrict: 2
    r_and: 0
    r_inverse: 4
    r_transitive_closure: 0
    b_empty: 5
    n_count: 13
    n_concept_distance: 2
[t=187.668s, 8666940 KB] Complexity 6:
Total concept elements: 76
Total role elements: 9
Total numerical elements: 25
Total boolean elements: 7
    b_nullary: 0
    c_one_of: 0
    c_top: 1
    c_bot: 1
    c_primitive: 5
    r_primitive: 3
    c_and: 20
    c_not: 18
    c_equal: 0
    c_some: 14
    c_all: 17
    r_restrict: 2
    r_and: 0
    r_inverse: 4
    r_transitive_closure: 0
    b_empty: 7
    n_count: 19
    n_concept_distance: 6
[t=187.673s, 8666940 KB] Complexity 7:
Total concept elements: 103
Total role elements: 9
Total numerical elements: 36
Total boolean elements: 8
    b_nullary: 0
    c_one_of: 0
    c_top: 1
    c_bot: 1
    c_primitive: 5
    r_primitive: 3
    c_and: 37
    c_not: 28
    c_equal: 0
    c_some: 14
    c_all: 17
    r_restrict: 2
    r_and: 0
    r_inverse: 4
    r_transitive_closure: 0
    b_empty: 8
    n_count: 28
    n_concept_distance: 8
[t=187.68s, 8666940 KB] Complexity 8:
Total concept elements: 149
Total role elements: 9
Total numerical elements: 45
Total boolean elements: 8
    b_nullary: 0
    c_one_of: 0
    c_top: 1
    c_bot: 1
    c_primitive: 5
    r_primitive: 3
    c_and: 60
    c_not: 37
    c_equal: 0
    c_some: 20
    c_all: 25
    r_restrict: 2
    r_and: 0
    r_inverse: 4
    r_transitive_closure: 0
    b_empty: 8
    n_count: 35
    n_concept_distance: 10
[t=187.69s, 8666940 KB] Complexity 9:
Total concept elements: 199
Total role elements: 9
Total numerical elements: 50
Total boolean elements: 8
    b_nullary: 0
    c_one_of: 0
    c_top: 1
    c_bot: 1
    c_primitive: 5
    r_primitive: 3
    c_and: 95
    c_not: 52
    c_equal: 0
    c_some: 20
    c_all: 25
    r_restrict: 2
    r_and: 0
    r_inverse: 4
    r_transitive_closure: 0
    b_empty: 8
    n_count: 37
    n_concept_distance: 13
[t=187.69s, 8666940 KB] Finished generating composite features.
DomainFeatureDataStatistics:
    num_dlplan_states: 3
    num_boolean_features: 8
    num_numerical_features: 50
2023-03-04 19:16:55 INFO     [40m[34m..done[0m
2023-03-04 19:16:55 INFO     [40m[34mInitializing InstanceFeatureDatas...[0m
2023-03-04 19:16:55 INFO     [40m[34m..done[0m
2023-03-04 19:16:55 INFO     [40m[34mInitializing StatePairEquivalenceDatas...[0m
2023-03-04 19:16:55 INFO     [40m[34m..done[0m
2023-03-04 19:16:55 INFO     [40m[34mInitializing TupleGraphEquivalences...[0m
TupleGraphEquivalenceFactoryStatistics:
    num_subgoal_tuples: 12
    num_single_rule_subgoal_tuples: 12
    num_multi_rule_subgoal_tuples: 0
2023-03-04 19:16:55 INFO     [40m[34m..done[0m
2023-03-04 19:16:55 INFO     [40m[34m..done[0m
2023-03-04 19:16:55 INFO     [40m[33mIteration data preprocessing summary:[0m
DomainFeatureDataStatistics:
    num_dlplan_states: 3
    num_boolean_features: 8
    num_numerical_features: 50
StatePairEquivalenceStatistics:
    num_subgoal_states: 6
    num_equivalences: 6
TupleGraphEquivalenceFactoryStatistics:
    num_subgoal_tuples: 12
    num_single_rule_subgoal_tuples: 12
    num_multi_rule_subgoal_tuples: 0
TupleGraphEquivalenceFactoryStatistics:
    num_subgoal_tuples: 6
    num_single_rule_subgoal_tuples: 6
    num_multi_rule_subgoal_tuples: 0
2023-03-04 19:16:55 INFO     [40m[34mGrounding Logic Program...[0m
2023-03-04 19:16:55 INFO     [40m[34m..done[0m
2023-03-04 19:16:55 INFO     [40m[34mSolving Logic Program...[0m
Clingo statistics:
{'call': 0.0, 'result': 1.0, 'signal': 9.0, 'exhausted': 0.0, 'costs': [8.0], 'lower': [8.0], 'concurrency': 32.0, 'winner': 32.0, 'times': {'total': 0.15534687042236328, 'cpu': 1.4752669999998034, 'solve': 0.04677700996398926, 'unsat': 0.0, 'sat': 0.02323603630065918}, 'models': {'enumerated': 22.0, 'optimal': 1.0}}
Solution cost: [8.0]
Total time: 0.15534687042236328
CPU time: 1.4752669999998034
Solve time: 0.04677700996398926
2023-03-04 19:16:55 INFO     [40m[34m..done[0m
2023-03-04 19:16:55 INFO     Learned the following sketch:
(:policy
(:boolean_features "b_empty(c_some(r_primitive(above,0,1),c_primitive(lift-at,0)))")
(:numerical_features "n_count(c_primitive(boarded,0))")
(:rule (:conditions (:c_b_pos 0)) (:effects (:e_b_neg 0)))
(:rule (:conditions (:c_n_gt 0) (:c_b_neg 0)) (:effects (:e_n_dec 0)))
)
Numer of sketch rules: 2
Number of selected features: 2
Maximum complexity of selected feature: 4
2023-03-04 19:16:55 INFO     [40m[34mVerifying learned sketch...[0m
[40m[31mGroup fails to bound width of a state[0m
Group: 0
Instance: 0 p-2-2-0-10
State: (instance index=512, state index=10, atoms={lift-at(f1), boarded(p1), served(p0)})
2023-03-04 19:16:55 INFO     [40m[34m..done[0m
Smallest unsolved instance: 0
Selected instances: [1, 0]

2023-03-04 19:16:55 INFO     [40m[31mIteration: 2[0m
Number of selected instances: 2
Selected instances:
    id: 1 name: p-2-2-0-13
initial states: {13, 15}
    id: 0 name: p-2-2-0-10
initial states: {10, 14}
2023-03-04 19:16:55 INFO     [40m[34mInitializing DomainFeatureData...[0m
[t=187.861s, 8666940 KB] Started generating base features of complexity 1.
[t=187.861s, 8666940 KB] Complexity 1:
    b_nullary: 0
    c_one_of: 0
    c_top: 1
    c_bot: 1
    c_primitive: 5
    r_primitive: 3
    c_and: 0
    c_not: 0
    c_equal: 0
    c_some: 0
    c_all: 0
    r_restrict: 0
    r_and: 0
    r_inverse: 0
    r_transitive_closure: 0
    b_empty: 0
    n_count: 0
    n_concept_distance: 0
[t=187.861s, 8666940 KB] Finished generating base features.
[t=187.861s, 8666940 KB] Started generating composite features. 
[t=187.862s, 8666940 KB] Complexity 2:
Total concept elements: 10
Total role elements: 5
Total numerical elements: 6
Total boolean elements: 3
    b_nullary: 0
    c_one_of: 0
    c_top: 1
    c_bot: 1
    c_primitive: 5
    r_primitive: 3
    c_and: 0
    c_not: 3
    c_equal: 0
    c_some: 0
    c_all: 0
    r_restrict: 0
    r_and: 0
    r_inverse: 2
    r_transitive_closure: 0
    b_empty: 3
    n_count: 6
    n_concept_distance: 0
[t=187.863s, 8666940 KB] Complexity 3:
Total concept elements: 16
Total role elements: 7
Total numerical elements: 9
Total boolean elements: 3
    b_nullary: 0
    c_one_of: 0
    c_top: 1
    c_bot: 1
    c_primitive: 5
    r_primitive: 3
    c_and: 0
    c_not: 3
    c_equal: 0
    c_some: 3
    c_all: 3
    r_restrict: 2
    r_and: 0
    r_inverse: 2
    r_transitive_closure: 0
    b_empty: 3
    n_count: 9
    n_concept_distance: 0
[t=187.863s, 8666940 KB] Complexity 4:
Total concept elements: 29
Total role elements: 9
Total numerical elements: 12
Total boolean elements: 4
    b_nullary: 0
    c_one_of: 0
    c_top: 1
    c_bot: 1
    c_primitive: 5
    r_primitive: 3
    c_and: 1
    c_not: 7
    c_equal: 0
    c_some: 7
    c_all: 7
    r_restrict: 2
    r_and: 0
    r_inverse: 4
    r_transitive_closure: 0
    b_empty: 4
    n_count: 11
    n_concept_distance: 1
[t=187.865s, 8666940 KB] Complexity 5:
Total concept elements: 45
Total role elements: 9
Total numerical elements: 15
Total boolean elements: 5
    b_nullary: 0
    c_one_of: 0
    c_top: 1
    c_bot: 1
    c_primitive: 5
    r_primitive: 3
    c_and: 7
    c_not: 9
    c_equal: 0
    c_some: 11
    c_all: 11
    r_restrict: 2
    r_and: 0
    r_inverse: 4
    r_transitive_closure: 0
    b_empty: 5
    n_count: 13
    n_concept_distance: 2
[t=187.868s, 8666940 KB] Complexity 6:
Total concept elements: 78
Total role elements: 9
Total numerical elements: 25
Total boolean elements: 7
    b_nullary: 0
    c_one_of: 0
    c_top: 1
    c_bot: 1
    c_primitive: 5
    r_primitive: 3
    c_and: 21
    c_not: 18
    c_equal: 0
    c_some: 15
    c_all: 17
    r_restrict: 2
    r_and: 0
    r_inverse: 4
    r_transitive_closure: 0
    b_empty: 7
    n_count: 19
    n_concept_distance: 6
[t=187.872s, 8666940 KB] Complexity 7:
Total concept elements: 123
Total role elements: 9
Total numerical elements: 44
Total boolean elements: 11
    b_nullary: 0
    c_one_of: 0
    c_top: 1
    c_bot: 1
    c_primitive: 5
    r_primitive: 3
    c_and: 50
    c_not: 30
    c_equal: 0
    c_some: 17
    c_all: 19
    r_restrict: 2
    r_and: 0
    r_inverse: 4
    r_transitive_closure: 0
    b_empty: 11
    n_count: 33
    n_concept_distance: 11
[t=187.88s, 8666940 KB] Complexity 8:
Total concept elements: 211
Total role elements: 9
Total numerical elements: 68
Total boolean elements: 18
    b_nullary: 0
    c_one_of: 0
    c_top: 1
    c_bot: 1
    c_primitive: 5
    r_primitive: 3
    c_and: 99
    c_not: 51
    c_equal: 0
    c_some: 25
    c_all: 29
    r_restrict: 2
    r_and: 0
    r_inverse: 4
    r_transitive_closure: 0
    b_empty: 18
    n_count: 53
    n_concept_distance: 15
[t=187.892s, 8666940 KB] Complexity 9:
Total concept elements: 339
Total role elements: 9
Total numerical elements: 112
Total boolean elements: 31
    b_nullary: 0
    c_one_of: 0
    c_top: 1
    c_bot: 1
    c_primitive: 5
    r_primitive: 3
    c_and: 166
    c_not: 92
    c_equal: 0
    c_some: 33
    c_all: 41
    r_restrict: 2
    r_and: 0
    r_inverse: 4
    r_transitive_closure: 0
    b_empty: 31
    n_count: 89
    n_concept_distance: 23
[t=187.892s, 8666940 KB] Finished generating composite features.
DomainFeatureDataStatistics:
    num_dlplan_states: 6
    num_boolean_features: 31
    num_numerical_features: 112
2023-03-04 19:16:55 INFO     [40m[34m..done[0m
2023-03-04 19:16:55 INFO     [40m[34mInitializing InstanceFeatureDatas...[0m
2023-03-04 19:16:55 INFO     [40m[34m..done[0m
2023-03-04 19:16:55 INFO     [40m[34mInitializing StatePairEquivalenceDatas...[0m
2023-03-04 19:16:55 INFO     [40m[34m..done[0m
2023-03-04 19:16:55 INFO     [40m[34mInitializing TupleGraphEquivalences...[0m
TupleGraphEquivalenceFactoryStatistics:
    num_subgoal_tuples: 24
    num_single_rule_subgoal_tuples: 24
    num_multi_rule_subgoal_tuples: 0
2023-03-04 19:16:55 INFO     [40m[34m..done[0m
2023-03-04 19:16:55 INFO     [40m[34m..done[0m
2023-03-04 19:16:55 INFO     [40m[33mIteration data preprocessing summary:[0m
DomainFeatureDataStatistics:
    num_dlplan_states: 6
    num_boolean_features: 31
    num_numerical_features: 112
StatePairEquivalenceStatistics:
    num_subgoal_states: 12
    num_equivalences: 12
TupleGraphEquivalenceFactoryStatistics:
    num_subgoal_tuples: 24
    num_single_rule_subgoal_tuples: 24
    num_multi_rule_subgoal_tuples: 0
TupleGraphEquivalenceFactoryStatistics:
    num_subgoal_tuples: 12
    num_single_rule_subgoal_tuples: 12
    num_multi_rule_subgoal_tuples: 0
2023-03-04 19:16:55 INFO     [40m[34mGrounding Logic Program...[0m
2023-03-04 19:16:56 INFO     [40m[34m..done[0m
2023-03-04 19:16:56 INFO     [40m[34mSolving Logic Program...[0m
Clingo statistics:
{'call': 0.0, 'result': 1.0, 'signal': 9.0, 'exhausted': 0.0, 'costs': [10.0], 'lower': [10.0], 'concurrency': 32.0, 'winner': 32.0, 'times': {'total': 1.0011589527130127, 'cpu': 19.66704100000061, 'solve': 0.6161448955535889, 'unsat': 0.0, 'sat': 0.1437368392944336}, 'models': {'enumerated': 30.0, 'optimal': 1.0}}
Solution cost: [10.0]
Total time: 1.0011589527130127
CPU time: 19.66704100000061
Solve time: 0.6161448955535889
2023-03-04 19:16:56 INFO     [40m[34m..done[0m
2023-03-04 19:16:56 INFO     Learned the following sketch:
(:policy
(:boolean_features )
(:numerical_features "n_count(c_and(c_primitive(boarded,0),c_some(r_primitive(destin,0,1),c_primitive(lift-at,0))))" "n_count(c_primitive(boarded,0))")
(:rule (:conditions (:c_n_gt 1) (:c_n_eq 0)) (:effects (:e_n_inc 0)))
(:rule (:conditions (:c_n_gt 1) (:c_n_gt 0)) (:effects (:e_n_dec 1) (:e_n_dec 0)))
)
Numer of sketch rules: 2
Number of selected features: 2
Maximum complexity of selected feature: 6
2023-03-04 19:16:56 INFO     [40m[34mVerifying learned sketch...[0m
2023-03-04 19:16:57 INFO     [40m[34m..done[0m
[40m[31mSketch solves all instances![0m
2023-03-04 19:16:57 INFO     [40m[32mSummary:[0m
LearningStatistics:
    num_training_instances: 2
    num_selected_training_instances: 2
    num_states_in_selected_training_instances: 6
    num_features_in_pool: 143
    num_cpu_seconds: 23.44 seconds
    num_peak_memory_mb: 1268.79 MB
Resulting sketch:
(:policy
(:boolean_features )
(:numerical_features "n_count(c_and(c_primitive(boarded,0),c_some(r_primitive(destin,0,1),c_primitive(lift-at,0))))" "n_count(c_primitive(boarded,0))")
(:rule (:conditions (:c_n_gt 1) (:c_n_eq 0)) (:effects (:e_n_inc 0)))
(:rule (:conditions (:c_n_gt 1) (:c_n_gt 0)) (:effects (:e_n_dec 1) (:e_n_dec 0)))
)
Numer of sketch rules: 2
Number of selected features: 2
Maximum complexity of selected feature: 6
Resulting sketch minimized:
(:policy
(:boolean_features )
(:numerical_features "n_count(c_and(c_primitive(boarded,0),c_some(r_primitive(destin,0,1),c_primitive(lift-at,0))))" "n_count(c_primitive(boarded,0))")
(:rule (:conditions (:c_n_gt 1) (:c_n_eq 0)) (:effects (:e_n_inc 0)))
(:rule (:conditions (:c_n_gt 1) (:c_n_gt 0)) (:effects (:e_n_dec 1) (:e_n_dec 0)))
)
Numer of sketch rules: 2
Number of selected features: 2
Maximum complexity of selected feature: 6
2023-03-04 19:16:57 INFO     [40m[33mSummary:[0m
2023-03-04 19:16:57 INFO     [40m[32mHierarchical sketch:[0m
[40m[32mLevel 0 sketch:[0m
(:policy
(:boolean_features )
(:numerical_features "n_count(c_primitive(served,0))")
(:rule (:conditions ) (:effects (:e_n_inc 0)))
)
[40m[32m    Level 1 sketch:[0m
(:policy
(:boolean_features )
(:numerical_features "n_count(c_primitive(boarded,0))")
(:rule (:conditions (:c_n_eq 0)) (:effects (:e_n_inc 0)))
(:rule (:conditions (:c_n_gt 0)) (:effects (:e_n_dec 0)))
)
[40m[32m        Level 2 sketch:[0m
(:policy
(:boolean_features "b_empty(c_some(r_primitive(origin,0,1),c_primitive(lift-at,0)))")
(:numerical_features "n_count(c_primitive(boarded,0))")
(:rule (:conditions (:c_b_neg 0)) (:effects (:e_n_inc 0)))
(:rule (:conditions (:c_b_pos 0)) (:effects (:e_b_neg 0)))
)
[40m[32m        Level 2 sketch:[0m
(:policy
(:boolean_features )
(:numerical_features "n_count(c_and(c_primitive(boarded,0),c_some(r_primitive(destin,0,1),c_primitive(lift-at,0))))" "n_count(c_primitive(boarded,0))")
(:rule (:conditions (:c_n_gt 1) (:c_n_eq 0)) (:effects (:e_n_inc 0)))
(:rule (:conditions (:c_n_gt 1) (:c_n_gt 0)) (:effects (:e_n_dec 1) (:e_n_dec 0)))
)
Num features: 4
Max feature complexity 6
Num rules: 7
LearningStatistics:
    num_training_instances: 7
    num_selected_training_instances: 2
    num_states_in_selected_training_instances: 18
    num_features_in_pool: 429
    num_cpu_seconds: 5098.41 seconds
    num_peak_memory_mb: 5228.54 MB
RESOURCES FOR PREPROCESSING: 10.51 CPU sec - 1268.79 MB
================================================================================
END OF STEP #1: Incremental learning module. 5110.86 CPU sec - 5228.63 MB
================================================================================
