Changing working directory:  /proj/ssiw/projects/code/sketch-learner/learning/d2l/workspace/childsnack_hierarchy_2_9_9_9_9_9
Creating sym link: /proj/ssiw/projects/code/sketch-learner/learning/d2l/libs/dlplan/libs/scorpion/fast-downward.py /proj/ssiw/projects/code/sketch-learner/learning/d2l/workspace/childsnack_hierarchy_2_9_9_9_9_9/fast-downward.py
================================================================================
SLTP v.0.2.0
================================================================================
================================================================================
(pid: 16941) STARTING STEP #1: Incremental learning module
================================================================================
2023-03-04 19:13:18 INFO     [40m[34mInitializing DomainData...[0m
2023-03-04 19:13:18 INFO     Constructing DomainData for filename /proj/ssiw/projects/code/sketch-learner/learning/d2l/benchmarks/childsnack/domain.pddl
2023-03-04 19:13:18 INFO     [40m[34m..done[0m
2023-03-04 19:13:18 INFO     [40m[34mInitializing InstanceDatas...[0m
2023-03-04 19:13:18 INFO     Constructing InstanceData for filename /proj/ssiw/projects/code/sketch-learner/learning/d2l/benchmarks/childsnack/p-1-1.0-0.0-1-0.pddl
Num states: 16
2023-03-04 19:13:19 INFO     Constructing InstanceData for filename /proj/ssiw/projects/code/sketch-learner/learning/d2l/benchmarks/childsnack/p-1-1.0-0.0-1-1.pddl
Num states: 16
2023-03-04 19:13:19 INFO     Constructing InstanceData for filename /proj/ssiw/projects/code/sketch-learner/learning/d2l/benchmarks/childsnack/p-1-1.0-0.0-1-2.pddl
Num states: 16
2023-03-04 19:13:20 INFO     Constructing InstanceData for filename /proj/ssiw/projects/code/sketch-learner/learning/d2l/benchmarks/childsnack/p-1-1.0-0.0-1-3.pddl
Num states: 16
2023-03-04 19:13:20 INFO     Constructing InstanceData for filename /proj/ssiw/projects/code/sketch-learner/learning/d2l/benchmarks/childsnack/p-1-1.0-0.0-1-4.pddl
Num states: 16
2023-03-04 19:13:20 INFO     Constructing InstanceData for filename /proj/ssiw/projects/code/sketch-learner/learning/d2l/benchmarks/childsnack/p-1-1.0-0.0-1-5.pddl
Num states: 16
2023-03-04 19:13:20 INFO     Constructing InstanceData for filename /proj/ssiw/projects/code/sketch-learner/learning/d2l/benchmarks/childsnack/p-1-1.0-0.0-1-6.pddl
Num states: 16
2023-03-04 19:13:20 INFO     Constructing InstanceData for filename /proj/ssiw/projects/code/sketch-learner/learning/d2l/benchmarks/childsnack/p-1-1.0-0.0-1-7.pddl
Num states: 16
2023-03-04 19:13:21 INFO     Constructing InstanceData for filename /proj/ssiw/projects/code/sketch-learner/learning/d2l/benchmarks/childsnack/p-1-1.0-0.0-1-8.pddl
Num states: 16
2023-03-04 19:13:21 INFO     Constructing InstanceData for filename /proj/ssiw/projects/code/sketch-learner/learning/d2l/benchmarks/childsnack/p-1-1.0-0.0-1-9.pddl
Num states: 16
2023-03-04 19:13:21 INFO     Constructing InstanceData for filename /proj/ssiw/projects/code/sketch-learner/learning/d2l/benchmarks/childsnack/p-1-1.0-0.0-1-10.pddl
Num states: 16
2023-03-04 19:13:21 INFO     Constructing InstanceData for filename /proj/ssiw/projects/code/sketch-learner/learning/d2l/benchmarks/childsnack/p-1-1.0-0.0-1-11.pddl
Num states: 16
2023-03-04 19:13:21 INFO     Constructing InstanceData for filename /proj/ssiw/projects/code/sketch-learner/learning/d2l/benchmarks/childsnack/p-1-1.0-0.0-1-12.pddl
Num states: 16
2023-03-04 19:13:22 INFO     Constructing InstanceData for filename /proj/ssiw/projects/code/sketch-learner/learning/d2l/benchmarks/childsnack/p-1-1.0-0.0-1-13.pddl
Num states: 16
2023-03-04 19:13:22 INFO     Constructing InstanceData for filename /proj/ssiw/projects/code/sketch-learner/learning/d2l/benchmarks/childsnack/p-1-1.0-0.0-1-14.pddl
Num states: 16
2023-03-04 19:13:22 INFO     Constructing InstanceData for filename /proj/ssiw/projects/code/sketch-learner/learning/d2l/benchmarks/childsnack/p-1-1.0-0.0-1-15.pddl
Num states: 16
2023-03-04 19:13:22 INFO     Constructing InstanceData for filename /proj/ssiw/projects/code/sketch-learner/learning/d2l/benchmarks/childsnack/p-1-1.0-0.0-1-16.pddl
Num states: 16
2023-03-04 19:13:22 INFO     Constructing InstanceData for filename /proj/ssiw/projects/code/sketch-learner/learning/d2l/benchmarks/childsnack/p-1-1.0-0.0-1-17.pddl
Num states: 16
2023-03-04 19:13:23 INFO     Constructing InstanceData for filename /proj/ssiw/projects/code/sketch-learner/learning/d2l/benchmarks/childsnack/p-1-1.0-0.0-1-18.pddl
Num states: 16
2023-03-04 19:13:23 INFO     Constructing InstanceData for filename /proj/ssiw/projects/code/sketch-learner/learning/d2l/benchmarks/childsnack/p-1-1.0-0.0-1-19.pddl
Num states: 16
2023-03-04 19:13:23 INFO     Constructing InstanceData for filename /proj/ssiw/projects/code/sketch-learner/learning/d2l/benchmarks/childsnack/p-1-1.0-0.0-1-20.pddl
Num states: 16
2023-03-04 19:13:23 INFO     Constructing InstanceData for filename /proj/ssiw/projects/code/sketch-learner/learning/d2l/benchmarks/childsnack/p-1-1.0-0.0-1-21.pddl
Num states: 16
2023-03-04 19:13:23 INFO     Constructing InstanceData for filename /proj/ssiw/projects/code/sketch-learner/learning/d2l/benchmarks/childsnack/p-1-1.0-0.0-1-22.pddl
Num states: 16
2023-03-04 19:13:23 INFO     Constructing InstanceData for filename /proj/ssiw/projects/code/sketch-learner/learning/d2l/benchmarks/childsnack/p-1-1.0-0.0-1-23.pddl
Num states: 16
2023-03-04 19:13:24 INFO     Constructing InstanceData for filename /proj/ssiw/projects/code/sketch-learner/learning/d2l/benchmarks/childsnack/p-1-1.0-0.0-1-24.pddl
Num states: 16
2023-03-04 19:13:24 INFO     Constructing InstanceData for filename /proj/ssiw/projects/code/sketch-learner/learning/d2l/benchmarks/childsnack/p-1-1.0-0.0-1-25.pddl
Num states: 16
2023-03-04 19:13:24 INFO     Constructing InstanceData for filename /proj/ssiw/projects/code/sketch-learner/learning/d2l/benchmarks/childsnack/p-1-1.0-0.0-1-26.pddl
Num states: 16
2023-03-04 19:13:24 INFO     Constructing InstanceData for filename /proj/ssiw/projects/code/sketch-learner/learning/d2l/benchmarks/childsnack/p-1-1.0-0.0-1-27.pddl
Num states: 16
2023-03-04 19:13:24 INFO     Constructing InstanceData for filename /proj/ssiw/projects/code/sketch-learner/learning/d2l/benchmarks/childsnack/p-1-1.0-0.0-1-28.pddl
Num states: 16
2023-03-04 19:13:25 INFO     Constructing InstanceData for filename /proj/ssiw/projects/code/sketch-learner/learning/d2l/benchmarks/childsnack/p-1-1.0-0.0-1-29.pddl
Num states: 16
2023-03-04 19:13:25 INFO     Constructing InstanceData for filename /proj/ssiw/projects/code/sketch-learner/learning/d2l/benchmarks/childsnack/p-1-1.0-0.0-2-0.pddl
Num states: 80
2023-03-04 19:13:25 INFO     Constructing InstanceData for filename /proj/ssiw/projects/code/sketch-learner/learning/d2l/benchmarks/childsnack/p-1-1.0-0.0-2-1.pddl
Num states: 80
2023-03-04 19:13:25 INFO     Constructing InstanceData for filename /proj/ssiw/projects/code/sketch-learner/learning/d2l/benchmarks/childsnack/p-1-1.0-0.0-2-2.pddl
Num states: 80
2023-03-04 19:13:25 INFO     Constructing InstanceData for filename /proj/ssiw/projects/code/sketch-learner/learning/d2l/benchmarks/childsnack/p-1-1.0-0.0-2-3.pddl
Num states: 80
2023-03-04 19:13:26 INFO     Constructing InstanceData for filename /proj/ssiw/projects/code/sketch-learner/learning/d2l/benchmarks/childsnack/p-1-1.0-0.0-2-4.pddl
Num states: 80
2023-03-04 19:13:26 INFO     Constructing InstanceData for filename /proj/ssiw/projects/code/sketch-learner/learning/d2l/benchmarks/childsnack/p-1-1.0-0.0-2-5.pddl
Num states: 80
2023-03-04 19:13:26 INFO     Constructing InstanceData for filename /proj/ssiw/projects/code/sketch-learner/learning/d2l/benchmarks/childsnack/p-1-1.0-0.0-2-6.pddl
Num states: 80
2023-03-04 19:13:26 INFO     Constructing InstanceData for filename /proj/ssiw/projects/code/sketch-learner/learning/d2l/benchmarks/childsnack/p-1-1.0-0.0-2-7.pddl
Num states: 80
2023-03-04 19:13:26 INFO     Constructing InstanceData for filename /proj/ssiw/projects/code/sketch-learner/learning/d2l/benchmarks/childsnack/p-1-1.0-0.0-2-8.pddl
Num states: 80
2023-03-04 19:13:27 INFO     Constructing InstanceData for filename /proj/ssiw/projects/code/sketch-learner/learning/d2l/benchmarks/childsnack/p-1-1.0-0.0-2-9.pddl
Num states: 80
2023-03-04 19:13:27 INFO     Constructing InstanceData for filename /proj/ssiw/projects/code/sketch-learner/learning/d2l/benchmarks/childsnack/p-1-1.0-0.0-2-10.pddl
Num states: 80
2023-03-04 19:13:27 INFO     Constructing InstanceData for filename /proj/ssiw/projects/code/sketch-learner/learning/d2l/benchmarks/childsnack/p-1-1.0-0.0-2-11.pddl
Num states: 80
2023-03-04 19:13:27 INFO     Constructing InstanceData for filename /proj/ssiw/projects/code/sketch-learner/learning/d2l/benchmarks/childsnack/p-1-1.0-0.0-2-12.pddl
Num states: 80
2023-03-04 19:13:27 INFO     Constructing InstanceData for filename /proj/ssiw/projects/code/sketch-learner/learning/d2l/benchmarks/childsnack/p-1-1.0-0.0-2-13.pddl
Num states: 80
2023-03-04 19:13:28 INFO     Constructing InstanceData for filename /proj/ssiw/projects/code/sketch-learner/learning/d2l/benchmarks/childsnack/p-1-1.0-0.0-2-14.pddl
Num states: 80
2023-03-04 19:13:28 INFO     Constructing InstanceData for filename /proj/ssiw/projects/code/sketch-learner/learning/d2l/benchmarks/childsnack/p-1-1.0-0.0-2-15.pddl
Num states: 80
2023-03-04 19:13:28 INFO     Constructing InstanceData for filename /proj/ssiw/projects/code/sketch-learner/learning/d2l/benchmarks/childsnack/p-1-1.0-0.0-2-16.pddl
Num states: 80
2023-03-04 19:13:28 INFO     Constructing InstanceData for filename /proj/ssiw/projects/code/sketch-learner/learning/d2l/benchmarks/childsnack/p-1-1.0-0.0-2-17.pddl
Num states: 80
2023-03-04 19:13:28 INFO     Constructing InstanceData for filename /proj/ssiw/projects/code/sketch-learner/learning/d2l/benchmarks/childsnack/p-1-1.0-0.0-2-18.pddl
Num states: 80
2023-03-04 19:13:29 INFO     Constructing InstanceData for filename /proj/ssiw/projects/code/sketch-learner/learning/d2l/benchmarks/childsnack/p-1-1.0-0.0-2-19.pddl
Num states: 80
2023-03-04 19:13:29 INFO     Constructing InstanceData for filename /proj/ssiw/projects/code/sketch-learner/learning/d2l/benchmarks/childsnack/p-1-1.0-0.0-2-20.pddl
Num states: 80
2023-03-04 19:13:29 INFO     Constructing InstanceData for filename /proj/ssiw/projects/code/sketch-learner/learning/d2l/benchmarks/childsnack/p-1-1.0-0.0-2-21.pddl
Num states: 80
2023-03-04 19:13:29 INFO     Constructing InstanceData for filename /proj/ssiw/projects/code/sketch-learner/learning/d2l/benchmarks/childsnack/p-1-1.0-0.0-2-22.pddl
Num states: 80
2023-03-04 19:13:29 INFO     Constructing InstanceData for filename /proj/ssiw/projects/code/sketch-learner/learning/d2l/benchmarks/childsnack/p-1-1.0-0.0-2-23.pddl
Num states: 80
2023-03-04 19:13:30 INFO     Constructing InstanceData for filename /proj/ssiw/projects/code/sketch-learner/learning/d2l/benchmarks/childsnack/p-1-1.0-0.0-2-24.pddl
Num states: 80
2023-03-04 19:13:30 INFO     Constructing InstanceData for filename /proj/ssiw/projects/code/sketch-learner/learning/d2l/benchmarks/childsnack/p-1-1.0-0.0-2-25.pddl
Num states: 80
2023-03-04 19:13:30 INFO     Constructing InstanceData for filename /proj/ssiw/projects/code/sketch-learner/learning/d2l/benchmarks/childsnack/p-1-1.0-0.0-2-26.pddl
Num states: 80
2023-03-04 19:13:30 INFO     Constructing InstanceData for filename /proj/ssiw/projects/code/sketch-learner/learning/d2l/benchmarks/childsnack/p-1-1.0-0.0-2-27.pddl
Num states: 80
2023-03-04 19:13:30 INFO     Constructing InstanceData for filename /proj/ssiw/projects/code/sketch-learner/learning/d2l/benchmarks/childsnack/p-1-1.0-0.0-2-28.pddl
Num states: 80
2023-03-04 19:13:31 INFO     Constructing InstanceData for filename /proj/ssiw/projects/code/sketch-learner/learning/d2l/benchmarks/childsnack/p-1-1.0-0.0-2-29.pddl
Num states: 80
2023-03-04 19:13:31 INFO     Constructing InstanceData for filename /proj/ssiw/projects/code/sketch-learner/learning/d2l/benchmarks/childsnack/p-1-1.0-0.5-1-0.pddl
Num states: 16
2023-03-04 19:13:31 INFO     Constructing InstanceData for filename /proj/ssiw/projects/code/sketch-learner/learning/d2l/benchmarks/childsnack/p-1-1.0-0.5-1-1.pddl
Num states: 16
2023-03-04 19:13:31 INFO     Constructing InstanceData for filename /proj/ssiw/projects/code/sketch-learner/learning/d2l/benchmarks/childsnack/p-1-1.0-0.5-1-2.pddl
Num states: 16
2023-03-04 19:13:31 INFO     Constructing InstanceData for filename /proj/ssiw/projects/code/sketch-learner/learning/d2l/benchmarks/childsnack/p-1-1.0-0.5-1-3.pddl
Num states: 16
2023-03-04 19:13:32 INFO     Constructing InstanceData for filename /proj/ssiw/projects/code/sketch-learner/learning/d2l/benchmarks/childsnack/p-1-1.0-0.5-1-4.pddl
Num states: 16
2023-03-04 19:13:32 INFO     Constructing InstanceData for filename /proj/ssiw/projects/code/sketch-learner/learning/d2l/benchmarks/childsnack/p-1-1.0-0.5-1-5.pddl
Num states: 16
2023-03-04 19:13:32 INFO     Constructing InstanceData for filename /proj/ssiw/projects/code/sketch-learner/learning/d2l/benchmarks/childsnack/p-1-1.0-0.5-1-6.pddl
Num states: 16
2023-03-04 19:13:32 INFO     Constructing InstanceData for filename /proj/ssiw/projects/code/sketch-learner/learning/d2l/benchmarks/childsnack/p-1-1.0-0.5-1-7.pddl
Num states: 16
2023-03-04 19:13:32 INFO     Constructing InstanceData for filename /proj/ssiw/projects/code/sketch-learner/learning/d2l/benchmarks/childsnack/p-1-1.0-0.5-1-8.pddl
Num states: 16
2023-03-04 19:13:33 INFO     Constructing InstanceData for filename /proj/ssiw/projects/code/sketch-learner/learning/d2l/benchmarks/childsnack/p-1-1.0-0.5-1-9.pddl
Num states: 16
2023-03-04 19:13:33 INFO     Constructing InstanceData for filename /proj/ssiw/projects/code/sketch-learner/learning/d2l/benchmarks/childsnack/p-1-1.0-0.5-1-10.pddl
Num states: 16
2023-03-04 19:13:33 INFO     Constructing InstanceData for filename /proj/ssiw/projects/code/sketch-learner/learning/d2l/benchmarks/childsnack/p-1-1.0-0.5-1-11.pddl
Num states: 16
2023-03-04 19:13:33 INFO     Constructing InstanceData for filename /proj/ssiw/projects/code/sketch-learner/learning/d2l/benchmarks/childsnack/p-1-1.0-0.5-1-12.pddl
Num states: 16
2023-03-04 19:13:33 INFO     Constructing InstanceData for filename /proj/ssiw/projects/code/sketch-learner/learning/d2l/benchmarks/childsnack/p-1-1.0-0.5-1-13.pddl
Num states: 16
2023-03-04 19:13:34 INFO     Constructing InstanceData for filename /proj/ssiw/projects/code/sketch-learner/learning/d2l/benchmarks/childsnack/p-1-1.0-0.5-1-14.pddl
Num states: 16
2023-03-04 19:13:34 INFO     Constructing InstanceData for filename /proj/ssiw/projects/code/sketch-learner/learning/d2l/benchmarks/childsnack/p-1-1.0-0.5-1-15.pddl
Num states: 16
2023-03-04 19:13:34 INFO     Constructing InstanceData for filename /proj/ssiw/projects/code/sketch-learner/learning/d2l/benchmarks/childsnack/p-1-1.0-0.5-1-16.pddl
Num states: 16
2023-03-04 19:13:34 INFO     Constructing InstanceData for filename /proj/ssiw/projects/code/sketch-learner/learning/d2l/benchmarks/childsnack/p-1-1.0-0.5-1-17.pddl
Num states: 16
2023-03-04 19:13:34 INFO     Constructing InstanceData for filename /proj/ssiw/projects/code/sketch-learner/learning/d2l/benchmarks/childsnack/p-1-1.0-0.5-1-18.pddl
Num states: 16
2023-03-04 19:13:35 INFO     Constructing InstanceData for filename /proj/ssiw/projects/code/sketch-learner/learning/d2l/benchmarks/childsnack/p-1-1.0-0.5-1-19.pddl
Num states: 16
2023-03-04 19:13:35 INFO     Constructing InstanceData for filename /proj/ssiw/projects/code/sketch-learner/learning/d2l/benchmarks/childsnack/p-1-1.0-0.5-1-20.pddl
Num states: 16
2023-03-04 19:13:35 INFO     Constructing InstanceData for filename /proj/ssiw/projects/code/sketch-learner/learning/d2l/benchmarks/childsnack/p-1-1.0-0.5-1-21.pddl
Num states: 16
2023-03-04 19:13:35 INFO     Constructing InstanceData for filename /proj/ssiw/projects/code/sketch-learner/learning/d2l/benchmarks/childsnack/p-1-1.0-0.5-1-22.pddl
Num states: 16
2023-03-04 19:13:35 INFO     Constructing InstanceData for filename /proj/ssiw/projects/code/sketch-learner/learning/d2l/benchmarks/childsnack/p-1-1.0-0.5-1-23.pddl
Num states: 16
2023-03-04 19:13:36 INFO     Constructing InstanceData for filename /proj/ssiw/projects/code/sketch-learner/learning/d2l/benchmarks/childsnack/p-1-1.0-0.5-1-24.pddl
Num states: 16
2023-03-04 19:13:36 INFO     Constructing InstanceData for filename /proj/ssiw/projects/code/sketch-learner/learning/d2l/benchmarks/childsnack/p-1-1.0-0.5-1-25.pddl
Num states: 16
2023-03-04 19:13:36 INFO     Constructing InstanceData for filename /proj/ssiw/projects/code/sketch-learner/learning/d2l/benchmarks/childsnack/p-1-1.0-0.5-1-26.pddl
Num states: 16
2023-03-04 19:13:36 INFO     Constructing InstanceData for filename /proj/ssiw/projects/code/sketch-learner/learning/d2l/benchmarks/childsnack/p-1-1.0-0.5-1-27.pddl
Num states: 16
2023-03-04 19:13:36 INFO     Constructing InstanceData for filename /proj/ssiw/projects/code/sketch-learner/learning/d2l/benchmarks/childsnack/p-1-1.0-0.5-1-28.pddl
Num states: 16
2023-03-04 19:13:37 INFO     Constructing InstanceData for filename /proj/ssiw/projects/code/sketch-learner/learning/d2l/benchmarks/childsnack/p-1-1.0-0.5-1-29.pddl
Num states: 16
2023-03-04 19:13:37 INFO     Constructing InstanceData for filename /proj/ssiw/projects/code/sketch-learner/learning/d2l/benchmarks/childsnack/p-1-1.0-0.5-2-0.pddl
Num states: 80
2023-03-04 19:13:37 INFO     Constructing InstanceData for filename /proj/ssiw/projects/code/sketch-learner/learning/d2l/benchmarks/childsnack/p-1-1.0-0.5-2-1.pddl
Num states: 80
2023-03-04 19:13:37 INFO     Constructing InstanceData for filename /proj/ssiw/projects/code/sketch-learner/learning/d2l/benchmarks/childsnack/p-1-1.0-0.5-2-2.pddl
Num states: 80
2023-03-04 19:13:37 INFO     Constructing InstanceData for filename /proj/ssiw/projects/code/sketch-learner/learning/d2l/benchmarks/childsnack/p-1-1.0-0.5-2-3.pddl
Num states: 80
2023-03-04 19:13:37 INFO     Constructing InstanceData for filename /proj/ssiw/projects/code/sketch-learner/learning/d2l/benchmarks/childsnack/p-1-1.0-0.5-2-4.pddl
Num states: 80
2023-03-04 19:13:38 INFO     Constructing InstanceData for filename /proj/ssiw/projects/code/sketch-learner/learning/d2l/benchmarks/childsnack/p-1-1.0-0.5-2-5.pddl
Num states: 80
2023-03-04 19:13:38 INFO     Constructing InstanceData for filename /proj/ssiw/projects/code/sketch-learner/learning/d2l/benchmarks/childsnack/p-1-1.0-0.5-2-6.pddl
Num states: 80
2023-03-04 19:13:38 INFO     Constructing InstanceData for filename /proj/ssiw/projects/code/sketch-learner/learning/d2l/benchmarks/childsnack/p-1-1.0-0.5-2-7.pddl
Num states: 80
2023-03-04 19:13:38 INFO     Constructing InstanceData for filename /proj/ssiw/projects/code/sketch-learner/learning/d2l/benchmarks/childsnack/p-1-1.0-0.5-2-8.pddl
Num states: 80
2023-03-04 19:13:39 INFO     Constructing InstanceData for filename /proj/ssiw/projects/code/sketch-learner/learning/d2l/benchmarks/childsnack/p-1-1.0-0.5-2-9.pddl
Num states: 80
2023-03-04 19:13:39 INFO     Constructing InstanceData for filename /proj/ssiw/projects/code/sketch-learner/learning/d2l/benchmarks/childsnack/p-1-1.0-0.5-2-10.pddl
Num states: 80
2023-03-04 19:13:39 INFO     Constructing InstanceData for filename /proj/ssiw/projects/code/sketch-learner/learning/d2l/benchmarks/childsnack/p-1-1.0-0.5-2-11.pddl
Num states: 80
2023-03-04 19:13:39 INFO     Constructing InstanceData for filename /proj/ssiw/projects/code/sketch-learner/learning/d2l/benchmarks/childsnack/p-1-1.0-0.5-2-12.pddl
Num states: 80
2023-03-04 19:13:39 INFO     Constructing InstanceData for filename /proj/ssiw/projects/code/sketch-learner/learning/d2l/benchmarks/childsnack/p-1-1.0-0.5-2-13.pddl
Num states: 80
2023-03-04 19:13:39 INFO     Constructing InstanceData for filename /proj/ssiw/projects/code/sketch-learner/learning/d2l/benchmarks/childsnack/p-1-1.0-0.5-2-14.pddl
Num states: 80
2023-03-04 19:13:40 INFO     Constructing InstanceData for filename /proj/ssiw/projects/code/sketch-learner/learning/d2l/benchmarks/childsnack/p-1-1.0-0.5-2-15.pddl
Num states: 80
2023-03-04 19:13:40 INFO     Constructing InstanceData for filename /proj/ssiw/projects/code/sketch-learner/learning/d2l/benchmarks/childsnack/p-1-1.0-0.5-2-16.pddl
Num states: 80
2023-03-04 19:13:40 INFO     Constructing InstanceData for filename /proj/ssiw/projects/code/sketch-learner/learning/d2l/benchmarks/childsnack/p-1-1.0-0.5-2-17.pddl
Num states: 80
2023-03-04 19:13:40 INFO     Constructing InstanceData for filename /proj/ssiw/projects/code/sketch-learner/learning/d2l/benchmarks/childsnack/p-1-1.0-0.5-2-18.pddl
Num states: 80
2023-03-04 19:13:40 INFO     Constructing InstanceData for filename /proj/ssiw/projects/code/sketch-learner/learning/d2l/benchmarks/childsnack/p-1-1.0-0.5-2-19.pddl
Num states: 80
2023-03-04 19:13:41 INFO     Constructing InstanceData for filename /proj/ssiw/projects/code/sketch-learner/learning/d2l/benchmarks/childsnack/p-1-1.0-0.5-2-20.pddl
Num states: 80
2023-03-04 19:13:41 INFO     Constructing InstanceData for filename /proj/ssiw/projects/code/sketch-learner/learning/d2l/benchmarks/childsnack/p-1-1.0-0.5-2-21.pddl
Num states: 80
2023-03-04 19:13:41 INFO     Constructing InstanceData for filename /proj/ssiw/projects/code/sketch-learner/learning/d2l/benchmarks/childsnack/p-1-1.0-0.5-2-22.pddl
Num states: 80
2023-03-04 19:13:41 INFO     Constructing InstanceData for filename /proj/ssiw/projects/code/sketch-learner/learning/d2l/benchmarks/childsnack/p-1-1.0-0.5-2-23.pddl
Num states: 80
2023-03-04 19:13:42 INFO     Constructing InstanceData for filename /proj/ssiw/projects/code/sketch-learner/learning/d2l/benchmarks/childsnack/p-1-1.0-0.5-2-24.pddl
Num states: 80
2023-03-04 19:13:42 INFO     Constructing InstanceData for filename /proj/ssiw/projects/code/sketch-learner/learning/d2l/benchmarks/childsnack/p-1-1.0-0.5-2-25.pddl
Num states: 80
2023-03-04 19:13:42 INFO     Constructing InstanceData for filename /proj/ssiw/projects/code/sketch-learner/learning/d2l/benchmarks/childsnack/p-1-1.0-0.5-2-26.pddl
Num states: 80
2023-03-04 19:13:42 INFO     Constructing InstanceData for filename /proj/ssiw/projects/code/sketch-learner/learning/d2l/benchmarks/childsnack/p-1-1.0-0.5-2-27.pddl
Num states: 80
2023-03-04 19:13:42 INFO     Constructing InstanceData for filename /proj/ssiw/projects/code/sketch-learner/learning/d2l/benchmarks/childsnack/p-1-1.0-0.5-2-28.pddl
Num states: 80
2023-03-04 19:13:43 INFO     Constructing InstanceData for filename /proj/ssiw/projects/code/sketch-learner/learning/d2l/benchmarks/childsnack/p-1-1.0-0.5-2-29.pddl
Num states: 80
2023-03-04 19:13:43 INFO     Constructing InstanceData for filename /proj/ssiw/projects/code/sketch-learner/learning/d2l/benchmarks/childsnack/p-1-1.0-1.0-1-0.pddl
Num states: 24
2023-03-04 19:13:43 INFO     Constructing InstanceData for filename /proj/ssiw/projects/code/sketch-learner/learning/d2l/benchmarks/childsnack/p-1-1.0-1.0-1-1.pddl
Num states: 24
2023-03-04 19:13:43 INFO     Constructing InstanceData for filename /proj/ssiw/projects/code/sketch-learner/learning/d2l/benchmarks/childsnack/p-1-1.0-1.0-1-2.pddl
Num states: 24
2023-03-04 19:13:43 INFO     Constructing InstanceData for filename /proj/ssiw/projects/code/sketch-learner/learning/d2l/benchmarks/childsnack/p-1-1.0-1.0-1-3.pddl
Num states: 24
2023-03-04 19:13:44 INFO     Constructing InstanceData for filename /proj/ssiw/projects/code/sketch-learner/learning/d2l/benchmarks/childsnack/p-1-1.0-1.0-1-4.pddl
Num states: 24
2023-03-04 19:13:44 INFO     Constructing InstanceData for filename /proj/ssiw/projects/code/sketch-learner/learning/d2l/benchmarks/childsnack/p-1-1.0-1.0-1-5.pddl
Num states: 24
2023-03-04 19:13:44 INFO     Constructing InstanceData for filename /proj/ssiw/projects/code/sketch-learner/learning/d2l/benchmarks/childsnack/p-1-1.0-1.0-1-6.pddl
Num states: 24
2023-03-04 19:13:44 INFO     Constructing InstanceData for filename /proj/ssiw/projects/code/sketch-learner/learning/d2l/benchmarks/childsnack/p-1-1.0-1.0-1-7.pddl
Num states: 24
2023-03-04 19:13:44 INFO     Constructing InstanceData for filename /proj/ssiw/projects/code/sketch-learner/learning/d2l/benchmarks/childsnack/p-1-1.0-1.0-1-8.pddl
Num states: 24
2023-03-04 19:13:45 INFO     Constructing InstanceData for filename /proj/ssiw/projects/code/sketch-learner/learning/d2l/benchmarks/childsnack/p-1-1.0-1.0-1-9.pddl
Num states: 24
2023-03-04 19:13:45 INFO     Constructing InstanceData for filename /proj/ssiw/projects/code/sketch-learner/learning/d2l/benchmarks/childsnack/p-1-1.0-1.0-1-10.pddl
Num states: 24
2023-03-04 19:13:45 INFO     Constructing InstanceData for filename /proj/ssiw/projects/code/sketch-learner/learning/d2l/benchmarks/childsnack/p-1-1.0-1.0-1-11.pddl
Num states: 24
2023-03-04 19:13:45 INFO     Constructing InstanceData for filename /proj/ssiw/projects/code/sketch-learner/learning/d2l/benchmarks/childsnack/p-1-1.0-1.0-1-12.pddl
Num states: 24
2023-03-04 19:13:45 INFO     Constructing InstanceData for filename /proj/ssiw/projects/code/sketch-learner/learning/d2l/benchmarks/childsnack/p-1-1.0-1.0-1-13.pddl
Num states: 24
2023-03-04 19:13:46 INFO     Constructing InstanceData for filename /proj/ssiw/projects/code/sketch-learner/learning/d2l/benchmarks/childsnack/p-1-1.0-1.0-1-14.pddl
Num states: 24
2023-03-04 19:13:46 INFO     Constructing InstanceData for filename /proj/ssiw/projects/code/sketch-learner/learning/d2l/benchmarks/childsnack/p-1-1.0-1.0-1-15.pddl
Num states: 24
2023-03-04 19:13:46 INFO     Constructing InstanceData for filename /proj/ssiw/projects/code/sketch-learner/learning/d2l/benchmarks/childsnack/p-1-1.0-1.0-1-16.pddl
Num states: 24
2023-03-04 19:13:46 INFO     Constructing InstanceData for filename /proj/ssiw/projects/code/sketch-learner/learning/d2l/benchmarks/childsnack/p-1-1.0-1.0-1-17.pddl
Num states: 24
2023-03-04 19:13:47 INFO     Constructing InstanceData for filename /proj/ssiw/projects/code/sketch-learner/learning/d2l/benchmarks/childsnack/p-1-1.0-1.0-1-18.pddl
Num states: 24
2023-03-04 19:13:47 INFO     Constructing InstanceData for filename /proj/ssiw/projects/code/sketch-learner/learning/d2l/benchmarks/childsnack/p-1-1.0-1.0-1-19.pddl
Num states: 24
2023-03-04 19:13:47 INFO     Constructing InstanceData for filename /proj/ssiw/projects/code/sketch-learner/learning/d2l/benchmarks/childsnack/p-1-1.0-1.0-1-20.pddl
Num states: 24
2023-03-04 19:13:47 INFO     Constructing InstanceData for filename /proj/ssiw/projects/code/sketch-learner/learning/d2l/benchmarks/childsnack/p-1-1.0-1.0-1-21.pddl
Num states: 24
2023-03-04 19:13:47 INFO     Constructing InstanceData for filename /proj/ssiw/projects/code/sketch-learner/learning/d2l/benchmarks/childsnack/p-1-1.0-1.0-1-22.pddl
Num states: 24
2023-03-04 19:13:48 INFO     Constructing InstanceData for filename /proj/ssiw/projects/code/sketch-learner/learning/d2l/benchmarks/childsnack/p-1-1.0-1.0-1-23.pddl
Num states: 24
2023-03-04 19:13:48 INFO     Constructing InstanceData for filename /proj/ssiw/projects/code/sketch-learner/learning/d2l/benchmarks/childsnack/p-1-1.0-1.0-1-24.pddl
Num states: 24
2023-03-04 19:13:48 INFO     Constructing InstanceData for filename /proj/ssiw/projects/code/sketch-learner/learning/d2l/benchmarks/childsnack/p-1-1.0-1.0-1-25.pddl
Num states: 24
2023-03-04 19:13:48 INFO     Constructing InstanceData for filename /proj/ssiw/projects/code/sketch-learner/learning/d2l/benchmarks/childsnack/p-1-1.0-1.0-1-26.pddl
Num states: 24
2023-03-04 19:13:48 INFO     Constructing InstanceData for filename /proj/ssiw/projects/code/sketch-learner/learning/d2l/benchmarks/childsnack/p-1-1.0-1.0-1-27.pddl
Num states: 24
2023-03-04 19:13:49 INFO     Constructing InstanceData for filename /proj/ssiw/projects/code/sketch-learner/learning/d2l/benchmarks/childsnack/p-1-1.0-1.0-1-28.pddl
Num states: 24
2023-03-04 19:13:49 INFO     Constructing InstanceData for filename /proj/ssiw/projects/code/sketch-learner/learning/d2l/benchmarks/childsnack/p-1-1.0-1.0-1-29.pddl
Num states: 24
2023-03-04 19:13:49 INFO     Constructing InstanceData for filename /proj/ssiw/projects/code/sketch-learner/learning/d2l/benchmarks/childsnack/p-1-1.0-1.0-2-0.pddl
Num states: 128
2023-03-04 19:13:49 INFO     Constructing InstanceData for filename /proj/ssiw/projects/code/sketch-learner/learning/d2l/benchmarks/childsnack/p-1-1.0-1.0-2-1.pddl
Num states: 128
2023-03-04 19:13:49 INFO     Constructing InstanceData for filename /proj/ssiw/projects/code/sketch-learner/learning/d2l/benchmarks/childsnack/p-1-1.0-1.0-2-2.pddl
Num states: 128
2023-03-04 19:13:50 INFO     Constructing InstanceData for filename /proj/ssiw/projects/code/sketch-learner/learning/d2l/benchmarks/childsnack/p-1-1.0-1.0-2-3.pddl
Num states: 128
2023-03-04 19:13:50 INFO     Constructing InstanceData for filename /proj/ssiw/projects/code/sketch-learner/learning/d2l/benchmarks/childsnack/p-1-1.0-1.0-2-4.pddl
Num states: 128
2023-03-04 19:13:50 INFO     Constructing InstanceData for filename /proj/ssiw/projects/code/sketch-learner/learning/d2l/benchmarks/childsnack/p-1-1.0-1.0-2-5.pddl
Num states: 128
2023-03-04 19:13:50 INFO     Constructing InstanceData for filename /proj/ssiw/projects/code/sketch-learner/learning/d2l/benchmarks/childsnack/p-1-1.0-1.0-2-6.pddl
Num states: 128
2023-03-04 19:13:51 INFO     Constructing InstanceData for filename /proj/ssiw/projects/code/sketch-learner/learning/d2l/benchmarks/childsnack/p-1-1.0-1.0-2-7.pddl
Num states: 128
2023-03-04 19:13:51 INFO     Constructing InstanceData for filename /proj/ssiw/projects/code/sketch-learner/learning/d2l/benchmarks/childsnack/p-1-1.0-1.0-2-8.pddl
Num states: 128
2023-03-04 19:13:51 INFO     Constructing InstanceData for filename /proj/ssiw/projects/code/sketch-learner/learning/d2l/benchmarks/childsnack/p-1-1.0-1.0-2-9.pddl
Num states: 128
2023-03-04 19:13:51 INFO     Constructing InstanceData for filename /proj/ssiw/projects/code/sketch-learner/learning/d2l/benchmarks/childsnack/p-1-1.0-1.0-2-10.pddl
Num states: 128
2023-03-04 19:13:51 INFO     Constructing InstanceData for filename /proj/ssiw/projects/code/sketch-learner/learning/d2l/benchmarks/childsnack/p-1-1.0-1.0-2-11.pddl
Num states: 128
2023-03-04 19:13:52 INFO     Constructing InstanceData for filename /proj/ssiw/projects/code/sketch-learner/learning/d2l/benchmarks/childsnack/p-1-1.0-1.0-2-12.pddl
Num states: 128
2023-03-04 19:13:52 INFO     Constructing InstanceData for filename /proj/ssiw/projects/code/sketch-learner/learning/d2l/benchmarks/childsnack/p-1-1.0-1.0-2-13.pddl
Num states: 128
2023-03-04 19:13:52 INFO     Constructing InstanceData for filename /proj/ssiw/projects/code/sketch-learner/learning/d2l/benchmarks/childsnack/p-1-1.0-1.0-2-14.pddl
Num states: 128
2023-03-04 19:13:52 INFO     Constructing InstanceData for filename /proj/ssiw/projects/code/sketch-learner/learning/d2l/benchmarks/childsnack/p-1-1.0-1.0-2-15.pddl
Num states: 128
2023-03-04 19:13:52 INFO     Constructing InstanceData for filename /proj/ssiw/projects/code/sketch-learner/learning/d2l/benchmarks/childsnack/p-1-1.0-1.0-2-16.pddl
Num states: 128
2023-03-04 19:13:53 INFO     Constructing InstanceData for filename /proj/ssiw/projects/code/sketch-learner/learning/d2l/benchmarks/childsnack/p-1-1.0-1.0-2-17.pddl
Num states: 128
2023-03-04 19:13:53 INFO     Constructing InstanceData for filename /proj/ssiw/projects/code/sketch-learner/learning/d2l/benchmarks/childsnack/p-1-1.0-1.0-2-18.pddl
Num states: 128
2023-03-04 19:13:53 INFO     Constructing InstanceData for filename /proj/ssiw/projects/code/sketch-learner/learning/d2l/benchmarks/childsnack/p-1-1.0-1.0-2-19.pddl
Num states: 128
2023-03-04 19:13:53 INFO     Constructing InstanceData for filename /proj/ssiw/projects/code/sketch-learner/learning/d2l/benchmarks/childsnack/p-1-1.0-1.0-2-20.pddl
Num states: 128
2023-03-04 19:13:53 INFO     Constructing InstanceData for filename /proj/ssiw/projects/code/sketch-learner/learning/d2l/benchmarks/childsnack/p-1-1.0-1.0-2-21.pddl
Num states: 128
2023-03-04 19:13:54 INFO     Constructing InstanceData for filename /proj/ssiw/projects/code/sketch-learner/learning/d2l/benchmarks/childsnack/p-1-1.0-1.0-2-22.pddl
Num states: 128
2023-03-04 19:13:54 INFO     Constructing InstanceData for filename /proj/ssiw/projects/code/sketch-learner/learning/d2l/benchmarks/childsnack/p-1-1.0-1.0-2-23.pddl
Num states: 128
2023-03-04 19:13:54 INFO     Constructing InstanceData for filename /proj/ssiw/projects/code/sketch-learner/learning/d2l/benchmarks/childsnack/p-1-1.0-1.0-2-24.pddl
Num states: 128
2023-03-04 19:13:54 INFO     Constructing InstanceData for filename /proj/ssiw/projects/code/sketch-learner/learning/d2l/benchmarks/childsnack/p-1-1.0-1.0-2-25.pddl
Num states: 128
2023-03-04 19:13:54 INFO     Constructing InstanceData for filename /proj/ssiw/projects/code/sketch-learner/learning/d2l/benchmarks/childsnack/p-1-1.0-1.0-2-26.pddl
Num states: 128
2023-03-04 19:13:55 INFO     Constructing InstanceData for filename /proj/ssiw/projects/code/sketch-learner/learning/d2l/benchmarks/childsnack/p-1-1.0-1.0-2-27.pddl
Num states: 128
2023-03-04 19:13:55 INFO     Constructing InstanceData for filename /proj/ssiw/projects/code/sketch-learner/learning/d2l/benchmarks/childsnack/p-1-1.0-1.0-2-28.pddl
Num states: 128
2023-03-04 19:13:55 INFO     Constructing InstanceData for filename /proj/ssiw/projects/code/sketch-learner/learning/d2l/benchmarks/childsnack/p-1-1.0-1.0-2-29.pddl
Num states: 128
2023-03-04 19:13:55 INFO     Constructing InstanceData for filename /proj/ssiw/projects/code/sketch-learner/learning/d2l/benchmarks/childsnack/p-2-1.0-0.0-1-0.pddl
Num states: 192
2023-03-04 19:13:55 INFO     Constructing InstanceData for filename /proj/ssiw/projects/code/sketch-learner/learning/d2l/benchmarks/childsnack/p-2-1.0-0.0-1-1.pddl
Num states: 192
2023-03-04 19:13:56 INFO     Constructing InstanceData for filename /proj/ssiw/projects/code/sketch-learner/learning/d2l/benchmarks/childsnack/p-2-1.0-0.0-1-2.pddl
Num states: 192
2023-03-04 19:13:56 INFO     Constructing InstanceData for filename /proj/ssiw/projects/code/sketch-learner/learning/d2l/benchmarks/childsnack/p-2-1.0-0.0-1-3.pddl
Num states: 192
2023-03-04 19:13:56 INFO     Constructing InstanceData for filename /proj/ssiw/projects/code/sketch-learner/learning/d2l/benchmarks/childsnack/p-2-1.0-0.0-1-4.pddl
Num states: 192
2023-03-04 19:13:56 INFO     Constructing InstanceData for filename /proj/ssiw/projects/code/sketch-learner/learning/d2l/benchmarks/childsnack/p-2-1.0-0.0-1-5.pddl
Num states: 192
2023-03-04 19:13:56 INFO     Constructing InstanceData for filename /proj/ssiw/projects/code/sketch-learner/learning/d2l/benchmarks/childsnack/p-2-1.0-0.0-1-6.pddl
Num states: 192
2023-03-04 19:13:57 INFO     Constructing InstanceData for filename /proj/ssiw/projects/code/sketch-learner/learning/d2l/benchmarks/childsnack/p-2-1.0-0.0-1-7.pddl
Num states: 192
2023-03-04 19:13:57 INFO     Constructing InstanceData for filename /proj/ssiw/projects/code/sketch-learner/learning/d2l/benchmarks/childsnack/p-2-1.0-0.0-1-8.pddl
Num states: 192
2023-03-04 19:13:57 INFO     Constructing InstanceData for filename /proj/ssiw/projects/code/sketch-learner/learning/d2l/benchmarks/childsnack/p-2-1.0-0.0-1-9.pddl
Num states: 192
2023-03-04 19:13:57 INFO     Constructing InstanceData for filename /proj/ssiw/projects/code/sketch-learner/learning/d2l/benchmarks/childsnack/p-2-1.0-0.0-1-10.pddl
Num states: 192
2023-03-04 19:13:57 INFO     Constructing InstanceData for filename /proj/ssiw/projects/code/sketch-learner/learning/d2l/benchmarks/childsnack/p-2-1.0-0.0-1-11.pddl
Num states: 192
2023-03-04 19:13:58 INFO     Constructing InstanceData for filename /proj/ssiw/projects/code/sketch-learner/learning/d2l/benchmarks/childsnack/p-2-1.0-0.0-1-12.pddl
Num states: 192
2023-03-04 19:13:58 INFO     Constructing InstanceData for filename /proj/ssiw/projects/code/sketch-learner/learning/d2l/benchmarks/childsnack/p-2-1.0-0.0-1-13.pddl
Num states: 192
2023-03-04 19:13:58 INFO     Constructing InstanceData for filename /proj/ssiw/projects/code/sketch-learner/learning/d2l/benchmarks/childsnack/p-2-1.0-0.0-1-14.pddl
Num states: 192
2023-03-04 19:13:58 INFO     Constructing InstanceData for filename /proj/ssiw/projects/code/sketch-learner/learning/d2l/benchmarks/childsnack/p-2-1.0-0.0-1-15.pddl
Num states: 192
2023-03-04 19:13:58 INFO     Constructing InstanceData for filename /proj/ssiw/projects/code/sketch-learner/learning/d2l/benchmarks/childsnack/p-2-1.0-0.0-1-16.pddl
Num states: 192
2023-03-04 19:13:59 INFO     Constructing InstanceData for filename /proj/ssiw/projects/code/sketch-learner/learning/d2l/benchmarks/childsnack/p-2-1.0-0.0-1-17.pddl
Num states: 192
2023-03-04 19:13:59 INFO     Constructing InstanceData for filename /proj/ssiw/projects/code/sketch-learner/learning/d2l/benchmarks/childsnack/p-2-1.0-0.0-1-18.pddl
Num states: 192
2023-03-04 19:13:59 INFO     Constructing InstanceData for filename /proj/ssiw/projects/code/sketch-learner/learning/d2l/benchmarks/childsnack/p-2-1.0-0.0-1-19.pddl
Num states: 192
2023-03-04 19:13:59 INFO     Constructing InstanceData for filename /proj/ssiw/projects/code/sketch-learner/learning/d2l/benchmarks/childsnack/p-2-1.0-0.0-1-20.pddl
Num states: 192
2023-03-04 19:13:59 INFO     Constructing InstanceData for filename /proj/ssiw/projects/code/sketch-learner/learning/d2l/benchmarks/childsnack/p-2-1.0-0.0-1-21.pddl
Num states: 192
2023-03-04 19:14:00 INFO     Constructing InstanceData for filename /proj/ssiw/projects/code/sketch-learner/learning/d2l/benchmarks/childsnack/p-2-1.0-0.0-1-22.pddl
Num states: 192
2023-03-04 19:14:00 INFO     Constructing InstanceData for filename /proj/ssiw/projects/code/sketch-learner/learning/d2l/benchmarks/childsnack/p-2-1.0-0.0-1-23.pddl
Num states: 192
2023-03-04 19:14:00 INFO     Constructing InstanceData for filename /proj/ssiw/projects/code/sketch-learner/learning/d2l/benchmarks/childsnack/p-2-1.0-0.0-1-24.pddl
Num states: 192
2023-03-04 19:14:00 INFO     Constructing InstanceData for filename /proj/ssiw/projects/code/sketch-learner/learning/d2l/benchmarks/childsnack/p-2-1.0-0.0-1-25.pddl
Num states: 192
2023-03-04 19:14:00 INFO     Constructing InstanceData for filename /proj/ssiw/projects/code/sketch-learner/learning/d2l/benchmarks/childsnack/p-2-1.0-0.0-1-26.pddl
Num states: 192
2023-03-04 19:14:01 INFO     Constructing InstanceData for filename /proj/ssiw/projects/code/sketch-learner/learning/d2l/benchmarks/childsnack/p-2-1.0-0.0-1-27.pddl
Num states: 192
2023-03-04 19:14:01 INFO     Constructing InstanceData for filename /proj/ssiw/projects/code/sketch-learner/learning/d2l/benchmarks/childsnack/p-2-1.0-0.0-1-28.pddl
Num states: 192
2023-03-04 19:14:01 INFO     Constructing InstanceData for filename /proj/ssiw/projects/code/sketch-learner/learning/d2l/benchmarks/childsnack/p-2-1.0-0.0-1-29.pddl
Num states: 192
2023-03-04 19:14:01 INFO     Constructing InstanceData for filename /proj/ssiw/projects/code/sketch-learner/learning/d2l/benchmarks/childsnack/p-2-1.0-0.0-2-0.pddl
Num states: 1040
2023-03-04 19:14:02 INFO     Constructing InstanceData for filename /proj/ssiw/projects/code/sketch-learner/learning/d2l/benchmarks/childsnack/p-2-1.0-0.0-2-1.pddl
Num states: 1040
2023-03-04 19:14:02 INFO     Constructing InstanceData for filename /proj/ssiw/projects/code/sketch-learner/learning/d2l/benchmarks/childsnack/p-2-1.0-0.0-2-2.pddl
Num states: 1040
2023-03-04 19:14:02 INFO     Constructing InstanceData for filename /proj/ssiw/projects/code/sketch-learner/learning/d2l/benchmarks/childsnack/p-2-1.0-0.0-2-3.pddl
Num states: 1040
2023-03-04 19:14:02 INFO     Constructing InstanceData for filename /proj/ssiw/projects/code/sketch-learner/learning/d2l/benchmarks/childsnack/p-2-1.0-0.0-2-4.pddl
Num states: 1040
2023-03-04 19:14:02 INFO     Constructing InstanceData for filename /proj/ssiw/projects/code/sketch-learner/learning/d2l/benchmarks/childsnack/p-2-1.0-0.0-2-5.pddl
Num states: 1040
2023-03-04 19:14:03 INFO     Constructing InstanceData for filename /proj/ssiw/projects/code/sketch-learner/learning/d2l/benchmarks/childsnack/p-2-1.0-0.0-2-6.pddl
Num states: 1040
2023-03-04 19:14:03 INFO     Constructing InstanceData for filename /proj/ssiw/projects/code/sketch-learner/learning/d2l/benchmarks/childsnack/p-2-1.0-0.0-2-7.pddl
Num states: 1040
2023-03-04 19:14:03 INFO     Constructing InstanceData for filename /proj/ssiw/projects/code/sketch-learner/learning/d2l/benchmarks/childsnack/p-2-1.0-0.0-2-8.pddl
Num states: 1040
2023-03-04 19:14:03 INFO     Constructing InstanceData for filename /proj/ssiw/projects/code/sketch-learner/learning/d2l/benchmarks/childsnack/p-2-1.0-0.0-2-9.pddl
Num states: 1040
2023-03-04 19:14:04 INFO     Constructing InstanceData for filename /proj/ssiw/projects/code/sketch-learner/learning/d2l/benchmarks/childsnack/p-2-1.0-0.0-2-10.pddl
Num states: 1040
2023-03-04 19:14:04 INFO     Constructing InstanceData for filename /proj/ssiw/projects/code/sketch-learner/learning/d2l/benchmarks/childsnack/p-2-1.0-0.0-2-11.pddl
Num states: 1040
2023-03-04 19:14:04 INFO     Constructing InstanceData for filename /proj/ssiw/projects/code/sketch-learner/learning/d2l/benchmarks/childsnack/p-2-1.0-0.0-2-12.pddl
Num states: 1040
2023-03-04 19:14:04 INFO     Constructing InstanceData for filename /proj/ssiw/projects/code/sketch-learner/learning/d2l/benchmarks/childsnack/p-2-1.0-0.0-2-13.pddl
Num states: 1040
2023-03-04 19:14:05 INFO     Constructing InstanceData for filename /proj/ssiw/projects/code/sketch-learner/learning/d2l/benchmarks/childsnack/p-2-1.0-0.0-2-14.pddl
Num states: 1040
2023-03-04 19:14:05 INFO     Constructing InstanceData for filename /proj/ssiw/projects/code/sketch-learner/learning/d2l/benchmarks/childsnack/p-2-1.0-0.0-2-15.pddl
Num states: 1040
2023-03-04 19:14:05 INFO     Constructing InstanceData for filename /proj/ssiw/projects/code/sketch-learner/learning/d2l/benchmarks/childsnack/p-2-1.0-0.0-2-16.pddl
Num states: 1040
2023-03-04 19:14:05 INFO     Constructing InstanceData for filename /proj/ssiw/projects/code/sketch-learner/learning/d2l/benchmarks/childsnack/p-2-1.0-0.0-2-17.pddl
Num states: 1040
2023-03-04 19:14:05 INFO     Constructing InstanceData for filename /proj/ssiw/projects/code/sketch-learner/learning/d2l/benchmarks/childsnack/p-2-1.0-0.0-2-18.pddl
Num states: 1040
2023-03-04 19:14:06 INFO     Constructing InstanceData for filename /proj/ssiw/projects/code/sketch-learner/learning/d2l/benchmarks/childsnack/p-2-1.0-0.0-2-19.pddl
Num states: 1040
2023-03-04 19:14:06 INFO     Constructing InstanceData for filename /proj/ssiw/projects/code/sketch-learner/learning/d2l/benchmarks/childsnack/p-2-1.0-0.0-2-20.pddl
Num states: 1040
2023-03-04 19:14:06 INFO     Constructing InstanceData for filename /proj/ssiw/projects/code/sketch-learner/learning/d2l/benchmarks/childsnack/p-2-1.0-0.0-2-21.pddl
Num states: 1040
2023-03-04 19:14:06 INFO     Constructing InstanceData for filename /proj/ssiw/projects/code/sketch-learner/learning/d2l/benchmarks/childsnack/p-2-1.0-0.0-2-22.pddl
Num states: 1040
2023-03-04 19:14:07 INFO     Constructing InstanceData for filename /proj/ssiw/projects/code/sketch-learner/learning/d2l/benchmarks/childsnack/p-2-1.0-0.0-2-23.pddl
Num states: 1040
2023-03-04 19:14:07 INFO     Constructing InstanceData for filename /proj/ssiw/projects/code/sketch-learner/learning/d2l/benchmarks/childsnack/p-2-1.0-0.0-2-24.pddl
Num states: 1040
2023-03-04 19:14:07 INFO     Constructing InstanceData for filename /proj/ssiw/projects/code/sketch-learner/learning/d2l/benchmarks/childsnack/p-2-1.0-0.0-2-25.pddl
Num states: 1040
2023-03-04 19:14:07 INFO     Constructing InstanceData for filename /proj/ssiw/projects/code/sketch-learner/learning/d2l/benchmarks/childsnack/p-2-1.0-0.0-2-26.pddl
Num states: 1040
2023-03-04 19:14:07 INFO     Constructing InstanceData for filename /proj/ssiw/projects/code/sketch-learner/learning/d2l/benchmarks/childsnack/p-2-1.0-0.0-2-27.pddl
Num states: 1040
2023-03-04 19:14:08 INFO     Constructing InstanceData for filename /proj/ssiw/projects/code/sketch-learner/learning/d2l/benchmarks/childsnack/p-2-1.0-0.0-2-28.pddl
Num states: 1040
2023-03-04 19:14:08 INFO     Constructing InstanceData for filename /proj/ssiw/projects/code/sketch-learner/learning/d2l/benchmarks/childsnack/p-2-1.0-0.0-2-29.pddl
Num states: 1040
2023-03-04 19:14:08 INFO     Constructing InstanceData for filename /proj/ssiw/projects/code/sketch-learner/learning/d2l/benchmarks/childsnack/p-2-1.0-0.5-1-0.pddl
Num states: 264
2023-03-04 19:14:08 INFO     Constructing InstanceData for filename /proj/ssiw/projects/code/sketch-learner/learning/d2l/benchmarks/childsnack/p-2-1.0-0.5-1-1.pddl
Num states: 264
2023-03-04 19:14:09 INFO     Constructing InstanceData for filename /proj/ssiw/projects/code/sketch-learner/learning/d2l/benchmarks/childsnack/p-2-1.0-0.5-1-2.pddl
Num states: 264
2023-03-04 19:14:09 INFO     Constructing InstanceData for filename /proj/ssiw/projects/code/sketch-learner/learning/d2l/benchmarks/childsnack/p-2-1.0-0.5-1-3.pddl
Num states: 264
2023-03-04 19:14:09 INFO     Constructing InstanceData for filename /proj/ssiw/projects/code/sketch-learner/learning/d2l/benchmarks/childsnack/p-2-1.0-0.5-1-4.pddl
Num states: 264
2023-03-04 19:14:09 INFO     Constructing InstanceData for filename /proj/ssiw/projects/code/sketch-learner/learning/d2l/benchmarks/childsnack/p-2-1.0-0.5-1-5.pddl
Num states: 264
2023-03-04 19:14:09 INFO     Constructing InstanceData for filename /proj/ssiw/projects/code/sketch-learner/learning/d2l/benchmarks/childsnack/p-2-1.0-0.5-1-6.pddl
Num states: 264
2023-03-04 19:14:10 INFO     Constructing InstanceData for filename /proj/ssiw/projects/code/sketch-learner/learning/d2l/benchmarks/childsnack/p-2-1.0-0.5-1-7.pddl
Num states: 264
2023-03-04 19:14:10 INFO     Constructing InstanceData for filename /proj/ssiw/projects/code/sketch-learner/learning/d2l/benchmarks/childsnack/p-2-1.0-0.5-1-8.pddl
Num states: 264
2023-03-04 19:14:10 INFO     Constructing InstanceData for filename /proj/ssiw/projects/code/sketch-learner/learning/d2l/benchmarks/childsnack/p-2-1.0-0.5-1-9.pddl
Num states: 264
2023-03-04 19:14:10 INFO     Constructing InstanceData for filename /proj/ssiw/projects/code/sketch-learner/learning/d2l/benchmarks/childsnack/p-2-1.0-0.5-1-10.pddl
Num states: 264
2023-03-04 19:14:11 INFO     Constructing InstanceData for filename /proj/ssiw/projects/code/sketch-learner/learning/d2l/benchmarks/childsnack/p-2-1.0-0.5-1-11.pddl
Num states: 264
2023-03-04 19:14:11 INFO     Constructing InstanceData for filename /proj/ssiw/projects/code/sketch-learner/learning/d2l/benchmarks/childsnack/p-2-1.0-0.5-1-12.pddl
Num states: 264
2023-03-04 19:14:11 INFO     Constructing InstanceData for filename /proj/ssiw/projects/code/sketch-learner/learning/d2l/benchmarks/childsnack/p-2-1.0-0.5-1-13.pddl
Num states: 264
2023-03-04 19:14:11 INFO     Constructing InstanceData for filename /proj/ssiw/projects/code/sketch-learner/learning/d2l/benchmarks/childsnack/p-2-1.0-0.5-1-14.pddl
Num states: 264
2023-03-04 19:14:11 INFO     Constructing InstanceData for filename /proj/ssiw/projects/code/sketch-learner/learning/d2l/benchmarks/childsnack/p-2-1.0-0.5-1-15.pddl
Num states: 264
2023-03-04 19:14:12 INFO     Constructing InstanceData for filename /proj/ssiw/projects/code/sketch-learner/learning/d2l/benchmarks/childsnack/p-2-1.0-0.5-1-16.pddl
Num states: 264
2023-03-04 19:14:12 INFO     Constructing InstanceData for filename /proj/ssiw/projects/code/sketch-learner/learning/d2l/benchmarks/childsnack/p-2-1.0-0.5-1-17.pddl
Num states: 264
2023-03-04 19:14:12 INFO     Constructing InstanceData for filename /proj/ssiw/projects/code/sketch-learner/learning/d2l/benchmarks/childsnack/p-2-1.0-0.5-1-18.pddl
Num states: 264
2023-03-04 19:14:12 INFO     Constructing InstanceData for filename /proj/ssiw/projects/code/sketch-learner/learning/d2l/benchmarks/childsnack/p-2-1.0-0.5-1-19.pddl
Num states: 264
2023-03-04 19:14:12 INFO     Constructing InstanceData for filename /proj/ssiw/projects/code/sketch-learner/learning/d2l/benchmarks/childsnack/p-2-1.0-0.5-1-20.pddl
Num states: 264
2023-03-04 19:14:13 INFO     Constructing InstanceData for filename /proj/ssiw/projects/code/sketch-learner/learning/d2l/benchmarks/childsnack/p-2-1.0-0.5-1-21.pddl
Num states: 264
2023-03-04 19:14:13 INFO     Constructing InstanceData for filename /proj/ssiw/projects/code/sketch-learner/learning/d2l/benchmarks/childsnack/p-2-1.0-0.5-1-22.pddl
Num states: 264
2023-03-04 19:14:13 INFO     Constructing InstanceData for filename /proj/ssiw/projects/code/sketch-learner/learning/d2l/benchmarks/childsnack/p-2-1.0-0.5-1-23.pddl
Num states: 264
2023-03-04 19:14:13 INFO     Constructing InstanceData for filename /proj/ssiw/projects/code/sketch-learner/learning/d2l/benchmarks/childsnack/p-2-1.0-0.5-1-24.pddl
Num states: 264
2023-03-04 19:14:14 INFO     Constructing InstanceData for filename /proj/ssiw/projects/code/sketch-learner/learning/d2l/benchmarks/childsnack/p-2-1.0-0.5-1-25.pddl
Num states: 264
2023-03-04 19:14:14 INFO     Constructing InstanceData for filename /proj/ssiw/projects/code/sketch-learner/learning/d2l/benchmarks/childsnack/p-2-1.0-0.5-1-26.pddl
Num states: 264
2023-03-04 19:14:14 INFO     Constructing InstanceData for filename /proj/ssiw/projects/code/sketch-learner/learning/d2l/benchmarks/childsnack/p-2-1.0-0.5-1-27.pddl
Num states: 264
2023-03-04 19:14:14 INFO     Constructing InstanceData for filename /proj/ssiw/projects/code/sketch-learner/learning/d2l/benchmarks/childsnack/p-2-1.0-0.5-1-28.pddl
Num states: 264
2023-03-04 19:14:14 INFO     Constructing InstanceData for filename /proj/ssiw/projects/code/sketch-learner/learning/d2l/benchmarks/childsnack/p-2-1.0-0.5-1-29.pddl
Num states: 264
2023-03-04 19:14:15 INFO     Constructing InstanceData for filename /proj/ssiw/projects/code/sketch-learner/learning/d2l/benchmarks/childsnack/p-2-1.0-0.5-2-0.pddl
Num states: 1584
2023-03-04 19:14:15 INFO     Constructing InstanceData for filename /proj/ssiw/projects/code/sketch-learner/learning/d2l/benchmarks/childsnack/p-2-1.0-0.5-2-1.pddl
Num states: 1584
2023-03-04 19:14:15 INFO     Constructing InstanceData for filename /proj/ssiw/projects/code/sketch-learner/learning/d2l/benchmarks/childsnack/p-2-1.0-0.5-2-2.pddl
Num states: 1584
2023-03-04 19:14:15 INFO     Constructing InstanceData for filename /proj/ssiw/projects/code/sketch-learner/learning/d2l/benchmarks/childsnack/p-2-1.0-0.5-2-3.pddl
Num states: 1584
2023-03-04 19:14:16 INFO     Constructing InstanceData for filename /proj/ssiw/projects/code/sketch-learner/learning/d2l/benchmarks/childsnack/p-2-1.0-0.5-2-4.pddl
Num states: 1584
2023-03-04 19:14:16 INFO     Constructing InstanceData for filename /proj/ssiw/projects/code/sketch-learner/learning/d2l/benchmarks/childsnack/p-2-1.0-0.5-2-5.pddl
Num states: 1584
2023-03-04 19:14:16 INFO     Constructing InstanceData for filename /proj/ssiw/projects/code/sketch-learner/learning/d2l/benchmarks/childsnack/p-2-1.0-0.5-2-6.pddl
Num states: 1584
2023-03-04 19:14:16 INFO     Constructing InstanceData for filename /proj/ssiw/projects/code/sketch-learner/learning/d2l/benchmarks/childsnack/p-2-1.0-0.5-2-7.pddl
Num states: 1584
2023-03-04 19:14:16 INFO     Constructing InstanceData for filename /proj/ssiw/projects/code/sketch-learner/learning/d2l/benchmarks/childsnack/p-2-1.0-0.5-2-8.pddl
Num states: 1584
2023-03-04 19:14:17 INFO     Constructing InstanceData for filename /proj/ssiw/projects/code/sketch-learner/learning/d2l/benchmarks/childsnack/p-2-1.0-0.5-2-9.pddl
Num states: 1584
2023-03-04 19:14:17 INFO     Constructing InstanceData for filename /proj/ssiw/projects/code/sketch-learner/learning/d2l/benchmarks/childsnack/p-2-1.0-0.5-2-10.pddl
Num states: 1584
2023-03-04 19:14:17 INFO     Constructing InstanceData for filename /proj/ssiw/projects/code/sketch-learner/learning/d2l/benchmarks/childsnack/p-2-1.0-0.5-2-11.pddl
Num states: 1584
2023-03-04 19:14:17 INFO     Constructing InstanceData for filename /proj/ssiw/projects/code/sketch-learner/learning/d2l/benchmarks/childsnack/p-2-1.0-0.5-2-12.pddl
Num states: 1584
2023-03-04 19:14:18 INFO     Constructing InstanceData for filename /proj/ssiw/projects/code/sketch-learner/learning/d2l/benchmarks/childsnack/p-2-1.0-0.5-2-13.pddl
Num states: 1584
2023-03-04 19:14:18 INFO     Constructing InstanceData for filename /proj/ssiw/projects/code/sketch-learner/learning/d2l/benchmarks/childsnack/p-2-1.0-0.5-2-14.pddl
Num states: 1584
2023-03-04 19:14:18 INFO     Constructing InstanceData for filename /proj/ssiw/projects/code/sketch-learner/learning/d2l/benchmarks/childsnack/p-2-1.0-0.5-2-15.pddl
Num states: 1584
2023-03-04 19:14:18 INFO     Constructing InstanceData for filename /proj/ssiw/projects/code/sketch-learner/learning/d2l/benchmarks/childsnack/p-2-1.0-0.5-2-16.pddl
Num states: 1584
2023-03-04 19:14:19 INFO     Constructing InstanceData for filename /proj/ssiw/projects/code/sketch-learner/learning/d2l/benchmarks/childsnack/p-2-1.0-0.5-2-17.pddl
Num states: 1584
2023-03-04 19:14:19 INFO     Constructing InstanceData for filename /proj/ssiw/projects/code/sketch-learner/learning/d2l/benchmarks/childsnack/p-2-1.0-0.5-2-18.pddl
Num states: 1584
2023-03-04 19:14:19 INFO     Constructing InstanceData for filename /proj/ssiw/projects/code/sketch-learner/learning/d2l/benchmarks/childsnack/p-2-1.0-0.5-2-19.pddl
Num states: 1584
2023-03-04 19:14:19 INFO     Constructing InstanceData for filename /proj/ssiw/projects/code/sketch-learner/learning/d2l/benchmarks/childsnack/p-2-1.0-0.5-2-20.pddl
Num states: 1584
2023-03-04 19:14:20 INFO     Constructing InstanceData for filename /proj/ssiw/projects/code/sketch-learner/learning/d2l/benchmarks/childsnack/p-2-1.0-0.5-2-21.pddl
Num states: 1584
2023-03-04 19:14:20 INFO     Constructing InstanceData for filename /proj/ssiw/projects/code/sketch-learner/learning/d2l/benchmarks/childsnack/p-2-1.0-0.5-2-22.pddl
Num states: 1584
2023-03-04 19:14:20 INFO     Constructing InstanceData for filename /proj/ssiw/projects/code/sketch-learner/learning/d2l/benchmarks/childsnack/p-2-1.0-0.5-2-23.pddl
Num states: 1584
2023-03-04 19:14:20 INFO     Constructing InstanceData for filename /proj/ssiw/projects/code/sketch-learner/learning/d2l/benchmarks/childsnack/p-2-1.0-0.5-2-24.pddl
Num states: 1584
2023-03-04 19:14:21 INFO     Constructing InstanceData for filename /proj/ssiw/projects/code/sketch-learner/learning/d2l/benchmarks/childsnack/p-2-1.0-0.5-2-25.pddl
Num states: 1584
2023-03-04 19:14:21 INFO     Constructing InstanceData for filename /proj/ssiw/projects/code/sketch-learner/learning/d2l/benchmarks/childsnack/p-2-1.0-0.5-2-26.pddl
Num states: 1584
2023-03-04 19:14:21 INFO     Constructing InstanceData for filename /proj/ssiw/projects/code/sketch-learner/learning/d2l/benchmarks/childsnack/p-2-1.0-0.5-2-27.pddl
Num states: 1584
2023-03-04 19:14:21 INFO     Constructing InstanceData for filename /proj/ssiw/projects/code/sketch-learner/learning/d2l/benchmarks/childsnack/p-2-1.0-0.5-2-28.pddl
Num states: 1584
2023-03-04 19:14:22 INFO     Constructing InstanceData for filename /proj/ssiw/projects/code/sketch-learner/learning/d2l/benchmarks/childsnack/p-2-1.0-0.5-2-29.pddl
Num states: 1584
2023-03-04 19:14:22 INFO     Constructing InstanceData for filename /proj/ssiw/projects/code/sketch-learner/learning/d2l/benchmarks/childsnack/p-2-1.0-1.0-1-0.pddl
Num states: 336
2023-03-04 19:14:22 INFO     Constructing InstanceData for filename /proj/ssiw/projects/code/sketch-learner/learning/d2l/benchmarks/childsnack/p-2-1.0-1.0-1-1.pddl
Num states: 336
2023-03-04 19:14:22 INFO     Constructing InstanceData for filename /proj/ssiw/projects/code/sketch-learner/learning/d2l/benchmarks/childsnack/p-2-1.0-1.0-1-2.pddl
Num states: 336
2023-03-04 19:14:22 INFO     Constructing InstanceData for filename /proj/ssiw/projects/code/sketch-learner/learning/d2l/benchmarks/childsnack/p-2-1.0-1.0-1-3.pddl
Num states: 336
2023-03-04 19:14:23 INFO     Constructing InstanceData for filename /proj/ssiw/projects/code/sketch-learner/learning/d2l/benchmarks/childsnack/p-2-1.0-1.0-1-4.pddl
Num states: 336
2023-03-04 19:14:23 INFO     Constructing InstanceData for filename /proj/ssiw/projects/code/sketch-learner/learning/d2l/benchmarks/childsnack/p-2-1.0-1.0-1-5.pddl
Num states: 336
2023-03-04 19:14:23 INFO     Constructing InstanceData for filename /proj/ssiw/projects/code/sketch-learner/learning/d2l/benchmarks/childsnack/p-2-1.0-1.0-1-6.pddl
Num states: 336
2023-03-04 19:14:23 INFO     Constructing InstanceData for filename /proj/ssiw/projects/code/sketch-learner/learning/d2l/benchmarks/childsnack/p-2-1.0-1.0-1-7.pddl
Num states: 336
2023-03-04 19:14:23 INFO     Constructing InstanceData for filename /proj/ssiw/projects/code/sketch-learner/learning/d2l/benchmarks/childsnack/p-2-1.0-1.0-1-8.pddl
Num states: 336
2023-03-04 19:14:24 INFO     Constructing InstanceData for filename /proj/ssiw/projects/code/sketch-learner/learning/d2l/benchmarks/childsnack/p-2-1.0-1.0-1-9.pddl
Num states: 336
2023-03-04 19:14:24 INFO     Constructing InstanceData for filename /proj/ssiw/projects/code/sketch-learner/learning/d2l/benchmarks/childsnack/p-2-1.0-1.0-1-10.pddl
Num states: 336
2023-03-04 19:14:24 INFO     Constructing InstanceData for filename /proj/ssiw/projects/code/sketch-learner/learning/d2l/benchmarks/childsnack/p-2-1.0-1.0-1-11.pddl
Num states: 336
2023-03-04 19:14:24 INFO     Constructing InstanceData for filename /proj/ssiw/projects/code/sketch-learner/learning/d2l/benchmarks/childsnack/p-2-1.0-1.0-1-12.pddl
Num states: 336
2023-03-04 19:14:25 INFO     Constructing InstanceData for filename /proj/ssiw/projects/code/sketch-learner/learning/d2l/benchmarks/childsnack/p-2-1.0-1.0-1-13.pddl
Num states: 336
2023-03-04 19:14:25 INFO     Constructing InstanceData for filename /proj/ssiw/projects/code/sketch-learner/learning/d2l/benchmarks/childsnack/p-2-1.0-1.0-1-14.pddl
Num states: 336
2023-03-04 19:14:25 INFO     Constructing InstanceData for filename /proj/ssiw/projects/code/sketch-learner/learning/d2l/benchmarks/childsnack/p-2-1.0-1.0-1-15.pddl
Num states: 336
2023-03-04 19:14:25 INFO     Constructing InstanceData for filename /proj/ssiw/projects/code/sketch-learner/learning/d2l/benchmarks/childsnack/p-2-1.0-1.0-1-16.pddl
Num states: 336
2023-03-04 19:14:25 INFO     Constructing InstanceData for filename /proj/ssiw/projects/code/sketch-learner/learning/d2l/benchmarks/childsnack/p-2-1.0-1.0-1-17.pddl
Num states: 336
2023-03-04 19:14:26 INFO     Constructing InstanceData for filename /proj/ssiw/projects/code/sketch-learner/learning/d2l/benchmarks/childsnack/p-2-1.0-1.0-1-18.pddl
Num states: 336
2023-03-04 19:14:26 INFO     Constructing InstanceData for filename /proj/ssiw/projects/code/sketch-learner/learning/d2l/benchmarks/childsnack/p-2-1.0-1.0-1-19.pddl
Num states: 336
2023-03-04 19:14:26 INFO     Constructing InstanceData for filename /proj/ssiw/projects/code/sketch-learner/learning/d2l/benchmarks/childsnack/p-2-1.0-1.0-1-20.pddl
Num states: 336
2023-03-04 19:14:26 INFO     Constructing InstanceData for filename /proj/ssiw/projects/code/sketch-learner/learning/d2l/benchmarks/childsnack/p-2-1.0-1.0-1-21.pddl
Num states: 336
2023-03-04 19:14:27 INFO     Constructing InstanceData for filename /proj/ssiw/projects/code/sketch-learner/learning/d2l/benchmarks/childsnack/p-2-1.0-1.0-1-22.pddl
Num states: 336
2023-03-04 19:14:27 INFO     Constructing InstanceData for filename /proj/ssiw/projects/code/sketch-learner/learning/d2l/benchmarks/childsnack/p-2-1.0-1.0-1-23.pddl
Num states: 336
2023-03-04 19:14:27 INFO     Constructing InstanceData for filename /proj/ssiw/projects/code/sketch-learner/learning/d2l/benchmarks/childsnack/p-2-1.0-1.0-1-24.pddl
Num states: 336
2023-03-04 19:14:27 INFO     Constructing InstanceData for filename /proj/ssiw/projects/code/sketch-learner/learning/d2l/benchmarks/childsnack/p-2-1.0-1.0-1-25.pddl
Num states: 336
2023-03-04 19:14:27 INFO     Constructing InstanceData for filename /proj/ssiw/projects/code/sketch-learner/learning/d2l/benchmarks/childsnack/p-2-1.0-1.0-1-26.pddl
Num states: 336
2023-03-04 19:14:28 INFO     Constructing InstanceData for filename /proj/ssiw/projects/code/sketch-learner/learning/d2l/benchmarks/childsnack/p-2-1.0-1.0-1-27.pddl
Num states: 336
2023-03-04 19:14:28 INFO     Constructing InstanceData for filename /proj/ssiw/projects/code/sketch-learner/learning/d2l/benchmarks/childsnack/p-2-1.0-1.0-1-28.pddl
Num states: 336
2023-03-04 19:14:28 INFO     Constructing InstanceData for filename /proj/ssiw/projects/code/sketch-learner/learning/d2l/benchmarks/childsnack/p-2-1.0-1.0-1-29.pddl
Num states: 336
2023-03-04 19:14:28 INFO     Constructing InstanceData for filename /proj/ssiw/projects/code/sketch-learner/learning/d2l/benchmarks/childsnack/p-2-1.0-1.0-2-0.pddl
2023-03-04 19:14:29 INFO     Constructing InstanceData for filename /proj/ssiw/projects/code/sketch-learner/learning/d2l/benchmarks/childsnack/p-2-1.0-1.0-2-1.pddl
2023-03-04 19:14:29 INFO     Constructing InstanceData for filename /proj/ssiw/projects/code/sketch-learner/learning/d2l/benchmarks/childsnack/p-2-1.0-1.0-2-2.pddl
2023-03-04 19:14:29 INFO     Constructing InstanceData for filename /proj/ssiw/projects/code/sketch-learner/learning/d2l/benchmarks/childsnack/p-2-1.0-1.0-2-3.pddl
2023-03-04 19:14:29 INFO     Constructing InstanceData for filename /proj/ssiw/projects/code/sketch-learner/learning/d2l/benchmarks/childsnack/p-2-1.0-1.0-2-4.pddl
2023-03-04 19:14:30 INFO     Constructing InstanceData for filename /proj/ssiw/projects/code/sketch-learner/learning/d2l/benchmarks/childsnack/p-2-1.0-1.0-2-5.pddl
2023-03-04 19:14:30 INFO     Constructing InstanceData for filename /proj/ssiw/projects/code/sketch-learner/learning/d2l/benchmarks/childsnack/p-2-1.0-1.0-2-6.pddl
2023-03-04 19:14:30 INFO     Constructing InstanceData for filename /proj/ssiw/projects/code/sketch-learner/learning/d2l/benchmarks/childsnack/p-2-1.0-1.0-2-7.pddl
2023-03-04 19:14:30 INFO     Constructing InstanceData for filename /proj/ssiw/projects/code/sketch-learner/learning/d2l/benchmarks/childsnack/p-2-1.0-1.0-2-8.pddl
2023-03-04 19:14:31 INFO     Constructing InstanceData for filename /proj/ssiw/projects/code/sketch-learner/learning/d2l/benchmarks/childsnack/p-2-1.0-1.0-2-9.pddl
2023-03-04 19:14:31 INFO     Constructing InstanceData for filename /proj/ssiw/projects/code/sketch-learner/learning/d2l/benchmarks/childsnack/p-2-1.0-1.0-2-10.pddl
2023-03-04 19:14:31 INFO     Constructing InstanceData for filename /proj/ssiw/projects/code/sketch-learner/learning/d2l/benchmarks/childsnack/p-2-1.0-1.0-2-11.pddl
2023-03-04 19:14:31 INFO     Constructing InstanceData for filename /proj/ssiw/projects/code/sketch-learner/learning/d2l/benchmarks/childsnack/p-2-1.0-1.0-2-12.pddl
2023-03-04 19:14:32 INFO     Constructing InstanceData for filename /proj/ssiw/projects/code/sketch-learner/learning/d2l/benchmarks/childsnack/p-2-1.0-1.0-2-13.pddl
2023-03-04 19:14:32 INFO     Constructing InstanceData for filename /proj/ssiw/projects/code/sketch-learner/learning/d2l/benchmarks/childsnack/p-2-1.0-1.0-2-14.pddl
2023-03-04 19:14:32 INFO     Constructing InstanceData for filename /proj/ssiw/projects/code/sketch-learner/learning/d2l/benchmarks/childsnack/p-2-1.0-1.0-2-15.pddl
2023-03-04 19:14:32 INFO     Constructing InstanceData for filename /proj/ssiw/projects/code/sketch-learner/learning/d2l/benchmarks/childsnack/p-2-1.0-1.0-2-16.pddl
2023-03-04 19:14:33 INFO     Constructing InstanceData for filename /proj/ssiw/projects/code/sketch-learner/learning/d2l/benchmarks/childsnack/p-2-1.0-1.0-2-17.pddl
2023-03-04 19:14:33 INFO     Constructing InstanceData for filename /proj/ssiw/projects/code/sketch-learner/learning/d2l/benchmarks/childsnack/p-2-1.0-1.0-2-18.pddl
2023-03-04 19:14:33 INFO     Constructing InstanceData for filename /proj/ssiw/projects/code/sketch-learner/learning/d2l/benchmarks/childsnack/p-2-1.0-1.0-2-19.pddl
2023-03-04 19:14:33 INFO     Constructing InstanceData for filename /proj/ssiw/projects/code/sketch-learner/learning/d2l/benchmarks/childsnack/p-2-1.0-1.0-2-20.pddl
2023-03-04 19:14:34 INFO     Constructing InstanceData for filename /proj/ssiw/projects/code/sketch-learner/learning/d2l/benchmarks/childsnack/p-2-1.0-1.0-2-21.pddl
2023-03-04 19:14:34 INFO     Constructing InstanceData for filename /proj/ssiw/projects/code/sketch-learner/learning/d2l/benchmarks/childsnack/p-2-1.0-1.0-2-22.pddl
2023-03-04 19:14:34 INFO     Constructing InstanceData for filename /proj/ssiw/projects/code/sketch-learner/learning/d2l/benchmarks/childsnack/p-2-1.0-1.0-2-23.pddl
2023-03-04 19:14:34 INFO     Constructing InstanceData for filename /proj/ssiw/projects/code/sketch-learner/learning/d2l/benchmarks/childsnack/p-2-1.0-1.0-2-24.pddl
2023-03-04 19:14:35 INFO     Constructing InstanceData for filename /proj/ssiw/projects/code/sketch-learner/learning/d2l/benchmarks/childsnack/p-2-1.0-1.0-2-25.pddl
2023-03-04 19:14:35 INFO     Constructing InstanceData for filename /proj/ssiw/projects/code/sketch-learner/learning/d2l/benchmarks/childsnack/p-2-1.0-1.0-2-26.pddl
2023-03-04 19:14:35 INFO     Constructing InstanceData for filename /proj/ssiw/projects/code/sketch-learner/learning/d2l/benchmarks/childsnack/p-2-1.0-1.0-2-27.pddl
2023-03-04 19:14:35 INFO     Constructing InstanceData for filename /proj/ssiw/projects/code/sketch-learner/learning/d2l/benchmarks/childsnack/p-2-1.0-1.0-2-28.pddl
2023-03-04 19:14:36 INFO     Constructing InstanceData for filename /proj/ssiw/projects/code/sketch-learner/learning/d2l/benchmarks/childsnack/p-2-1.0-1.0-2-29.pddl
2023-03-04 19:14:36 INFO     [40m[34m..done[0m
2023-03-04 19:14:36 INFO     [40m[34mInitializing TupleGraphs...[0m
2023-03-04 19:15:16 INFO     [40m[34m..done[0m
/proj/ssiw/projects/code/sketch-learner/learning/d2l/workspace/childsnack_hierarchy_2_9_9_9_9_9/learning

2023-03-04 19:15:16 INFO     [40m[31mIteration: 0[0m
Number of selected instances: 1
Selected instances:
    id: 0 name: p-1-1.0-0.0-1-0
initial states: [0, 1, 2, 3, 4, 5, 6, 7, 8, 9, 10, 11]
2023-03-04 19:15:16 INFO     [40m[34mInitializing DomainFeatureData...[0m
[t=121.29s, 2961700 KB] Started generating base features of complexity 1.
[t=121.29s, 2961700 KB] Complexity 1:
    b_nullary: 0
    c_one_of: 1
    c_top: 1
    c_bot: 1
    c_primitive: 11
    r_primitive: 4
    c_and: 0
    c_not: 0
    c_equal: 0
    c_some: 0
    c_all: 0
    r_restrict: 0
    r_and: 0
    r_inverse: 0
    r_transitive_closure: 0
    b_empty: 0
    n_count: 0
    n_concept_distance: 0
[t=121.29s, 2961700 KB] Finished generating base features.
[t=121.29s, 2961700 KB] Started generating composite features. 
[t=121.291s, 2961700 KB] Complexity 2:
Total concept elements: 26
Total role elements: 7
Total numerical elements: 8
Total boolean elements: 6
    b_nullary: 0
    c_one_of: 1
    c_top: 1
    c_bot: 1
    c_primitive: 11
    r_primitive: 4
    c_and: 0
    c_not: 12
    c_equal: 0
    c_some: 0
    c_all: 0
    r_restrict: 0
    r_and: 0
    r_inverse: 3
    r_transitive_closure: 0
    b_empty: 6
    n_count: 8
    n_concept_distance: 0
[t=121.293s, 2961700 KB] Complexity 3:
Total concept elements: 30
Total role elements: 8
Total numerical elements: 13
Total boolean elements: 6
    b_nullary: 0
    c_one_of: 1
    c_top: 1
    c_bot: 1
    c_primitive: 11
    r_primitive: 4
    c_and: 0
    c_not: 12
    c_equal: 1
    c_some: 2
    c_all: 1
    r_restrict: 1
    r_and: 0
    r_inverse: 3
    r_transitive_closure: 0
    b_empty: 6
    n_count: 13
    n_concept_distance: 0
[t=121.298s, 2961700 KB] Complexity 4:
Total concept elements: 46
Total role elements: 9
Total numerical elements: 22
Total boolean elements: 7
    b_nullary: 0
    c_one_of: 1
    c_top: 1
    c_bot: 1
    c_primitive: 11
    r_primitive: 4
    c_and: 6
    c_not: 14
    c_equal: 1
    c_some: 6
    c_all: 5
    r_restrict: 1
    r_and: 0
    r_inverse: 4
    r_transitive_closure: 0
    b_empty: 7
    n_count: 16
    n_concept_distance: 6
[t=121.301s, 2961700 KB] Complexity 5:
Total concept elements: 117
Total role elements: 9
Total numerical elements: 32
Total boolean elements: 11
    b_nullary: 0
    c_one_of: 1
    c_top: 1
    c_bot: 1
    c_primitive: 11
    r_primitive: 4
    c_and: 67
    c_not: 22
    c_equal: 1
    c_some: 7
    c_all: 6
    r_restrict: 1
    r_and: 0
    r_inverse: 4
    r_transitive_closure: 0
    b_empty: 11
    n_count: 23
    n_concept_distance: 9
[t=121.307s, 2961832 KB] Complexity 6:
Total concept elements: 222
Total role elements: 9
Total numerical elements: 53
Total boolean elements: 13
    b_nullary: 0
    c_one_of: 1
    c_top: 1
    c_bot: 1
    c_primitive: 11
    r_primitive: 4
    c_and: 95
    c_not: 85
    c_equal: 1
    c_some: 13
    c_all: 14
    r_restrict: 1
    r_and: 0
    r_inverse: 4
    r_transitive_closure: 0
    b_empty: 13
    n_count: 40
    n_concept_distance: 13
[t=121.331s, 2962132 KB] Complexity 7:
Total concept elements: 317
Total role elements: 9
Total numerical elements: 92
Total boolean elements: 21
    b_nullary: 0
    c_one_of: 1
    c_top: 1
    c_bot: 1
    c_primitive: 11
    r_primitive: 4
    c_and: 155
    c_not: 116
    c_equal: 1
    c_some: 15
    c_all: 16
    r_restrict: 1
    r_and: 0
    r_inverse: 4
    r_transitive_closure: 0
    b_empty: 21
    n_count: 73
    n_concept_distance: 19
[t=121.379s, 2962772 KB] Complexity 8:
Total concept elements: 640
Total role elements: 9
Total numerical elements: 124
Total boolean elements: 30
    b_nullary: 0
    c_one_of: 1
    c_top: 1
    c_bot: 1
    c_primitive: 11
    r_primitive: 4
    c_and: 414
    c_not: 175
    c_equal: 1
    c_some: 17
    c_all: 19
    r_restrict: 1
    r_and: 0
    r_inverse: 4
    r_transitive_closure: 0
    b_empty: 30
    n_count: 98
    n_concept_distance: 26
[t=121.445s, 2963728 KB] Complexity 9:
Total concept elements: 1146
Total role elements: 9
Total numerical elements: 194
Total boolean elements: 39
    b_nullary: 0
    c_one_of: 1
    c_top: 1
    c_bot: 1
    c_primitive: 11
    r_primitive: 4
    c_and: 720
    c_not: 356
    c_equal: 1
    c_some: 23
    c_all: 32
    r_restrict: 1
    r_and: 0
    r_inverse: 4
    r_transitive_closure: 0
    b_empty: 39
    n_count: 152
    n_concept_distance: 42
[t=121.445s, 2963728 KB] Finished generating composite features.
DomainFeatureDataStatistics:
    num_dlplan_states: 16
    num_boolean_features: 39
    num_numerical_features: 194
2023-03-04 19:15:16 INFO     [40m[34m..done[0m
2023-03-04 19:15:16 INFO     [40m[34mInitializing InstanceFeatureDatas...[0m
2023-03-04 19:15:16 INFO     [40m[34m..done[0m
2023-03-04 19:15:16 INFO     [40m[34mInitializing StatePairEquivalenceDatas...[0m
2023-03-04 19:15:17 INFO     [40m[34m..done[0m
2023-03-04 19:15:17 INFO     [40m[34mInitializing TupleGraphEquivalences...[0m
TupleGraphEquivalenceFactoryStatistics:
    num_subgoal_tuples: 204
    num_single_rule_subgoal_tuples: 204
    num_multi_rule_subgoal_tuples: 0
2023-03-04 19:15:17 INFO     [40m[34m..done[0m
2023-03-04 19:15:17 INFO     [40m[34m..done[0m
2023-03-04 19:15:17 INFO     [40m[33mIteration data preprocessing summary:[0m
DomainFeatureDataStatistics:
    num_dlplan_states: 16
    num_boolean_features: 39
    num_numerical_features: 194
StatePairEquivalenceStatistics:
    num_subgoal_states: 160
    num_equivalences: 90
TupleGraphEquivalenceFactoryStatistics:
    num_subgoal_tuples: 204
    num_single_rule_subgoal_tuples: 204
    num_multi_rule_subgoal_tuples: 0
TupleGraphEquivalenceFactoryStatistics:
    num_subgoal_tuples: 120
    num_single_rule_subgoal_tuples: 120
    num_multi_rule_subgoal_tuples: 0
2023-03-04 19:15:17 INFO     [40m[34mGrounding Logic Program...[0m
2023-03-04 19:15:18 INFO     [40m[34m..done[0m
2023-03-04 19:15:18 INFO     [40m[34mSolving Logic Program...[0m
Clingo statistics:
{'call': 0.0, 'result': 1.0, 'signal': 9.0, 'exhausted': 0.0, 'costs': [4.0], 'lower': [4.0], 'concurrency': 32.0, 'winner': 32.0, 'times': {'total': 21.222298860549927, 'cpu': 570.576176, 'solve': 18.06916904449463, 'unsat': 0.0, 'sat': 7.522459983825684}, 'models': {'enumerated': 201.0, 'optimal': 1.0}}
Solution cost: [4.0]
Total time: 21.222298860549927
CPU time: 570.576176
Solve time: 18.06916904449463
2023-03-04 19:15:38 INFO     [40m[34m..done[0m
2023-03-04 19:15:38 INFO     Learned the following sketch:
(:policy
(:boolean_features "b_empty(c_primitive(served,0))")
(:numerical_features )
(:rule (:conditions ) (:effects (:e_b_neg 0)))
)
Numer of sketch rules: 1
Number of selected features: 1
Maximum complexity of selected feature: 2
2023-03-04 19:15:38 INFO     [40m[34mVerifying learned sketch...[0m
[40m[31mGroup fails to bound width of a state[0m
Group: 0
Instance: 60 p-1-1.0-1.0-1-0
State: (instance index=60, state index=0, atoms={at(tray1,kitchen), at_kitchen_bread(bread1), at_kitchen_content(content1), notexist(sandw1)})
2023-03-04 19:15:38 INFO     [40m[34m..done[0m
Smallest unsolved instance: 60
Selected instances: [60]

2023-03-04 19:15:38 INFO     [40m[31mIteration: 1[0m
Number of selected instances: 1
Selected instances:
    id: 60 name: p-1-1.0-1.0-1-0
initial states: [0, 1, 2, 3, 5, 7, 9, 11, 13, 17, 18, 19]
2023-03-04 19:15:38 INFO     [40m[34mInitializing DomainFeatureData...[0m
[t=142.982s, 6172552 KB] Started generating base features of complexity 1.
[t=142.982s, 6172552 KB] Complexity 1:
    b_nullary: 0
    c_one_of: 1
    c_top: 1
    c_bot: 1
    c_primitive: 12
    r_primitive: 4
    c_and: 0
    c_not: 0
    c_equal: 0
    c_some: 0
    c_all: 0
    r_restrict: 0
    r_and: 0
    r_inverse: 0
    r_transitive_closure: 0
    b_empty: 0
    n_count: 0
    n_concept_distance: 0
[t=142.982s, 6172552 KB] Finished generating base features.
[t=142.982s, 6172552 KB] Started generating composite features. 
[t=142.983s, 6172552 KB] Complexity 2:
Total concept elements: 28
Total role elements: 7
Total numerical elements: 9
Total boolean elements: 7
    b_nullary: 0
    c_one_of: 1
    c_top: 1
    c_bot: 1
    c_primitive: 12
    r_primitive: 4
    c_and: 0
    c_not: 13
    c_equal: 0
    c_some: 0
    c_all: 0
    r_restrict: 0
    r_and: 0
    r_inverse: 3
    r_transitive_closure: 0
    b_empty: 7
    n_count: 9
    n_concept_distance: 0
[t=142.986s, 6172552 KB] Complexity 3:
Total concept elements: 33
Total role elements: 8
Total numerical elements: 15
Total boolean elements: 7
    b_nullary: 0
    c_one_of: 1
    c_top: 1
    c_bot: 1
    c_primitive: 12
    r_primitive: 4
    c_and: 1
    c_not: 13
    c_equal: 1
    c_some: 2
    c_all: 1
    r_restrict: 1
    r_and: 0
    r_inverse: 3
    r_transitive_closure: 0
    b_empty: 7
    n_count: 15
    n_concept_distance: 0
[t=142.993s, 6172552 KB] Complexity 4:
Total concept elements: 55
Total role elements: 9
Total numerical elements: 26
Total boolean elements: 9
    b_nullary: 0
    c_one_of: 1
    c_top: 1
    c_bot: 1
    c_primitive: 12
    r_primitive: 4
    c_and: 10
    c_not: 16
    c_equal: 1
    c_some: 7
    c_all: 6
    r_restrict: 1
    r_and: 0
    r_inverse: 4
    r_transitive_closure: 0
    b_empty: 9
    n_count: 19
    n_concept_distance: 7
[t=142.998s, 6172552 KB] Complexity 5:
Total concept elements: 144
Total role elements: 9
Total numerical elements: 44
Total boolean elements: 17
    b_nullary: 0
    c_one_of: 1
    c_top: 1
    c_bot: 1
    c_primitive: 12
    r_primitive: 4
    c_and: 84
    c_not: 29
    c_equal: 1
    c_some: 8
    c_all: 7
    r_restrict: 1
    r_and: 0
    r_inverse: 4
    r_transitive_closure: 0
    b_empty: 17
    n_count: 32
    n_concept_distance: 12
[t=143.009s, 6172552 KB] Complexity 6:
Total concept elements: 268
Total role elements: 9
Total numerical elements: 77
Total boolean elements: 21
    b_nullary: 0
    c_one_of: 1
    c_top: 1
    c_bot: 1
    c_primitive: 12
    r_primitive: 4
    c_and: 117
    c_not: 105
    c_equal: 1
    c_some: 14
    c_all: 16
    r_restrict: 1
    r_and: 0
    r_inverse: 4
    r_transitive_closure: 0
    b_empty: 21
    n_count: 60
    n_concept_distance: 17
[t=143.047s, 6172552 KB] Complexity 7:
Total concept elements: 405
Total role elements: 9
Total numerical elements: 132
Total boolean elements: 33
    b_nullary: 0
    c_one_of: 1
    c_top: 1
    c_bot: 1
    c_primitive: 12
    r_primitive: 4
    c_and: 211
    c_not: 140
    c_equal: 1
    c_some: 18
    c_all: 20
    r_restrict: 1
    r_and: 0
    r_inverse: 4
    r_transitive_closure: 0
    b_empty: 33
    n_count: 103
    n_concept_distance: 29
[t=143.122s, 6172552 KB] Complexity 8:
Total concept elements: 878
Total role elements: 9
Total numerical elements: 199
Total boolean elements: 51
    b_nullary: 0
    c_one_of: 1
    c_top: 1
    c_bot: 1
    c_primitive: 12
    r_primitive: 4
    c_and: 584
    c_not: 235
    c_equal: 1
    c_some: 20
    c_all: 23
    r_restrict: 1
    r_and: 0
    r_inverse: 4
    r_transitive_closure: 0
    b_empty: 51
    n_count: 151
    n_concept_distance: 48
[t=143.235s, 6172552 KB] Complexity 9:
Total concept elements: 1590
Total role elements: 9
Total numerical elements: 331
Total boolean elements: 70
    b_nullary: 0
    c_one_of: 1
    c_top: 1
    c_bot: 1
    c_primitive: 12
    r_primitive: 4
    c_and: 1012
    c_not: 490
    c_equal: 1
    c_some: 30
    c_all: 42
    r_restrict: 1
    r_and: 0
    r_inverse: 4
    r_transitive_closure: 0
    b_empty: 70
    n_count: 260
    n_concept_distance: 71
[t=143.235s, 6172552 KB] Finished generating composite features.
DomainFeatureDataStatistics:
    num_dlplan_states: 24
    num_boolean_features: 70
    num_numerical_features: 331
2023-03-04 19:15:38 INFO     [40m[34m..done[0m
2023-03-04 19:15:38 INFO     [40m[34mInitializing InstanceFeatureDatas...[0m
2023-03-04 19:15:38 INFO     [40m[34m..done[0m
2023-03-04 19:15:38 INFO     [40m[34mInitializing StatePairEquivalenceDatas...[0m
2023-03-04 19:15:39 INFO     [40m[34m..done[0m
2023-03-04 19:15:39 INFO     [40m[34mInitializing TupleGraphEquivalences...[0m
TupleGraphEquivalenceFactoryStatistics:
    num_subgoal_tuples: 284
    num_single_rule_subgoal_tuples: 252
    num_multi_rule_subgoal_tuples: 32
2023-03-04 19:15:39 INFO     [40m[34m..done[0m
2023-03-04 19:15:39 INFO     [40m[34m..done[0m
2023-03-04 19:15:39 INFO     [40m[33mIteration data preprocessing summary:[0m
DomainFeatureDataStatistics:
    num_dlplan_states: 24
    num_boolean_features: 70
    num_numerical_features: 331
StatePairEquivalenceStatistics:
    num_subgoal_states: 176
    num_equivalences: 99
TupleGraphEquivalenceFactoryStatistics:
    num_subgoal_tuples: 284
    num_single_rule_subgoal_tuples: 252
    num_multi_rule_subgoal_tuples: 32
TupleGraphEquivalenceFactoryStatistics:
    num_subgoal_tuples: 108
    num_single_rule_subgoal_tuples: 100
    num_multi_rule_subgoal_tuples: 8
2023-03-04 19:15:40 INFO     [40m[34mGrounding Logic Program...[0m
2023-03-04 19:15:43 INFO     [40m[34m..done[0m
2023-03-04 19:15:43 INFO     [40m[34mSolving Logic Program...[0m
Clingo statistics:
{'call': 0.0, 'result': 1.0, 'signal': 9.0, 'exhausted': 0.0, 'costs': [8.0], 'lower': [8.0], 'concurrency': 32.0, 'winner': 32.0, 'times': {'total': 60.1826388835907, 'cpu': 1699.60646, 'solve': 53.37029504776001, 'unsat': 0.0, 'sat': 45.28980803489685}, 'models': {'enumerated': 19.0, 'optimal': 1.0}}
Solution cost: [8.0]
Total time: 60.1826388835907
CPU time: 1699.60646
Solve time: 53.37029504776001
2023-03-04 19:16:39 INFO     [40m[34m..done[0m
2023-03-04 19:16:39 INFO     Learned the following sketch:
(:policy
(:boolean_features "b_empty(c_primitive(no_gluten_sandwich,0))")
(:numerical_features "n_count(c_primitive(served,0))")
(:rule (:conditions (:c_b_neg 0) (:c_n_eq 0)) (:effects (:e_b_neg 0) (:e_n_inc 0)))
(:rule (:conditions (:c_b_pos 0) (:c_n_eq 0)) (:effects (:e_b_neg 0) (:e_n_bot 0)))
)
Numer of sketch rules: 2
Number of selected features: 2
Maximum complexity of selected feature: 2
2023-03-04 19:16:39 INFO     [40m[34mVerifying learned sketch...[0m
[40m[31mGroup fails to bound width of a state[0m
Group: 0
Instance: 0 p-1-1.0-0.0-1-0
State: (instance index=0, state index=0, atoms={at(tray1,kitchen), notexist(sandw1), at_kitchen_bread(bread1), at_kitchen_content(content1)})
2023-03-04 19:16:39 INFO     [40m[34m..done[0m
Smallest unsolved instance: 0
Selected instances: [60, 0]

2023-03-04 19:16:39 INFO     [40m[31mIteration: 2[0m
Number of selected instances: 2
Selected instances:
    id: 60 name: p-1-1.0-1.0-1-0
initial states: [0, 1, 2, 3, 5, 7, 9, 11, 13, 17, 18, 19]
    id: 0 name: p-1-1.0-0.0-1-0
initial states: [0, 1, 2, 3, 4, 5, 6, 7, 8, 9, 10, 11]
2023-03-04 19:16:39 INFO     [40m[34mInitializing DomainFeatureData...[0m
[t=203.977s, 9183580 KB] Started generating base features of complexity 1.
[t=203.985s, 9183580 KB] Complexity 1:
    b_nullary: 0
    c_one_of: 1
    c_top: 1
    c_bot: 1
    c_primitive: 16
    r_primitive: 4
    c_and: 0
    c_not: 0
    c_equal: 0
    c_some: 0
    c_all: 0
    r_restrict: 0
    r_and: 0
    r_inverse: 0
    r_transitive_closure: 0
    b_empty: 0
    n_count: 0
    n_concept_distance: 0
[t=203.986s, 9183580 KB] Finished generating base features.
[t=203.986s, 9183580 KB] Started generating composite features. 
[t=203.986s, 9183580 KB] Complexity 2:
Total concept elements: 36
Total role elements: 7
Total numerical elements: 11
Total boolean elements: 9
    b_nullary: 0
    c_one_of: 1
    c_top: 1
    c_bot: 1
    c_primitive: 16
    r_primitive: 4
    c_and: 0
    c_not: 17
    c_equal: 0
    c_some: 0
    c_all: 0
    r_restrict: 0
    r_and: 0
    r_inverse: 3
    r_transitive_closure: 0
    b_empty: 9
    n_count: 11
    n_concept_distance: 0
[t=203.992s, 9183580 KB] Complexity 3:
Total concept elements: 45
Total role elements: 8
Total numerical elements: 19
Total boolean elements: 9
    b_nullary: 0
    c_one_of: 1
    c_top: 1
    c_bot: 1
    c_primitive: 16
    r_primitive: 4
    c_and: 5
    c_not: 17
    c_equal: 1
    c_some: 2
    c_all: 1
    r_restrict: 1
    r_and: 0
    r_inverse: 3
    r_transitive_closure: 0
    b_empty: 9
    n_count: 19
    n_concept_distance: 0
[t=204.005s, 9183580 KB] Complexity 4:
Total concept elements: 83
Total role elements: 9
Total numerical elements: 35
Total boolean elements: 14
    b_nullary: 0
    c_one_of: 1
    c_top: 1
    c_bot: 1
    c_primitive: 16
    r_primitive: 4
    c_and: 22
    c_not: 24
    c_equal: 1
    c_some: 9
    c_all: 8
    r_restrict: 1
    r_and: 0
    r_inverse: 4
    r_transitive_closure: 0
    b_empty: 14
    n_count: 26
    n_concept_distance: 9
[t=204.016s, 9183580 KB] Complexity 5:
Total concept elements: 233
Total role elements: 9
Total numerical elements: 60
Total boolean elements: 26
    b_nullary: 0
    c_one_of: 1
    c_top: 1
    c_bot: 1
    c_primitive: 16
    r_primitive: 4
    c_and: 149
    c_not: 45
    c_equal: 1
    c_some: 10
    c_all: 9
    r_restrict: 1
    r_and: 0
    r_inverse: 4
    r_transitive_closure: 0
    b_empty: 26
    n_count: 46
    n_concept_distance: 14
[t=204.042s, 9183580 KB] Complexity 6:
Total concept elements: 436
Total role elements: 9
Total numerical elements: 115
Total boolean elements: 30
    b_nullary: 0
    c_one_of: 1
    c_top: 1
    c_bot: 1
    c_primitive: 16
    r_primitive: 4
    c_and: 196
    c_not: 174
    c_equal: 1
    c_some: 22
    c_all: 24
    r_restrict: 1
    r_and: 0
    r_inverse: 4
    r_transitive_closure: 0
    b_empty: 30
    n_count: 93
    n_concept_distance: 22
[t=204.144s, 9183580 KB] Complexity 7:
Total concept elements: 715
Total role elements: 9
Total numerical elements: 213
Total boolean elements: 57
    b_nullary: 0
    c_one_of: 1
    c_top: 1
    c_bot: 1
    c_primitive: 16
    r_primitive: 4
    c_and: 410
    c_not: 227
    c_equal: 1
    c_some: 28
    c_all: 30
    r_restrict: 1
    r_and: 0
    r_inverse: 4
    r_transitive_closure: 0
    b_empty: 57
    n_count: 168
    n_concept_distance: 45
[t=204.334s, 9183580 KB] Complexity 8:
Total concept elements: 1797
Total role elements: 9
Total numerical elements: 325
Total boolean elements: 81
    b_nullary: 0
    c_one_of: 1
    c_top: 1
    c_bot: 1
    c_primitive: 16
    r_primitive: 4
    c_and: 1256
    c_not: 442
    c_equal: 1
    c_some: 38
    c_all: 41
    r_restrict: 1
    r_and: 0
    r_inverse: 4
    r_transitive_closure: 0
    b_empty: 81
    n_count: 256
    n_concept_distance: 69
[t=204.658s, 9183580 KB] Complexity 9:
Total concept elements: 3336
Total role elements: 9
Total numerical elements: 623
Total boolean elements: 123
    b_nullary: 0
    c_one_of: 1
    c_top: 1
    c_bot: 1
    c_primitive: 16
    r_primitive: 4
    c_and: 2157
    c_not: 1035
    c_equal: 1
    c_some: 54
    c_all: 70
    r_restrict: 1
    r_and: 0
    r_inverse: 4
    r_transitive_closure: 0
    b_empty: 123
    n_count: 516
    n_concept_distance: 107
[t=204.658s, 9183580 KB] Finished generating composite features.
DomainFeatureDataStatistics:
    num_dlplan_states: 40
    num_boolean_features: 123
    num_numerical_features: 623
2023-03-04 19:16:40 INFO     [40m[34m..done[0m
2023-03-04 19:16:40 INFO     [40m[34mInitializing InstanceFeatureDatas...[0m
2023-03-04 19:16:40 INFO     [40m[34m..done[0m
2023-03-04 19:16:40 INFO     [40m[34mInitializing StatePairEquivalenceDatas...[0m
2023-03-04 19:16:41 INFO     [40m[34m..done[0m
2023-03-04 19:16:41 INFO     [40m[34mInitializing TupleGraphEquivalences...[0m
TupleGraphEquivalenceFactoryStatistics:
    num_subgoal_tuples: 488
    num_single_rule_subgoal_tuples: 456
    num_multi_rule_subgoal_tuples: 32
2023-03-04 19:16:41 INFO     [40m[34m..done[0m
2023-03-04 19:16:41 INFO     [40m[34m..done[0m
2023-03-04 19:16:41 INFO     [40m[33mIteration data preprocessing summary:[0m
DomainFeatureDataStatistics:
    num_dlplan_states: 40
    num_boolean_features: 123
    num_numerical_features: 623
StatePairEquivalenceStatistics:
    num_subgoal_states: 336
    num_equivalences: 189
TupleGraphEquivalenceFactoryStatistics:
    num_subgoal_tuples: 488
    num_single_rule_subgoal_tuples: 456
    num_multi_rule_subgoal_tuples: 32
TupleGraphEquivalenceFactoryStatistics:
    num_subgoal_tuples: 228
    num_single_rule_subgoal_tuples: 220
    num_multi_rule_subgoal_tuples: 8
2023-03-04 19:16:45 INFO     [40m[34mGrounding Logic Program...[0m
2023-03-04 19:16:57 INFO     [40m[34m..done[0m
2023-03-04 19:16:57 INFO     [40m[34mSolving Logic Program...[0m
Clingo statistics:
{'call': 0.0, 'result': 1.0, 'signal': 9.0, 'exhausted': 0.0, 'costs': [8.0], 'lower': [8.0], 'concurrency': 32.0, 'winner': 32.0, 'times': {'total': 123.3923180103302, 'cpu': 2907.904793, 'solve': 98.89342594146729, 'unsat': 0.0, 'sat': 28.647576093673706}, 'models': {'enumerated': 33.0, 'optimal': 1.0}}
Solution cost: [8.0]
Total time: 123.3923180103302
CPU time: 2907.904793
Solve time: 98.89342594146729
2023-03-04 19:18:45 INFO     [40m[34m..done[0m
2023-03-04 19:18:45 INFO     Learned the following sketch:
(:policy
(:boolean_features )
(:numerical_features "n_count(c_and(c_not(c_primitive(no_gluten_sandwich,0)),c_not(c_primitive(served,0))))")
(:rule (:conditions (:c_n_gt 0)) (:effects (:e_n_dec 0)))
)
Numer of sketch rules: 1
Number of selected features: 1
Maximum complexity of selected feature: 6
2023-03-04 19:18:45 INFO     [40m[34mVerifying learned sketch...[0m
[40m[31mAn r-reachable state is a deadend.[0m
Instance: 210 p-2-1.0-0.5-1-0
State: (instance index=210, state index=131, atoms={at(tray1,table3), no_gluten_sandwich(sandw1), at_kitchen_bread(bread1), at_kitchen_content(content1), notexist(sandw2), served(child2)})
2023-03-04 19:18:48 INFO     [40m[34m..done[0m
Smallest unsolved instance: 210
Selected instances: [210]

2023-03-04 19:18:48 INFO     [40m[31mIteration: 3[0m
Number of selected instances: 1
Selected instances:
    id: 210 name: p-2-1.0-0.5-1-0
initial states: [0, 1, 2, 3, 4, 5, 11, 13, 14, 15, 21, 23, 24, 25, 31, 33, 34, 35, 41, 43, 44, 46, 47, 48, 54, 56, 58, 59, 61, 62, 64, 65, 66, 67, 68, 70, 72, 73, 74, 75, 76, 77, 93, 94, 95, 99, 100, 101, 103, 105, 106, 108, 110, 114, 115, 116, 117, 118, 119, 120, 121, 122, 123, 124, 130, 133, 135, 136, 137, 139, 143, 144, 145, 147, 149, 150, 151, 152, 153, 154, 155, 156, 173, 174, 175, 182, 183, 184, 189, 191, 193, 196, 197, 202, 203, 204, 208, 209, 210, 211, 213, 214, 215, 216, 221, 228, 229, 230, 231, 232, 237, 238, 239, 240, 245, 246]
2023-03-04 19:18:48 INFO     [40m[34mInitializing DomainFeatureData...[0m
[t=332.587s, 19117460 KB] Started generating base features of complexity 1.
[t=332.589s, 19117460 KB] Complexity 1:
    b_nullary: 0
    c_one_of: 1
    c_top: 1
    c_bot: 1
    c_primitive: 16
    r_primitive: 4
    c_and: 0
    c_not: 0
    c_equal: 0
    c_some: 0
    c_all: 0
    r_restrict: 0
    r_and: 0
    r_inverse: 0
    r_transitive_closure: 0
    b_empty: 0
    n_count: 0
    n_concept_distance: 0
[t=332.589s, 19117460 KB] Finished generating base features.
[t=332.589s, 19117460 KB] Started generating composite features. 
[t=332.591s, 19117460 KB] Complexity 2:
Total concept elements: 36
Total role elements: 7
Total numerical elements: 10
Total boolean elements: 7
    b_nullary: 0
    c_one_of: 1
    c_top: 1
    c_bot: 1
    c_primitive: 16
    r_primitive: 4
    c_and: 0
    c_not: 17
    c_equal: 0
    c_some: 0
    c_all: 0
    r_restrict: 0
    r_and: 0
    r_inverse: 3
    r_transitive_closure: 0
    b_empty: 7
    n_count: 10
    n_concept_distance: 0
[t=332.63s, 19117460 KB] Complexity 3:
Total concept elements: 45
Total role elements: 8
Total numerical elements: 17
Total boolean elements: 7
    b_nullary: 0
    c_one_of: 1
    c_top: 1
    c_bot: 1
    c_primitive: 16
    r_primitive: 4
    c_and: 5
    c_not: 17
    c_equal: 1
    c_some: 2
    c_all: 1
    r_restrict: 1
    r_and: 0
    r_inverse: 3
    r_transitive_closure: 0
    b_empty: 7
    n_count: 17
    n_concept_distance: 0
[t=332.698s, 19117460 KB] Complexity 4:
Total concept elements: 83
Total role elements: 9
Total numerical elements: 31
Total boolean elements: 13
    b_nullary: 0
    c_one_of: 1
    c_top: 1
    c_bot: 1
    c_primitive: 16
    r_primitive: 4
    c_and: 22
    c_not: 24
    c_equal: 1
    c_some: 9
    c_all: 8
    r_restrict: 1
    r_and: 0
    r_inverse: 4
    r_transitive_closure: 0
    b_empty: 13
    n_count: 25
    n_concept_distance: 6
[t=332.748s, 19117460 KB] Complexity 5:
Total concept elements: 233
Total role elements: 9
Total numerical elements: 60
Total boolean elements: 26
    b_nullary: 0
    c_one_of: 1
    c_top: 1
    c_bot: 1
    c_primitive: 16
    r_primitive: 4
    c_and: 149
    c_not: 45
    c_equal: 1
    c_some: 10
    c_all: 9
    r_restrict: 1
    r_and: 0
    r_inverse: 4
    r_transitive_closure: 0
    b_empty: 26
    n_count: 50
    n_concept_distance: 10
[t=332.873s, 19117460 KB] Complexity 6:
Total concept elements: 439
Total role elements: 9
Total numerical elements: 104
Total boolean elements: 30
    b_nullary: 0
    c_one_of: 1
    c_top: 1
    c_bot: 1
    c_primitive: 16
    r_primitive: 4
    c_and: 196
    c_not: 174
    c_equal: 1
    c_some: 24
    c_all: 25
    r_restrict: 1
    r_and: 0
    r_inverse: 4
    r_transitive_closure: 0
    b_empty: 30
    n_count: 93
    n_concept_distance: 11
[t=333.348s, 19117460 KB] Complexity 7:
Total concept elements: 723
Total role elements: 9
Total numerical elements: 193
Total boolean elements: 48
    b_nullary: 0
    c_one_of: 1
    c_top: 1
    c_bot: 1
    c_primitive: 16
    r_primitive: 4
    c_and: 410
    c_not: 232
    c_equal: 1
    c_some: 30
    c_all: 31
    r_restrict: 1
    r_and: 0
    r_inverse: 4
    r_transitive_closure: 0
    b_empty: 48
    n_count: 168
    n_concept_distance: 25
[t=334.208s, 19117460 KB] Complexity 8:
Total concept elements: 1811
Total role elements: 9
Total numerical elements: 301
Total boolean elements: 68
    b_nullary: 0
    c_one_of: 1
    c_top: 1
    c_bot: 1
    c_primitive: 16
    r_primitive: 4
    c_and: 1258
    c_not: 447
    c_equal: 1
    c_some: 42
    c_all: 44
    r_restrict: 1
    r_and: 0
    r_inverse: 4
    r_transitive_closure: 0
    b_empty: 68
    n_count: 269
    n_concept_distance: 32
[t=335.712s, 19117460 KB] Complexity 9:
Total concept elements: 3381
Total role elements: 9
Total numerical elements: 580
Total boolean elements: 111
    b_nullary: 0
    c_one_of: 1
    c_top: 1
    c_bot: 1
    c_primitive: 16
    r_primitive: 4
    c_and: 2182
    c_not: 1047
    c_equal: 1
    c_some: 58
    c_all: 74
    r_restrict: 1
    r_and: 0
    r_inverse: 4
    r_transitive_closure: 0
    b_empty: 111
    n_count: 532
    n_concept_distance: 48
[t=335.712s, 19117460 KB] Finished generating composite features.
DomainFeatureDataStatistics:
    num_dlplan_states: 264
    num_boolean_features: 111
    num_numerical_features: 580
2023-03-04 19:18:51 INFO     [40m[34m..done[0m
2023-03-04 19:18:51 INFO     [40m[34mInitializing InstanceFeatureDatas...[0m
2023-03-04 19:18:51 INFO     [40m[34m..done[0m
2023-03-04 19:18:51 INFO     [40m[34mInitializing StatePairEquivalenceDatas...[0m
2023-03-04 19:19:06 INFO     [40m[34m..done[0m
2023-03-04 19:19:06 INFO     [40m[34mInitializing TupleGraphEquivalences...[0m
TupleGraphEquivalenceFactoryStatistics:
    num_subgoal_tuples: 5072
    num_single_rule_subgoal_tuples: 4480
    num_multi_rule_subgoal_tuples: 592
2023-03-04 19:19:06 INFO     [40m[34m..done[0m
2023-03-04 19:19:06 INFO     [40m[34m..done[0m
2023-03-04 19:19:06 INFO     [40m[33mIteration data preprocessing summary:[0m
DomainFeatureDataStatistics:
    num_dlplan_states: 264
    num_boolean_features: 111
    num_numerical_features: 580
StatePairEquivalenceStatistics:
    num_subgoal_states: 3524
    num_equivalences: 1762
TupleGraphEquivalenceFactoryStatistics:
    num_subgoal_tuples: 5072
    num_single_rule_subgoal_tuples: 4480
    num_multi_rule_subgoal_tuples: 592
TupleGraphEquivalenceFactoryStatistics:
    num_subgoal_tuples: 2032
    num_single_rule_subgoal_tuples: 1787
    num_multi_rule_subgoal_tuples: 245
2023-03-04 19:19:34 INFO     [40m[34mGrounding Logic Program...[0m
2023-03-04 19:21:41 INFO     [40m[34m..done[0m
2023-03-04 19:21:41 INFO     [40m[34mSolving Logic Program...[0m
