Changing working directory:  /proj/ssiw/projects/code/sketch-learner/learning/d2l/workspace/blocks_4_hierarchy_on_2_9_9_9_9_9
Creating sym link: /proj/ssiw/projects/code/sketch-learner/learning/d2l/libs/dlplan/libs/scorpion/fast-downward.py /proj/ssiw/projects/code/sketch-learner/learning/d2l/workspace/blocks_4_hierarchy_on_2_9_9_9_9_9/fast-downward.py
================================================================================
SLTP v.0.2.0
================================================================================
================================================================================
(pid: 17429) STARTING STEP #1: Incremental learning module
================================================================================
2023-03-04 19:13:18 INFO     [40m[34mInitializing DomainData...[0m
2023-03-04 19:13:18 INFO     Constructing DomainData for filename /proj/ssiw/projects/code/sketch-learner/learning/d2l/benchmarks/blocks_4_on/domain.pddl
2023-03-04 19:13:18 INFO     [40m[34m..done[0m
2023-03-04 19:13:18 INFO     [40m[34mInitializing InstanceDatas...[0m
2023-03-04 19:13:18 INFO     Constructing InstanceData for filename /proj/ssiw/projects/code/sketch-learner/learning/d2l/benchmarks/blocks_4_on/p-2-0.pddl
Num states: 5
2023-03-04 19:13:19 INFO     Constructing InstanceData for filename /proj/ssiw/projects/code/sketch-learner/learning/d2l/benchmarks/blocks_4_on/p-3-0.pddl
Num states: 22
2023-03-04 19:13:19 INFO     Constructing InstanceData for filename /proj/ssiw/projects/code/sketch-learner/learning/d2l/benchmarks/blocks_4_on/p-4-0.pddl
Num states: 125
2023-03-04 19:13:20 INFO     [40m[34m..done[0m
2023-03-04 19:13:20 INFO     [40m[34mInitializing TupleGraphs...[0m
2023-03-04 19:13:20 INFO     [40m[34m..done[0m
/proj/ssiw/projects/code/sketch-learner/learning/d2l/workspace/blocks_4_hierarchy_on_2_9_9_9_9_9/learning

2023-03-04 19:13:20 INFO     [40m[31mIteration: 0[0m
Number of selected instances: 1
Selected instances:
    id: 0 name: p-2-0
initial states: [1, 2, 3, 4]
2023-03-04 19:13:20 INFO     [40m[34mInitializing DomainFeatureData...[0m
[t=4.74946s, 1339432 KB] Started generating base features of complexity 1.
[t=4.74978s, 1339432 KB] Complexity 1:
    b_nullary: 2
    c_one_of: 0
    c_top: 1
    c_bot: 1
    c_primitive: 3
    r_primitive: 2
    c_and: 0
    c_not: 0
    c_equal: 0
    c_some: 0
    c_all: 0
    r_restrict: 0
    r_and: 0
    r_inverse: 0
    r_transitive_closure: 0
    b_empty: 0
    n_count: 0
    n_concept_distance: 0
[t=4.74989s, 1339432 KB] Finished generating base features.
[t=4.74992s, 1339432 KB] Started generating composite features. 
[t=4.75007s, 1339432 KB] Complexity 2:
Total concept elements: 8
Total role elements: 4
Total numerical elements: 6
Total boolean elements: 4
    b_nullary: 2
    c_one_of: 0
    c_top: 1
    c_bot: 1
    c_primitive: 3
    r_primitive: 2
    c_and: 0
    c_not: 3
    c_equal: 0
    c_some: 0
    c_all: 0
    r_restrict: 0
    r_and: 0
    r_inverse: 2
    r_transitive_closure: 0
    b_empty: 2
    n_count: 6
    n_concept_distance: 0
[t=4.75048s, 1339432 KB] Complexity 3:
Total concept elements: 20
Total role elements: 9
Total numerical elements: 8
Total boolean elements: 5
    b_nullary: 2
    c_one_of: 0
    c_top: 1
    c_bot: 1
    c_primitive: 3
    r_primitive: 2
    c_and: 1
    c_not: 3
    c_equal: 1
    c_some: 5
    c_all: 5
    r_restrict: 4
    r_and: 1
    r_inverse: 2
    r_transitive_closure: 0
    b_empty: 3
    n_count: 8
    n_concept_distance: 0
[t=4.75099s, 1339432 KB] Complexity 4:
Total concept elements: 36
Total role elements: 15
Total numerical elements: 18
Total boolean elements: 11
    b_nullary: 2
    c_one_of: 0
    c_top: 1
    c_bot: 1
    c_primitive: 3
    r_primitive: 2
    c_and: 2
    c_not: 11
    c_equal: 1
    c_some: 8
    c_all: 9
    r_restrict: 4
    r_and: 3
    r_inverse: 6
    r_transitive_closure: 0
    b_empty: 9
    n_count: 18
    n_concept_distance: 0
[t=4.75338s, 1339432 KB] Complexity 5:
Total concept elements: 68
Total role elements: 15
Total numerical elements: 33
Total boolean elements: 19
    b_nullary: 2
    c_one_of: 0
    c_top: 1
    c_bot: 1
    c_primitive: 3
    r_primitive: 2
    c_and: 18
    c_not: 17
    c_equal: 1
    c_some: 13
    c_all: 14
    r_restrict: 4
    r_and: 3
    r_inverse: 6
    r_transitive_closure: 0
    b_empty: 17
    n_count: 33
    n_concept_distance: 0
[t=4.75592s, 1339432 KB] Complexity 6:
Total concept elements: 127
Total role elements: 15
Total numerical elements: 61
Total boolean elements: 26
    b_nullary: 2
    c_one_of: 0
    c_top: 1
    c_bot: 1
    c_primitive: 3
    r_primitive: 2
    c_and: 43
    c_not: 35
    c_equal: 1
    c_some: 17
    c_all: 26
    r_restrict: 4
    r_and: 3
    r_inverse: 6
    r_transitive_closure: 0
    b_empty: 24
    n_count: 52
    n_concept_distance: 9
[t=4.76077s, 1339432 KB] Complexity 7:
Total concept elements: 175
Total role elements: 16
Total numerical elements: 89
Total boolean elements: 30
    b_nullary: 2
    c_one_of: 0
    c_top: 1
    c_bot: 1
    c_primitive: 3
    r_primitive: 2
    c_and: 71
    c_not: 54
    c_equal: 1
    c_some: 17
    c_all: 27
    r_restrict: 4
    r_and: 4
    r_inverse: 6
    r_transitive_closure: 0
    b_empty: 28
    n_count: 71
    n_concept_distance: 18
[t=4.77032s, 1339432 KB] Complexity 8:
Total concept elements: 256
Total role elements: 17
Total numerical elements: 126
Total boolean elements: 32
    b_nullary: 2
    c_one_of: 0
    c_top: 1
    c_bot: 1
    c_primitive: 3
    r_primitive: 2
    c_and: 120
    c_not: 76
    c_equal: 1
    c_some: 19
    c_all: 35
    r_restrict: 4
    r_and: 4
    r_inverse: 7
    r_transitive_closure: 0
    b_empty: 30
    n_count: 93
    n_concept_distance: 33
[t=4.78558s, 1339432 KB] Complexity 9:
Total concept elements: 344
Total role elements: 17
Total numerical elements: 172
Total boolean elements: 32
    b_nullary: 2
    c_one_of: 0
    c_top: 1
    c_bot: 1
    c_primitive: 3
    r_primitive: 2
    c_and: 166
    c_not: 116
    c_equal: 1
    c_some: 20
    c_all: 36
    r_restrict: 4
    r_and: 4
    r_inverse: 7
    r_transitive_closure: 0
    b_empty: 30
    n_count: 120
    n_concept_distance: 52
[t=4.7857s, 1339432 KB] Finished generating composite features.
DomainFeatureDataStatistics:
    num_dlplan_states: 5
    num_boolean_features: 32
    num_numerical_features: 172
2023-03-04 19:13:20 INFO     [40m[34m..done[0m
2023-03-04 19:13:20 INFO     [40m[34mInitializing InstanceFeatureDatas...[0m
2023-03-04 19:13:20 INFO     [40m[34m..done[0m
2023-03-04 19:13:20 INFO     [40m[34mInitializing StatePairEquivalenceDatas...[0m
2023-03-04 19:13:20 INFO     [40m[34m..done[0m
2023-03-04 19:13:20 INFO     [40m[34mInitializing TupleGraphEquivalences...[0m
TupleGraphEquivalenceFactoryStatistics:
    num_subgoal_tuples: 100
    num_single_rule_subgoal_tuples: 94
    num_multi_rule_subgoal_tuples: 6
2023-03-04 19:13:20 INFO     [40m[34m..done[0m
2023-03-04 19:13:20 INFO     [40m[34m..done[0m
2023-03-04 19:13:20 INFO     [40m[33mIteration data preprocessing summary:[0m
DomainFeatureDataStatistics:
    num_dlplan_states: 5
    num_boolean_features: 32
    num_numerical_features: 172
StatePairEquivalenceStatistics:
    num_subgoal_states: 25
    num_equivalences: 25
TupleGraphEquivalenceFactoryStatistics:
    num_subgoal_tuples: 100
    num_single_rule_subgoal_tuples: 94
    num_multi_rule_subgoal_tuples: 6
TupleGraphEquivalenceFactoryStatistics:
    num_subgoal_tuples: 25
    num_single_rule_subgoal_tuples: 25
    num_multi_rule_subgoal_tuples: 0
2023-03-04 19:13:20 INFO     [40m[34mGrounding Logic Program...[0m
2023-03-04 19:13:20 INFO     [40m[34m..done[0m
2023-03-04 19:13:20 INFO     [40m[34mSolving Logic Program...[0m
Clingo statistics:
{'call': 0.0, 'result': 1.0, 'signal': 9.0, 'exhausted': 0.0, 'costs': [6.0], 'lower': [6.0], 'concurrency': 32.0, 'winner': 32.0, 'times': {'total': 1.0623791217803955, 'cpu': 10.028987, 'solve': 0.4272279739379883, 'unsat': 0.0, 'sat': 0.3270378112792969}, 'models': {'enumerated': 7.0, 'optimal': 1.0}}
Solution cost: [6.0]
Total time: 1.0623791217803955
CPU time: 10.028987
Solve time: 0.4272279739379883
2023-03-04 19:13:21 INFO     [40m[34m..done[0m
2023-03-04 19:13:21 INFO     Learned the following sketch:
(:policy
(:boolean_features "b_empty(r_and(r_primitive(on,0,1),r_primitive(on_g,0,1)))")
(:numerical_features )
(:rule (:conditions ) (:effects (:e_b_neg 0)))
)
Numer of sketch rules: 1
Number of selected features: 1
Maximum complexity of selected feature: 4
2023-03-04 19:13:21 INFO     [40m[34mVerifying learned sketch...[0m
2023-03-04 19:13:21 INFO     [40m[34m..done[0m
[40m[31mSketch solves all instances![0m
2023-03-04 19:13:21 INFO     [40m[32mSummary:[0m
LearningStatistics:
    num_training_instances: 1
    num_selected_training_instances: 1
    num_states_in_selected_training_instances: 5
    num_features_in_pool: 204
    num_cpu_seconds: 10.30 seconds
    num_peak_memory_mb: 631.21 MB
Resulting sketch:
(:policy
(:boolean_features "b_empty(r_and(r_primitive(on,0,1),r_primitive(on_g,0,1)))")
(:numerical_features )
(:rule (:conditions ) (:effects (:e_b_neg 0)))
)
Numer of sketch rules: 1
Number of selected features: 1
Maximum complexity of selected feature: 4
Resulting sketch minimized:
(:policy
(:boolean_features "b_empty(r_and(r_primitive(on,0,1),r_primitive(on_g,0,1)))")
(:numerical_features )
(:rule (:conditions ) (:effects (:e_b_neg 0)))
)
Numer of sketch rules: 1
Number of selected features: 1
Maximum complexity of selected feature: 4
Sketch:
(:policy
(:boolean_features "b_empty(r_and(r_primitive(on,0,1),r_primitive(on_g,0,1)))")
(:numerical_features )
(:rule (:conditions ) (:effects (:e_b_neg 0)))
)
Sketch rule: 0 (:rule (:conditions ) (:effects (:e_b_neg 0)))
2023-03-04 19:13:21 INFO     [40m[34mInitializing Subproblems...[0m
Number of problems: 3
Number of subproblems: 25
Highest number of states in problem: 125
Highest number of states in subproblem: 109
2023-03-04 19:13:21 INFO     [40m[34m..done[0m
2023-03-04 19:13:21 INFO     [40m[34mInitializing TupleGraphs...[0m
2023-03-04 19:13:21 INFO     [40m[34m..done[0m
/proj/ssiw/projects/code/sketch-learner/learning/d2l/workspace/blocks_4_hierarchy_on_2_9_9_9_9_9/learning/rule_0

2023-03-04 19:13:21 INFO     [40m[31mIteration: 0[0m
Number of selected instances: 1
Selected instances:
    id: 0 name: p-2-0-4
initial states: {1, 2, 3, 4}
2023-03-04 19:13:21 INFO     [40m[34mInitializing DomainFeatureData...[0m
[t=6.44089s, 3544136 KB] Started generating base features of complexity 1.
[t=6.44102s, 3544136 KB] Complexity 1:
    b_nullary: 2
    c_one_of: 0
    c_top: 1
    c_bot: 1
    c_primitive: 3
    r_primitive: 2
    c_and: 0
    c_not: 0
    c_equal: 0
    c_some: 0
    c_all: 0
    r_restrict: 0
    r_and: 0
    r_inverse: 0
    r_transitive_closure: 0
    b_empty: 0
    n_count: 0
    n_concept_distance: 0
[t=6.44115s, 3544136 KB] Finished generating base features.
[t=6.44119s, 3544136 KB] Started generating composite features. 
[t=6.44131s, 3544136 KB] Complexity 2:
Total concept elements: 8
Total role elements: 4
Total numerical elements: 6
Total boolean elements: 4
    b_nullary: 2
    c_one_of: 0
    c_top: 1
    c_bot: 1
    c_primitive: 3
    r_primitive: 2
    c_and: 0
    c_not: 3
    c_equal: 0
    c_some: 0
    c_all: 0
    r_restrict: 0
    r_and: 0
    r_inverse: 2
    r_transitive_closure: 0
    b_empty: 2
    n_count: 6
    n_concept_distance: 0
[t=6.44171s, 3544136 KB] Complexity 3:
Total concept elements: 20
Total role elements: 9
Total numerical elements: 8
Total boolean elements: 5
    b_nullary: 2
    c_one_of: 0
    c_top: 1
    c_bot: 1
    c_primitive: 3
    r_primitive: 2
    c_and: 1
    c_not: 3
    c_equal: 1
    c_some: 5
    c_all: 5
    r_restrict: 4
    r_and: 1
    r_inverse: 2
    r_transitive_closure: 0
    b_empty: 3
    n_count: 8
    n_concept_distance: 0
[t=6.44226s, 3544136 KB] Complexity 4:
Total concept elements: 36
Total role elements: 15
Total numerical elements: 18
Total boolean elements: 11
    b_nullary: 2
    c_one_of: 0
    c_top: 1
    c_bot: 1
    c_primitive: 3
    r_primitive: 2
    c_and: 2
    c_not: 11
    c_equal: 1
    c_some: 8
    c_all: 9
    r_restrict: 4
    r_and: 3
    r_inverse: 6
    r_transitive_closure: 0
    b_empty: 9
    n_count: 18
    n_concept_distance: 0
[t=6.44356s, 3544136 KB] Complexity 5:
Total concept elements: 68
Total role elements: 15
Total numerical elements: 33
Total boolean elements: 19
    b_nullary: 2
    c_one_of: 0
    c_top: 1
    c_bot: 1
    c_primitive: 3
    r_primitive: 2
    c_and: 18
    c_not: 17
    c_equal: 1
    c_some: 13
    c_all: 14
    r_restrict: 4
    r_and: 3
    r_inverse: 6
    r_transitive_closure: 0
    b_empty: 17
    n_count: 33
    n_concept_distance: 0
[t=6.44586s, 3544136 KB] Complexity 6:
Total concept elements: 127
Total role elements: 15
Total numerical elements: 61
Total boolean elements: 26
    b_nullary: 2
    c_one_of: 0
    c_top: 1
    c_bot: 1
    c_primitive: 3
    r_primitive: 2
    c_and: 43
    c_not: 35
    c_equal: 1
    c_some: 17
    c_all: 26
    r_restrict: 4
    r_and: 3
    r_inverse: 6
    r_transitive_closure: 0
    b_empty: 24
    n_count: 52
    n_concept_distance: 9
[t=6.45051s, 3544136 KB] Complexity 7:
Total concept elements: 175
Total role elements: 16
Total numerical elements: 89
Total boolean elements: 30
    b_nullary: 2
    c_one_of: 0
    c_top: 1
    c_bot: 1
    c_primitive: 3
    r_primitive: 2
    c_and: 71
    c_not: 54
    c_equal: 1
    c_some: 17
    c_all: 27
    r_restrict: 4
    r_and: 4
    r_inverse: 6
    r_transitive_closure: 0
    b_empty: 28
    n_count: 71
    n_concept_distance: 18
[t=6.45958s, 3544136 KB] Complexity 8:
Total concept elements: 256
Total role elements: 17
Total numerical elements: 126
Total boolean elements: 32
    b_nullary: 2
    c_one_of: 0
    c_top: 1
    c_bot: 1
    c_primitive: 3
    r_primitive: 2
    c_and: 120
    c_not: 76
    c_equal: 1
    c_some: 19
    c_all: 35
    r_restrict: 4
    r_and: 4
    r_inverse: 7
    r_transitive_closure: 0
    b_empty: 30
    n_count: 93
    n_concept_distance: 33
[t=6.47453s, 3544136 KB] Complexity 9:
Total concept elements: 344
Total role elements: 17
Total numerical elements: 172
Total boolean elements: 32
    b_nullary: 2
    c_one_of: 0
    c_top: 1
    c_bot: 1
    c_primitive: 3
    r_primitive: 2
    c_and: 166
    c_not: 116
    c_equal: 1
    c_some: 20
    c_all: 36
    r_restrict: 4
    r_and: 4
    r_inverse: 7
    r_transitive_closure: 0
    b_empty: 30
    n_count: 120
    n_concept_distance: 52
[t=6.47464s, 3544136 KB] Finished generating composite features.
DomainFeatureDataStatistics:
    num_dlplan_states: 5
    num_boolean_features: 32
    num_numerical_features: 172
2023-03-04 19:13:21 INFO     [40m[34m..done[0m
2023-03-04 19:13:21 INFO     [40m[34mInitializing InstanceFeatureDatas...[0m
2023-03-04 19:13:21 INFO     [40m[34m..done[0m
2023-03-04 19:13:21 INFO     [40m[34mInitializing StatePairEquivalenceDatas...[0m
2023-03-04 19:13:21 INFO     [40m[34m..done[0m
2023-03-04 19:13:21 INFO     [40m[34mInitializing TupleGraphEquivalences...[0m
TupleGraphEquivalenceFactoryStatistics:
    num_subgoal_tuples: 45
    num_single_rule_subgoal_tuples: 41
    num_multi_rule_subgoal_tuples: 4
2023-03-04 19:13:21 INFO     [40m[34m..done[0m
2023-03-04 19:13:21 INFO     [40m[34m..done[0m
2023-03-04 19:13:21 INFO     [40m[33mIteration data preprocessing summary:[0m
DomainFeatureDataStatistics:
    num_dlplan_states: 5
    num_boolean_features: 32
    num_numerical_features: 172
StatePairEquivalenceStatistics:
    num_subgoal_states: 25
    num_equivalences: 25
TupleGraphEquivalenceFactoryStatistics:
    num_subgoal_tuples: 45
    num_single_rule_subgoal_tuples: 41
    num_multi_rule_subgoal_tuples: 4
TupleGraphEquivalenceFactoryStatistics:
    num_subgoal_tuples: 25
    num_single_rule_subgoal_tuples: 25
    num_multi_rule_subgoal_tuples: 0
2023-03-04 19:13:22 INFO     [40m[34mGrounding Logic Program...[0m
2023-03-04 19:13:22 INFO     [40m[34m..done[0m
2023-03-04 19:13:22 INFO     [40m[34mSolving Logic Program...[0m
Clingo statistics:
{'call': 0.0, 'result': 1.0, 'signal': 9.0, 'exhausted': 0.0, 'costs': [2.0], 'lower': [2.0], 'concurrency': 32.0, 'winner': 32.0, 'times': {'total': 0.8988268375396729, 'cpu': 7.616645, 'solve': 0.2821228504180908, 'unsat': 0.0, 'sat': 0.20243000984191895}, 'models': {'enumerated': 7.0, 'optimal': 1.0}}
Solution cost: [2.0]
Total time: 0.8988268375396729
CPU time: 7.616645
Solve time: 0.2821228504180908
2023-03-04 19:13:22 INFO     [40m[34m..done[0m
2023-03-04 19:13:22 INFO     Learned the following sketch:
(:policy
(:boolean_features "b_empty(r_and(r_primitive(on,0,1),r_primitive(on_g,0,1)))")
(:numerical_features )
(:rule (:conditions ) (:effects (:e_b_neg 0)))
)
Numer of sketch rules: 1
Number of selected features: 1
Maximum complexity of selected feature: 4
2023-03-04 19:13:22 INFO     [40m[34mVerifying learned sketch...[0m
[40m[31mGroup fails to bound width of a state[0m
Group: 0
Instance: 2 p-3-0-5
State: (instance index=4, state index=0, atoms={on-table(b2), on(b3,b2), clear(b3), arm-empty(), clear(b1), on-table(b1)})
2023-03-04 19:13:22 INFO     [40m[34m..done[0m
Smallest unsolved instance: 2
Selected instances: [2]

2023-03-04 19:13:22 INFO     [40m[31mIteration: 1[0m
Number of selected instances: 1
Selected instances:
    id: 2 name: p-3-0-5
initial states: {0, 1, 2, 3, 5, 7}
2023-03-04 19:13:22 INFO     [40m[34mInitializing DomainFeatureData...[0m
[t=7.43958s, 3555660 KB] Started generating base features of complexity 1.
[t=7.43988s, 3555660 KB] Complexity 1:
    b_nullary: 2
    c_one_of: 0
    c_top: 1
    c_bot: 1
    c_primitive: 3
    r_primitive: 2
    c_and: 0
    c_not: 0
    c_equal: 0
    c_some: 0
    c_all: 0
    r_restrict: 0
    r_and: 0
    r_inverse: 0
    r_transitive_closure: 0
    b_empty: 0
    n_count: 0
    n_concept_distance: 0
[t=7.44009s, 3555660 KB] Finished generating base features.
[t=7.44016s, 3555660 KB] Started generating composite features. 
[t=7.44044s, 3555660 KB] Complexity 2:
Total concept elements: 8
Total role elements: 5
Total numerical elements: 6
Total boolean elements: 4
    b_nullary: 2
    c_one_of: 0
    c_top: 1
    c_bot: 1
    c_primitive: 3
    r_primitive: 2
    c_and: 0
    c_not: 3
    c_equal: 0
    c_some: 0
    c_all: 0
    r_restrict: 0
    r_and: 0
    r_inverse: 2
    r_transitive_closure: 1
    b_empty: 2
    n_count: 6
    n_concept_distance: 0
[t=7.44152s, 3555660 KB] Complexity 3:
Total concept elements: 22
Total role elements: 12
Total numerical elements: 9
Total boolean elements: 5
    b_nullary: 2
    c_one_of: 0
    c_top: 1
    c_bot: 1
    c_primitive: 3
    r_primitive: 2
    c_and: 1
    c_not: 3
    c_equal: 1
    c_some: 6
    c_all: 6
    r_restrict: 5
    r_and: 1
    r_inverse: 3
    r_transitive_closure: 1
    b_empty: 3
    n_count: 9
    n_concept_distance: 0
[t=7.44272s, 3555660 KB] Complexity 4:
Total concept elements: 46
Total role elements: 20
Total numerical elements: 22
Total boolean elements: 11
    b_nullary: 2
    c_one_of: 0
    c_top: 1
    c_bot: 1
    c_primitive: 3
    r_primitive: 2
    c_and: 3
    c_not: 13
    c_equal: 1
    c_some: 12
    c_all: 12
    r_restrict: 5
    r_and: 4
    r_inverse: 8
    r_transitive_closure: 1
    b_empty: 9
    n_count: 22
    n_concept_distance: 0
[t=7.4459s, 3555660 KB] Complexity 5:
Total concept elements: 116
Total role elements: 24
Total numerical elements: 40
Total boolean elements: 21
    b_nullary: 2
    c_one_of: 0
    c_top: 1
    c_bot: 1
    c_primitive: 3
    r_primitive: 2
    c_and: 29
    c_not: 23
    c_equal: 1
    c_some: 28
    c_all: 30
    r_restrict: 5
    r_and: 7
    r_inverse: 9
    r_transitive_closure: 1
    b_empty: 19
    n_count: 40
    n_concept_distance: 0
[t=7.45262s, 3555660 KB] Complexity 6:
Total concept elements: 335
Total role elements: 30
Total numerical elements: 110
Total boolean elements: 61
    b_nullary: 2
    c_one_of: 0
    c_top: 1
    c_bot: 1
    c_primitive: 3
    r_primitive: 2
    c_and: 101
    c_not: 73
    c_equal: 1
    c_some: 66
    c_all: 89
    r_restrict: 5
    r_and: 12
    r_inverse: 10
    r_transitive_closure: 1
    b_empty: 59
    n_count: 103
    n_concept_distance: 7
[t=7.46733s, 3555660 KB] Complexity 7:
Total concept elements: 721
Total role elements: 34
Total numerical elements: 292
Total boolean elements: 131
    b_nullary: 2
    c_one_of: 0
    c_top: 1
    c_bot: 1
    c_primitive: 3
    r_primitive: 2
    c_and: 243
    c_not: 187
    c_equal: 1
    c_some: 128
    c_all: 157
    r_restrict: 5
    r_and: 15
    r_inverse: 11
    r_transitive_closure: 1
    b_empty: 129
    n_count: 276
    n_concept_distance: 16
[t=7.50846s, 3555660 KB] Complexity 8:
Total concept elements: 1553
Total role elements: 37
Total numerical elements: 614
Total boolean elements: 242
    b_nullary: 2
    c_one_of: 0
    c_top: 1
    c_bot: 1
    c_primitive: 3
    r_primitive: 2
    c_and: 622
    c_not: 394
    c_equal: 1
    c_some: 220
    c_all: 311
    r_restrict: 5
    r_and: 17
    r_inverse: 12
    r_transitive_closure: 1
    b_empty: 240
    n_count: 577
    n_concept_distance: 37
[t=7.60859s, 3555660 KB] Complexity 9:
Total concept elements: 3155
Total role elements: 37
Total numerical elements: 1250
Total boolean elements: 411
    b_nullary: 2
    c_one_of: 0
    c_top: 1
    c_bot: 1
    c_primitive: 3
    r_primitive: 2
    c_and: 1388
    c_not: 854
    c_equal: 1
    c_some: 368
    c_all: 539
    r_restrict: 5
    r_and: 17
    r_inverse: 12
    r_transitive_closure: 1
    b_empty: 409
    n_count: 1172
    n_concept_distance: 78
[t=7.60873s, 3555660 KB] Finished generating composite features.
DomainFeatureDataStatistics:
    num_dlplan_states: 20
    num_boolean_features: 411
    num_numerical_features: 1250
2023-03-04 19:13:23 INFO     [40m[34m..done[0m
2023-03-04 19:13:23 INFO     [40m[34mInitializing InstanceFeatureDatas...[0m
2023-03-04 19:13:23 INFO     [40m[34m..done[0m
2023-03-04 19:13:23 INFO     [40m[34mInitializing StatePairEquivalenceDatas...[0m
2023-03-04 19:13:25 INFO     [40m[34m..done[0m
2023-03-04 19:13:25 INFO     [40m[34mInitializing TupleGraphEquivalences...[0m
TupleGraphEquivalenceFactoryStatistics:
    num_subgoal_tuples: 273
    num_single_rule_subgoal_tuples: 223
    num_multi_rule_subgoal_tuples: 50
2023-03-04 19:13:25 INFO     [40m[34m..done[0m
2023-03-04 19:13:25 INFO     [40m[34m..done[0m
2023-03-04 19:13:25 INFO     [40m[33mIteration data preprocessing summary:[0m
DomainFeatureDataStatistics:
    num_dlplan_states: 20
    num_boolean_features: 411
    num_numerical_features: 1250
StatePairEquivalenceStatistics:
    num_subgoal_states: 252
    num_equivalences: 252
TupleGraphEquivalenceFactoryStatistics:
    num_subgoal_tuples: 273
    num_single_rule_subgoal_tuples: 223
    num_multi_rule_subgoal_tuples: 50
TupleGraphEquivalenceFactoryStatistics:
    num_subgoal_tuples: 159
    num_single_rule_subgoal_tuples: 125
    num_multi_rule_subgoal_tuples: 34
2023-03-04 19:13:34 INFO     [40m[34mGrounding Logic Program...[0m
2023-03-04 19:14:08 INFO     [40m[34m..done[0m
2023-03-04 19:14:09 INFO     [40m[34mSolving Logic Program...[0m
Clingo statistics:
{'call': 0.0, 'result': 1.0, 'signal': 9.0, 'exhausted': 0.0, 'costs': [7.0], 'lower': [7.0], 'concurrency': 32.0, 'winner': 32.0, 'times': {'total': 4662.380303859711, 'cpu': 146620.864598, 'solve': 4599.053216934204, 'unsat': 0.0, 'sat': 1077.5495500564575}, 'models': {'enumerated': 242.0, 'optimal': 1.0}}
Solution cost: [7.0]
Total time: 4662.380303859711
CPU time: 146620.864598
Solve time: 4599.053216934204
2023-03-04 20:31:08 INFO     [40m[34m..done[0m
2023-03-04 20:31:08 INFO     Learned the following sketch:
(:policy
(:boolean_features "b_empty(r_and(r_primitive(on,0,1),r_primitive(on_g,0,1)))")
(:numerical_features "n_count(c_not(c_primitive(clear,0)))")
(:rule (:conditions (:c_n_eq 0)) (:effects (:e_b_neg 0)))
(:rule (:conditions (:c_n_gt 0) (:c_b_pos 0)) (:effects (:e_n_dec 0) (:e_b_pos 0)))
)
Numer of sketch rules: 2
Number of selected features: 2
Maximum complexity of selected feature: 4
2023-03-04 20:31:08 INFO     [40m[34mVerifying learned sketch...[0m
2023-03-04 20:31:09 INFO     [40m[34m..done[0m
[40m[31mSketch solves all instances![0m
2023-03-04 20:31:09 INFO     [40m[32mSummary:[0m
LearningStatistics:
    num_training_instances: 1
    num_selected_training_instances: 1
    num_states_in_selected_training_instances: 20
    num_features_in_pool: 1661
    num_cpu_seconds: 146632.67 seconds
    num_peak_memory_mb: 34298.28 MB
Resulting sketch:
(:policy
(:boolean_features "b_empty(r_and(r_primitive(on,0,1),r_primitive(on_g,0,1)))")
(:numerical_features "n_count(c_not(c_primitive(clear,0)))")
(:rule (:conditions (:c_n_eq 0)) (:effects (:e_b_neg 0)))
(:rule (:conditions (:c_n_gt 0) (:c_b_pos 0)) (:effects (:e_n_dec 0) (:e_b_pos 0)))
)
Numer of sketch rules: 2
Number of selected features: 2
Maximum complexity of selected feature: 4
Resulting sketch minimized:
(:policy
(:boolean_features "b_empty(r_and(r_primitive(on,0,1),r_primitive(on_g,0,1)))")
(:numerical_features "n_count(c_not(c_primitive(clear,0)))")
(:rule (:conditions (:c_n_eq 0)) (:effects (:e_b_neg 0)))
(:rule (:conditions (:c_n_gt 0) (:c_b_pos 0)) (:effects (:e_n_dec 0) (:e_b_pos 0)))
)
Numer of sketch rules: 2
Number of selected features: 2
Maximum complexity of selected feature: 4
Sketch:
(:policy
(:boolean_features "b_empty(r_and(r_primitive(on,0,1),r_primitive(on_g,0,1)))")
(:numerical_features "n_count(c_not(c_primitive(clear,0)))")
(:rule (:conditions (:c_n_eq 0)) (:effects (:e_b_neg 0)))
(:rule (:conditions (:c_n_gt 0) (:c_b_pos 0)) (:effects (:e_n_dec 0) (:e_b_pos 0)))
)
Sketch rule: 0 (:rule (:conditions (:c_n_eq 0)) (:effects (:e_b_neg 0)))
2023-03-04 20:31:16 INFO     [40m[34mInitializing Subproblems...[0m
Number of problems: 3
Number of subproblems: 3
Highest number of states in problem: 125
Highest number of states in subproblem: 37
2023-03-04 20:31:16 INFO     [40m[34m..done[0m
2023-03-04 20:31:16 INFO     [40m[34mInitializing TupleGraphs...[0m
2023-03-04 20:31:16 INFO     [40m[34m..done[0m
/proj/ssiw/projects/code/sketch-learner/learning/d2l/workspace/blocks_4_hierarchy_on_2_9_9_9_9_9/learning/rule_0

2023-03-04 20:31:16 INFO     [40m[31mIteration: 0[0m
Number of selected instances: 1
Selected instances:
    id: 0 name: p-2-0-2
initial states: {2}
2023-03-04 20:31:16 INFO     [40m[34mInitializing DomainFeatureData...[0m
[t=4681.16s, 41044820 KB] Started generating base features of complexity 1.
[t=4681.16s, 41044820 KB] Complexity 1:
    b_nullary: 2
    c_one_of: 0
    c_top: 1
    c_bot: 1
    c_primitive: 3
    r_primitive: 2
    c_and: 0
    c_not: 0
    c_equal: 0
    c_some: 0
    c_all: 0
    r_restrict: 0
    r_and: 0
    r_inverse: 0
    r_transitive_closure: 0
    b_empty: 0
    n_count: 0
    n_concept_distance: 0
[t=4681.16s, 41044820 KB] Finished generating base features.
[t=4681.16s, 41044820 KB] Started generating composite features. 
[t=4681.16s, 41044820 KB] Complexity 2:
Total concept elements: 8
Total role elements: 4
Total numerical elements: 6
Total boolean elements: 4
    b_nullary: 2
    c_one_of: 0
    c_top: 1
    c_bot: 1
    c_primitive: 3
    r_primitive: 2
    c_and: 0
    c_not: 3
    c_equal: 0
    c_some: 0
    c_all: 0
    r_restrict: 0
    r_and: 0
    r_inverse: 2
    r_transitive_closure: 0
    b_empty: 2
    n_count: 6
    n_concept_distance: 0
[t=4681.19s, 41044820 KB] Complexity 3:
Total concept elements: 20
Total role elements: 9
Total numerical elements: 8
Total boolean elements: 5
    b_nullary: 2
    c_one_of: 0
    c_top: 1
    c_bot: 1
    c_primitive: 3
    r_primitive: 2
    c_and: 1
    c_not: 3
    c_equal: 1
    c_some: 5
    c_all: 5
    r_restrict: 4
    r_and: 1
    r_inverse: 2
    r_transitive_closure: 0
    b_empty: 3
    n_count: 8
    n_concept_distance: 0
[t=4681.25s, 41044820 KB] Complexity 4:
Total concept elements: 36
Total role elements: 15
Total numerical elements: 18
Total boolean elements: 11
    b_nullary: 2
    c_one_of: 0
    c_top: 1
    c_bot: 1
    c_primitive: 3
    r_primitive: 2
    c_and: 2
    c_not: 11
    c_equal: 1
    c_some: 8
    c_all: 9
    r_restrict: 4
    r_and: 3
    r_inverse: 6
    r_transitive_closure: 0
    b_empty: 9
    n_count: 18
    n_concept_distance: 0
[t=4681.25s, 41044820 KB] Complexity 5:
Total concept elements: 68
Total role elements: 15
Total numerical elements: 33
Total boolean elements: 19
    b_nullary: 2
    c_one_of: 0
    c_top: 1
    c_bot: 1
    c_primitive: 3
    r_primitive: 2
    c_and: 18
    c_not: 17
    c_equal: 1
    c_some: 13
    c_all: 14
    r_restrict: 4
    r_and: 3
    r_inverse: 6
    r_transitive_closure: 0
    b_empty: 17
    n_count: 33
    n_concept_distance: 0
[t=4681.26s, 41044820 KB] Complexity 6:
Total concept elements: 127
Total role elements: 15
Total numerical elements: 61
Total boolean elements: 26
    b_nullary: 2
    c_one_of: 0
    c_top: 1
    c_bot: 1
    c_primitive: 3
    r_primitive: 2
    c_and: 43
    c_not: 35
    c_equal: 1
    c_some: 17
    c_all: 26
    r_restrict: 4
    r_and: 3
    r_inverse: 6
    r_transitive_closure: 0
    b_empty: 24
    n_count: 52
    n_concept_distance: 9
[t=4681.26s, 41044820 KB] Complexity 7:
Total concept elements: 175
Total role elements: 16
Total numerical elements: 89
Total boolean elements: 30
    b_nullary: 2
    c_one_of: 0
    c_top: 1
    c_bot: 1
    c_primitive: 3
    r_primitive: 2
    c_and: 71
    c_not: 54
    c_equal: 1
    c_some: 17
    c_all: 27
    r_restrict: 4
    r_and: 4
    r_inverse: 6
    r_transitive_closure: 0
    b_empty: 28
    n_count: 71
    n_concept_distance: 18
[t=4681.27s, 41044820 KB] Complexity 8:
Total concept elements: 256
Total role elements: 17
Total numerical elements: 126
Total boolean elements: 32
    b_nullary: 2
    c_one_of: 0
    c_top: 1
    c_bot: 1
    c_primitive: 3
    r_primitive: 2
    c_and: 120
    c_not: 76
    c_equal: 1
    c_some: 19
    c_all: 35
    r_restrict: 4
    r_and: 4
    r_inverse: 7
    r_transitive_closure: 0
    b_empty: 30
    n_count: 93
    n_concept_distance: 33
[t=4681.29s, 41044820 KB] Complexity 9:
Total concept elements: 344
Total role elements: 17
Total numerical elements: 172
Total boolean elements: 32
    b_nullary: 2
    c_one_of: 0
    c_top: 1
    c_bot: 1
    c_primitive: 3
    r_primitive: 2
    c_and: 166
    c_not: 116
    c_equal: 1
    c_some: 20
    c_all: 36
    r_restrict: 4
    r_and: 4
    r_inverse: 7
    r_transitive_closure: 0
    b_empty: 30
    n_count: 120
    n_concept_distance: 52
[t=4681.29s, 41044820 KB] Finished generating composite features.
DomainFeatureDataStatistics:
    num_dlplan_states: 5
    num_boolean_features: 32
    num_numerical_features: 172
2023-03-04 20:31:16 INFO     [40m[34m..done[0m
2023-03-04 20:31:16 INFO     [40m[34mInitializing InstanceFeatureDatas...[0m
2023-03-04 20:31:16 INFO     [40m[34m..done[0m
2023-03-04 20:31:16 INFO     [40m[34mInitializing StatePairEquivalenceDatas...[0m
2023-03-04 20:31:17 INFO     [40m[34m..done[0m
2023-03-04 20:31:17 INFO     [40m[34mInitializing TupleGraphEquivalences...[0m
TupleGraphEquivalenceFactoryStatistics:
    num_subgoal_tuples: 27
    num_single_rule_subgoal_tuples: 23
    num_multi_rule_subgoal_tuples: 4
2023-03-04 20:31:17 INFO     [40m[34m..done[0m
2023-03-04 20:31:17 INFO     [40m[34m..done[0m
2023-03-04 20:31:17 INFO     [40m[33mIteration data preprocessing summary:[0m
DomainFeatureDataStatistics:
    num_dlplan_states: 5
    num_boolean_features: 32
    num_numerical_features: 172
StatePairEquivalenceStatistics:
    num_subgoal_states: 11
    num_equivalences: 11
TupleGraphEquivalenceFactoryStatistics:
    num_subgoal_tuples: 27
    num_single_rule_subgoal_tuples: 23
    num_multi_rule_subgoal_tuples: 4
TupleGraphEquivalenceFactoryStatistics:
    num_subgoal_tuples: 11
    num_single_rule_subgoal_tuples: 11
    num_multi_rule_subgoal_tuples: 0
2023-03-04 20:31:17 INFO     [40m[34mGrounding Logic Program...[0m
2023-03-04 20:31:17 INFO     [40m[34m..done[0m
2023-03-04 20:31:17 INFO     [40m[34mSolving Logic Program...[0m
Clingo statistics:
{'call': 0.0, 'result': 1.0, 'signal': 9.0, 'exhausted': 0.0, 'costs': [8.0], 'lower': [8.0], 'concurrency': 32.0, 'winner': 32.0, 'times': {'total': 1.140429973602295, 'cpu': 19.11084499998833, 'solve': 0.7500920295715332, 'unsat': 0.0, 'sat': 0.3804750442504883}, 'models': {'enumerated': 73.0, 'optimal': 1.0}}
Solution cost: [8.0]
Total time: 1.140429973602295
CPU time: 19.11084499998833
Solve time: 0.7500920295715332
2023-03-04 20:31:18 INFO     [40m[34m..done[0m
2023-03-04 20:31:18 INFO     Learned the following sketch:
(:policy
(:boolean_features "b_empty(c_some(r_primitive(on_g,0,1),c_primitive(clear,0)))")
(:numerical_features "n_count(c_not(c_primitive(clear,0)))")
(:rule (:conditions (:c_n_eq 0) (:c_b_neg 0)) (:effects (:e_n_inc 0) (:e_b_bot 0)))
(:rule (:conditions (:c_n_gt 0)) (:effects (:e_b_pos 0)))
)
Numer of sketch rules: 2
Number of selected features: 2
Maximum complexity of selected feature: 4
2023-03-04 20:31:18 INFO     [40m[34mVerifying learned sketch...[0m
[40m[31mAn r-reachable state is a deadend.[0m
Instance: 1 p-3-0-3
State: (instance index=1, state index=0, atoms={on-table(b2), on(b3,b2), clear(b3), arm-empty(), clear(b1), on-table(b1)})
2023-03-04 20:31:18 INFO     [40m[34m..done[0m
Smallest unsolved instance: 1
Selected instances: [1]

2023-03-04 20:31:18 INFO     [40m[31mIteration: 1[0m
Number of selected instances: 1
Selected instances:
    id: 1 name: p-3-0-3
initial states: {3}
2023-03-04 20:31:18 INFO     [40m[34mInitializing DomainFeatureData...[0m
[t=4682.57s, 41044820 KB] Started generating base features of complexity 1.
[t=4682.57s, 41044820 KB] Complexity 1:
    b_nullary: 2
    c_one_of: 0
    c_top: 1
    c_bot: 1
    c_primitive: 3
    r_primitive: 2
    c_and: 0
    c_not: 0
    c_equal: 0
    c_some: 0
    c_all: 0
    r_restrict: 0
    r_and: 0
    r_inverse: 0
    r_transitive_closure: 0
    b_empty: 0
    n_count: 0
    n_concept_distance: 0
[t=4682.57s, 41044820 KB] Finished generating base features.
[t=4682.57s, 41044820 KB] Started generating composite features. 
[t=4682.57s, 41044820 KB] Complexity 2:
Total concept elements: 8
Total role elements: 5
Total numerical elements: 6
Total boolean elements: 4
    b_nullary: 2
    c_one_of: 0
    c_top: 1
    c_bot: 1
    c_primitive: 3
    r_primitive: 2
    c_and: 0
    c_not: 3
    c_equal: 0
    c_some: 0
    c_all: 0
    r_restrict: 0
    r_and: 0
    r_inverse: 2
    r_transitive_closure: 1
    b_empty: 2
    n_count: 6
    n_concept_distance: 0
[t=4682.57s, 41044820 KB] Complexity 3:
Total concept elements: 22
Total role elements: 12
Total numerical elements: 9
Total boolean elements: 5
    b_nullary: 2
    c_one_of: 0
    c_top: 1
    c_bot: 1
    c_primitive: 3
    r_primitive: 2
    c_and: 1
    c_not: 3
    c_equal: 1
    c_some: 6
    c_all: 6
    r_restrict: 5
    r_and: 1
    r_inverse: 3
    r_transitive_closure: 1
    b_empty: 3
    n_count: 9
    n_concept_distance: 0
[t=4682.57s, 41044820 KB] Complexity 4:
Total concept elements: 46
Total role elements: 19
Total numerical elements: 22
Total boolean elements: 10
    b_nullary: 2
    c_one_of: 0
    c_top: 1
    c_bot: 1
    c_primitive: 3
    r_primitive: 2
    c_and: 3
    c_not: 13
    c_equal: 1
    c_some: 12
    c_all: 12
    r_restrict: 5
    r_and: 3
    r_inverse: 8
    r_transitive_closure: 1
    b_empty: 8
    n_count: 22
    n_concept_distance: 0
[t=4682.58s, 41044820 KB] Complexity 5:
Total concept elements: 100
Total role elements: 20
Total numerical elements: 39
Total boolean elements: 19
    b_nullary: 2
    c_one_of: 0
    c_top: 1
    c_bot: 1
    c_primitive: 3
    r_primitive: 2
    c_and: 26
    c_not: 23
    c_equal: 1
    c_some: 22
    c_all: 23
    r_restrict: 5
    r_and: 4
    r_inverse: 8
    r_transitive_closure: 1
    b_empty: 17
    n_count: 39
    n_concept_distance: 0
[t=4682.58s, 41044820 KB] Complexity 6:
Total concept elements: 256
Total role elements: 21
Total numerical elements: 91
Total boolean elements: 43
    b_nullary: 2
    c_one_of: 0
    c_top: 1
    c_bot: 1
    c_primitive: 3
    r_primitive: 2
    c_and: 88
    c_not: 57
    c_equal: 1
    c_some: 43
    c_all: 62
    r_restrict: 5
    r_and: 4
    r_inverse: 9
    r_transitive_closure: 1
    b_empty: 41
    n_count: 85
    n_concept_distance: 6
[t=4682.59s, 41044820 KB] Complexity 7:
Total concept elements: 478
Total role elements: 22
Total numerical elements: 216
Total boolean elements: 87
    b_nullary: 2
    c_one_of: 0
    c_top: 1
    c_bot: 1
    c_primitive: 3
    r_primitive: 2
    c_and: 191
    c_not: 134
    c_equal: 1
    c_some: 62
    c_all: 85
    r_restrict: 5
    r_and: 5
    r_inverse: 9
    r_transitive_closure: 1
    b_empty: 85
    n_count: 201
    n_concept_distance: 15
[t=4682.62s, 41044820 KB] Complexity 8:
Total concept elements: 898
Total role elements: 23
Total numerical elements: 391
Total boolean elements: 135
    b_nullary: 2
    c_one_of: 0
    c_top: 1
    c_bot: 1
    c_primitive: 3
    r_primitive: 2
    c_and: 427
    c_not: 244
    c_equal: 1
    c_some: 82
    c_all: 139
    r_restrict: 5
    r_and: 5
    r_inverse: 10
    r_transitive_closure: 1
    b_empty: 133
    n_count: 355
    n_concept_distance: 36
[t=4682.68s, 41044820 KB] Complexity 9:
Total concept elements: 1605
Total role elements: 23
Total numerical elements: 683
Total boolean elements: 199
    b_nullary: 2
    c_one_of: 0
    c_top: 1
    c_bot: 1
    c_primitive: 3
    r_primitive: 2
    c_and: 819
    c_not: 474
    c_equal: 1
    c_some: 105
    c_all: 201
    r_restrict: 5
    r_and: 5
    r_inverse: 10
    r_transitive_closure: 1
    b_empty: 197
    n_count: 619
    n_concept_distance: 64
[t=4682.68s, 41044820 KB] Finished generating composite features.
DomainFeatureDataStatistics:
    num_dlplan_states: 13
    num_boolean_features: 199
    num_numerical_features: 683
2023-03-04 20:31:18 INFO     [40m[34m..done[0m
2023-03-04 20:31:18 INFO     [40m[34mInitializing InstanceFeatureDatas...[0m
2023-03-04 20:31:18 INFO     [40m[34m..done[0m
2023-03-04 20:31:18 INFO     [40m[34mInitializing StatePairEquivalenceDatas...[0m
2023-03-04 20:31:18 INFO     [40m[34m..done[0m
2023-03-04 20:31:18 INFO     [40m[34mInitializing TupleGraphEquivalences...[0m
TupleGraphEquivalenceFactoryStatistics:
    num_subgoal_tuples: 81
    num_single_rule_subgoal_tuples: 73
    num_multi_rule_subgoal_tuples: 8
2023-03-04 20:31:18 INFO     [40m[34m..done[0m
2023-03-04 20:31:18 INFO     [40m[34m..done[0m
2023-03-04 20:31:18 INFO     [40m[33mIteration data preprocessing summary:[0m
DomainFeatureDataStatistics:
    num_dlplan_states: 13
    num_boolean_features: 199
    num_numerical_features: 683
StatePairEquivalenceStatistics:
    num_subgoal_states: 29
    num_equivalences: 29
TupleGraphEquivalenceFactoryStatistics:
    num_subgoal_tuples: 81
    num_single_rule_subgoal_tuples: 73
    num_multi_rule_subgoal_tuples: 8
TupleGraphEquivalenceFactoryStatistics:
    num_subgoal_tuples: 29
    num_single_rule_subgoal_tuples: 29
    num_multi_rule_subgoal_tuples: 0
2023-03-04 20:31:19 INFO     [40m[34mGrounding Logic Program...[0m
2023-03-04 20:31:21 INFO     [40m[34m..done[0m
2023-03-04 20:31:21 INFO     [40m[34mSolving Logic Program...[0m
Clingo statistics:
{'call': 0.0, 'result': 1.0, 'signal': 9.0, 'exhausted': 0.0, 'costs': [9.0], 'lower': [9.0], 'concurrency': 32.0, 'winner': 32.0, 'times': {'total': 22.979717016220093, 'cpu': 588.831216999999, 'solve': 18.49898600578308, 'unsat': 0.0, 'sat': 1.4885749816894531}, 'models': {'enumerated': 511.0, 'optimal': 1.0}}
Solution cost: [9.0]
Total time: 22.979717016220093
CPU time: 588.831216999999
Solve time: 18.49898600578308
2023-03-04 20:31:41 INFO     [40m[34m..done[0m
2023-03-04 20:31:41 INFO     Learned the following sketch:
(:policy
(:boolean_features "b_empty(c_some(r_inverse(r_primitive(on_g,0,1)),c_primitive(clear,0)))" "b_empty(r_and(r_primitive(on,0,1),r_primitive(on_g,0,1)))")
(:numerical_features )
(:rule (:conditions (:c_b_pos 1) (:c_b_neg 0)) (:effects (:e_b_pos 0)))
(:rule (:conditions (:c_b_pos 1) (:c_b_pos 0)) (:effects (:e_b_neg 1) (:e_b_neg 0)))
)
Numer of sketch rules: 2
Number of selected features: 2
Maximum complexity of selected feature: 5
2023-03-04 20:31:41 INFO     [40m[34mVerifying learned sketch...[0m
2023-03-04 20:31:41 INFO     [40m[34m..done[0m
[40m[31mSketch solves all instances![0m
2023-03-04 20:31:41 INFO     [40m[32mSummary:[0m
LearningStatistics:
    num_training_instances: 1
    num_selected_training_instances: 1
    num_states_in_selected_training_instances: 13
    num_features_in_pool: 882
    num_cpu_seconds: 608.68 seconds
    num_peak_memory_mb: 5814.98 MB
Resulting sketch:
(:policy
(:boolean_features "b_empty(c_some(r_inverse(r_primitive(on_g,0,1)),c_primitive(clear,0)))" "b_empty(r_and(r_primitive(on,0,1),r_primitive(on_g,0,1)))")
(:numerical_features )
(:rule (:conditions (:c_b_pos 1) (:c_b_neg 0)) (:effects (:e_b_pos 0)))
(:rule (:conditions (:c_b_pos 1) (:c_b_pos 0)) (:effects (:e_b_neg 1) (:e_b_neg 0)))
)
Numer of sketch rules: 2
Number of selected features: 2
Maximum complexity of selected feature: 5
Resulting sketch minimized:
(:policy
(:boolean_features "b_empty(c_some(r_inverse(r_primitive(on_g,0,1)),c_primitive(clear,0)))" "b_empty(r_and(r_primitive(on,0,1),r_primitive(on_g,0,1)))")
(:numerical_features )
(:rule (:conditions (:c_b_pos 1) (:c_b_neg 0)) (:effects (:e_b_pos 0)))
(:rule (:conditions (:c_b_pos 1) (:c_b_pos 0)) (:effects (:e_b_neg 1) (:e_b_neg 0)))
)
Numer of sketch rules: 2
Number of selected features: 2
Maximum complexity of selected feature: 5
Sketch:
(:policy
(:boolean_features "b_empty(r_and(r_primitive(on,0,1),r_primitive(on_g,0,1)))")
(:numerical_features "n_count(c_not(c_primitive(clear,0)))")
(:rule (:conditions (:c_n_eq 0)) (:effects (:e_b_neg 0)))
(:rule (:conditions (:c_n_gt 0) (:c_b_pos 0)) (:effects (:e_n_dec 0) (:e_b_pos 0)))
)
Sketch rule: 1 (:rule (:conditions (:c_n_gt 0) (:c_b_pos 0)) (:effects (:e_n_dec 0) (:e_b_pos 0)))
2023-03-04 20:31:42 INFO     [40m[34mInitializing Subproblems...[0m
Number of problems: 3
Number of subproblems: 73
Highest number of states in problem: 125
Highest number of states in subproblem: 15
2023-03-04 20:31:42 INFO     [40m[34m..done[0m
2023-03-04 20:31:42 INFO     [40m[34mInitializing TupleGraphs...[0m
2023-03-04 20:31:42 INFO     [40m[34m..done[0m
/proj/ssiw/projects/code/sketch-learner/learning/d2l/workspace/blocks_4_hierarchy_on_2_9_9_9_9_9/learning/rule_1

2023-03-04 20:31:42 INFO     [40m[31mIteration: 0[0m
Number of selected instances: 1
Selected instances:
    id: 0 name: p-2-0-4
initial states: {3, 4}
2023-03-04 20:31:42 INFO     [40m[34mInitializing DomainFeatureData...[0m
[t=4706.99s, 41044820 KB] Started generating base features of complexity 1.
[t=4706.99s, 41044820 KB] Complexity 1:
    b_nullary: 2
    c_one_of: 0
    c_top: 1
    c_bot: 1
    c_primitive: 3
    r_primitive: 2
    c_and: 0
    c_not: 0
    c_equal: 0
    c_some: 0
    c_all: 0
    r_restrict: 0
    r_and: 0
    r_inverse: 0
    r_transitive_closure: 0
    b_empty: 0
    n_count: 0
    n_concept_distance: 0
[t=4706.99s, 41044820 KB] Finished generating base features.
[t=4706.99s, 41044820 KB] Started generating composite features. 
[t=4706.99s, 41044820 KB] Complexity 2:
Total concept elements: 8
Total role elements: 4
Total numerical elements: 6
Total boolean elements: 4
    b_nullary: 2
    c_one_of: 0
    c_top: 1
    c_bot: 1
    c_primitive: 3
    r_primitive: 2
    c_and: 0
    c_not: 3
    c_equal: 0
    c_some: 0
    c_all: 0
    r_restrict: 0
    r_and: 0
    r_inverse: 2
    r_transitive_closure: 0
    b_empty: 2
    n_count: 6
    n_concept_distance: 0
[t=4706.99s, 41044820 KB] Complexity 3:
Total concept elements: 20
Total role elements: 8
Total numerical elements: 8
Total boolean elements: 5
    b_nullary: 2
    c_one_of: 0
    c_top: 1
    c_bot: 1
    c_primitive: 3
    r_primitive: 2
    c_and: 1
    c_not: 3
    c_equal: 1
    c_some: 5
    c_all: 5
    r_restrict: 4
    r_and: 0
    r_inverse: 2
    r_transitive_closure: 0
    b_empty: 3
    n_count: 8
    n_concept_distance: 0
[t=4706.99s, 41044820 KB] Complexity 4:
Total concept elements: 26
Total role elements: 11
Total numerical elements: 14
Total boolean elements: 8
    b_nullary: 2
    c_one_of: 0
    c_top: 1
    c_bot: 1
    c_primitive: 3
    r_primitive: 2
    c_and: 2
    c_not: 7
    c_equal: 1
    c_some: 5
    c_all: 6
    r_restrict: 4
    r_and: 0
    r_inverse: 5
    r_transitive_closure: 0
    b_empty: 6
    n_count: 14
    n_concept_distance: 0
[t=4706.99s, 41044820 KB] Complexity 5:
Total concept elements: 35
Total role elements: 11
Total numerical elements: 17
Total boolean elements: 8
    b_nullary: 2
    c_one_of: 0
    c_top: 1
    c_bot: 1
    c_primitive: 3
    r_primitive: 2
    c_and: 10
    c_not: 7
    c_equal: 1
    c_some: 5
    c_all: 7
    r_restrict: 4
    r_and: 0
    r_inverse: 5
    r_transitive_closure: 0
    b_empty: 6
    n_count: 17
    n_concept_distance: 0
[t=4706.99s, 41044820 KB] Complexity 6:
Total concept elements: 45
Total role elements: 11
Total numerical elements: 26
Total boolean elements: 8
    b_nullary: 2
    c_one_of: 0
    c_top: 1
    c_bot: 1
    c_primitive: 3
    r_primitive: 2
    c_and: 13
    c_not: 14
    c_equal: 1
    c_some: 5
    c_all: 7
    r_restrict: 4
    r_and: 0
    r_inverse: 5
    r_transitive_closure: 0
    b_empty: 6
    n_count: 19
    n_concept_distance: 7
[t=4706.99s, 41044820 KB] Complexity 7:
Total concept elements: 54
Total role elements: 11
Total numerical elements: 34
Total boolean elements: 8
    b_nullary: 2
    c_one_of: 0
    c_top: 1
    c_bot: 1
    c_primitive: 3
    r_primitive: 2
    c_and: 19
    c_not: 17
    c_equal: 1
    c_some: 5
    c_all: 7
    r_restrict: 4
    r_and: 0
    r_inverse: 5
    r_transitive_closure: 0
    b_empty: 6
    n_count: 22
    n_concept_distance: 12
[t=4707s, 41044820 KB] Complexity 8:
Total concept elements: 63
Total role elements: 11
Total numerical elements: 39
Total boolean elements: 8
    b_nullary: 2
    c_one_of: 0
    c_top: 1
    c_bot: 1
    c_primitive: 3
    r_primitive: 2
    c_and: 25
    c_not: 20
    c_equal: 1
    c_some: 5
    c_all: 7
    r_restrict: 4
    r_and: 0
    r_inverse: 5
    r_transitive_closure: 0
    b_empty: 6
    n_count: 25
    n_concept_distance: 14
[t=4707s, 41044820 KB] Complexity 9:
Total concept elements: 64
Total role elements: 11
Total numerical elements: 41
Total boolean elements: 8
    b_nullary: 2
    c_one_of: 0
    c_top: 1
    c_bot: 1
    c_primitive: 3
    r_primitive: 2
    c_and: 25
    c_not: 21
    c_equal: 1
    c_some: 5
    c_all: 7
    r_restrict: 4
    r_and: 0
    r_inverse: 5
    r_transitive_closure: 0
    b_empty: 6
    n_count: 27
    n_concept_distance: 14
[t=4707s, 41044820 KB] Finished generating composite features.
DomainFeatureDataStatistics:
    num_dlplan_states: 3
    num_boolean_features: 8
    num_numerical_features: 41
2023-03-04 20:31:42 INFO     [40m[34m..done[0m
2023-03-04 20:31:42 INFO     [40m[34mInitializing InstanceFeatureDatas...[0m
2023-03-04 20:31:42 INFO     [40m[34m..done[0m
2023-03-04 20:31:42 INFO     [40m[34mInitializing StatePairEquivalenceDatas...[0m
2023-03-04 20:31:42 INFO     [40m[34m..done[0m
2023-03-04 20:31:42 INFO     [40m[34mInitializing TupleGraphEquivalences...[0m
TupleGraphEquivalenceFactoryStatistics:
    num_subgoal_tuples: 19
    num_single_rule_subgoal_tuples: 17
    num_multi_rule_subgoal_tuples: 2
2023-03-04 20:31:42 INFO     [40m[34m..done[0m
2023-03-04 20:31:42 INFO     [40m[34m..done[0m
2023-03-04 20:31:42 INFO     [40m[33mIteration data preprocessing summary:[0m
DomainFeatureDataStatistics:
    num_dlplan_states: 3
    num_boolean_features: 8
    num_numerical_features: 41
StatePairEquivalenceStatistics:
    num_subgoal_states: 7
    num_equivalences: 7
TupleGraphEquivalenceFactoryStatistics:
    num_subgoal_tuples: 19
    num_single_rule_subgoal_tuples: 17
    num_multi_rule_subgoal_tuples: 2
TupleGraphEquivalenceFactoryStatistics:
    num_subgoal_tuples: 7
    num_single_rule_subgoal_tuples: 7
    num_multi_rule_subgoal_tuples: 0
2023-03-04 20:31:42 INFO     [40m[34mGrounding Logic Program...[0m
2023-03-04 20:31:42 INFO     [40m[34m..done[0m
2023-03-04 20:31:42 INFO     [40m[34mSolving Logic Program...[0m
Clingo statistics:
{'call': 0.0, 'result': 1.0, 'signal': 9.0, 'exhausted': 0.0, 'costs': [5.0], 'lower': [5.0], 'concurrency': 32.0, 'winner': 32.0, 'times': {'total': 0.24055099487304688, 'cpu': 1.3459039999870583, 'solve': 0.13633394241333008, 'unsat': 0.0, 'sat': 0.043424129486083984}, 'models': {'enumerated': 15.0, 'optimal': 1.0}}
Solution cost: [5.0]
Total time: 0.24055099487304688
CPU time: 1.3459039999870583
Solve time: 0.13633394241333008
2023-03-04 20:31:42 INFO     [40m[34m..done[0m
2023-03-04 20:31:42 INFO     Learned the following sketch:
(:policy
(:boolean_features "b_nullary(arm-empty)")
(:numerical_features "n_count(c_not(c_primitive(clear,0)))")
(:rule (:conditions (:c_b_neg 0)) (:effects (:e_n_dec 0)))
(:rule (:conditions (:c_b_pos 0)) (:effects (:e_b_neg 0)))
)
Numer of sketch rules: 2
Number of selected features: 2
Maximum complexity of selected feature: 3
2023-03-04 20:31:42 INFO     [40m[34mVerifying learned sketch...[0m
[40m[31mSketch cycles[0m
Instance: 27 p-3-0-0
0 (instance index=31, state index=0, atoms={on-table(b2), on(b3,b2), clear(b3), arm-empty(), clear(b1), on-table(b1)})
2 (instance index=31, state index=2, atoms={on-table(b2), on(b3,b2), clear(b3), holding(b1)})
0 (instance index=31, state index=0, atoms={on-table(b2), on(b3,b2), clear(b3), arm-empty(), clear(b1), on-table(b1)})
2023-03-04 20:31:42 INFO     [40m[34m..done[0m
Smallest unsolved instance: 27
Selected instances: [27]

2023-03-04 20:31:42 INFO     [40m[31mIteration: 1[0m
Number of selected instances: 1
Selected instances:
    id: 27 name: p-3-0-0
initial states: {0, 1}
2023-03-04 20:31:42 INFO     [40m[34mInitializing DomainFeatureData...[0m
[t=4707.27s, 41044820 KB] Started generating base features of complexity 1.
[t=4707.28s, 41044820 KB] Complexity 1:
    b_nullary: 2
    c_one_of: 0
    c_top: 1
    c_bot: 1
    c_primitive: 3
    r_primitive: 2
    c_and: 0
    c_not: 0
    c_equal: 0
    c_some: 0
    c_all: 0
    r_restrict: 0
    r_and: 0
    r_inverse: 0
    r_transitive_closure: 0
    b_empty: 0
    n_count: 0
    n_concept_distance: 0
[t=4707.28s, 41044820 KB] Finished generating base features.
[t=4707.28s, 41044820 KB] Started generating composite features. 
[t=4707.28s, 41044820 KB] Complexity 2:
Total concept elements: 8
Total role elements: 5
Total numerical elements: 6
Total boolean elements: 4
    b_nullary: 2
    c_one_of: 0
    c_top: 1
    c_bot: 1
    c_primitive: 3
    r_primitive: 2
    c_and: 0
    c_not: 3
    c_equal: 0
    c_some: 0
    c_all: 0
    r_restrict: 0
    r_and: 0
    r_inverse: 2
    r_transitive_closure: 1
    b_empty: 2
    n_count: 6
    n_concept_distance: 0
[t=4707.28s, 41044820 KB] Complexity 3:
Total concept elements: 22
Total role elements: 11
Total numerical elements: 9
Total boolean elements: 5
    b_nullary: 2
    c_one_of: 0
    c_top: 1
    c_bot: 1
    c_primitive: 3
    r_primitive: 2
    c_and: 1
    c_not: 3
    c_equal: 1
    c_some: 6
    c_all: 6
    r_restrict: 5
    r_and: 0
    r_inverse: 3
    r_transitive_closure: 1
    b_empty: 3
    n_count: 9
    n_concept_distance: 0
[t=4707.28s, 41044820 KB] Complexity 4:
Total concept elements: 42
Total role elements: 16
Total numerical elements: 21
Total boolean elements: 9
    b_nullary: 2
    c_one_of: 0
    c_top: 1
    c_bot: 1
    c_primitive: 3
    r_primitive: 2
    c_and: 3
    c_not: 9
    c_equal: 1
    c_some: 12
    c_all: 12
    r_restrict: 5
    r_and: 1
    r_inverse: 7
    r_transitive_closure: 1
    b_empty: 7
    n_count: 21
    n_concept_distance: 0
[t=4707.28s, 41044820 KB] Complexity 5:
Total concept elements: 83
Total role elements: 17
Total numerical elements: 33
Total boolean elements: 14
    b_nullary: 2
    c_one_of: 0
    c_top: 1
    c_bot: 1
    c_primitive: 3
    r_primitive: 2
    c_and: 19
    c_not: 19
    c_equal: 1
    c_some: 19
    c_all: 20
    r_restrict: 5
    r_and: 1
    r_inverse: 8
    r_transitive_closure: 1
    b_empty: 12
    n_count: 33
    n_concept_distance: 0
[t=4707.28s, 41044820 KB] Complexity 6:
Total concept elements: 174
Total role elements: 17
Total numerical elements: 71
Total boolean elements: 26
    b_nullary: 2
    c_one_of: 0
    c_top: 1
    c_bot: 1
    c_primitive: 3
    r_primitive: 2
    c_and: 59
    c_not: 38
    c_equal: 1
    c_some: 30
    c_all: 41
    r_restrict: 5
    r_and: 1
    r_inverse: 8
    r_transitive_closure: 1
    b_empty: 24
    n_count: 65
    n_concept_distance: 6
[t=4707.29s, 41044820 KB] Complexity 7:
Total concept elements: 282
Total role elements: 17
Total numerical elements: 135
Total boolean elements: 39
    b_nullary: 2
    c_one_of: 0
    c_top: 1
    c_bot: 1
    c_primitive: 3
    r_primitive: 2
    c_and: 111
    c_not: 78
    c_equal: 1
    c_some: 36
    c_all: 51
    r_restrict: 5
    r_and: 1
    r_inverse: 8
    r_transitive_closure: 1
    b_empty: 37
    n_count: 121
    n_concept_distance: 14
[t=4707.31s, 41044820 KB] Complexity 8:
Total concept elements: 469
Total role elements: 17
Total numerical elements: 207
Total boolean elements: 45
    b_nullary: 2
    c_one_of: 0
    c_top: 1
    c_bot: 1
    c_primitive: 3
    r_primitive: 2
    c_and: 228
    c_not: 123
    c_equal: 1
    c_some: 43
    c_all: 69
    r_restrict: 5
    r_and: 1
    r_inverse: 8
    r_transitive_closure: 1
    b_empty: 43
    n_count: 184
    n_concept_distance: 23
[t=4707.34s, 41044820 KB] Complexity 9:
Total concept elements: 737
Total role elements: 17
Total numerical elements: 315
Total boolean elements: 55
    b_nullary: 2
    c_one_of: 0
    c_top: 1
    c_bot: 1
    c_primitive: 3
    r_primitive: 2
    c_and: 389
    c_not: 218
    c_equal: 1
    c_some: 43
    c_all: 81
    r_restrict: 5
    r_and: 1
    r_inverse: 8
    r_transitive_closure: 1
    b_empty: 53
    n_count: 281
    n_concept_distance: 34
[t=4707.34s, 41044820 KB] Finished generating composite features.
DomainFeatureDataStatistics:
    num_dlplan_states: 7
    num_boolean_features: 55
    num_numerical_features: 315
2023-03-04 20:31:42 INFO     [40m[34m..done[0m
2023-03-04 20:31:42 INFO     [40m[34mInitializing InstanceFeatureDatas...[0m
2023-03-04 20:31:42 INFO     [40m[34m..done[0m
2023-03-04 20:31:42 INFO     [40m[34mInitializing StatePairEquivalenceDatas...[0m
2023-03-04 20:31:43 INFO     [40m[34m..done[0m
2023-03-04 20:31:43 INFO     [40m[34mInitializing TupleGraphEquivalences...[0m
TupleGraphEquivalenceFactoryStatistics:
    num_subgoal_tuples: 44
    num_single_rule_subgoal_tuples: 40
    num_multi_rule_subgoal_tuples: 4
2023-03-04 20:31:43 INFO     [40m[34m..done[0m
2023-03-04 20:31:43 INFO     [40m[34m..done[0m
2023-03-04 20:31:43 INFO     [40m[33mIteration data preprocessing summary:[0m
DomainFeatureDataStatistics:
    num_dlplan_states: 7
    num_boolean_features: 55
    num_numerical_features: 315
StatePairEquivalenceStatistics:
    num_subgoal_states: 15
    num_equivalences: 15
TupleGraphEquivalenceFactoryStatistics:
    num_subgoal_tuples: 44
    num_single_rule_subgoal_tuples: 40
    num_multi_rule_subgoal_tuples: 4
TupleGraphEquivalenceFactoryStatistics:
    num_subgoal_tuples: 15
    num_single_rule_subgoal_tuples: 15
    num_multi_rule_subgoal_tuples: 0
2023-03-04 20:31:43 INFO     [40m[34mGrounding Logic Program...[0m
2023-03-04 20:31:43 INFO     [40m[34m..done[0m
2023-03-04 20:31:43 INFO     [40m[34mSolving Logic Program...[0m
Clingo statistics:
{'call': 0.0, 'result': 1.0, 'signal': 9.0, 'exhausted': 0.0, 'costs': [5.0], 'lower': [5.0], 'concurrency': 32.0, 'winner': 32.0, 'times': {'total': 1.5887010097503662, 'cpu': 8.589698999974644, 'solve': 0.2751429080963135, 'unsat': 0.0, 'sat': 0.14542293548583984}, 'models': {'enumerated': 7.0, 'optimal': 1.0}}
Solution cost: [5.0]
Total time: 1.5887010097503662
CPU time: 8.589698999974644
Solve time: 0.2751429080963135
2023-03-04 20:31:44 INFO     [40m[34m..done[0m
2023-03-04 20:31:44 INFO     Learned the following sketch:
(:policy
(:boolean_features "b_nullary(arm-empty)")
(:numerical_features "n_count(c_not(c_primitive(clear,0)))")
(:rule (:conditions (:c_b_neg 0)) (:effects (:e_b_pos 0) (:e_n_dec 0)))
(:rule (:conditions (:c_b_pos 0)) (:effects (:e_b_neg 0) (:e_n_bot 0)))
)
Numer of sketch rules: 2
Number of selected features: 2
Maximum complexity of selected feature: 3
2023-03-04 20:31:44 INFO     [40m[34mVerifying learned sketch...[0m
2023-03-04 20:31:44 INFO     [40m[34m..done[0m
[40m[31mSketch solves all instances![0m
2023-03-04 20:31:44 INFO     [40m[32mSummary:[0m
LearningStatistics:
    num_training_instances: 1
    num_selected_training_instances: 1
    num_states_in_selected_training_instances: 7
    num_features_in_pool: 371
    num_cpu_seconds: 10.17 seconds
    num_peak_memory_mb: 4695.75 MB
Resulting sketch:
(:policy
(:boolean_features "b_nullary(arm-empty)")
(:numerical_features "n_count(c_not(c_primitive(clear,0)))")
(:rule (:conditions (:c_b_neg 0)) (:effects (:e_b_pos 0) (:e_n_dec 0)))
(:rule (:conditions (:c_b_pos 0)) (:effects (:e_b_neg 0) (:e_n_bot 0)))
)
Numer of sketch rules: 2
Number of selected features: 2
Maximum complexity of selected feature: 3
Resulting sketch minimized:
(:policy
(:boolean_features "b_nullary(arm-empty)")
(:numerical_features "n_count(c_not(c_primitive(clear,0)))")
(:rule (:conditions (:c_b_neg 0)) (:effects (:e_b_pos 0) (:e_n_dec 0)))
(:rule (:conditions (:c_b_pos 0)) (:effects (:e_b_neg 0) (:e_n_bot 0)))
)
Numer of sketch rules: 2
Number of selected features: 2
Maximum complexity of selected feature: 3
2023-03-04 20:31:44 INFO     [40m[33mSummary:[0m
2023-03-04 20:31:44 INFO     [40m[32mHierarchical sketch:[0m
[40m[32mLevel 0 sketch:[0m
(:policy
(:boolean_features "b_empty(r_and(r_primitive(on,0,1),r_primitive(on_g,0,1)))")
(:numerical_features )
(:rule (:conditions ) (:effects (:e_b_neg 0)))
)
[40m[32m    Level 1 sketch:[0m
(:policy
(:boolean_features "b_empty(r_and(r_primitive(on,0,1),r_primitive(on_g,0,1)))")
(:numerical_features "n_count(c_not(c_primitive(clear,0)))")
(:rule (:conditions (:c_n_eq 0)) (:effects (:e_b_neg 0)))
(:rule (:conditions (:c_n_gt 0) (:c_b_pos 0)) (:effects (:e_n_dec 0) (:e_b_pos 0)))
)
[40m[32m        Level 2 sketch:[0m
(:policy
(:boolean_features "b_empty(c_some(r_inverse(r_primitive(on_g,0,1)),c_primitive(clear,0)))" "b_empty(r_and(r_primitive(on,0,1),r_primitive(on_g,0,1)))")
(:numerical_features )
(:rule (:conditions (:c_b_pos 1) (:c_b_neg 0)) (:effects (:e_b_pos 0)))
(:rule (:conditions (:c_b_pos 1) (:c_b_pos 0)) (:effects (:e_b_neg 1) (:e_b_neg 0)))
)
[40m[32m        Level 2 sketch:[0m
(:policy
(:boolean_features "b_nullary(arm-empty)")
(:numerical_features "n_count(c_not(c_primitive(clear,0)))")
(:rule (:conditions (:c_b_neg 0)) (:effects (:e_b_pos 0) (:e_n_dec 0)))
(:rule (:conditions (:c_b_pos 0)) (:effects (:e_b_neg 0) (:e_n_bot 0)))
)
Num features: 4
Max feature complexity 5
Num rules: 7
LearningStatistics:
    num_training_instances: 4
    num_selected_training_instances: 1
    num_states_in_selected_training_instances: 20
    num_features_in_pool: 1661
    num_cpu_seconds: 147261.82 seconds
    num_peak_memory_mb: 34298.28 MB
RESOURCES FOR PREPROCESSING: 1.14 CPU sec - 4636.89 MB
================================================================================
END OF STEP #1: Incremental learning module. 147272.08 CPU sec - 34298.40 MB
================================================================================
