Changing working directory:  /proj/ssiw/projects/code/sketch-learner/learning/d2l/workspace/reward_hierarchy_2_9_9_9_9_9
Creating sym link: /proj/ssiw/projects/code/sketch-learner/learning/d2l/libs/dlplan/libs/scorpion/fast-downward.py /proj/ssiw/projects/code/sketch-learner/learning/d2l/workspace/reward_hierarchy_2_9_9_9_9_9/fast-downward.py
================================================================================
SLTP v.0.2.0
================================================================================
================================================================================
(pid: 247090) STARTING STEP #1: Incremental learning module
================================================================================
2023-03-04 19:16:05 INFO     [40m[34mInitializing DomainData...[0m
2023-03-04 19:16:05 INFO     Constructing DomainData for filename /proj/ssiw/projects/code/sketch-learner/learning/d2l/benchmarks/reward/domain.pddl
2023-03-04 19:16:05 INFO     [40m[34m..done[0m
2023-03-04 19:16:05 INFO     [40m[34mInitializing InstanceDatas...[0m
2023-03-04 19:16:05 INFO     Constructing InstanceData for filename /proj/ssiw/projects/code/sketch-learner/learning/d2l/benchmarks/reward/instance_2x2_0.pddl
Num states: 16
2023-03-04 19:16:05 INFO     Constructing InstanceData for filename /proj/ssiw/projects/code/sketch-learner/learning/d2l/benchmarks/reward/instance_3x3_0.pddl
Num states: 32
2023-03-04 19:16:05 INFO     Constructing InstanceData for filename /proj/ssiw/projects/code/sketch-learner/learning/d2l/benchmarks/reward/instance_2x2_1.pddl
Num states: 8
2023-03-04 19:16:06 INFO     Constructing InstanceData for filename /proj/ssiw/projects/code/sketch-learner/learning/d2l/benchmarks/reward/instance_3x3_1.pddl
Num states: 16
2023-03-04 19:16:06 INFO     Constructing InstanceData for filename /proj/ssiw/projects/code/sketch-learner/learning/d2l/benchmarks/reward/instance_2x2_2.pddl
Num states: 8
2023-03-04 19:16:06 INFO     Constructing InstanceData for filename /proj/ssiw/projects/code/sketch-learner/learning/d2l/benchmarks/reward/instance_3x3_2.pddl
Num states: 64
2023-03-04 19:16:06 INFO     Constructing InstanceData for filename /proj/ssiw/projects/code/sketch-learner/learning/d2l/benchmarks/reward/instance_2x2_3.pddl
Num states: 8
2023-03-04 19:16:06 INFO     Constructing InstanceData for filename /proj/ssiw/projects/code/sketch-learner/learning/d2l/benchmarks/reward/instance_3x3_3.pddl
Num states: 36
2023-03-04 19:16:07 INFO     Constructing InstanceData for filename /proj/ssiw/projects/code/sketch-learner/learning/d2l/benchmarks/reward/instance_2x2_4.pddl
Num states: 12
2023-03-04 19:16:07 INFO     Constructing InstanceData for filename /proj/ssiw/projects/code/sketch-learner/learning/d2l/benchmarks/reward/instance_3x3_4.pddl
Num states: 48
2023-03-04 19:16:07 INFO     Constructing InstanceData for filename /proj/ssiw/projects/code/sketch-learner/learning/d2l/benchmarks/reward/instance_2x2_5.pddl
Num states: 6
2023-03-04 19:16:07 INFO     Constructing InstanceData for filename /proj/ssiw/projects/code/sketch-learner/learning/d2l/benchmarks/reward/instance_3x3_5.pddl
Num states: 18
2023-03-04 19:16:07 INFO     Constructing InstanceData for filename /proj/ssiw/projects/code/sketch-learner/learning/d2l/benchmarks/reward/instance_2x2_6.pddl
Num states: 12
2023-03-04 19:16:08 INFO     Constructing InstanceData for filename /proj/ssiw/projects/code/sketch-learner/learning/d2l/benchmarks/reward/instance_3x3_6.pddl
Num states: 36
2023-03-04 19:16:08 INFO     Constructing InstanceData for filename /proj/ssiw/projects/code/sketch-learner/learning/d2l/benchmarks/reward/instance_2x2_7.pddl
Num states: 16
2023-03-04 19:16:08 INFO     Constructing InstanceData for filename /proj/ssiw/projects/code/sketch-learner/learning/d2l/benchmarks/reward/instance_3x3_7.pddl
Num states: 72
2023-03-04 19:16:08 INFO     Constructing InstanceData for filename /proj/ssiw/projects/code/sketch-learner/learning/d2l/benchmarks/reward/instance_2x2_8.pddl
Num states: 16
2023-03-04 19:16:08 INFO     Constructing InstanceData for filename /proj/ssiw/projects/code/sketch-learner/learning/d2l/benchmarks/reward/instance_3x3_8.pddl
Num states: 56
2023-03-04 19:16:08 INFO     Constructing InstanceData for filename /proj/ssiw/projects/code/sketch-learner/learning/d2l/benchmarks/reward/instance_2x2_9.pddl
Num states: 16
2023-03-04 19:16:09 INFO     Constructing InstanceData for filename /proj/ssiw/projects/code/sketch-learner/learning/d2l/benchmarks/reward/instance_3x3_9.pddl
Num states: 36
2023-03-04 19:16:09 INFO     Constructing InstanceData for filename /proj/ssiw/projects/code/sketch-learner/learning/d2l/benchmarks/reward/instance_2x2_10.pddl
Num states: 8
2023-03-04 19:16:09 INFO     Constructing InstanceData for filename /proj/ssiw/projects/code/sketch-learner/learning/d2l/benchmarks/reward/instance_3x3_10.pddl
Num states: 36
2023-03-04 19:16:09 INFO     Constructing InstanceData for filename /proj/ssiw/projects/code/sketch-learner/learning/d2l/benchmarks/reward/instance_2x2_11.pddl
Num states: 12
2023-03-04 19:16:09 INFO     Constructing InstanceData for filename /proj/ssiw/projects/code/sketch-learner/learning/d2l/benchmarks/reward/instance_3x3_11.pddl
Num states: 14
2023-03-04 19:16:10 INFO     Constructing InstanceData for filename /proj/ssiw/projects/code/sketch-learner/learning/d2l/benchmarks/reward/instance_2x2_12.pddl
Num states: 8
2023-03-04 19:16:10 INFO     Constructing InstanceData for filename /proj/ssiw/projects/code/sketch-learner/learning/d2l/benchmarks/reward/instance_3x3_12.pddl
Num states: 16
2023-03-04 19:16:10 INFO     Constructing InstanceData for filename /proj/ssiw/projects/code/sketch-learner/learning/d2l/benchmarks/reward/instance_2x2_13.pddl
Num states: 8
2023-03-04 19:16:10 INFO     Constructing InstanceData for filename /proj/ssiw/projects/code/sketch-learner/learning/d2l/benchmarks/reward/instance_3x3_13.pddl
Num states: 56
2023-03-04 19:16:10 INFO     Constructing InstanceData for filename /proj/ssiw/projects/code/sketch-learner/learning/d2l/benchmarks/reward/instance_2x2_14.pddl
Num states: 16
2023-03-04 19:16:11 INFO     Constructing InstanceData for filename /proj/ssiw/projects/code/sketch-learner/learning/d2l/benchmarks/reward/instance_3x3_14.pddl
Num states: 64
2023-03-04 19:16:11 INFO     Constructing InstanceData for filename /proj/ssiw/projects/code/sketch-learner/learning/d2l/benchmarks/reward/instance_2x2_15.pddl
Num states: 16
2023-03-04 19:16:11 INFO     Constructing InstanceData for filename /proj/ssiw/projects/code/sketch-learner/learning/d2l/benchmarks/reward/instance_3x3_15.pddl
Num states: 64
2023-03-04 19:16:11 INFO     Constructing InstanceData for filename /proj/ssiw/projects/code/sketch-learner/learning/d2l/benchmarks/reward/instance_2x2_16.pddl
Num states: 8
2023-03-04 19:16:11 INFO     Constructing InstanceData for filename /proj/ssiw/projects/code/sketch-learner/learning/d2l/benchmarks/reward/instance_3x3_16.pddl
Num states: 28
2023-03-04 19:16:12 INFO     Constructing InstanceData for filename /proj/ssiw/projects/code/sketch-learner/learning/d2l/benchmarks/reward/instance_2x2_17.pddl
Num states: 16
2023-03-04 19:16:12 INFO     Constructing InstanceData for filename /proj/ssiw/projects/code/sketch-learner/learning/d2l/benchmarks/reward/instance_3x3_17.pddl
Num states: 36
2023-03-04 19:16:12 INFO     Constructing InstanceData for filename /proj/ssiw/projects/code/sketch-learner/learning/d2l/benchmarks/reward/instance_2x2_18.pddl
Num states: 16
2023-03-04 19:16:12 INFO     Constructing InstanceData for filename /proj/ssiw/projects/code/sketch-learner/learning/d2l/benchmarks/reward/instance_3x3_18.pddl
Num states: 14
2023-03-04 19:16:12 INFO     Constructing InstanceData for filename /proj/ssiw/projects/code/sketch-learner/learning/d2l/benchmarks/reward/instance_2x2_19.pddl
Num states: 12
2023-03-04 19:16:12 INFO     Constructing InstanceData for filename /proj/ssiw/projects/code/sketch-learner/learning/d2l/benchmarks/reward/instance_3x3_19.pddl
Num states: 14
2023-03-04 19:16:13 INFO     Constructing InstanceData for filename /proj/ssiw/projects/code/sketch-learner/learning/d2l/benchmarks/reward/instance_2x2_20.pddl
Num states: 16
2023-03-04 19:16:13 INFO     Constructing InstanceData for filename /proj/ssiw/projects/code/sketch-learner/learning/d2l/benchmarks/reward/instance_3x3_20.pddl
Num states: 32
2023-03-04 19:16:13 INFO     Constructing InstanceData for filename /proj/ssiw/projects/code/sketch-learner/learning/d2l/benchmarks/reward/instance_2x2_21.pddl
Num states: 6
2023-03-04 19:16:13 INFO     Constructing InstanceData for filename /proj/ssiw/projects/code/sketch-learner/learning/d2l/benchmarks/reward/instance_3x3_21.pddl
Num states: 14
2023-03-04 19:16:13 INFO     Constructing InstanceData for filename /proj/ssiw/projects/code/sketch-learner/learning/d2l/benchmarks/reward/instance_2x2_22.pddl
Num states: 8
2023-03-04 19:16:14 INFO     Constructing InstanceData for filename /proj/ssiw/projects/code/sketch-learner/learning/d2l/benchmarks/reward/instance_3x3_22.pddl
Num states: 64
2023-03-04 19:16:14 INFO     Constructing InstanceData for filename /proj/ssiw/projects/code/sketch-learner/learning/d2l/benchmarks/reward/instance_2x2_23.pddl
Num states: 6
2023-03-04 19:16:14 INFO     Constructing InstanceData for filename /proj/ssiw/projects/code/sketch-learner/learning/d2l/benchmarks/reward/instance_3x3_23.pddl
Num states: 64
2023-03-04 19:16:14 INFO     Constructing InstanceData for filename /proj/ssiw/projects/code/sketch-learner/learning/d2l/benchmarks/reward/instance_2x2_24.pddl
Num states: 16
2023-03-04 19:16:14 INFO     Constructing InstanceData for filename /proj/ssiw/projects/code/sketch-learner/learning/d2l/benchmarks/reward/instance_3x3_24.pddl
Num states: 64
2023-03-04 19:16:15 INFO     Constructing InstanceData for filename /proj/ssiw/projects/code/sketch-learner/learning/d2l/benchmarks/reward/instance_2x2_25.pddl
Num states: 6
2023-03-04 19:16:15 INFO     Constructing InstanceData for filename /proj/ssiw/projects/code/sketch-learner/learning/d2l/benchmarks/reward/instance_3x3_25.pddl
Num states: 16
2023-03-04 19:16:15 INFO     Constructing InstanceData for filename /proj/ssiw/projects/code/sketch-learner/learning/d2l/benchmarks/reward/instance_2x2_26.pddl
Num states: 6
2023-03-04 19:16:15 INFO     Constructing InstanceData for filename /proj/ssiw/projects/code/sketch-learner/learning/d2l/benchmarks/reward/instance_3x3_26.pddl
Num states: 18
2023-03-04 19:16:15 INFO     Constructing InstanceData for filename /proj/ssiw/projects/code/sketch-learner/learning/d2l/benchmarks/reward/instance_2x2_27.pddl
Num states: 16
2023-03-04 19:16:15 INFO     Constructing InstanceData for filename /proj/ssiw/projects/code/sketch-learner/learning/d2l/benchmarks/reward/instance_3x3_27.pddl
Num states: 14
2023-03-04 19:16:16 INFO     Constructing InstanceData for filename /proj/ssiw/projects/code/sketch-learner/learning/d2l/benchmarks/reward/instance_2x2_28.pddl
Num states: 6
2023-03-04 19:16:16 INFO     Constructing InstanceData for filename /proj/ssiw/projects/code/sketch-learner/learning/d2l/benchmarks/reward/instance_3x3_28.pddl
Num states: 14
2023-03-04 19:16:16 INFO     Constructing InstanceData for filename /proj/ssiw/projects/code/sketch-learner/learning/d2l/benchmarks/reward/instance_2x2_29.pddl
Num states: 16
2023-03-04 19:16:16 INFO     Constructing InstanceData for filename /proj/ssiw/projects/code/sketch-learner/learning/d2l/benchmarks/reward/instance_3x3_29.pddl
Num states: 32
2023-03-04 19:16:16 INFO     Constructing InstanceData for filename /proj/ssiw/projects/code/sketch-learner/learning/d2l/benchmarks/reward/instance_2x2_30.pddl
Num states: 6
2023-03-04 19:16:17 INFO     Constructing InstanceData for filename /proj/ssiw/projects/code/sketch-learner/learning/d2l/benchmarks/reward/instance_3x3_30.pddl
Num states: 18
2023-03-04 19:16:17 INFO     Constructing InstanceData for filename /proj/ssiw/projects/code/sketch-learner/learning/d2l/benchmarks/reward/instance_2x2_31.pddl
Num states: 16
2023-03-04 19:16:17 INFO     Constructing InstanceData for filename /proj/ssiw/projects/code/sketch-learner/learning/d2l/benchmarks/reward/instance_3x3_31.pddl
Num states: 64
2023-03-04 19:16:17 INFO     Constructing InstanceData for filename /proj/ssiw/projects/code/sketch-learner/learning/d2l/benchmarks/reward/instance_2x2_32.pddl
Num states: 6
2023-03-04 19:16:17 INFO     Constructing InstanceData for filename /proj/ssiw/projects/code/sketch-learner/learning/d2l/benchmarks/reward/instance_3x3_32.pddl
Num states: 56
2023-03-04 19:16:17 INFO     Constructing InstanceData for filename /proj/ssiw/projects/code/sketch-learner/learning/d2l/benchmarks/reward/instance_2x2_33.pddl
Num states: 6
2023-03-04 19:16:18 INFO     Constructing InstanceData for filename /proj/ssiw/projects/code/sketch-learner/learning/d2l/benchmarks/reward/instance_3x3_33.pddl
Num states: 64
2023-03-04 19:16:18 INFO     Constructing InstanceData for filename /proj/ssiw/projects/code/sketch-learner/learning/d2l/benchmarks/reward/instance_2x2_34.pddl
Num states: 16
2023-03-04 19:16:18 INFO     Constructing InstanceData for filename /proj/ssiw/projects/code/sketch-learner/learning/d2l/benchmarks/reward/instance_3x3_34.pddl
Num states: 28
2023-03-04 19:16:18 INFO     Constructing InstanceData for filename /proj/ssiw/projects/code/sketch-learner/learning/d2l/benchmarks/reward/instance_2x2_35.pddl
Num states: 12
2023-03-04 19:16:18 INFO     Constructing InstanceData for filename /proj/ssiw/projects/code/sketch-learner/learning/d2l/benchmarks/reward/instance_3x3_35.pddl
Num states: 36
2023-03-04 19:16:19 INFO     Constructing InstanceData for filename /proj/ssiw/projects/code/sketch-learner/learning/d2l/benchmarks/reward/instance_2x2_36.pddl
Num states: 12
2023-03-04 19:16:19 INFO     Constructing InstanceData for filename /proj/ssiw/projects/code/sketch-learner/learning/d2l/benchmarks/reward/instance_3x3_36.pddl
Num states: 64
2023-03-04 19:16:19 INFO     Constructing InstanceData for filename /proj/ssiw/projects/code/sketch-learner/learning/d2l/benchmarks/reward/instance_2x2_37.pddl
Num states: 12
2023-03-04 19:16:19 INFO     Constructing InstanceData for filename /proj/ssiw/projects/code/sketch-learner/learning/d2l/benchmarks/reward/instance_3x3_37.pddl
Num states: 32
2023-03-04 19:16:19 INFO     Constructing InstanceData for filename /proj/ssiw/projects/code/sketch-learner/learning/d2l/benchmarks/reward/instance_2x2_38.pddl
Num states: 12
2023-03-04 19:16:20 INFO     Constructing InstanceData for filename /proj/ssiw/projects/code/sketch-learner/learning/d2l/benchmarks/reward/instance_3x3_38.pddl
Num states: 18
2023-03-04 19:16:20 INFO     Constructing InstanceData for filename /proj/ssiw/projects/code/sketch-learner/learning/d2l/benchmarks/reward/instance_2x2_39.pddl
Num states: 16
2023-03-04 19:16:20 INFO     Constructing InstanceData for filename /proj/ssiw/projects/code/sketch-learner/learning/d2l/benchmarks/reward/instance_3x3_39.pddl
Num states: 16
2023-03-04 19:16:20 INFO     Constructing InstanceData for filename /proj/ssiw/projects/code/sketch-learner/learning/d2l/benchmarks/reward/instance_2x2_40.pddl
Num states: 6
2023-03-04 19:16:20 INFO     Constructing InstanceData for filename /proj/ssiw/projects/code/sketch-learner/learning/d2l/benchmarks/reward/instance_3x3_40.pddl
Num states: 36
2023-03-04 19:16:20 INFO     Constructing InstanceData for filename /proj/ssiw/projects/code/sketch-learner/learning/d2l/benchmarks/reward/instance_2x2_41.pddl
Num states: 8
2023-03-04 19:16:21 INFO     Constructing InstanceData for filename /proj/ssiw/projects/code/sketch-learner/learning/d2l/benchmarks/reward/instance_3x3_41.pddl
Num states: 64
2023-03-04 19:16:21 INFO     Constructing InstanceData for filename /proj/ssiw/projects/code/sketch-learner/learning/d2l/benchmarks/reward/instance_2x2_42.pddl
Num states: 6
2023-03-04 19:16:21 INFO     Constructing InstanceData for filename /proj/ssiw/projects/code/sketch-learner/learning/d2l/benchmarks/reward/instance_3x3_42.pddl
Num states: 32
2023-03-04 19:16:21 INFO     Constructing InstanceData for filename /proj/ssiw/projects/code/sketch-learner/learning/d2l/benchmarks/reward/instance_2x2_43.pddl
Num states: 6
2023-03-04 19:16:21 INFO     Constructing InstanceData for filename /proj/ssiw/projects/code/sketch-learner/learning/d2l/benchmarks/reward/instance_3x3_43.pddl
Num states: 28
2023-03-04 19:16:22 INFO     Constructing InstanceData for filename /proj/ssiw/projects/code/sketch-learner/learning/d2l/benchmarks/reward/instance_2x2_44.pddl
Num states: 12
2023-03-04 19:16:22 INFO     Constructing InstanceData for filename /proj/ssiw/projects/code/sketch-learner/learning/d2l/benchmarks/reward/instance_3x3_44.pddl
Num states: 32
2023-03-04 19:16:22 INFO     Constructing InstanceData for filename /proj/ssiw/projects/code/sketch-learner/learning/d2l/benchmarks/reward/instance_2x2_45.pddl
Num states: 16
2023-03-04 19:16:22 INFO     Constructing InstanceData for filename /proj/ssiw/projects/code/sketch-learner/learning/d2l/benchmarks/reward/instance_3x3_45.pddl
Num states: 16
2023-03-04 19:16:22 INFO     Constructing InstanceData for filename /proj/ssiw/projects/code/sketch-learner/learning/d2l/benchmarks/reward/instance_2x2_46.pddl
Num states: 6
2023-03-04 19:16:23 INFO     Constructing InstanceData for filename /proj/ssiw/projects/code/sketch-learner/learning/d2l/benchmarks/reward/instance_3x3_46.pddl
Num states: 64
2023-03-04 19:16:23 INFO     Constructing InstanceData for filename /proj/ssiw/projects/code/sketch-learner/learning/d2l/benchmarks/reward/instance_2x2_47.pddl
Num states: 6
2023-03-04 19:16:23 INFO     Constructing InstanceData for filename /proj/ssiw/projects/code/sketch-learner/learning/d2l/benchmarks/reward/instance_3x3_47.pddl
Num states: 18
2023-03-04 19:16:23 INFO     Constructing InstanceData for filename /proj/ssiw/projects/code/sketch-learner/learning/d2l/benchmarks/reward/instance_2x2_48.pddl
Num states: 16
2023-03-04 19:16:23 INFO     Constructing InstanceData for filename /proj/ssiw/projects/code/sketch-learner/learning/d2l/benchmarks/reward/instance_3x3_48.pddl
Num states: 36
2023-03-04 19:16:24 INFO     Constructing InstanceData for filename /proj/ssiw/projects/code/sketch-learner/learning/d2l/benchmarks/reward/instance_2x2_49.pddl
Num states: 6
2023-03-04 19:16:24 INFO     Constructing InstanceData for filename /proj/ssiw/projects/code/sketch-learner/learning/d2l/benchmarks/reward/instance_3x3_49.pddl
Num states: 36
2023-03-04 19:16:24 INFO     [40m[34m..done[0m
2023-03-04 19:16:24 INFO     [40m[34mInitializing TupleGraphs...[0m
2023-03-04 19:16:24 INFO     [40m[34m..done[0m
/proj/ssiw/projects/code/sketch-learner/learning/d2l/workspace/reward_hierarchy_2_9_9_9_9_9/learning

2023-03-04 19:16:24 INFO     [40m[31mIteration: 0[0m
Number of selected instances: 1
Selected instances:
    id: 0 name: instance_2x2_5
initial states: [0, 1, 2]
2023-03-04 19:16:24 INFO     [40m[34mInitializing DomainFeatureData...[0m
[t=19.2152s, 1341920 KB] Started generating base features of complexity 1.
[t=19.2155s, 1341920 KB] Complexity 1:
    b_nullary: 0
    c_one_of: 0
    c_top: 1
    c_bot: 1
    c_primitive: 5
    r_primitive: 2
    c_and: 0
    c_not: 0
    c_equal: 0
    c_some: 0
    c_all: 0
    r_restrict: 0
    r_and: 0
    r_inverse: 0
    r_transitive_closure: 0
    b_empty: 0
    n_count: 0
    n_concept_distance: 0
[t=19.2156s, 1341920 KB] Finished generating base features.
[t=19.2157s, 1341920 KB] Started generating composite features. 
[t=19.2159s, 1341920 KB] Complexity 2:
Total concept elements: 12
Total role elements: 3
Total numerical elements: 7
Total boolean elements: 4
    b_nullary: 0
    c_one_of: 0
    c_top: 1
    c_bot: 1
    c_primitive: 5
    r_primitive: 2
    c_and: 0
    c_not: 5
    c_equal: 0
    c_some: 0
    c_all: 0
    r_restrict: 0
    r_and: 0
    r_inverse: 0
    r_transitive_closure: 1
    b_empty: 4
    n_count: 7
    n_concept_distance: 0
[t=19.2164s, 1341920 KB] Complexity 3:
Total concept elements: 20
Total role elements: 8
Total numerical elements: 10
Total boolean elements: 4
    b_nullary: 0
    c_one_of: 0
    c_top: 1
    c_bot: 1
    c_primitive: 5
    r_primitive: 2
    c_and: 3
    c_not: 5
    c_equal: 0
    c_some: 4
    c_all: 1
    r_restrict: 5
    r_and: 0
    r_inverse: 0
    r_transitive_closure: 1
    b_empty: 4
    n_count: 10
    n_concept_distance: 0
[t=19.2172s, 1341920 KB] Complexity 4:
Total concept elements: 37
Total role elements: 13
Total numerical elements: 26
Total boolean elements: 7
    b_nullary: 0
    c_one_of: 0
    c_top: 1
    c_bot: 1
    c_primitive: 5
    r_primitive: 2
    c_and: 12
    c_not: 11
    c_equal: 0
    c_some: 6
    c_all: 1
    r_restrict: 5
    r_and: 0
    r_inverse: 5
    r_transitive_closure: 1
    b_empty: 7
    n_count: 17
    n_concept_distance: 9
[t=19.2188s, 1342052 KB] Complexity 5:
Total concept elements: 63
Total role elements: 13
Total numerical elements: 45
Total boolean elements: 12
    b_nullary: 0
    c_one_of: 0
    c_top: 1
    c_bot: 1
    c_primitive: 5
    r_primitive: 2
    c_and: 18
    c_not: 20
    c_equal: 0
    c_some: 11
    c_all: 7
    r_restrict: 5
    r_and: 0
    r_inverse: 5
    r_transitive_closure: 1
    b_empty: 12
    n_count: 30
    n_concept_distance: 15
[t=19.2219s, 1342052 KB] Complexity 6:
Total concept elements: 106
Total role elements: 13
Total numerical elements: 71
Total boolean elements: 12
    b_nullary: 0
    c_one_of: 0
    c_top: 1
    c_bot: 1
    c_primitive: 5
    r_primitive: 2
    c_and: 40
    c_not: 37
    c_equal: 0
    c_some: 14
    c_all: 8
    r_restrict: 5
    r_and: 0
    r_inverse: 5
    r_transitive_closure: 1
    b_empty: 12
    n_count: 48
    n_concept_distance: 23
[t=19.2272s, 1342184 KB] Complexity 7:
Total concept elements: 179
Total role elements: 16
Total numerical elements: 110
Total boolean elements: 14
    b_nullary: 0
    c_one_of: 0
    c_top: 1
    c_bot: 1
    c_primitive: 5
    r_primitive: 2
    c_and: 76
    c_not: 58
    c_equal: 0
    c_some: 24
    c_all: 14
    r_restrict: 5
    r_and: 3
    r_inverse: 5
    r_transitive_closure: 1
    b_empty: 14
    n_count: 75
    n_concept_distance: 35
[t=19.2371s, 1342448 KB] Complexity 8:
Total concept elements: 265
Total role elements: 28
Total numerical elements: 150
Total boolean elements: 14
    b_nullary: 0
    c_one_of: 0
    c_top: 1
    c_bot: 1
    c_primitive: 5
    r_primitive: 2
    c_and: 124
    c_not: 92
    c_equal: 0
    c_some: 24
    c_all: 18
    r_restrict: 5
    r_and: 12
    r_inverse: 8
    r_transitive_closure: 1
    b_empty: 14
    n_count: 105
    n_concept_distance: 45
[t=19.2555s, 1342720 KB] Complexity 9:
Total concept elements: 399
Total role elements: 28
Total numerical elements: 188
Total boolean elements: 14
    b_nullary: 0
    c_one_of: 0
    c_top: 1
    c_bot: 1
    c_primitive: 5
    r_primitive: 2
    c_and: 215
    c_not: 127
    c_equal: 0
    c_some: 26
    c_all: 24
    r_restrict: 5
    r_and: 12
    r_inverse: 8
    r_transitive_closure: 1
    b_empty: 14
    n_count: 135
    n_concept_distance: 53
[t=19.2557s, 1342720 KB] Finished generating composite features.
DomainFeatureDataStatistics:
    num_dlplan_states: 6
    num_boolean_features: 14
    num_numerical_features: 188
2023-03-04 19:16:24 INFO     [40m[34m..done[0m
2023-03-04 19:16:24 INFO     [40m[34mInitializing InstanceFeatureDatas...[0m
2023-03-04 19:16:24 INFO     [40m[34m..done[0m
2023-03-04 19:16:24 INFO     [40m[34mInitializing StatePairEquivalenceDatas...[0m
2023-03-04 19:16:24 INFO     [40m[34m..done[0m
2023-03-04 19:16:24 INFO     [40m[34mInitializing TupleGraphEquivalences...[0m
TupleGraphEquivalenceFactoryStatistics:
    num_subgoal_tuples: 27
    num_single_rule_subgoal_tuples: 27
    num_multi_rule_subgoal_tuples: 0
2023-03-04 19:16:24 INFO     [40m[34m..done[0m
2023-03-04 19:16:24 INFO     [40m[34m..done[0m
2023-03-04 19:16:24 INFO     [40m[33mIteration data preprocessing summary:[0m
DomainFeatureDataStatistics:
    num_dlplan_states: 6
    num_boolean_features: 14
    num_numerical_features: 188
StatePairEquivalenceStatistics:
    num_subgoal_states: 27
    num_equivalences: 12
TupleGraphEquivalenceFactoryStatistics:
    num_subgoal_tuples: 27
    num_single_rule_subgoal_tuples: 27
    num_multi_rule_subgoal_tuples: 0
TupleGraphEquivalenceFactoryStatistics:
    num_subgoal_tuples: 18
    num_single_rule_subgoal_tuples: 18
    num_multi_rule_subgoal_tuples: 0
2023-03-04 19:16:24 INFO     [40m[34mGrounding Logic Program...[0m
2023-03-04 19:16:24 INFO     [40m[34m..done[0m
2023-03-04 19:16:24 INFO     [40m[34mSolving Logic Program...[0m
Clingo statistics:
{'call': 0.0, 'result': 1.0, 'signal': 9.0, 'exhausted': 0.0, 'costs': [4.0], 'lower': [4.0], 'concurrency': 32.0, 'winner': 32.0, 'times': {'total': 0.5747928619384766, 'cpu': 4.003686999999999, 'solve': 0.24616599082946777, 'unsat': 0.0, 'sat': 0.21613216400146484}, 'models': {'enumerated': 7.0, 'optimal': 1.0}}
Solution cost: [4.0]
Total time: 0.5747928619384766
CPU time: 4.003686999999999
Solve time: 0.24616599082946777
2023-03-04 19:16:25 INFO     [40m[34m..done[0m
2023-03-04 19:16:25 INFO     Learned the following sketch:
(:policy
(:boolean_features )
(:numerical_features "n_count(c_primitive(picked,0))")
(:rule (:conditions ) (:effects (:e_n_inc 0)))
)
Numer of sketch rules: 1
Number of selected features: 1
Maximum complexity of selected feature: 2
2023-03-04 19:16:25 INFO     [40m[34mVerifying learned sketch...[0m
2023-03-04 19:16:25 INFO     [40m[34m..done[0m
[40m[31mSketch solves all instances![0m
2023-03-04 19:16:25 INFO     [40m[32mSummary:[0m
LearningStatistics:
    num_training_instances: 1
    num_selected_training_instances: 1
    num_states_in_selected_training_instances: 6
    num_features_in_pool: 202
    num_cpu_seconds: 4.53 seconds
    num_peak_memory_mb: 402.75 MB
Resulting sketch:
(:policy
(:boolean_features )
(:numerical_features "n_count(c_primitive(picked,0))")
(:rule (:conditions ) (:effects (:e_n_inc 0)))
)
Numer of sketch rules: 1
Number of selected features: 1
Maximum complexity of selected feature: 2
Resulting sketch minimized:
(:policy
(:boolean_features )
(:numerical_features "n_count(c_primitive(picked,0))")
(:rule (:conditions ) (:effects (:e_n_inc 0)))
)
Numer of sketch rules: 1
Number of selected features: 1
Maximum complexity of selected feature: 2
Sketch:
(:policy
(:boolean_features )
(:numerical_features "n_count(c_primitive(picked,0))")
(:rule (:conditions ) (:effects (:e_n_inc 0)))
)
Sketch rule: 0 (:rule (:conditions ) (:effects (:e_n_inc 0)))
2023-03-04 19:16:25 INFO     [40m[34mInitializing Subproblems...[0m
Number of problems: 100
Number of subproblems: 461
Highest number of states in problem: 72
Highest number of states in subproblem: 12
2023-03-04 19:16:25 INFO     [40m[34m..done[0m
2023-03-04 19:16:25 INFO     [40m[34mInitializing TupleGraphs...[0m
2023-03-04 19:16:25 INFO     [40m[34m..done[0m
/proj/ssiw/projects/code/sketch-learner/learning/d2l/workspace/reward_hierarchy_2_9_9_9_9_9/learning/rule_0

2023-03-04 19:16:25 INFO     [40m[31mIteration: 0[0m
Number of selected instances: 1
Selected instances:
    id: 0 name: instance_2x2_5-0
initial states: {0, 1}
2023-03-04 19:16:25 INFO     [40m[34mInitializing DomainFeatureData...[0m
[t=20.4241s, 3517992 KB] Started generating base features of complexity 1.
[t=20.4243s, 3517992 KB] Complexity 1:
    b_nullary: 0
    c_one_of: 0
    c_top: 1
    c_bot: 1
    c_primitive: 5
    r_primitive: 2
    c_and: 0
    c_not: 0
    c_equal: 0
    c_some: 0
    c_all: 0
    r_restrict: 0
    r_and: 0
    r_inverse: 0
    r_transitive_closure: 0
    b_empty: 0
    n_count: 0
    n_concept_distance: 0
[t=20.4244s, 3517992 KB] Finished generating base features.
[t=20.4244s, 3517992 KB] Started generating composite features. 
[t=20.4246s, 3517992 KB] Complexity 2:
Total concept elements: 12
Total role elements: 3
Total numerical elements: 7
Total boolean elements: 4
    b_nullary: 0
    c_one_of: 0
    c_top: 1
    c_bot: 1
    c_primitive: 5
    r_primitive: 2
    c_and: 0
    c_not: 5
    c_equal: 0
    c_some: 0
    c_all: 0
    r_restrict: 0
    r_and: 0
    r_inverse: 0
    r_transitive_closure: 1
    b_empty: 4
    n_count: 7
    n_concept_distance: 0
[t=20.4252s, 3517992 KB] Complexity 3:
Total concept elements: 19
Total role elements: 8
Total numerical elements: 10
Total boolean elements: 4
    b_nullary: 0
    c_one_of: 0
    c_top: 1
    c_bot: 1
    c_primitive: 5
    r_primitive: 2
    c_and: 2
    c_not: 5
    c_equal: 0
    c_some: 4
    c_all: 1
    r_restrict: 5
    r_and: 0
    r_inverse: 0
    r_transitive_closure: 1
    b_empty: 4
    n_count: 10
    n_concept_distance: 0
[t=20.4259s, 3517992 KB] Complexity 4:
Total concept elements: 33
Total role elements: 13
Total numerical elements: 23
Total boolean elements: 6
    b_nullary: 0
    c_one_of: 0
    c_top: 1
    c_bot: 1
    c_primitive: 5
    r_primitive: 2
    c_and: 9
    c_not: 10
    c_equal: 0
    c_some: 6
    c_all: 1
    r_restrict: 5
    r_and: 0
    r_inverse: 5
    r_transitive_closure: 1
    b_empty: 6
    n_count: 16
    n_concept_distance: 7
[t=20.4273s, 3517992 KB] Complexity 5:
Total concept elements: 50
Total role elements: 13
Total numerical elements: 37
Total boolean elements: 8
    b_nullary: 0
    c_one_of: 0
    c_top: 1
    c_bot: 1
    c_primitive: 5
    r_primitive: 2
    c_and: 11
    c_not: 17
    c_equal: 0
    c_some: 10
    c_all: 5
    r_restrict: 5
    r_and: 0
    r_inverse: 5
    r_transitive_closure: 1
    b_empty: 8
    n_count: 25
    n_concept_distance: 12
[t=20.4298s, 3517992 KB] Complexity 6:
Total concept elements: 76
Total role elements: 13
Total numerical elements: 49
Total boolean elements: 8
    b_nullary: 0
    c_one_of: 0
    c_top: 1
    c_bot: 1
    c_primitive: 5
    r_primitive: 2
    c_and: 24
    c_not: 27
    c_equal: 0
    c_some: 12
    c_all: 6
    r_restrict: 5
    r_and: 0
    r_inverse: 5
    r_transitive_closure: 1
    b_empty: 8
    n_count: 34
    n_concept_distance: 15
[t=20.4336s, 3517992 KB] Complexity 7:
Total concept elements: 116
Total role elements: 15
Total numerical elements: 67
Total boolean elements: 8
    b_nullary: 0
    c_one_of: 0
    c_top: 1
    c_bot: 1
    c_primitive: 5
    r_primitive: 2
    c_and: 49
    c_not: 38
    c_equal: 0
    c_some: 15
    c_all: 7
    r_restrict: 5
    r_and: 2
    r_inverse: 5
    r_transitive_closure: 1
    b_empty: 8
    n_count: 48
    n_concept_distance: 19
[t=20.4399s, 3517992 KB] Complexity 8:
Total concept elements: 162
Total role elements: 22
Total numerical elements: 84
Total boolean elements: 8
    b_nullary: 0
    c_one_of: 0
    c_top: 1
    c_bot: 1
    c_primitive: 5
    r_primitive: 2
    c_and: 76
    c_not: 57
    c_equal: 0
    c_some: 15
    c_all: 7
    r_restrict: 5
    r_and: 7
    r_inverse: 7
    r_transitive_closure: 1
    b_empty: 8
    n_count: 59
    n_concept_distance: 25
[t=20.4504s, 3517992 KB] Complexity 9:
Total concept elements: 223
Total role elements: 22
Total numerical elements: 98
Total boolean elements: 8
    b_nullary: 0
    c_one_of: 0
    c_top: 1
    c_bot: 1
    c_primitive: 5
    r_primitive: 2
    c_and: 114
    c_not: 76
    c_equal: 0
    c_some: 16
    c_all: 10
    r_restrict: 5
    r_and: 7
    r_inverse: 7
    r_transitive_closure: 1
    b_empty: 8
    n_count: 70
    n_concept_distance: 28
[t=20.4505s, 3517992 KB] Finished generating composite features.
DomainFeatureDataStatistics:
    num_dlplan_states: 4
    num_boolean_features: 8
    num_numerical_features: 98
2023-03-04 19:16:25 INFO     [40m[34m..done[0m
2023-03-04 19:16:25 INFO     [40m[34mInitializing InstanceFeatureDatas...[0m
2023-03-04 19:16:25 INFO     [40m[34m..done[0m
2023-03-04 19:16:25 INFO     [40m[34mInitializing StatePairEquivalenceDatas...[0m
2023-03-04 19:16:25 INFO     [40m[34m..done[0m
2023-03-04 19:16:25 INFO     [40m[34mInitializing TupleGraphEquivalences...[0m
TupleGraphEquivalenceFactoryStatistics:
    num_subgoal_tuples: 17
    num_single_rule_subgoal_tuples: 17
    num_multi_rule_subgoal_tuples: 0
2023-03-04 19:16:25 INFO     [40m[34m..done[0m
2023-03-04 19:16:25 INFO     [40m[34m..done[0m
2023-03-04 19:16:25 INFO     [40m[33mIteration data preprocessing summary:[0m
DomainFeatureDataStatistics:
    num_dlplan_states: 4
    num_boolean_features: 8
    num_numerical_features: 98
StatePairEquivalenceStatistics:
    num_subgoal_states: 13
    num_equivalences: 7
TupleGraphEquivalenceFactoryStatistics:
    num_subgoal_tuples: 17
    num_single_rule_subgoal_tuples: 17
    num_multi_rule_subgoal_tuples: 0
TupleGraphEquivalenceFactoryStatistics:
    num_subgoal_tuples: 10
    num_single_rule_subgoal_tuples: 10
    num_multi_rule_subgoal_tuples: 0
2023-03-04 19:16:25 INFO     [40m[34mGrounding Logic Program...[0m
2023-03-04 19:16:25 INFO     [40m[34m..done[0m
2023-03-04 19:16:25 INFO     [40m[34mSolving Logic Program...[0m
Clingo statistics:
{'call': 0.0, 'result': 1.0, 'signal': 9.0, 'exhausted': 0.0, 'costs': [2.0], 'lower': [2.0], 'concurrency': 32.0, 'winner': 32.0, 'times': {'total': 0.19234800338745117, 'cpu': 2.120068, 'solve': 0.0761570930480957, 'unsat': 0.0, 'sat': 0.042066097259521484}, 'models': {'enumerated': 40.0, 'optimal': 1.0}}
Solution cost: [2.0]
Total time: 0.19234800338745117
CPU time: 2.120068
Solve time: 0.0761570930480957
2023-03-04 19:16:26 INFO     [40m[34m..done[0m
2023-03-04 19:16:26 INFO     Learned the following sketch:
(:policy
(:boolean_features )
(:numerical_features "n_count(c_primitive(picked,0))")
(:rule (:conditions (:c_n_eq 0)) (:effects (:e_n_inc 0)))
)
Numer of sketch rules: 1
Number of selected features: 1
Maximum complexity of selected feature: 2
2023-03-04 19:16:26 INFO     [40m[34mVerifying learned sketch...[0m
[40m[31mSketch fails to bound width of a state[0m
Instance: 19 instance_2x2_4-5
State: (instance index=51, state index=3, atoms={at(c_1_0), reward(c_1_1), picked(c_1_0)})
2023-03-04 19:16:26 INFO     [40m[34m..done[0m
Smallest unsolved instance: 19
Selected instances: [19]

2023-03-04 19:16:26 INFO     [40m[31mIteration: 1[0m
Number of selected instances: 1
Selected instances:
    id: 19 name: instance_2x2_4-5
initial states: {3, 5, 6}
2023-03-04 19:16:26 INFO     [40m[34mInitializing DomainFeatureData...[0m
[t=20.6677s, 3534428 KB] Started generating base features of complexity 1.
[t=20.6678s, 3534428 KB] Complexity 1:
    b_nullary: 0
    c_one_of: 0
    c_top: 1
    c_bot: 1
    c_primitive: 5
    r_primitive: 2
    c_and: 0
    c_not: 0
    c_equal: 0
    c_some: 0
    c_all: 0
    r_restrict: 0
    r_and: 0
    r_inverse: 0
    r_transitive_closure: 0
    b_empty: 0
    n_count: 0
    n_concept_distance: 0
[t=20.668s, 3534428 KB] Finished generating base features.
[t=20.668s, 3534428 KB] Started generating composite features. 
[t=20.6682s, 3534428 KB] Complexity 2:
Total concept elements: 12
Total role elements: 3
Total numerical elements: 8
Total boolean elements: 3
    b_nullary: 0
    c_one_of: 0
    c_top: 1
    c_bot: 1
    c_primitive: 5
    r_primitive: 2
    c_and: 0
    c_not: 5
    c_equal: 0
    c_some: 0
    c_all: 0
    r_restrict: 0
    r_and: 0
    r_inverse: 0
    r_transitive_closure: 1
    b_empty: 3
    n_count: 8
    n_concept_distance: 0
[t=20.6689s, 3534428 KB] Complexity 3:
Total concept elements: 19
Total role elements: 8
Total numerical elements: 11
Total boolean elements: 3
    b_nullary: 0
    c_one_of: 0
    c_top: 1
    c_bot: 1
    c_primitive: 5
    r_primitive: 2
    c_and: 3
    c_not: 5
    c_equal: 0
    c_some: 3
    c_all: 1
    r_restrict: 5
    r_and: 0
    r_inverse: 0
    r_transitive_closure: 1
    b_empty: 3
    n_count: 11
    n_concept_distance: 0
[t=20.6697s, 3534428 KB] Complexity 4:
Total concept elements: 35
Total role elements: 13
Total numerical elements: 24
Total boolean elements: 6
    b_nullary: 0
    c_one_of: 0
    c_top: 1
    c_bot: 1
    c_primitive: 5
    r_primitive: 2
    c_and: 13
    c_not: 10
    c_equal: 0
    c_some: 4
    c_all: 1
    r_restrict: 5
    r_and: 0
    r_inverse: 5
    r_transitive_closure: 1
    b_empty: 6
    n_count: 17
    n_concept_distance: 7
[t=20.6713s, 3534428 KB] Complexity 5:
Total concept elements: 70
Total role elements: 13
Total numerical elements: 39
Total boolean elements: 11
    b_nullary: 0
    c_one_of: 0
    c_top: 1
    c_bot: 1
    c_primitive: 5
    r_primitive: 2
    c_and: 26
    c_not: 21
    c_equal: 0
    c_some: 9
    c_all: 7
    r_restrict: 5
    r_and: 0
    r_inverse: 5
    r_transitive_closure: 1
    b_empty: 11
    n_count: 27
    n_concept_distance: 12
[t=20.6742s, 3534428 KB] Complexity 6:
Total concept elements: 124
Total role elements: 13
Total numerical elements: 64
Total boolean elements: 13
    b_nullary: 0
    c_one_of: 0
    c_top: 1
    c_bot: 1
    c_primitive: 5
    r_primitive: 2
    c_and: 51
    c_not: 43
    c_equal: 0
    c_some: 12
    c_all: 11
    r_restrict: 5
    r_and: 0
    r_inverse: 5
    r_transitive_closure: 1
    b_empty: 13
    n_count: 48
    n_concept_distance: 16
[t=20.6801s, 3534428 KB] Complexity 7:
Total concept elements: 209
Total role elements: 16
Total numerical elements: 106
Total boolean elements: 13
    b_nullary: 0
    c_one_of: 0
    c_top: 1
    c_bot: 1
    c_primitive: 5
    r_primitive: 2
    c_and: 99
    c_not: 70
    c_equal: 0
    c_some: 22
    c_all: 11
    r_restrict: 5
    r_and: 3
    r_inverse: 5
    r_transitive_closure: 1
    b_empty: 13
    n_count: 76
    n_concept_distance: 30
[t=20.6915s, 3534428 KB] Complexity 8:
Total concept elements: 349
Total role elements: 38
Total numerical elements: 137
Total boolean elements: 14
    b_nullary: 0
    c_one_of: 0
    c_top: 1
    c_bot: 1
    c_primitive: 5
    r_primitive: 2
    c_and: 191
    c_not: 116
    c_equal: 0
    c_some: 23
    c_all: 12
    r_restrict: 5
    r_and: 22
    r_inverse: 8
    r_transitive_closure: 1
    b_empty: 14
    n_count: 98
    n_concept_distance: 39
[t=20.7135s, 3534428 KB] Complexity 9:
Total concept elements: 563
Total role elements: 38
Total numerical elements: 195
Total boolean elements: 16
    b_nullary: 0
    c_one_of: 0
    c_top: 1
    c_bot: 1
    c_primitive: 5
    r_primitive: 2
    c_and: 310
    c_not: 198
    c_equal: 0
    c_some: 29
    c_all: 19
    r_restrict: 5
    r_and: 22
    r_inverse: 8
    r_transitive_closure: 1
    b_empty: 16
    n_count: 135
    n_concept_distance: 60
[t=20.7136s, 3534428 KB] Finished generating composite features.
DomainFeatureDataStatistics:
    num_dlplan_states: 4
    num_boolean_features: 16
    num_numerical_features: 195
2023-03-04 19:16:26 INFO     [40m[34m..done[0m
2023-03-04 19:16:26 INFO     [40m[34mInitializing InstanceFeatureDatas...[0m
2023-03-04 19:16:26 INFO     [40m[34m..done[0m
2023-03-04 19:16:26 INFO     [40m[34mInitializing StatePairEquivalenceDatas...[0m
2023-03-04 19:16:26 INFO     [40m[34m..done[0m
2023-03-04 19:16:26 INFO     [40m[34mInitializing TupleGraphEquivalences...[0m
TupleGraphEquivalenceFactoryStatistics:
    num_subgoal_tuples: 21
    num_single_rule_subgoal_tuples: 21
    num_multi_rule_subgoal_tuples: 0
2023-03-04 19:16:26 INFO     [40m[34m..done[0m
2023-03-04 19:16:26 INFO     [40m[34m..done[0m
2023-03-04 19:16:26 INFO     [40m[33mIteration data preprocessing summary:[0m
DomainFeatureDataStatistics:
    num_dlplan_states: 4
    num_boolean_features: 16
    num_numerical_features: 195
StatePairEquivalenceStatistics:
    num_subgoal_states: 13
    num_equivalences: 13
TupleGraphEquivalenceFactoryStatistics:
    num_subgoal_tuples: 21
    num_single_rule_subgoal_tuples: 21
    num_multi_rule_subgoal_tuples: 0
TupleGraphEquivalenceFactoryStatistics:
    num_subgoal_tuples: 13
    num_single_rule_subgoal_tuples: 13
    num_multi_rule_subgoal_tuples: 0
2023-03-04 19:16:26 INFO     [40m[34mGrounding Logic Program...[0m
2023-03-04 19:16:26 INFO     [40m[34m..done[0m
2023-03-04 19:16:26 INFO     [40m[34mSolving Logic Program...[0m
Clingo statistics:
{'call': 0.0, 'result': 1.0, 'signal': 9.0, 'exhausted': 0.0, 'costs': [2.0], 'lower': [2.0], 'concurrency': 32.0, 'winner': 32.0, 'times': {'total': 0.5652110576629639, 'cpu': 3.4664589999999986, 'solve': 0.12741684913635254, 'unsat': 0.0, 'sat': 0.06433796882629395}, 'models': {'enumerated': 10.0, 'optimal': 1.0}}
Solution cost: [2.0]
Total time: 0.5652110576629639
CPU time: 3.4664589999999986
Solve time: 0.12741684913635254
2023-03-04 19:16:26 INFO     [40m[34m..done[0m
2023-03-04 19:16:26 INFO     Learned the following sketch:
(:policy
(:boolean_features )
(:numerical_features "n_count(c_primitive(picked,0))")
(:rule (:conditions (:c_n_gt 0)) (:effects (:e_n_inc 0)))
)
Numer of sketch rules: 1
Number of selected features: 1
Maximum complexity of selected feature: 2
2023-03-04 19:16:26 INFO     [40m[34mVerifying learned sketch...[0m
[40m[31mSketch fails to bound width of a state[0m
Instance: 0 instance_2x2_5-0
State: (instance index=1, state index=0, atoms={at(c_0_0), reward(c_0_1)})
2023-03-04 19:16:26 INFO     [40m[34m..done[0m
Smallest unsolved instance: 0
Selected instances: [19, 0]

2023-03-04 19:16:26 INFO     [40m[31mIteration: 2[0m
Number of selected instances: 2
Selected instances:
    id: 19 name: instance_2x2_4-5
initial states: {3, 5, 6}
    id: 0 name: instance_2x2_5-0
initial states: {0, 1}
2023-03-04 19:16:26 INFO     [40m[34mInitializing DomainFeatureData...[0m
[t=21.3235s, 3539920 KB] Started generating base features of complexity 1.
[t=21.3237s, 3539920 KB] Complexity 1:
    b_nullary: 0
    c_one_of: 0
    c_top: 1
    c_bot: 1
    c_primitive: 5
    r_primitive: 2
    c_and: 0
    c_not: 0
    c_equal: 0
    c_some: 0
    c_all: 0
    r_restrict: 0
    r_and: 0
    r_inverse: 0
    r_transitive_closure: 0
    b_empty: 0
    n_count: 0
    n_concept_distance: 0
[t=21.3238s, 3539920 KB] Finished generating base features.
[t=21.3238s, 3539920 KB] Started generating composite features. 
[t=21.324s, 3539920 KB] Complexity 2:
Total concept elements: 12
Total role elements: 3
Total numerical elements: 8
Total boolean elements: 4
    b_nullary: 0
    c_one_of: 0
    c_top: 1
    c_bot: 1
    c_primitive: 5
    r_primitive: 2
    c_and: 0
    c_not: 5
    c_equal: 0
    c_some: 0
    c_all: 0
    r_restrict: 0
    r_and: 0
    r_inverse: 0
    r_transitive_closure: 1
    b_empty: 4
    n_count: 8
    n_concept_distance: 0
[t=21.3247s, 3539920 KB] Complexity 3:
Total concept elements: 20
Total role elements: 8
Total numerical elements: 12
Total boolean elements: 4
    b_nullary: 0
    c_one_of: 0
    c_top: 1
    c_bot: 1
    c_primitive: 5
    r_primitive: 2
    c_and: 3
    c_not: 5
    c_equal: 0
    c_some: 4
    c_all: 1
    r_restrict: 5
    r_and: 0
    r_inverse: 0
    r_transitive_closure: 1
    b_empty: 4
    n_count: 12
    n_concept_distance: 0
[t=21.3255s, 3539920 KB] Complexity 4:
Total concept elements: 40
Total role elements: 13
Total numerical elements: 27
Total boolean elements: 7
    b_nullary: 0
    c_one_of: 0
    c_top: 1
    c_bot: 1
    c_primitive: 5
    r_primitive: 2
    c_and: 13
    c_not: 13
    c_equal: 0
    c_some: 6
    c_all: 1
    r_restrict: 5
    r_and: 0
    r_inverse: 5
    r_transitive_closure: 1
    b_empty: 7
    n_count: 20
    n_concept_distance: 7
[t=21.3274s, 3539920 KB] Complexity 5:
Total concept elements: 89
Total role elements: 13
Total numerical elements: 49
Total boolean elements: 15
    b_nullary: 0
    c_one_of: 0
    c_top: 1
    c_bot: 1
    c_primitive: 5
    r_primitive: 2
    c_and: 35
    c_not: 25
    c_equal: 0
    c_some: 12
    c_all: 10
    r_restrict: 5
    r_and: 0
    r_inverse: 5
    r_transitive_closure: 1
    b_empty: 15
    n_count: 36
    n_concept_distance: 13
[t=21.3312s, 3539920 KB] Complexity 6:
Total concept elements: 185
Total role elements: 13
Total numerical elements: 97
Total boolean elements: 23
    b_nullary: 0
    c_one_of: 0
    c_top: 1
    c_bot: 1
    c_primitive: 5
    r_primitive: 2
    c_and: 83
    c_not: 62
    c_equal: 0
    c_some: 15
    c_all: 18
    r_restrict: 5
    r_and: 0
    r_inverse: 5
    r_transitive_closure: 1
    b_empty: 23
    n_count: 73
    n_concept_distance: 24
[t=21.3396s, 3539920 KB] Complexity 7:
Total concept elements: 378
Total role elements: 16
Total numerical elements: 202
Total boolean elements: 34
    b_nullary: 0
    c_one_of: 0
    c_top: 1
    c_bot: 1
    c_primitive: 5
    r_primitive: 2
    c_and: 179
    c_not: 115
    c_equal: 0
    c_some: 38
    c_all: 39
    r_restrict: 5
    r_and: 3
    r_inverse: 5
    r_transitive_closure: 1
    b_empty: 34
    n_count: 146
    n_concept_distance: 56
[t=21.3588s, 3539920 KB] Complexity 8:
Total concept elements: 701
Total role elements: 40
Total numerical elements: 374
Total boolean elements: 48
    b_nullary: 0
    c_one_of: 0
    c_top: 1
    c_bot: 1
    c_primitive: 5
    r_primitive: 2
    c_and: 362
    c_not: 231
    c_equal: 0
    c_some: 46
    c_all: 55
    r_restrict: 5
    r_and: 24
    r_inverse: 8
    r_transitive_closure: 1
    b_empty: 48
    n_count: 276
    n_concept_distance: 98
[t=21.4033s, 3539920 KB] Complexity 9:
Total concept elements: 1290
Total role elements: 40
Total numerical elements: 644
Total boolean elements: 71
    b_nullary: 0
    c_one_of: 0
    c_top: 1
    c_bot: 1
    c_primitive: 5
    r_primitive: 2
    c_and: 687
    c_not: 415
    c_equal: 0
    c_some: 81
    c_all: 100
    r_restrict: 5
    r_and: 24
    r_inverse: 8
    r_transitive_closure: 1
    b_empty: 71
    n_count: 472
    n_concept_distance: 172
[t=21.4034s, 3539920 KB] Finished generating composite features.
DomainFeatureDataStatistics:
    num_dlplan_states: 8
    num_boolean_features: 71
    num_numerical_features: 644
2023-03-04 19:16:26 INFO     [40m[34m..done[0m
2023-03-04 19:16:26 INFO     [40m[34mInitializing InstanceFeatureDatas...[0m
2023-03-04 19:16:26 INFO     [40m[34m..done[0m
2023-03-04 19:16:26 INFO     [40m[34mInitializing StatePairEquivalenceDatas...[0m
2023-03-04 19:16:26 INFO     [40m[34m..done[0m
2023-03-04 19:16:26 INFO     [40m[34mInitializing TupleGraphEquivalences...[0m
TupleGraphEquivalenceFactoryStatistics:
    num_subgoal_tuples: 38
    num_single_rule_subgoal_tuples: 38
    num_multi_rule_subgoal_tuples: 0
2023-03-04 19:16:26 INFO     [40m[34m..done[0m
2023-03-04 19:16:26 INFO     [40m[34m..done[0m
2023-03-04 19:16:26 INFO     [40m[33mIteration data preprocessing summary:[0m
DomainFeatureDataStatistics:
    num_dlplan_states: 8
    num_boolean_features: 71
    num_numerical_features: 644
StatePairEquivalenceStatistics:
    num_subgoal_states: 26
    num_equivalences: 20
TupleGraphEquivalenceFactoryStatistics:
    num_subgoal_tuples: 38
    num_single_rule_subgoal_tuples: 38
    num_multi_rule_subgoal_tuples: 0
TupleGraphEquivalenceFactoryStatistics:
    num_subgoal_tuples: 23
    num_single_rule_subgoal_tuples: 23
    num_multi_rule_subgoal_tuples: 0
2023-03-04 19:16:27 INFO     [40m[34mGrounding Logic Program...[0m
2023-03-04 19:16:28 INFO     [40m[34m..done[0m
2023-03-04 19:16:28 INFO     [40m[34mSolving Logic Program...[0m
Clingo statistics:
{'call': 0.0, 'result': 1.0, 'signal': 9.0, 'exhausted': 0.0, 'costs': [2.0], 'lower': [2.0], 'concurrency': 32.0, 'winner': 32.0, 'times': {'total': 5.82129979133606, 'cpu': 88.39819299999999, 'solve': 3.289233922958374, 'unsat': 0.0, 'sat': 2.834357976913452}, 'models': {'enumerated': 11.0, 'optimal': 1.0}}
Solution cost: [2.0]
Total time: 5.82129979133606
CPU time: 88.39819299999999
Solve time: 3.289233922958374
2023-03-04 19:16:32 INFO     [40m[34m..done[0m
2023-03-04 19:16:32 INFO     Learned the following sketch:
(:policy
(:boolean_features )
(:numerical_features "n_count(c_primitive(picked,0))")
(:rule (:conditions ) (:effects (:e_n_inc 0)))
)
Numer of sketch rules: 1
Number of selected features: 1
Maximum complexity of selected feature: 2
2023-03-04 19:16:32 INFO     [40m[34mVerifying learned sketch...[0m
2023-03-04 19:16:32 INFO     [40m[34m..done[0m
[40m[31mSketch solves all instances![0m
2023-03-04 19:16:32 INFO     [40m[32mSummary:[0m
LearningStatistics:
    num_training_instances: 2
    num_selected_training_instances: 2
    num_states_in_selected_training_instances: 8
    num_features_in_pool: 715
    num_cpu_seconds: 94.64 seconds
    num_peak_memory_mb: 1722.14 MB
Resulting sketch:
(:policy
(:boolean_features )
(:numerical_features "n_count(c_primitive(picked,0))")
(:rule (:conditions ) (:effects (:e_n_inc 0)))
)
Numer of sketch rules: 1
Number of selected features: 1
Maximum complexity of selected feature: 2
Resulting sketch minimized:
(:policy
(:boolean_features )
(:numerical_features "n_count(c_primitive(picked,0))")
(:rule (:conditions ) (:effects (:e_n_inc 0)))
)
Numer of sketch rules: 1
Number of selected features: 1
Maximum complexity of selected feature: 2
Sketch:
(:policy
(:boolean_features )
(:numerical_features "n_count(c_primitive(picked,0))")
(:rule (:conditions ) (:effects (:e_n_inc 0)))
)
Sketch rule: 0 (:rule (:conditions ) (:effects (:e_n_inc 0)))
2023-03-04 19:16:33 INFO     [40m[34mInitializing Subproblems...[0m
Number of problems: 100
Number of subproblems: 461
Highest number of states in problem: 72
Highest number of states in subproblem: 12
2023-03-04 19:16:33 INFO     [40m[34m..done[0m
2023-03-04 19:16:33 INFO     [40m[34mInitializing TupleGraphs...[0m
2023-03-04 19:16:33 INFO     [40m[34m..done[0m
/proj/ssiw/projects/code/sketch-learner/learning/d2l/workspace/reward_hierarchy_2_9_9_9_9_9/learning/rule_0

2023-03-04 19:16:33 INFO     [40m[31mIteration: 0[0m
Number of selected instances: 1
Selected instances:
    id: 0 name: instance_2x2_5-0
initial states: {0, 1}
2023-03-04 19:16:33 INFO     [40m[34mInitializing DomainFeatureData...[0m
[t=28.0716s, 4342016 KB] Started generating base features of complexity 1.
[t=28.0718s, 4342016 KB] Complexity 1:
    b_nullary: 0
    c_one_of: 0
    c_top: 1
    c_bot: 1
    c_primitive: 5
    r_primitive: 2
    c_and: 0
    c_not: 0
    c_equal: 0
    c_some: 0
    c_all: 0
    r_restrict: 0
    r_and: 0
    r_inverse: 0
    r_transitive_closure: 0
    b_empty: 0
    n_count: 0
    n_concept_distance: 0
[t=28.0719s, 4342016 KB] Finished generating base features.
[t=28.072s, 4342016 KB] Started generating composite features. 
[t=28.0722s, 4342016 KB] Complexity 2:
Total concept elements: 12
Total role elements: 3
Total numerical elements: 7
Total boolean elements: 4
    b_nullary: 0
    c_one_of: 0
    c_top: 1
    c_bot: 1
    c_primitive: 5
    r_primitive: 2
    c_and: 0
    c_not: 5
    c_equal: 0
    c_some: 0
    c_all: 0
    r_restrict: 0
    r_and: 0
    r_inverse: 0
    r_transitive_closure: 1
    b_empty: 4
    n_count: 7
    n_concept_distance: 0
[t=28.0727s, 4342016 KB] Complexity 3:
Total concept elements: 19
Total role elements: 8
Total numerical elements: 10
Total boolean elements: 4
    b_nullary: 0
    c_one_of: 0
    c_top: 1
    c_bot: 1
    c_primitive: 5
    r_primitive: 2
    c_and: 2
    c_not: 5
    c_equal: 0
    c_some: 4
    c_all: 1
    r_restrict: 5
    r_and: 0
    r_inverse: 0
    r_transitive_closure: 1
    b_empty: 4
    n_count: 10
    n_concept_distance: 0
[t=28.0734s, 4342016 KB] Complexity 4:
Total concept elements: 33
Total role elements: 13
Total numerical elements: 23
Total boolean elements: 6
    b_nullary: 0
    c_one_of: 0
    c_top: 1
    c_bot: 1
    c_primitive: 5
    r_primitive: 2
    c_and: 9
    c_not: 10
    c_equal: 0
    c_some: 6
    c_all: 1
    r_restrict: 5
    r_and: 0
    r_inverse: 5
    r_transitive_closure: 1
    b_empty: 6
    n_count: 16
    n_concept_distance: 7
[t=28.0747s, 4342016 KB] Complexity 5:
Total concept elements: 50
Total role elements: 13
Total numerical elements: 37
Total boolean elements: 8
    b_nullary: 0
    c_one_of: 0
    c_top: 1
    c_bot: 1
    c_primitive: 5
    r_primitive: 2
    c_and: 11
    c_not: 17
    c_equal: 0
    c_some: 10
    c_all: 5
    r_restrict: 5
    r_and: 0
    r_inverse: 5
    r_transitive_closure: 1
    b_empty: 8
    n_count: 25
    n_concept_distance: 12
[t=28.0772s, 4342016 KB] Complexity 6:
Total concept elements: 76
Total role elements: 13
Total numerical elements: 49
Total boolean elements: 8
    b_nullary: 0
    c_one_of: 0
    c_top: 1
    c_bot: 1
    c_primitive: 5
    r_primitive: 2
    c_and: 24
    c_not: 27
    c_equal: 0
    c_some: 12
    c_all: 6
    r_restrict: 5
    r_and: 0
    r_inverse: 5
    r_transitive_closure: 1
    b_empty: 8
    n_count: 34
    n_concept_distance: 15
[t=28.0811s, 4342016 KB] Complexity 7:
Total concept elements: 116
Total role elements: 15
Total numerical elements: 67
Total boolean elements: 8
    b_nullary: 0
    c_one_of: 0
    c_top: 1
    c_bot: 1
    c_primitive: 5
    r_primitive: 2
    c_and: 49
    c_not: 38
    c_equal: 0
    c_some: 15
    c_all: 7
    r_restrict: 5
    r_and: 2
    r_inverse: 5
    r_transitive_closure: 1
    b_empty: 8
    n_count: 48
    n_concept_distance: 19
[t=28.0877s, 4342016 KB] Complexity 8:
Total concept elements: 162
Total role elements: 22
Total numerical elements: 84
Total boolean elements: 8
    b_nullary: 0
    c_one_of: 0
    c_top: 1
    c_bot: 1
    c_primitive: 5
    r_primitive: 2
    c_and: 76
    c_not: 57
    c_equal: 0
    c_some: 15
    c_all: 7
    r_restrict: 5
    r_and: 7
    r_inverse: 7
    r_transitive_closure: 1
    b_empty: 8
    n_count: 59
    n_concept_distance: 25
[t=28.0986s, 4342016 KB] Complexity 9:
Total concept elements: 223
Total role elements: 22
Total numerical elements: 98
Total boolean elements: 8
    b_nullary: 0
    c_one_of: 0
    c_top: 1
    c_bot: 1
    c_primitive: 5
    r_primitive: 2
    c_and: 114
    c_not: 76
    c_equal: 0
    c_some: 16
    c_all: 10
    r_restrict: 5
    r_and: 7
    r_inverse: 7
    r_transitive_closure: 1
    b_empty: 8
    n_count: 70
    n_concept_distance: 28
[t=28.0988s, 4342016 KB] Finished generating composite features.
DomainFeatureDataStatistics:
    num_dlplan_states: 4
    num_boolean_features: 8
    num_numerical_features: 98
2023-03-04 19:16:33 INFO     [40m[34m..done[0m
2023-03-04 19:16:33 INFO     [40m[34mInitializing InstanceFeatureDatas...[0m
2023-03-04 19:16:33 INFO     [40m[34m..done[0m
2023-03-04 19:16:33 INFO     [40m[34mInitializing StatePairEquivalenceDatas...[0m
2023-03-04 19:16:33 INFO     [40m[34m..done[0m
2023-03-04 19:16:33 INFO     [40m[34mInitializing TupleGraphEquivalences...[0m
TupleGraphEquivalenceFactoryStatistics:
    num_subgoal_tuples: 13
    num_single_rule_subgoal_tuples: 13
    num_multi_rule_subgoal_tuples: 0
2023-03-04 19:16:33 INFO     [40m[34m..done[0m
2023-03-04 19:16:33 INFO     [40m[34m..done[0m
2023-03-04 19:16:33 INFO     [40m[33mIteration data preprocessing summary:[0m
DomainFeatureDataStatistics:
    num_dlplan_states: 4
    num_boolean_features: 8
    num_numerical_features: 98
StatePairEquivalenceStatistics:
    num_subgoal_states: 9
    num_equivalences: 6
TupleGraphEquivalenceFactoryStatistics:
    num_subgoal_tuples: 13
    num_single_rule_subgoal_tuples: 13
    num_multi_rule_subgoal_tuples: 0
TupleGraphEquivalenceFactoryStatistics:
    num_subgoal_tuples: 8
    num_single_rule_subgoal_tuples: 8
    num_multi_rule_subgoal_tuples: 0
2023-03-04 19:16:33 INFO     [40m[34mGrounding Logic Program...[0m
2023-03-04 19:16:33 INFO     [40m[34m..done[0m
2023-03-04 19:16:33 INFO     [40m[34mSolving Logic Program...[0m
Clingo statistics:
{'call': 0.0, 'result': 1.0, 'signal': 9.0, 'exhausted': 0.0, 'costs': [8.0], 'lower': [8.0], 'concurrency': 32.0, 'winner': 32.0, 'times': {'total': 0.23044681549072266, 'cpu': 3.10975599999999, 'solve': 0.10564684867858887, 'unsat': 0.0, 'sat': 0.053318023681640625}, 'models': {'enumerated': 44.0, 'optimal': 1.0}}
Solution cost: [8.0]
Total time: 0.23044681549072266
CPU time: 3.10975599999999
Solve time: 0.10564684867858887
2023-03-04 19:16:33 INFO     [40m[34m..done[0m
2023-03-04 19:16:33 INFO     Learned the following sketch:
(:policy
(:boolean_features )
(:numerical_features "n_concept_distance(c_primitive(at,0),r_primitive(adjacent,0,1),c_some(r_primitive(adjacent,0,1),c_primitive(reward,0)))")
(:rule (:conditions ) (:effects (:e_n_inc 0)))
)
Numer of sketch rules: 1
Number of selected features: 1
Maximum complexity of selected feature: 6
2023-03-04 19:16:33 INFO     [40m[34mVerifying learned sketch...[0m
[40m[31mGroup fails to bound width of a state[0m
Group: 0
Instance: 2 instance_2x2_21-2
State: (instance index=2, state index=2, atoms={at(c_1_0), reward(c_0_1)})
2023-03-04 19:16:33 INFO     [40m[34m..done[0m
Smallest unsolved instance: 2
Selected instances: [2]

2023-03-04 19:16:33 INFO     [40m[31mIteration: 1[0m
Number of selected instances: 1
Selected instances:
    id: 2 name: instance_2x2_21-2
initial states: {0, 1, 2}
2023-03-04 19:16:33 INFO     [40m[34mInitializing DomainFeatureData...[0m
[t=28.3591s, 4342016 KB] Started generating base features of complexity 1.
[t=28.3592s, 4342016 KB] Complexity 1:
    b_nullary: 0
    c_one_of: 0
    c_top: 1
    c_bot: 1
    c_primitive: 5
    r_primitive: 2
    c_and: 0
    c_not: 0
    c_equal: 0
    c_some: 0
    c_all: 0
    r_restrict: 0
    r_and: 0
    r_inverse: 0
    r_transitive_closure: 0
    b_empty: 0
    n_count: 0
    n_concept_distance: 0
[t=28.3594s, 4342016 KB] Finished generating base features.
[t=28.3594s, 4342016 KB] Started generating composite features. 
[t=28.3596s, 4342016 KB] Complexity 2:
Total concept elements: 12
Total role elements: 3
Total numerical elements: 7
Total boolean elements: 4
    b_nullary: 0
    c_one_of: 0
    c_top: 1
    c_bot: 1
    c_primitive: 5
    r_primitive: 2
    c_and: 0
    c_not: 5
    c_equal: 0
    c_some: 0
    c_all: 0
    r_restrict: 0
    r_and: 0
    r_inverse: 0
    r_transitive_closure: 1
    b_empty: 4
    n_count: 7
    n_concept_distance: 0
[t=28.3602s, 4342016 KB] Complexity 3:
Total concept elements: 18
Total role elements: 8
Total numerical elements: 10
Total boolean elements: 4
    b_nullary: 0
    c_one_of: 0
    c_top: 1
    c_bot: 1
    c_primitive: 5
    r_primitive: 2
    c_and: 2
    c_not: 5
    c_equal: 0
    c_some: 4
    c_all: 0
    r_restrict: 5
    r_and: 0
    r_inverse: 0
    r_transitive_closure: 1
    b_empty: 4
    n_count: 10
    n_concept_distance: 0
[t=28.3611s, 4342016 KB] Complexity 4:
Total concept elements: 34
Total role elements: 13
Total numerical elements: 23
Total boolean elements: 6
    b_nullary: 0
    c_one_of: 0
    c_top: 1
    c_bot: 1
    c_primitive: 5
    r_primitive: 2
    c_and: 10
    c_not: 11
    c_equal: 0
    c_some: 6
    c_all: 0
    r_restrict: 5
    r_and: 0
    r_inverse: 5
    r_transitive_closure: 1
    b_empty: 6
    n_count: 16
    n_concept_distance: 7
[t=28.3626s, 4342016 KB] Complexity 5:
Total concept elements: 58
Total role elements: 13
Total numerical elements: 38
Total boolean elements: 8
    b_nullary: 0
    c_one_of: 0
    c_top: 1
    c_bot: 1
    c_primitive: 5
    r_primitive: 2
    c_and: 17
    c_not: 19
    c_equal: 0
    c_some: 10
    c_all: 5
    r_restrict: 5
    r_and: 0
    r_inverse: 5
    r_transitive_closure: 1
    b_empty: 8
    n_count: 26
    n_concept_distance: 12
[t=28.3656s, 4342016 KB] Complexity 6:
Total concept elements: 95
Total role elements: 13
Total numerical elements: 54
Total boolean elements: 9
    b_nullary: 0
    c_one_of: 0
    c_top: 1
    c_bot: 1
    c_primitive: 5
    r_primitive: 2
    c_and: 34
    c_not: 35
    c_equal: 0
    c_some: 12
    c_all: 7
    r_restrict: 5
    r_and: 0
    r_inverse: 5
    r_transitive_closure: 1
    b_empty: 9
    n_count: 37
    n_concept_distance: 17
[t=28.3707s, 4342016 KB] Complexity 7:
Total concept elements: 159
Total role elements: 15
Total numerical elements: 80
Total boolean elements: 11
    b_nullary: 0
    c_one_of: 0
    c_top: 1
    c_bot: 1
    c_primitive: 5
    r_primitive: 2
    c_and: 68
    c_not: 54
    c_equal: 0
    c_some: 19
    c_all: 11
    r_restrict: 5
    r_and: 2
    r_inverse: 5
    r_transitive_closure: 1
    b_empty: 11
    n_count: 55
    n_concept_distance: 25
[t=28.3797s, 4342016 KB] Complexity 8:
Total concept elements: 250
Total role elements: 28
Total numerical elements: 109
Total boolean elements: 11
    b_nullary: 0
    c_one_of: 0
    c_top: 1
    c_bot: 1
    c_primitive: 5
    r_primitive: 2
    c_and: 117
    c_not: 91
    c_equal: 0
    c_some: 20
    c_all: 15
    r_restrict: 5
    r_and: 13
    r_inverse: 7
    r_transitive_closure: 1
    b_empty: 11
    n_count: 77
    n_concept_distance: 32
[t=28.3961s, 4342016 KB] Complexity 9:
Total concept elements: 400
Total role elements: 28
Total numerical elements: 151
Total boolean elements: 15
    b_nullary: 0
    c_one_of: 0
    c_top: 1
    c_bot: 1
    c_primitive: 5
    r_primitive: 2
    c_and: 219
    c_not: 133
    c_equal: 0
    c_some: 23
    c_all: 18
    r_restrict: 5
    r_and: 13
    r_inverse: 7
    r_transitive_closure: 1
    b_empty: 15
    n_count: 106
    n_concept_distance: 45
[t=28.3962s, 4342016 KB] Finished generating composite features.
DomainFeatureDataStatistics:
    num_dlplan_states: 4
    num_boolean_features: 15
    num_numerical_features: 151
2023-03-04 19:16:33 INFO     [40m[34m..done[0m
2023-03-04 19:16:33 INFO     [40m[34mInitializing InstanceFeatureDatas...[0m
2023-03-04 19:16:33 INFO     [40m[34m..done[0m
2023-03-04 19:16:33 INFO     [40m[34mInitializing StatePairEquivalenceDatas...[0m
2023-03-04 19:16:33 INFO     [40m[34m..done[0m
2023-03-04 19:16:33 INFO     [40m[34mInitializing TupleGraphEquivalences...[0m
TupleGraphEquivalenceFactoryStatistics:
    num_subgoal_tuples: 13
    num_single_rule_subgoal_tuples: 13
    num_multi_rule_subgoal_tuples: 0
2023-03-04 19:16:33 INFO     [40m[34m..done[0m
2023-03-04 19:16:33 INFO     [40m[34m..done[0m
2023-03-04 19:16:33 INFO     [40m[33mIteration data preprocessing summary:[0m
DomainFeatureDataStatistics:
    num_dlplan_states: 4
    num_boolean_features: 15
    num_numerical_features: 151
StatePairEquivalenceStatistics:
    num_subgoal_states: 9
    num_equivalences: 9
TupleGraphEquivalenceFactoryStatistics:
    num_subgoal_tuples: 13
    num_single_rule_subgoal_tuples: 13
    num_multi_rule_subgoal_tuples: 0
TupleGraphEquivalenceFactoryStatistics:
    num_subgoal_tuples: 9
    num_single_rule_subgoal_tuples: 9
    num_multi_rule_subgoal_tuples: 0
2023-03-04 19:16:33 INFO     [40m[34mGrounding Logic Program...[0m
2023-03-04 19:16:34 INFO     [40m[34m..done[0m
2023-03-04 19:16:34 INFO     [40m[34mSolving Logic Program...[0m
Clingo statistics:
{'call': 0.0, 'result': 1.0, 'signal': 9.0, 'exhausted': 0.0, 'costs': [8.0], 'lower': [8.0], 'concurrency': 32.0, 'winner': 32.0, 'times': {'total': 0.5473120212554932, 'cpu': 7.09354900000001, 'solve': 0.22390103340148926, 'unsat': 0.0, 'sat': 0.0985269546508789}, 'models': {'enumerated': 14.0, 'optimal': 1.0}}
Solution cost: [8.0]
Total time: 0.5473120212554932
CPU time: 7.09354900000001
Solve time: 0.22390103340148926
2023-03-04 19:16:34 INFO     [40m[34m..done[0m
2023-03-04 19:16:34 INFO     Learned the following sketch:
(:policy
(:boolean_features )
(:numerical_features "n_concept_distance(c_primitive(at,0),r_primitive(adjacent,0,1),c_primitive(picked_g,0))" "n_count(c_primitive(picked,0))")
(:rule (:conditions (:c_n_eq 1) (:c_n_gt 0)) (:effects (:e_n_bot 1) (:e_n_dec 0)))
(:rule (:conditions (:c_n_eq 0)) (:effects (:e_n_inc 1) (:e_n_bot 0)))
)
Numer of sketch rules: 2
Number of selected features: 2
Maximum complexity of selected feature: 4
2023-03-04 19:16:34 INFO     [40m[34mVerifying learned sketch...[0m
[40m[31mGroup fails to bound width of a state[0m
Group: 0
Instance: 19 instance_2x2_4-5
State: (instance index=51, state index=3, atoms={at(c_1_0), reward(c_1_1), picked(c_1_0)})
2023-03-04 19:16:34 INFO     [40m[34m..done[0m
Smallest unsolved instance: 19
Selected instances: [19]

2023-03-04 19:16:34 INFO     [40m[31mIteration: 2[0m
Number of selected instances: 1
Selected instances:
    id: 19 name: instance_2x2_4-5
initial states: {3, 5, 6}
2023-03-04 19:16:34 INFO     [40m[34mInitializing DomainFeatureData...[0m
[t=28.9845s, 4342016 KB] Started generating base features of complexity 1.
[t=28.9847s, 4342016 KB] Complexity 1:
    b_nullary: 0
    c_one_of: 0
    c_top: 1
    c_bot: 1
    c_primitive: 5
    r_primitive: 2
    c_and: 0
    c_not: 0
    c_equal: 0
    c_some: 0
    c_all: 0
    r_restrict: 0
    r_and: 0
    r_inverse: 0
    r_transitive_closure: 0
    b_empty: 0
    n_count: 0
    n_concept_distance: 0
[t=28.9848s, 4342016 KB] Finished generating base features.
[t=28.9849s, 4342016 KB] Started generating composite features. 
[t=28.985s, 4342016 KB] Complexity 2:
Total concept elements: 12
Total role elements: 3
Total numerical elements: 8
Total boolean elements: 3
    b_nullary: 0
    c_one_of: 0
    c_top: 1
    c_bot: 1
    c_primitive: 5
    r_primitive: 2
    c_and: 0
    c_not: 5
    c_equal: 0
    c_some: 0
    c_all: 0
    r_restrict: 0
    r_and: 0
    r_inverse: 0
    r_transitive_closure: 1
    b_empty: 3
    n_count: 8
    n_concept_distance: 0
[t=28.9857s, 4342016 KB] Complexity 3:
Total concept elements: 19
Total role elements: 8
Total numerical elements: 11
Total boolean elements: 3
    b_nullary: 0
    c_one_of: 0
    c_top: 1
    c_bot: 1
    c_primitive: 5
    r_primitive: 2
    c_and: 3
    c_not: 5
    c_equal: 0
    c_some: 3
    c_all: 1
    r_restrict: 5
    r_and: 0
    r_inverse: 0
    r_transitive_closure: 1
    b_empty: 3
    n_count: 11
    n_concept_distance: 0
[t=28.9865s, 4342016 KB] Complexity 4:
Total concept elements: 35
Total role elements: 13
Total numerical elements: 24
Total boolean elements: 6
    b_nullary: 0
    c_one_of: 0
    c_top: 1
    c_bot: 1
    c_primitive: 5
    r_primitive: 2
    c_and: 13
    c_not: 10
    c_equal: 0
    c_some: 4
    c_all: 1
    r_restrict: 5
    r_and: 0
    r_inverse: 5
    r_transitive_closure: 1
    b_empty: 6
    n_count: 17
    n_concept_distance: 7
[t=28.9881s, 4342016 KB] Complexity 5:
Total concept elements: 70
Total role elements: 13
Total numerical elements: 39
Total boolean elements: 11
    b_nullary: 0
    c_one_of: 0
    c_top: 1
    c_bot: 1
    c_primitive: 5
    r_primitive: 2
    c_and: 26
    c_not: 21
    c_equal: 0
    c_some: 9
    c_all: 7
    r_restrict: 5
    r_and: 0
    r_inverse: 5
    r_transitive_closure: 1
    b_empty: 11
    n_count: 27
    n_concept_distance: 12
[t=28.9913s, 4342016 KB] Complexity 6:
Total concept elements: 124
Total role elements: 13
Total numerical elements: 64
Total boolean elements: 13
    b_nullary: 0
    c_one_of: 0
    c_top: 1
    c_bot: 1
    c_primitive: 5
    r_primitive: 2
    c_and: 51
    c_not: 43
    c_equal: 0
    c_some: 12
    c_all: 11
    r_restrict: 5
    r_and: 0
    r_inverse: 5
    r_transitive_closure: 1
    b_empty: 13
    n_count: 48
    n_concept_distance: 16
[t=28.9973s, 4342016 KB] Complexity 7:
Total concept elements: 209
Total role elements: 16
Total numerical elements: 106
Total boolean elements: 13
    b_nullary: 0
    c_one_of: 0
    c_top: 1
    c_bot: 1
    c_primitive: 5
    r_primitive: 2
    c_and: 99
    c_not: 70
    c_equal: 0
    c_some: 22
    c_all: 11
    r_restrict: 5
    r_and: 3
    r_inverse: 5
    r_transitive_closure: 1
    b_empty: 13
    n_count: 76
    n_concept_distance: 30
[t=29.0084s, 4342016 KB] Complexity 8:
Total concept elements: 349
Total role elements: 38
Total numerical elements: 137
Total boolean elements: 14
    b_nullary: 0
    c_one_of: 0
    c_top: 1
    c_bot: 1
    c_primitive: 5
    r_primitive: 2
    c_and: 191
    c_not: 116
    c_equal: 0
    c_some: 23
    c_all: 12
    r_restrict: 5
    r_and: 22
    r_inverse: 8
    r_transitive_closure: 1
    b_empty: 14
    n_count: 98
    n_concept_distance: 39
[t=29.0296s, 4342016 KB] Complexity 9:
Total concept elements: 563
Total role elements: 38
Total numerical elements: 195
Total boolean elements: 16
    b_nullary: 0
    c_one_of: 0
    c_top: 1
    c_bot: 1
    c_primitive: 5
    r_primitive: 2
    c_and: 310
    c_not: 198
    c_equal: 0
    c_some: 29
    c_all: 19
    r_restrict: 5
    r_and: 22
    r_inverse: 8
    r_transitive_closure: 1
    b_empty: 16
    n_count: 135
    n_concept_distance: 60
[t=29.0297s, 4342016 KB] Finished generating composite features.
DomainFeatureDataStatistics:
    num_dlplan_states: 4
    num_boolean_features: 16
    num_numerical_features: 195
2023-03-04 19:16:34 INFO     [40m[34m..done[0m
2023-03-04 19:16:34 INFO     [40m[34mInitializing InstanceFeatureDatas...[0m
2023-03-04 19:16:34 INFO     [40m[34m..done[0m
2023-03-04 19:16:34 INFO     [40m[34mInitializing StatePairEquivalenceDatas...[0m
2023-03-04 19:16:34 INFO     [40m[34m..done[0m
2023-03-04 19:16:34 INFO     [40m[34mInitializing TupleGraphEquivalences...[0m
TupleGraphEquivalenceFactoryStatistics:
    num_subgoal_tuples: 17
    num_single_rule_subgoal_tuples: 17
    num_multi_rule_subgoal_tuples: 0
2023-03-04 19:16:34 INFO     [40m[34m..done[0m
2023-03-04 19:16:34 INFO     [40m[34m..done[0m
2023-03-04 19:16:34 INFO     [40m[33mIteration data preprocessing summary:[0m
DomainFeatureDataStatistics:
    num_dlplan_states: 4
    num_boolean_features: 16
    num_numerical_features: 195
StatePairEquivalenceStatistics:
    num_subgoal_states: 9
    num_equivalences: 9
TupleGraphEquivalenceFactoryStatistics:
    num_subgoal_tuples: 17
    num_single_rule_subgoal_tuples: 17
    num_multi_rule_subgoal_tuples: 0
TupleGraphEquivalenceFactoryStatistics:
    num_subgoal_tuples: 9
    num_single_rule_subgoal_tuples: 9
    num_multi_rule_subgoal_tuples: 0
2023-03-04 19:16:34 INFO     [40m[34mGrounding Logic Program...[0m
2023-03-04 19:16:34 INFO     [40m[34m..done[0m
2023-03-04 19:16:34 INFO     [40m[34mSolving Logic Program...[0m
Clingo statistics:
{'call': 0.0, 'result': 1.0, 'signal': 9.0, 'exhausted': 0.0, 'costs': [8.0], 'lower': [8.0], 'concurrency': 32.0, 'winner': 32.0, 'times': {'total': 1.2035918235778809, 'cpu': 25.684686, 'solve': 0.8128409385681152, 'unsat': 0.0, 'sat': 0.34236598014831543}, 'models': {'enumerated': 30.0, 'optimal': 1.0}}
Solution cost: [8.0]
Total time: 1.2035918235778809
CPU time: 25.684686
Solve time: 0.8128409385681152
2023-03-04 19:16:35 INFO     [40m[34m..done[0m
2023-03-04 19:16:35 INFO     Learned the following sketch:
(:policy
(:boolean_features )
(:numerical_features "n_concept_distance(c_primitive(at,0),r_primitive(adjacent,0,1),c_primitive(reward,0))" "n_count(c_primitive(picked,0))")
(:rule (:conditions (:c_n_gt 1) (:c_n_eq 0)) (:effects (:e_n_inc 1)))
(:rule (:conditions (:c_n_gt 0)) (:effects (:e_n_bot 1) (:e_n_dec 0)))
)
Numer of sketch rules: 2
Number of selected features: 2
Maximum complexity of selected feature: 4
2023-03-04 19:16:35 INFO     [40m[34mVerifying learned sketch...[0m
[40m[31mSketch fails to bound width of a state[0m
Instance: 0 instance_2x2_5-0
State: (instance index=1, state index=1, atoms={at(c_0_1), reward(c_0_1)})
2023-03-04 19:16:35 INFO     [40m[34m..done[0m
Smallest unsolved instance: 0
Selected instances: [19, 0]

2023-03-04 19:16:35 INFO     [40m[31mIteration: 3[0m
Number of selected instances: 2
Selected instances:
    id: 19 name: instance_2x2_4-5
initial states: {3, 5, 6}
    id: 0 name: instance_2x2_5-0
initial states: {0, 1}
2023-03-04 19:16:35 INFO     [40m[34mInitializing DomainFeatureData...[0m
[t=30.281s, 4342016 KB] Started generating base features of complexity 1.
[t=30.2812s, 4342016 KB] Complexity 1:
    b_nullary: 0
    c_one_of: 0
    c_top: 1
    c_bot: 1
    c_primitive: 5
    r_primitive: 2
    c_and: 0
    c_not: 0
    c_equal: 0
    c_some: 0
    c_all: 0
    r_restrict: 0
    r_and: 0
    r_inverse: 0
    r_transitive_closure: 0
    b_empty: 0
    n_count: 0
    n_concept_distance: 0
[t=30.2813s, 4342016 KB] Finished generating base features.
[t=30.2814s, 4342016 KB] Started generating composite features. 
[t=30.2816s, 4342016 KB] Complexity 2:
Total concept elements: 12
Total role elements: 3
Total numerical elements: 8
Total boolean elements: 4
    b_nullary: 0
    c_one_of: 0
    c_top: 1
    c_bot: 1
    c_primitive: 5
    r_primitive: 2
    c_and: 0
    c_not: 5
    c_equal: 0
    c_some: 0
    c_all: 0
    r_restrict: 0
    r_and: 0
    r_inverse: 0
    r_transitive_closure: 1
    b_empty: 4
    n_count: 8
    n_concept_distance: 0
[t=30.2824s, 4342016 KB] Complexity 3:
Total concept elements: 20
Total role elements: 8
Total numerical elements: 12
Total boolean elements: 4
    b_nullary: 0
    c_one_of: 0
    c_top: 1
    c_bot: 1
    c_primitive: 5
    r_primitive: 2
    c_and: 3
    c_not: 5
    c_equal: 0
    c_some: 4
    c_all: 1
    r_restrict: 5
    r_and: 0
    r_inverse: 0
    r_transitive_closure: 1
    b_empty: 4
    n_count: 12
    n_concept_distance: 0
[t=30.2834s, 4342016 KB] Complexity 4:
Total concept elements: 40
Total role elements: 13
Total numerical elements: 27
Total boolean elements: 7
    b_nullary: 0
    c_one_of: 0
    c_top: 1
    c_bot: 1
    c_primitive: 5
    r_primitive: 2
    c_and: 13
    c_not: 13
    c_equal: 0
    c_some: 6
    c_all: 1
    r_restrict: 5
    r_and: 0
    r_inverse: 5
    r_transitive_closure: 1
    b_empty: 7
    n_count: 20
    n_concept_distance: 7
[t=30.2856s, 4342016 KB] Complexity 5:
Total concept elements: 89
Total role elements: 13
Total numerical elements: 49
Total boolean elements: 15
    b_nullary: 0
    c_one_of: 0
    c_top: 1
    c_bot: 1
    c_primitive: 5
    r_primitive: 2
    c_and: 35
    c_not: 25
    c_equal: 0
    c_some: 12
    c_all: 10
    r_restrict: 5
    r_and: 0
    r_inverse: 5
    r_transitive_closure: 1
    b_empty: 15
    n_count: 36
    n_concept_distance: 13
[t=30.2901s, 4342016 KB] Complexity 6:
Total concept elements: 185
Total role elements: 13
Total numerical elements: 97
Total boolean elements: 23
    b_nullary: 0
    c_one_of: 0
    c_top: 1
    c_bot: 1
    c_primitive: 5
    r_primitive: 2
    c_and: 83
    c_not: 62
    c_equal: 0
    c_some: 15
    c_all: 18
    r_restrict: 5
    r_and: 0
    r_inverse: 5
    r_transitive_closure: 1
    b_empty: 23
    n_count: 73
    n_concept_distance: 24
[t=30.2991s, 4342016 KB] Complexity 7:
Total concept elements: 378
Total role elements: 16
Total numerical elements: 202
Total boolean elements: 34
    b_nullary: 0
    c_one_of: 0
    c_top: 1
    c_bot: 1
    c_primitive: 5
    r_primitive: 2
    c_and: 179
    c_not: 115
    c_equal: 0
    c_some: 38
    c_all: 39
    r_restrict: 5
    r_and: 3
    r_inverse: 5
    r_transitive_closure: 1
    b_empty: 34
    n_count: 146
    n_concept_distance: 56
[t=30.3183s, 4342016 KB] Complexity 8:
Total concept elements: 701
Total role elements: 40
Total numerical elements: 374
Total boolean elements: 48
    b_nullary: 0
    c_one_of: 0
    c_top: 1
    c_bot: 1
    c_primitive: 5
    r_primitive: 2
    c_and: 362
    c_not: 231
    c_equal: 0
    c_some: 46
    c_all: 55
    r_restrict: 5
    r_and: 24
    r_inverse: 8
    r_transitive_closure: 1
    b_empty: 48
    n_count: 276
    n_concept_distance: 98
[t=30.3611s, 4342016 KB] Complexity 9:
Total concept elements: 1290
Total role elements: 40
Total numerical elements: 644
Total boolean elements: 71
    b_nullary: 0
    c_one_of: 0
    c_top: 1
    c_bot: 1
    c_primitive: 5
    r_primitive: 2
    c_and: 687
    c_not: 415
    c_equal: 0
    c_some: 81
    c_all: 100
    r_restrict: 5
    r_and: 24
    r_inverse: 8
    r_transitive_closure: 1
    b_empty: 71
    n_count: 472
    n_concept_distance: 172
[t=30.3612s, 4342016 KB] Finished generating composite features.
DomainFeatureDataStatistics:
    num_dlplan_states: 8
    num_boolean_features: 71
    num_numerical_features: 644
2023-03-04 19:16:35 INFO     [40m[34m..done[0m
2023-03-04 19:16:35 INFO     [40m[34mInitializing InstanceFeatureDatas...[0m
2023-03-04 19:16:35 INFO     [40m[34m..done[0m
2023-03-04 19:16:35 INFO     [40m[34mInitializing StatePairEquivalenceDatas...[0m
2023-03-04 19:16:35 INFO     [40m[34m..done[0m
2023-03-04 19:16:35 INFO     [40m[34mInitializing TupleGraphEquivalences...[0m
TupleGraphEquivalenceFactoryStatistics:
    num_subgoal_tuples: 30
    num_single_rule_subgoal_tuples: 30
    num_multi_rule_subgoal_tuples: 0
2023-03-04 19:16:35 INFO     [40m[34m..done[0m
2023-03-04 19:16:35 INFO     [40m[34m..done[0m
2023-03-04 19:16:35 INFO     [40m[33mIteration data preprocessing summary:[0m
DomainFeatureDataStatistics:
    num_dlplan_states: 8
    num_boolean_features: 71
    num_numerical_features: 644
StatePairEquivalenceStatistics:
    num_subgoal_states: 18
    num_equivalences: 15
TupleGraphEquivalenceFactoryStatistics:
    num_subgoal_tuples: 30
    num_single_rule_subgoal_tuples: 30
    num_multi_rule_subgoal_tuples: 0
TupleGraphEquivalenceFactoryStatistics:
    num_subgoal_tuples: 17
    num_single_rule_subgoal_tuples: 17
    num_multi_rule_subgoal_tuples: 0
2023-03-04 19:16:36 INFO     [40m[34mGrounding Logic Program...[0m
2023-03-04 19:16:37 INFO     [40m[34m..done[0m
2023-03-04 19:16:37 INFO     [40m[34mSolving Logic Program...[0m
Clingo statistics:
{'call': 0.0, 'result': 1.0, 'signal': 9.0, 'exhausted': 0.0, 'costs': [8.0], 'lower': [8.0], 'concurrency': 32.0, 'winner': 32.0, 'times': {'total': 20.97045612335205, 'cpu': 603.6515239999999, 'solve': 18.967936038970947, 'unsat': 0.0, 'sat': 13.128582954406738}, 'models': {'enumerated': 55.0, 'optimal': 1.0}}
Solution cost: [8.0]
Total time: 20.97045612335205
CPU time: 603.6515239999999
Solve time: 18.967936038970947
2023-03-04 19:16:56 INFO     [40m[34m..done[0m
2023-03-04 19:16:56 INFO     Learned the following sketch:
(:policy
(:boolean_features )
(:numerical_features "n_concept_distance(c_primitive(at,0),r_primitive(adjacent,0,1),c_primitive(reward,0))" "n_count(c_primitive(picked,0))")
(:rule (:conditions (:c_n_eq 0)) (:effects (:e_n_inc 1)))
(:rule (:conditions (:c_n_gt 0)) (:effects (:e_n_bot 1) (:e_n_dec 0)))
)
Numer of sketch rules: 2
Number of selected features: 2
Maximum complexity of selected feature: 4
2023-03-04 19:16:56 INFO     [40m[34mVerifying learned sketch...[0m
[40m[31mGroup fails to bound width of a state[0m
Group: 0
Instance: 133 instance_3x3_11-6
State: (instance index=133, state index=6, atoms={at(c_1_2), reward(c_1_0)})
2023-03-04 19:16:56 INFO     [40m[34m..done[0m
Smallest unsolved instance: 133
Selected instances: [133]

2023-03-04 19:16:56 INFO     [40m[31mIteration: 4[0m
Number of selected instances: 1
Selected instances:
    id: 133 name: instance_3x3_11-6
initial states: {0, 1, 2, 3, 6}
2023-03-04 19:16:56 INFO     [40m[34mInitializing DomainFeatureData...[0m
[t=51.5602s, 4342016 KB] Started generating base features of complexity 1.
[t=51.5604s, 4342016 KB] Complexity 1:
    b_nullary: 0
    c_one_of: 0
    c_top: 1
    c_bot: 1
    c_primitive: 5
    r_primitive: 2
    c_and: 0
    c_not: 0
    c_equal: 0
    c_some: 0
    c_all: 0
    r_restrict: 0
    r_and: 0
    r_inverse: 0
    r_transitive_closure: 0
    b_empty: 0
    n_count: 0
    n_concept_distance: 0
[t=51.5605s, 4342016 KB] Finished generating base features.
[t=51.5606s, 4342016 KB] Started generating composite features. 
[t=51.5608s, 4342016 KB] Complexity 2:
Total concept elements: 12
Total role elements: 3
Total numerical elements: 7
Total boolean elements: 4
    b_nullary: 0
    c_one_of: 0
    c_top: 1
    c_bot: 1
    c_primitive: 5
    r_primitive: 2
    c_and: 0
    c_not: 5
    c_equal: 0
    c_some: 0
    c_all: 0
    r_restrict: 0
    r_and: 0
    r_inverse: 0
    r_transitive_closure: 1
    b_empty: 4
    n_count: 7
    n_concept_distance: 0
[t=51.5616s, 4342016 KB] Complexity 3:
Total concept elements: 19
Total role elements: 8
Total numerical elements: 12
Total boolean elements: 4
    b_nullary: 0
    c_one_of: 0
    c_top: 1
    c_bot: 1
    c_primitive: 5
    r_primitive: 2
    c_and: 2
    c_not: 5
    c_equal: 0
    c_some: 4
    c_all: 1
    r_restrict: 5
    r_and: 0
    r_inverse: 0
    r_transitive_closure: 1
    b_empty: 4
    n_count: 12
    n_concept_distance: 0
[t=51.5625s, 4342016 KB] Complexity 4:
Total concept elements: 36
Total role elements: 13
Total numerical elements: 27
Total boolean elements: 6
    b_nullary: 0
    c_one_of: 0
    c_top: 1
    c_bot: 1
    c_primitive: 5
    r_primitive: 2
    c_and: 10
    c_not: 12
    c_equal: 0
    c_some: 6
    c_all: 1
    r_restrict: 5
    r_and: 0
    r_inverse: 5
    r_transitive_closure: 1
    b_empty: 6
    n_count: 20
    n_concept_distance: 7
[t=51.5643s, 4342016 KB] Complexity 5:
Total concept elements: 63
Total role elements: 13
Total numerical elements: 43
Total boolean elements: 8
    b_nullary: 0
    c_one_of: 0
    c_top: 1
    c_bot: 1
    c_primitive: 5
    r_primitive: 2
    c_and: 19
    c_not: 20
    c_equal: 0
    c_some: 11
    c_all: 6
    r_restrict: 5
    r_and: 0
    r_inverse: 5
    r_transitive_closure: 1
    b_empty: 8
    n_count: 33
    n_concept_distance: 10
[t=51.568s, 4342016 KB] Complexity 6:
Total concept elements: 110
Total role elements: 13
Total numerical elements: 73
Total boolean elements: 11
    b_nullary: 0
    c_one_of: 0
    c_top: 1
    c_bot: 1
    c_primitive: 5
    r_primitive: 2
    c_and: 40
    c_not: 39
    c_equal: 0
    c_some: 13
    c_all: 11
    r_restrict: 5
    r_and: 0
    r_inverse: 5
    r_transitive_closure: 1
    b_empty: 11
    n_count: 52
    n_concept_distance: 21
[t=51.5742s, 4342016 KB] Complexity 7:
Total concept elements: 212
Total role elements: 15
Total numerical elements: 114
Total boolean elements: 14
    b_nullary: 0
    c_one_of: 0
    c_top: 1
    c_bot: 1
    c_primitive: 5
    r_primitive: 2
    c_and: 87
    c_not: 65
    c_equal: 0
    c_some: 27
    c_all: 26
    r_restrict: 5
    r_and: 2
    r_inverse: 5
    r_transitive_closure: 1
    b_empty: 14
    n_count: 87
    n_concept_distance: 27
[t=51.5864s, 4342016 KB] Complexity 8:
Total concept elements: 357
Total role elements: 28
Total numerical elements: 199
Total boolean elements: 16
    b_nullary: 0
    c_one_of: 0
    c_top: 1
    c_bot: 1
    c_primitive: 5
    r_primitive: 2
    c_and: 152
    c_not: 135
    c_equal: 0
    c_some: 32
    c_all: 31
    r_restrict: 5
    r_and: 13
    r_inverse: 7
    r_transitive_closure: 1
    b_empty: 16
    n_count: 160
    n_concept_distance: 39
[t=51.6116s, 4342016 KB] Complexity 9:
Total concept elements: 668
Total role elements: 28
Total numerical elements: 323
Total boolean elements: 19
    b_nullary: 0
    c_one_of: 0
    c_top: 1
    c_bot: 1
    c_primitive: 5
    r_primitive: 2
    c_and: 319
    c_not: 203
    c_equal: 0
    c_some: 66
    c_all: 73
    r_restrict: 5
    r_and: 13
    r_inverse: 7
    r_transitive_closure: 1
    b_empty: 19
    n_count: 265
    n_concept_distance: 58
[t=51.6117s, 4342016 KB] Finished generating composite features.
DomainFeatureDataStatistics:
    num_dlplan_states: 8
    num_boolean_features: 19
    num_numerical_features: 323
2023-03-04 19:16:56 INFO     [40m[34m..done[0m
2023-03-04 19:16:56 INFO     [40m[34mInitializing InstanceFeatureDatas...[0m
2023-03-04 19:16:56 INFO     [40m[34m..done[0m
2023-03-04 19:16:56 INFO     [40m[34mInitializing StatePairEquivalenceDatas...[0m
2023-03-04 19:16:57 INFO     [40m[34m..done[0m
2023-03-04 19:16:57 INFO     [40m[34mInitializing TupleGraphEquivalences...[0m
TupleGraphEquivalenceFactoryStatistics:
    num_subgoal_tuples: 29
    num_single_rule_subgoal_tuples: 29
    num_multi_rule_subgoal_tuples: 0
2023-03-04 19:16:57 INFO     [40m[34m..done[0m
2023-03-04 19:16:57 INFO     [40m[34m..done[0m
2023-03-04 19:16:57 INFO     [40m[33mIteration data preprocessing summary:[0m
DomainFeatureDataStatistics:
    num_dlplan_states: 8
    num_boolean_features: 19
    num_numerical_features: 323
StatePairEquivalenceStatistics:
    num_subgoal_states: 21
    num_equivalences: 21
TupleGraphEquivalenceFactoryStatistics:
    num_subgoal_tuples: 29
    num_single_rule_subgoal_tuples: 29
    num_multi_rule_subgoal_tuples: 0
TupleGraphEquivalenceFactoryStatistics:
    num_subgoal_tuples: 21
    num_single_rule_subgoal_tuples: 21
    num_multi_rule_subgoal_tuples: 0
2023-03-04 19:16:57 INFO     [40m[34mGrounding Logic Program...[0m
2023-03-04 19:16:58 INFO     [40m[34m..done[0m
2023-03-04 19:16:58 INFO     [40m[34mSolving Logic Program...[0m
Clingo statistics:
{'call': 0.0, 'result': 1.0, 'signal': 9.0, 'exhausted': 0.0, 'costs': [10.0], 'lower': [10.0], 'concurrency': 32.0, 'winner': 32.0, 'times': {'total': 11.755520105361938, 'cpu': 327.0663860000001, 'solve': 10.249328136444092, 'unsat': 0.0, 'sat': 4.879512071609497}, 'models': {'enumerated': 55.0, 'optimal': 1.0}}
Solution cost: [10.0]
Total time: 11.755520105361938
CPU time: 327.0663860000001
Solve time: 10.249328136444092
2023-03-04 19:17:08 INFO     [40m[34m..done[0m
2023-03-04 19:17:08 INFO     Learned the following sketch:
(:policy
(:boolean_features )
(:numerical_features "n_concept_distance(c_primitive(at,0),r_restrict(r_primitive(adjacent,0,1),c_primitive(unblocked,0)),c_primitive(picked_g,0))" "n_count(c_primitive(picked,0))")
(:rule (:conditions (:c_n_eq 1) (:c_n_gt 0)) (:effects (:e_n_dec 0)))
(:rule (:conditions (:c_n_eq 0)) (:effects (:e_n_inc 1) (:e_n_bot 0)))
)
Numer of sketch rules: 2
Number of selected features: 2
Maximum complexity of selected feature: 6
2023-03-04 19:17:08 INFO     [40m[34mVerifying learned sketch...[0m
[40m[31mGroup fails to bound width of a state[0m
Group: 0
Instance: 19 instance_2x2_4-5
State: (instance index=51, state index=3, atoms={at(c_1_0), reward(c_1_1), picked(c_1_0)})
2023-03-04 19:17:08 INFO     [40m[34m..done[0m
Smallest unsolved instance: 19
Selected instances: [133, 19]

2023-03-04 19:17:08 INFO     [40m[31mIteration: 5[0m
Number of selected instances: 2
Selected instances:
    id: 133 name: instance_3x3_11-6
initial states: {0, 1, 2, 3, 6}
    id: 19 name: instance_2x2_4-5
initial states: {3, 5, 6}
2023-03-04 19:17:08 INFO     [40m[34mInitializing DomainFeatureData...[0m
[t=63.4804s, 4342016 KB] Started generating base features of complexity 1.
[t=63.4807s, 4342016 KB] Complexity 1:
    b_nullary: 0
    c_one_of: 0
    c_top: 1
    c_bot: 1
    c_primitive: 5
    r_primitive: 2
    c_and: 0
    c_not: 0
    c_equal: 0
    c_some: 0
    c_all: 0
    r_restrict: 0
    r_and: 0
    r_inverse: 0
    r_transitive_closure: 0
    b_empty: 0
    n_count: 0
    n_concept_distance: 0
[t=63.4808s, 4342016 KB] Finished generating base features.
[t=63.4808s, 4342016 KB] Started generating composite features. 
[t=63.4811s, 4342016 KB] Complexity 2:
Total concept elements: 12
Total role elements: 3
Total numerical elements: 8
Total boolean elements: 4
    b_nullary: 0
    c_one_of: 0
    c_top: 1
    c_bot: 1
    c_primitive: 5
    r_primitive: 2
    c_and: 0
    c_not: 5
    c_equal: 0
    c_some: 0
    c_all: 0
    r_restrict: 0
    r_and: 0
    r_inverse: 0
    r_transitive_closure: 1
    b_empty: 4
    n_count: 8
    n_concept_distance: 0
[t=63.4819s, 4342016 KB] Complexity 3:
Total concept elements: 20
Total role elements: 8
Total numerical elements: 14
Total boolean elements: 4
    b_nullary: 0
    c_one_of: 0
    c_top: 1
    c_bot: 1
    c_primitive: 5
    r_primitive: 2
    c_and: 3
    c_not: 5
    c_equal: 0
    c_some: 4
    c_all: 1
    r_restrict: 5
    r_and: 0
    r_inverse: 0
    r_transitive_closure: 1
    b_empty: 4
    n_count: 14
    n_concept_distance: 0
[t=63.4831s, 4342016 KB] Complexity 4:
Total concept elements: 40
Total role elements: 13
Total numerical elements: 30
Total boolean elements: 7
    b_nullary: 0
    c_one_of: 0
    c_top: 1
    c_bot: 1
    c_primitive: 5
    r_primitive: 2
    c_and: 13
    c_not: 13
    c_equal: 0
    c_some: 6
    c_all: 1
    r_restrict: 5
    r_and: 0
    r_inverse: 5
    r_transitive_closure: 1
    b_empty: 7
    n_count: 23
    n_concept_distance: 7
[t=63.4853s, 4342016 KB] Complexity 5:
Total concept elements: 92
Total role elements: 13
Total numerical elements: 54
Total boolean elements: 15
    b_nullary: 0
    c_one_of: 0
    c_top: 1
    c_bot: 1
    c_primitive: 5
    r_primitive: 2
    c_and: 34
    c_not: 25
    c_equal: 0
    c_some: 13
    c_all: 13
    r_restrict: 5
    r_and: 0
    r_inverse: 5
    r_transitive_closure: 1
    b_empty: 15
    n_count: 43
    n_concept_distance: 11
[t=63.4902s, 4342016 KB] Complexity 6:
Total concept elements: 193
Total role elements: 13
Total numerical elements: 113
Total boolean elements: 25
    b_nullary: 0
    c_one_of: 0
    c_top: 1
    c_bot: 1
    c_primitive: 5
    r_primitive: 2
    c_and: 83
    c_not: 65
    c_equal: 0
    c_some: 16
    c_all: 22
    r_restrict: 5
    r_and: 0
    r_inverse: 5
    r_transitive_closure: 1
    b_empty: 25
    n_count: 87
    n_concept_distance: 26
[t=63.5018s, 4342016 KB] Complexity 7:
Total concept elements: 422
Total role elements: 16
Total numerical elements: 213
Total boolean elements: 36
    b_nullary: 0
    c_one_of: 0
    c_top: 1
    c_bot: 1
    c_primitive: 5
    r_primitive: 2
    c_and: 188
    c_not: 119
    c_equal: 0
    c_some: 49
    c_all: 59
    r_restrict: 5
    r_and: 3
    r_inverse: 5
    r_transitive_closure: 1
    b_empty: 36
    n_count: 170
    n_concept_distance: 43
[t=63.5278s, 4342016 KB] Complexity 8:
Total concept elements: 843
Total role elements: 40
Total numerical elements: 437
Total boolean elements: 53
    b_nullary: 0
    c_one_of: 0
    c_top: 1
    c_bot: 1
    c_primitive: 5
    r_primitive: 2
    c_and: 416
    c_not: 274
    c_equal: 0
    c_some: 62
    c_all: 84
    r_restrict: 5
    r_and: 24
    r_inverse: 8
    r_transitive_closure: 1
    b_empty: 53
    n_count: 359
    n_concept_distance: 78
[t=63.5911s, 4342016 KB] Complexity 9:
Total concept elements: 1712
Total role elements: 40
Total numerical elements: 841
Total boolean elements: 89
    b_nullary: 0
    c_one_of: 0
    c_top: 1
    c_bot: 1
    c_primitive: 5
    r_primitive: 2
    c_and: 848
    c_not: 509
    c_equal: 0
    c_some: 151
    c_all: 197
    r_restrict: 5
    r_and: 24
    r_inverse: 8
    r_transitive_closure: 1
    b_empty: 89
    n_count: 686
    n_concept_distance: 155
[t=63.5913s, 4342016 KB] Finished generating composite features.
DomainFeatureDataStatistics:
    num_dlplan_states: 12
    num_boolean_features: 89
    num_numerical_features: 841
2023-03-04 19:17:09 INFO     [40m[34m..done[0m
2023-03-04 19:17:09 INFO     [40m[34mInitializing InstanceFeatureDatas...[0m
2023-03-04 19:17:09 INFO     [40m[34m..done[0m
2023-03-04 19:17:09 INFO     [40m[34mInitializing StatePairEquivalenceDatas...[0m
2023-03-04 19:17:09 INFO     [40m[34m..done[0m
2023-03-04 19:17:09 INFO     [40m[34mInitializing TupleGraphEquivalences...[0m
TupleGraphEquivalenceFactoryStatistics:
    num_subgoal_tuples: 46
    num_single_rule_subgoal_tuples: 46
    num_multi_rule_subgoal_tuples: 0
2023-03-04 19:17:09 INFO     [40m[34m..done[0m
2023-03-04 19:17:09 INFO     [40m[34m..done[0m
2023-03-04 19:17:09 INFO     [40m[33mIteration data preprocessing summary:[0m
DomainFeatureDataStatistics:
    num_dlplan_states: 12
    num_boolean_features: 89
    num_numerical_features: 841
StatePairEquivalenceStatistics:
    num_subgoal_states: 30
    num_equivalences: 30
TupleGraphEquivalenceFactoryStatistics:
    num_subgoal_tuples: 46
    num_single_rule_subgoal_tuples: 46
    num_multi_rule_subgoal_tuples: 0
TupleGraphEquivalenceFactoryStatistics:
    num_subgoal_tuples: 30
    num_single_rule_subgoal_tuples: 30
    num_multi_rule_subgoal_tuples: 0
2023-03-04 19:17:10 INFO     [40m[34mGrounding Logic Program...[0m
2023-03-04 19:17:12 INFO     [40m[34m..done[0m
2023-03-04 19:17:12 INFO     [40m[34mSolving Logic Program...[0m
Clingo statistics:
{'call': 0.0, 'result': 1.0, 'signal': 9.0, 'exhausted': 0.0, 'costs': [10.0], 'lower': [10.0], 'concurrency': 32.0, 'winner': 32.0, 'times': {'total': 131.687175989151, 'cpu': 4048.5909040000006, 'solve': 126.9037389755249, 'unsat': 0.0, 'sat': 83.2793378829956}, 'models': {'enumerated': 65.0, 'optimal': 1.0}}
Solution cost: [10.0]
Total time: 131.687175989151
CPU time: 4048.5909040000006
Solve time: 126.9037389755249
2023-03-04 19:19:20 INFO     [40m[34m..done[0m
2023-03-04 19:19:20 INFO     Learned the following sketch:
(:policy
(:boolean_features )
(:numerical_features "n_concept_distance(c_primitive(at,0),r_restrict(r_primitive(adjacent,0,1),c_primitive(unblocked,0)),c_primitive(reward,0))" "n_count(c_primitive(picked,0))")
(:rule (:conditions (:c_n_eq 0)) (:effects (:e_n_inc 1) (:e_n_inc 0)))
(:rule (:conditions (:c_n_gt 0)) (:effects (:e_n_dec 0)))
)
Numer of sketch rules: 2
Number of selected features: 2
Maximum complexity of selected feature: 6
2023-03-04 19:19:20 INFO     [40m[34mVerifying learned sketch...[0m
2023-03-04 19:19:21 INFO     [40m[34m..done[0m
[40m[31mSketch solves all instances![0m
2023-03-04 19:19:21 INFO     [40m[32mSummary:[0m
LearningStatistics:
    num_training_instances: 2
    num_selected_training_instances: 2
    num_states_in_selected_training_instances: 12
    num_features_in_pool: 930
    num_cpu_seconds: 5016.51 seconds
    num_peak_memory_mb: 3080.00 MB
Resulting sketch:
(:policy
(:boolean_features )
(:numerical_features "n_concept_distance(c_primitive(at,0),r_restrict(r_primitive(adjacent,0,1),c_primitive(unblocked,0)),c_primitive(reward,0))" "n_count(c_primitive(picked,0))")
(:rule (:conditions (:c_n_eq 0)) (:effects (:e_n_inc 1) (:e_n_inc 0)))
(:rule (:conditions (:c_n_gt 0)) (:effects (:e_n_dec 0)))
)
Numer of sketch rules: 2
Number of selected features: 2
Maximum complexity of selected feature: 6
Resulting sketch minimized:
(:policy
(:boolean_features )
(:numerical_features "n_concept_distance(c_primitive(at,0),r_restrict(r_primitive(adjacent,0,1),c_primitive(unblocked,0)),c_primitive(reward,0))" "n_count(c_primitive(picked,0))")
(:rule (:conditions (:c_n_eq 0)) (:effects (:e_n_inc 1) (:e_n_inc 0)))
(:rule (:conditions (:c_n_gt 0)) (:effects (:e_n_dec 0)))
)
Numer of sketch rules: 2
Number of selected features: 2
Maximum complexity of selected feature: 6
2023-03-04 19:19:21 INFO     [40m[33mSummary:[0m
2023-03-04 19:19:21 INFO     [40m[32mHierarchical sketch:[0m
[40m[32mLevel 0 sketch:[0m
(:policy
(:boolean_features )
(:numerical_features "n_count(c_primitive(picked,0))")
(:rule (:conditions ) (:effects (:e_n_inc 0)))
)
[40m[32m    Level 1 sketch:[0m
(:policy
(:boolean_features )
(:numerical_features "n_count(c_primitive(picked,0))")
(:rule (:conditions ) (:effects (:e_n_inc 0)))
)
[40m[32m        Level 2 sketch:[0m
(:policy
(:boolean_features )
(:numerical_features "n_concept_distance(c_primitive(at,0),r_restrict(r_primitive(adjacent,0,1),c_primitive(unblocked,0)),c_primitive(reward,0))" "n_count(c_primitive(picked,0))")
(:rule (:conditions (:c_n_eq 0)) (:effects (:e_n_inc 1) (:e_n_inc 0)))
(:rule (:conditions (:c_n_gt 0)) (:effects (:e_n_dec 0)))
)
Num features: 2
Max feature complexity 6
Num rules: 3
LearningStatistics:
    num_training_instances: 5
    num_selected_training_instances: 2
    num_states_in_selected_training_instances: 12
    num_features_in_pool: 930
    num_cpu_seconds: 5115.68 seconds
    num_peak_memory_mb: 3080.00 MB
RESOURCES FOR PREPROCESSING: 19.28 CPU sec - 2028.41 MB
================================================================================
END OF STEP #1: Incremental learning module. 5136.26 CPU sec - 3084.45 MB
================================================================================
