INFO     planner time limit: None
INFO     planner memory limit: None

INFO     Running translator.
INFO     translator stdin: None
INFO     translator time limit: None
INFO     translator memory limit: None
INFO     translator command line string: /software/sse/easybuild/prefix/software/Anaconda3/2020.07-extras-nsc1/bin/python3 /proj/ssiw/projects/code/sketch-learner/learning/d2l/libs/dlplan/libs/scorpion/builds/release/bin/translate/translate.py /proj/ssiw/projects/code/sketch-learner/learning/d2l/benchmarks/blocks_3/domain.pddl /proj/ssiw/projects/code/sketch-learner/learning/d2l/benchmarks/blocks_3/p-4-199.pddl --dump-predicates --dump-constants --dump-static-atoms --dump-goal-atoms --sas-file output.sas
Parsing...
Problem blocksworld: bw-rand-4 [:strips]
Types:
  object
  block
Constants:
Objects:
  b1: block
  b2: block
  b3: block
  b4: block
Predicates:
  clear(?x: object)
  on-table(?x: object)
  on(?x: object, ?y: object)
  =(?x: object, ?y: object)
Functions:
Init:
  Atom on(b1, b2)
  Atom on-table(b4)
  Atom on-table(b3)
  Atom clear(b3)
  Atom clear(b4)
  Atom clear(b1)
  Atom on-table(b2)
  Atom =(b1, b1)
  Atom =(b2, b2)
  Atom =(b3, b3)
  Atom =(b4, b4)
Goal:
  Conjunction
    Atom on(b1, b3)
    Atom on(b2, b1)
    Atom on(b3, b4)
Actions:
move-b-to-b(?bm: block, ?bf: block, ?bt: block)
Precondition:
  Conjunction
    Atom clear(?bm)
    Atom clear(?bt)
    Atom on(?bm, ?bf)
Effects:
  NegatedAtom clear(?bt)
  NegatedAtom on(?bm, ?bf)
  Atom on(?bm, ?bt)
  Atom clear(?bf)
Cost:
  None
move-b-to-t(?bm: block, ?bf: block)
Precondition:
  Conjunction
    Atom clear(?bm)
    Atom on(?bm, ?bf)
Effects:
  NegatedAtom on(?bm, ?bf)
  Atom on-table(?bm)
  Atom clear(?bf)
Cost:
  None
move-t-to-b(?bm: block, ?bt: block)
Precondition:
  Conjunction
    Atom clear(?bm)
    Atom clear(?bt)
    Atom on-table(?bm)
Effects:
  NegatedAtom clear(?bt)
  NegatedAtom on-table(?bm)
  Atom on(?bm, ?bt)
Cost:
  None
Parsing: [0.000s CPU, 0.003s wall-clock]
<pddl.conditions.Conjunction object at 0x2b04b1660a30>
Atom on(b1, b3)
Atom on(b2, b1)
Atom on(b3, b4)
Normalizing task... [0.000s CPU, 0.000s wall-clock]
Instantiating...
Generating Datalog program... [0.000s CPU, 0.000s wall-clock]
Normalizing Datalog program...
Normalizing Datalog program: [0.000s CPU, 0.002s wall-clock]
Preparing model... [0.000s CPU, 0.001s wall-clock]
Generated 18 rules.
Computing model... [0.010s CPU, 0.003s wall-clock]
133 relevant atoms
72 auxiliary atoms
205 final queue length
364 total queue pushes
Completing instantiation... [0.000s CPU, 0.004s wall-clock]
Instantiating: [0.010s CPU, 0.011s wall-clock]
Computing fact groups...
Finding invariants...
7 initial candidates
Finding invariants: [0.000s CPU, 0.002s wall-clock]
Checking invariant weight... [0.000s CPU, 0.000s wall-clock]
Instantiating groups... [0.000s CPU, 0.000s wall-clock]
Collecting mutex groups... [0.000s CPU, 0.000s wall-clock]
Choosing groups...
4 uncovered facts
Choosing groups: [0.000s CPU, 0.000s wall-clock]
Building translation key... [0.000s CPU, 0.000s wall-clock]
Computing fact groups: [0.000s CPU, 0.003s wall-clock]
Building STRIPS to SAS dictionary... [0.000s CPU, 0.000s wall-clock]
Building dictionary for full mutex groups... [0.000s CPU, 0.000s wall-clock]
Building mutex information...
Building mutex information: [0.000s CPU, 0.000s wall-clock]
Translating task...
Processing axioms...
Simplifying axioms... [0.000s CPU, 0.000s wall-clock]
Translator axioms removed by simplifying: 0
Computing negative axioms... [0.000s CPU, 0.000s wall-clock]
Processing axioms: [0.000s CPU, 0.000s wall-clock]
Translating task: [0.010s CPU, 0.004s wall-clock]
52 effect conditions simplified
0 implied preconditions added
Detecting unreachable propositions...
0 operators removed
0 axioms removed
4 propositions removed
Detecting unreachable propositions: [0.000s CPU, 0.002s wall-clock]
Reordering and filtering variables...
8 of 8 variables necessary.
4 of 8 mutex groups necessary.
64 of 64 operators necessary.
0 of 0 axiom rules necessary.
Reordering and filtering variables: [0.000s CPU, 0.001s wall-clock]
Translator variables: 8
Translator derived variables: 0
Translator facts: 28
Translator goal facts: 3
Translator mutex groups: 4
Translator total mutex groups size: 20
Translator operators: 64
Translator axioms: 0
Translator task size: 451
Translator peak memory: 149556 KB
Writing output... [0.000s CPU, 0.001s wall-clock]
Done! [0.020s CPU, 0.026s wall-clock]
translate exit code: 0

INFO     Running search (release).
INFO     search stdin: output.sas
INFO     search time limit: None
INFO     search memory limit: None
INFO     search command line string: /proj/ssiw/projects/code/sketch-learner/learning/d2l/libs/dlplan/libs/scorpion/builds/release/bin/downward --search 'dump_reachable_search_space()' --internal-plan-file sas_plan < output.sas
[t=0.00018575s, 18620 KB] reading input...
[t=0.00143003s, 18628 KB] done reading input!
[t=0.00626352s, 19024 KB] Building successor generator...done!
[t=0.00662302s, 19024 KB] peak memory difference for successor generator creation: 0 KB
[t=0.00670549s, 19024 KB] time for successor generation creation: 0.000100401s
[t=0.0067947s, 19024 KB] Variables: 8
[t=0.00686932s, 19024 KB] FactPairs: 28
[t=0.00694024s, 19024 KB] Bytes per state: 4
[t=0.00729637s, 19160 KB] Dumping the reachable state space...
# F (fact): [fact ID] [name]
# G (goal state): [goal state ID] [fact ID 1] [fact ID 2] ...
# N (non-goal state): [non-goal state ID] [fact ID 1] [fact ID 2] ...
# T (transition): [source state ID] [target state ID]
# The initial state has ID 0.
F 0 on(b4,b1)
F 1 on(b4,b2)
F 2 on(b4,b3)
F 3 on(b4,b4)
F 4 on-table(b4)
F 5 clear(b1)
F 6 clear(b2)
F 7 clear(b3)
F 8 clear(b4)
F 9 on(b1,b1)
F 10 on(b1,b2)
F 11 on(b1,b3)
F 12 on(b1,b4)
F 13 on-table(b1)
F 14 on(b2,b1)
F 15 on(b2,b2)
F 16 on(b2,b3)
F 17 on(b2,b4)
F 18 on-table(b2)
F 19 on(b3,b1)
F 20 on(b3,b2)
F 21 on(b3,b3)
F 22 on(b3,b4)
F 23 on-table(b3)
N 0 4 5 7 8 10 18 23
T 0 1
T 0 2
T 0 3
T 0 4
T 0 5
T 0 6
T 0 7
T 0 8
T 0 9
T 0 10
N 1 0 7 8 10 18 23
T 1 2
T 1 3
T 1 0
T 1 11
T 1 12
N 2 2 5 8 10 18 23
T 2 1
T 2 3
T 2 0
T 2 13
T 2 14
T 2 15
N 3 3 5 7 10 18 23
T 3 16
T 3 17
T 3 18
T 3 19
T 3 20
N 4 4 5 6 8 11 18 23
T 4 21
T 4 22
T 4 16
T 4 0
T 4 23
T 4 6
T 4 7
T 4 8
T 4 24
T 4 25
N 5 4 7 8 10 18 19
T 5 26
T 5 17
T 5 9
T 5 10
T 5 0
N 6 4 5 6 7 12 18 23
T 6 0
T 6 27
T 6 4
T 6 28
T 6 7
T 6 8
T 6 29
T 6 30
T 6 31
T 6 32
N 7 4 6 7 8 9 18 23
T 7 33
T 7 14
T 7 18
T 7 34
T 7 35
T 7 36
T 7 37
T 7 38
T 7 39
N 8 4 5 6 7 8 13 18 23
T 8 40
T 8 41
T 8 15
T 8 19
T 8 0
T 8 42
T 8 4
T 8 43
T 8 6
T 8 7
T 8 44
T 8 45
T 8 46
T 8 47
T 8 48
T 8 49
N 9 4 5 7 10 18 22
T 9 50
T 9 5
T 9 38
T 9 48
T 9 10
T 9 0
N 10 4 5 8 10 18 21
T 10 12
T 10 20
T 10 32
T 10 39
T 10 49
N 11 0 7 10 18 22
T 11 12
T 11 1
N 12 0 8 10 18 21
T 12 20
T 12 10
N 13 2 5 6 12 18 23
T 13 2
T 13 51
T 13 14
T 13 15
T 13 52
N 14 2 6 8 9 18 23
T 14 33
T 14 18
T 14 7
T 14 53
T 14 54
N 15 2 5 6 8 13 18 23
T 15 40
T 15 41
T 15 19
T 15 8
T 15 2
T 15 55
T 15 13
T 15 14
T 15 56
T 15 57
N 16 3 5 6 11 18 23
T 16 3
T 16 58
T 16 18
T 16 19
T 16 59
N 17 3 7 10 18 19
T 17 20
T 17 3
N 18 3 6 7 9 18 23
T 18 60
T 18 61
T 18 62
T 18 63
N 19 3 5 6 7 13 18 23
T 19 3
T 19 64
T 19 16
T 19 65
T 19 18
T 19 66
T 19 67
T 19 68
T 19 69
N 20 3 5 10 18 21
T 20 63
T 20 69
N 21 0 6 8 11 18 23
T 21 22
T 21 16
T 21 4
T 21 70
T 21 71
N 22 1 5 8 11 18 23
T 22 21
T 22 16
T 22 4
T 22 72
T 22 33
T 22 41
N 23 4 6 8 11 14 23
T 23 73
T 23 58
T 23 24
T 23 25
T 23 4
N 24 4 5 6 11 17 23
T 24 74
T 24 23
T 24 36
T 24 46
T 24 25
T 24 4
N 25 4 5 8 11 15 23
T 25 71
T 25 59
T 25 31
T 25 37
T 25 47
N 26 2 8 10 18 19
T 26 17
T 26 5
N 27 4 6 7 12 14 23
T 27 29
T 27 75
T 27 31
T 27 6
T 27 76
N 28 4 6 7 12 18 19
T 28 77
T 28 30
T 28 78
T 28 32
T 28 6
N 29 4 5 6 12 16 23
T 29 79
T 29 27
T 29 34
T 29 44
T 29 31
T 29 6
N 30 4 5 7 12 18 20
T 30 80
T 30 28
T 30 35
T 30 45
T 30 32
T 30 6
N 31 4 5 7 12 15 23
T 31 25
T 31 78
T 31 37
T 31 47
T 31 81
N 32 4 5 6 12 18 21
T 32 10
T 32 76
T 32 39
T 32 49
T 32 81
N 33 1 7 8 9 18 23
T 33 14
T 33 18
T 33 7
T 33 82
T 33 83
N 34 4 6 8 9 16 23
T 34 84
T 34 60
T 34 36
T 34 37
T 34 7
N 35 4 7 8 9 18 20
T 35 85
T 35 61
T 35 38
T 35 39
T 35 7
N 36 4 6 7 9 17 23
T 36 34
T 36 86
T 36 37
T 36 7
T 36 87
N 37 4 7 8 9 15 23
T 37 54
T 37 62
T 37 88
T 37 89
N 38 4 6 7 9 18 22
T 38 90
T 38 35
T 38 88
T 38 39
T 38 7
N 39 4 6 8 9 18 21
T 39 83
T 39 63
T 39 87
T 39 89
N 40 0 6 7 8 13 18 23
T 40 41
T 40 15
T 40 19
T 40 8
T 40 91
T 40 92
T 40 93
T 40 94
T 40 95
T 40 96
N 41 1 5 7 8 13 18 23
T 41 40
T 41 15
T 41 19
T 41 8
T 41 22
T 41 97
T 41 72
T 41 33
T 41 98
T 41 99
N 42 4 6 7 8 13 14 23
T 42 100
T 42 55
T 42 64
T 42 44
T 42 101
T 42 46
T 42 47
T 42 8
T 42 102
T 42 103
N 43 4 6 7 8 13 18 19
T 43 97
T 43 104
T 43 65
T 43 105
T 43 45
T 43 106
T 43 107
T 43 48
T 43 49
T 43 8
N 44 4 5 6 8 13 16 23
T 44 91
T 44 108
T 44 66
T 44 79
T 44 42
T 44 29
T 44 34
T 44 46
T 44 47
T 44 8
N 45 4 5 7 8 13 18 20
T 45 92
T 45 109
T 45 67
T 45 80
T 45 43
T 45 30
T 45 35
T 45 48
T 45 49
T 45 8
N 46 4 5 6 7 13 17 23
T 46 74
T 46 42
T 46 24
T 46 106
T 46 36
T 46 44
T 46 110
T 46 47
T 46 8
T 46 111
N 47 4 5 7 8 13 15 23
T 47 94
T 47 57
T 47 68
T 47 25
T 47 107
T 47 31
T 47 37
T 47 112
T 47 113
N 48 4 5 6 7 13 18 22
T 48 9
T 48 102
T 48 50
T 48 43
T 48 38
T 48 114
T 48 45
T 48 112
T 48 49
T 48 8
N 49 4 5 6 8 13 18 21
T 49 96
T 49 99
T 49 69
T 49 10
T 49 103
T 49 32
T 49 39
T 49 111
T 49 113
N 50 4 5 6 11 18 22
T 50 9
T 50 115
T 50 38
T 50 48
T 50 116
N 51 2 6 12 14 23
T 51 52
T 51 13
N 52 2 5 12 15 23
T 52 54
T 52 57
N 53 2 6 9 17 23
T 53 54
T 53 14
N 54 2 8 9 15 23
T 54 62
T 54 37
N 55 2 6 8 13 14 23
T 55 100
T 55 64
T 55 42
T 55 56
T 55 57
T 55 15
N 56 2 5 6 13 17 23
T 56 117
T 56 55
T 56 53
T 56 57
T 56 15
N 57 2 5 8 13 15 23
T 57 94
T 57 68
T 57 47
T 57 52
T 57 54
N 58 3 6 11 14 23
T 58 59
T 58 16
N 59 3 5 11 15 23
T 59 62
T 59 68
N 60 3 6 9 16 23
T 60 62
T 60 18
N 61 3 7 9 18 20
T 61 63
T 61 18
N 62 3 7 9 15 23
T 62 118
N 63 3 6 9 18 21
T 63 118
N 64 3 6 7 13 14 23
T 64 66
T 64 119
T 64 68
T 64 19
T 64 120
N 65 3 6 7 13 18 19
T 65 121
T 65 67
T 65 122
T 65 69
T 65 19
N 66 3 5 6 13 16 23
T 66 123
T 66 64
T 66 60
T 66 68
T 66 19
N 67 3 5 7 13 18 20
T 67 124
T 67 65
T 67 61
T 67 69
T 67 19
N 68 3 5 7 13 15 23
T 68 59
T 68 122
T 68 62
T 68 125
N 69 3 5 6 13 18 21
T 69 20
T 69 120
T 69 63
T 69 125
N 70 0 6 11 17 23
T 70 71
T 70 21
N 71 0 8 11 15 23
T 71 59
T 71 25
N 72 1 5 7 12 18 23
T 72 22
T 72 126
T 72 33
T 72 41
T 72 127
N 73 1 8 11 14 23
T 73 58
T 73 23
N 74 4 5 7 10 17 23
T 74 24
T 74 128
T 74 36
T 74 46
T 74 129
N 75 4 7 12 14 20
T 75 76
T 75 27
N 76 4 6 12 14 21
T 76 81
T 76 32
N 77 4 6 12 16 19
T 77 78
T 77 28
N 78 4 7 12 15 19
T 78 81
T 78 31
N 79 4 5 8 10 16 23
T 79 130
T 79 123
T 79 29
T 79 34
T 79 44
N 80 4 5 8 11 18 20
T 80 131
T 80 124
T 80 30
T 80 35
T 80 45
N 81 4 5 12 15 21
T 81 89
T 81 113
N 82 1 7 9 18 22
T 82 83
T 82 33
N 83 1 8 9 18 21
T 83 63
T 83 39
N 84 1 8 9 16 23
T 84 60
T 84 34
N 85 2 8 9 18 20
T 85 61
T 85 35
N 86 4 7 9 17 20
T 86 87
T 86 36
N 87 4 6 9 17 21
T 87 89
T 87 39
N 88 4 7 9 15 22
T 88 89
T 88 37
N 89 4 8 9 15 21
T 89 118
N 90 4 6 9 16 22
T 90 88
T 90 38
N 91 0 6 8 13 16 23
T 91 108
T 91 66
T 91 44
T 91 93
T 91 94
T 91 40
N 92 0 7 8 13 18 20
T 92 109
T 92 67
T 92 45
T 92 95
T 92 96
T 92 40
N 93 0 6 7 13 17 23
T 93 91
T 93 132
T 93 94
T 93 40
T 93 133
N 94 0 7 8 13 15 23
T 94 57
T 94 68
T 94 47
T 94 134
T 94 135
N 95 0 6 7 13 18 22
T 95 136
T 95 92
T 95 134
T 95 96
T 95 40
N 96 0 6 8 13 18 21
T 96 99
T 96 69
T 96 49
T 96 133
T 96 135
N 97 1 7 8 13 18 19
T 97 104
T 97 65
T 97 43
T 97 98
T 97 99
T 97 41
N 98 1 5 7 13 18 22
T 98 137
T 98 97
T 98 82
T 98 99
T 98 41
N 99 1 5 8 13 18 21
T 99 96
T 99 69
T 99 49
T 99 127
T 99 83
N 100 1 7 8 13 14 23
T 100 55
T 100 64
T 100 42
T 100 138
T 100 139
N 101 4 7 8 13 14 20
T 101 140
T 101 119
T 101 102
T 101 103
T 101 42
N 102 4 6 7 13 14 22
T 102 114
T 102 101
T 102 112
T 102 48
T 102 103
T 102 42
N 103 4 6 8 13 14 21
T 103 139
T 103 120
T 103 111
T 103 113
T 103 49
N 104 2 6 8 13 18 19
T 104 97
T 104 65
T 104 43
T 104 141
T 104 142
N 105 4 6 8 13 16 19
T 105 143
T 105 121
T 105 106
T 105 107
T 105 43
N 106 4 6 7 13 17 19
T 106 105
T 106 110
T 106 107
T 106 43
T 106 111
T 106 46
N 107 4 7 8 13 15 19
T 107 142
T 107 122
T 107 112
T 107 113
T 107 47
N 108 1 5 8 13 16 23
T 108 91
T 108 66
T 108 44
T 108 144
T 108 84
N 109 2 5 8 13 18 20
T 109 92
T 109 67
T 109 45
T 109 145
T 109 85
N 110 4 5 7 13 17 20
T 110 146
T 110 106
T 110 86
T 110 111
T 110 46
N 111 4 5 6 13 17 21
T 111 129
T 111 103
T 111 87
T 111 113
T 111 49
N 112 4 5 7 13 15 22
T 112 116
T 112 107
T 112 88
T 112 113
T 112 47
N 113 4 5 8 13 15 21
T 113 135
T 113 125
T 113 81
T 113 89
N 114 4 5 6 13 16 22
T 114 147
T 114 102
T 114 90
T 114 112
T 114 48
G 115 4 6 11 14 22
T 115 116
T 115 50
N 116 4 5 11 15 22
T 116 88
T 116 112
N 117 2 5 10 17 23
T 117 53
T 117 56
N 118 3 9 15 21
N 119 3 7 13 14 20
T 119 120
T 119 64
N 120 3 6 13 14 21
T 120 125
T 120 69
N 121 3 6 13 16 19
T 121 122
T 121 65
N 122 3 7 13 15 19
T 122 125
T 122 68
N 123 3 5 10 16 23
T 123 60
T 123 66
N 124 3 5 11 18 20
T 124 61
T 124 67
N 125 3 5 13 15 21
T 125 118
N 126 1 7 12 18 19
T 126 127
T 126 72
N 127 1 5 12 18 21
T 127 83
T 127 99
N 128 4 7 10 17 19
T 128 129
T 128 74
N 129 4 5 10 17 21
T 129 87
T 129 111
N 130 0 8 10 16 23
T 130 123
T 130 79
N 131 0 8 11 18 20
T 131 124
T 131 80
N 132 0 7 13 17 20
T 132 133
T 132 93
N 133 0 6 13 17 21
T 133 135
T 133 96
N 134 0 7 13 15 22
T 134 135
T 134 94
N 135 0 8 13 15 21
T 135 125
T 135 113
N 136 0 6 13 16 22
T 136 134
T 136 95
N 137 1 5 11 18 22
T 137 82
T 137 98
N 138 1 7 13 14 22
T 138 139
T 138 100
N 139 1 8 13 14 21
T 139 120
T 139 103
N 140 2 8 13 14 20
T 140 119
T 140 101
N 141 2 6 13 17 19
T 141 142
T 141 104
N 142 2 8 13 15 19
T 142 122
T 142 107
N 143 1 8 13 16 19
T 143 121
T 143 105
N 144 1 5 12 16 23
T 144 84
T 144 108
N 145 2 5 12 18 20
T 145 85
T 145 109
N 146 4 5 11 17 20
T 146 86
T 146 110
N 147 4 5 10 16 22
T 147 90
T 147 114
[t=0.0108771s, 19160 KB] Finished dumping the reachable state space.
[t=0.0110064s, 19160 KB] Actual search time: 0.00334513s
[t=0.0110653s, 19160 KB] Expanded 148 state(s).
[t=0.0110653s, 19160 KB] Reopened 0 state(s).
[t=0.0110653s, 19160 KB] Evaluated 0 state(s).
[t=0.0110653s, 19160 KB] Evaluations: 0
[t=0.0110653s, 19160 KB] Generated 633 state(s).
[t=0.0110653s, 19160 KB] Dead ends: 0 state(s).
[t=0.0110653s, 19160 KB] Number of registered states: 148
[t=0.0110653s, 19160 KB] Closed list load factor: 148/255 = 0.580392
[t=0.0110653s, 19160 KB] Search time: 0.00377087s
[t=0.0110653s, 19160 KB] Total time: 0.0110653s
Search stopped without finding a solution.
Peak memory: 19160 KB
Remove intermediate file output.sas
search exit code: 12

Driver aborting after search
INFO     Planner time: 0.18s
