Changing working directory:  /proj/ssiw/users/x_domdr/projects/code/h-policy-learner/learning/experiments/scripts/workspace/blocks_4_on_0_9_9_9_9_9
================================================================================
SLTP v.0.2.0
================================================================================
================================================================================
(pid: 116948) STARTING STEP #1: Incremental learning module
================================================================================
2023-05-20 12:33:32 INFO     Initializing InstanceDatas...
2023-05-20 12:33:32 INFO     Constructing InstanceData for filename /proj/ssiw/users/x_domdr/projects/code/h-policy-learner/learning/benchmarks/blocks_4_on/instances/p-2-87.pddl
2023-05-20 12:33:33 INFO     Constructing DomainData for filename /proj/ssiw/users/x_domdr/projects/code/h-policy-learner/learning/benchmarks/blocks_4_on/domain.pddl
Num states: 5
2023-05-20 12:33:33 INFO     Constructing InstanceData for filename /proj/ssiw/users/x_domdr/projects/code/h-policy-learner/learning/benchmarks/blocks_4_on/instances/p-4-1.pddl
Num states: 125
2023-05-20 12:33:33 INFO     Constructing InstanceData for filename /proj/ssiw/users/x_domdr/projects/code/h-policy-learner/learning/benchmarks/blocks_4_on/instances/p-4-84.pddl
Num states: 125
2023-05-20 12:33:33 INFO     Constructing InstanceData for filename /proj/ssiw/users/x_domdr/projects/code/h-policy-learner/learning/benchmarks/blocks_4_on/instances/p-2-10.pddl
Num states: 5
2023-05-20 12:33:33 INFO     Constructing InstanceData for filename /proj/ssiw/users/x_domdr/projects/code/h-policy-learner/learning/benchmarks/blocks_4_on/instances/p-3-38.pddl
Num states: 22
2023-05-20 12:33:34 INFO     Constructing InstanceData for filename /proj/ssiw/users/x_domdr/projects/code/h-policy-learner/learning/benchmarks/blocks_4_on/instances/p-2-75.pddl
Num states: 5
2023-05-20 12:33:34 INFO     Constructing InstanceData for filename /proj/ssiw/users/x_domdr/projects/code/h-policy-learner/learning/benchmarks/blocks_4_on/instances/p-4-43.pddl
Num states: 125
2023-05-20 12:33:34 INFO     Constructing InstanceData for filename /proj/ssiw/users/x_domdr/projects/code/h-policy-learner/learning/benchmarks/blocks_4_on/instances/p-3-72.pddl
Num states: 22
2023-05-20 12:33:35 INFO     Constructing InstanceData for filename /proj/ssiw/users/x_domdr/projects/code/h-policy-learner/learning/benchmarks/blocks_4_on/instances/p-3-17.pddl
Num states: 22
2023-05-20 12:33:35 INFO     Constructing InstanceData for filename /proj/ssiw/users/x_domdr/projects/code/h-policy-learner/learning/benchmarks/blocks_4_on/instances/p-3-89.pddl
Num states: 22
2023-05-20 12:33:35 INFO     Constructing InstanceData for filename /proj/ssiw/users/x_domdr/projects/code/h-policy-learner/learning/benchmarks/blocks_4_on/instances/p-4-75.pddl
Num states: 125
2023-05-20 12:33:35 INFO     Constructing InstanceData for filename /proj/ssiw/users/x_domdr/projects/code/h-policy-learner/learning/benchmarks/blocks_4_on/instances/p-4-67.pddl
Num states: 125
2023-05-20 12:33:36 INFO     Constructing InstanceData for filename /proj/ssiw/users/x_domdr/projects/code/h-policy-learner/learning/benchmarks/blocks_4_on/instances/p-3-18.pddl
Num states: 22
2023-05-20 12:33:36 INFO     Constructing InstanceData for filename /proj/ssiw/users/x_domdr/projects/code/h-policy-learner/learning/benchmarks/blocks_4_on/instances/p-3-36.pddl
Num states: 22
2023-05-20 12:33:36 INFO     Constructing InstanceData for filename /proj/ssiw/users/x_domdr/projects/code/h-policy-learner/learning/benchmarks/blocks_4_on/instances/p-2-36.pddl
Num states: 5
2023-05-20 12:33:37 INFO     Constructing InstanceData for filename /proj/ssiw/users/x_domdr/projects/code/h-policy-learner/learning/benchmarks/blocks_4_on/instances/p-2-39.pddl
Num states: 5
2023-05-20 12:33:37 INFO     Constructing InstanceData for filename /proj/ssiw/users/x_domdr/projects/code/h-policy-learner/learning/benchmarks/blocks_4_on/instances/p-4-57.pddl
Num states: 125
2023-05-20 12:33:37 INFO     Constructing InstanceData for filename /proj/ssiw/users/x_domdr/projects/code/h-policy-learner/learning/benchmarks/blocks_4_on/instances/p-2-77.pddl
Num states: 5
2023-05-20 12:33:37 INFO     Constructing InstanceData for filename /proj/ssiw/users/x_domdr/projects/code/h-policy-learner/learning/benchmarks/blocks_4_on/instances/p-2-27.pddl
Num states: 5
2023-05-20 12:33:38 INFO     Constructing InstanceData for filename /proj/ssiw/users/x_domdr/projects/code/h-policy-learner/learning/benchmarks/blocks_4_on/instances/p-3-78.pddl
Num states: 22
2023-05-20 12:33:38 INFO     Constructing InstanceData for filename /proj/ssiw/users/x_domdr/projects/code/h-policy-learner/learning/benchmarks/blocks_4_on/instances/p-2-22.pddl
Num states: 5
2023-05-20 12:33:38 INFO     Constructing InstanceData for filename /proj/ssiw/users/x_domdr/projects/code/h-policy-learner/learning/benchmarks/blocks_4_on/instances/p-4-2.pddl
Num states: 125
2023-05-20 12:33:39 INFO     Constructing InstanceData for filename /proj/ssiw/users/x_domdr/projects/code/h-policy-learner/learning/benchmarks/blocks_4_on/instances/p-3-45.pddl
Num states: 22
2023-05-20 12:33:39 INFO     Constructing InstanceData for filename /proj/ssiw/users/x_domdr/projects/code/h-policy-learner/learning/benchmarks/blocks_4_on/instances/p-3-59.pddl
Num states: 22
2023-05-20 12:33:39 INFO     Constructing InstanceData for filename /proj/ssiw/users/x_domdr/projects/code/h-policy-learner/learning/benchmarks/blocks_4_on/instances/p-4-78.pddl
Num states: 125
2023-05-20 12:33:39 INFO     Constructing InstanceData for filename /proj/ssiw/users/x_domdr/projects/code/h-policy-learner/learning/benchmarks/blocks_4_on/instances/p-4-13.pddl
Num states: 125
2023-05-20 12:33:40 INFO     Constructing InstanceData for filename /proj/ssiw/users/x_domdr/projects/code/h-policy-learner/learning/benchmarks/blocks_4_on/instances/p-3-75.pddl
Num states: 22
2023-05-20 12:33:40 INFO     Constructing InstanceData for filename /proj/ssiw/users/x_domdr/projects/code/h-policy-learner/learning/benchmarks/blocks_4_on/instances/p-2-45.pddl
Num states: 5
2023-05-20 12:33:40 INFO     Constructing InstanceData for filename /proj/ssiw/users/x_domdr/projects/code/h-policy-learner/learning/benchmarks/blocks_4_on/instances/p-4-61.pddl
Num states: 125
2023-05-20 12:33:41 INFO     Constructing InstanceData for filename /proj/ssiw/users/x_domdr/projects/code/h-policy-learner/learning/benchmarks/blocks_4_on/instances/p-3-69.pddl
Num states: 22
2023-05-20 12:33:41 INFO     Constructing InstanceData for filename /proj/ssiw/users/x_domdr/projects/code/h-policy-learner/learning/benchmarks/blocks_4_on/instances/p-2-9.pddl
Num states: 5
2023-05-20 12:33:41 INFO     Constructing InstanceData for filename /proj/ssiw/users/x_domdr/projects/code/h-policy-learner/learning/benchmarks/blocks_4_on/instances/p-2-28.pddl
Num states: 5
2023-05-20 12:33:41 INFO     Constructing InstanceData for filename /proj/ssiw/users/x_domdr/projects/code/h-policy-learner/learning/benchmarks/blocks_4_on/instances/p-2-6.pddl
Num states: 5
2023-05-20 12:33:42 INFO     Constructing InstanceData for filename /proj/ssiw/users/x_domdr/projects/code/h-policy-learner/learning/benchmarks/blocks_4_on/instances/p-4-81.pddl
Num states: 125
2023-05-20 12:33:42 INFO     Constructing InstanceData for filename /proj/ssiw/users/x_domdr/projects/code/h-policy-learner/learning/benchmarks/blocks_4_on/instances/p-3-66.pddl
Num states: 22
2023-05-20 12:33:42 INFO     Constructing InstanceData for filename /proj/ssiw/users/x_domdr/projects/code/h-policy-learner/learning/benchmarks/blocks_4_on/instances/p-4-63.pddl
Num states: 125
2023-05-20 12:33:43 INFO     Constructing InstanceData for filename /proj/ssiw/users/x_domdr/projects/code/h-policy-learner/learning/benchmarks/blocks_4_on/instances/p-3-99.pddl
Num states: 22
2023-05-20 12:33:43 INFO     Constructing InstanceData for filename /proj/ssiw/users/x_domdr/projects/code/h-policy-learner/learning/benchmarks/blocks_4_on/instances/p-4-25.pddl
Num states: 125
2023-05-20 12:33:43 INFO     Constructing InstanceData for filename /proj/ssiw/users/x_domdr/projects/code/h-policy-learner/learning/benchmarks/blocks_4_on/instances/p-4-0.pddl
Num states: 125
2023-05-20 12:33:44 INFO     Constructing InstanceData for filename /proj/ssiw/users/x_domdr/projects/code/h-policy-learner/learning/benchmarks/blocks_4_on/instances/p-3-30.pddl
Num states: 22
2023-05-20 12:33:44 INFO     Constructing InstanceData for filename /proj/ssiw/users/x_domdr/projects/code/h-policy-learner/learning/benchmarks/blocks_4_on/instances/p-2-32.pddl
Num states: 5
2023-05-20 12:33:44 INFO     Constructing InstanceData for filename /proj/ssiw/users/x_domdr/projects/code/h-policy-learner/learning/benchmarks/blocks_4_on/instances/p-2-0.pddl
Num states: 5
2023-05-20 12:33:44 INFO     Constructing InstanceData for filename /proj/ssiw/users/x_domdr/projects/code/h-policy-learner/learning/benchmarks/blocks_4_on/instances/p-3-96.pddl
Num states: 22
2023-05-20 12:33:45 INFO     Constructing InstanceData for filename /proj/ssiw/users/x_domdr/projects/code/h-policy-learner/learning/benchmarks/blocks_4_on/instances/p-3-1.pddl
Num states: 22
2023-05-20 12:33:45 INFO     Constructing InstanceData for filename /proj/ssiw/users/x_domdr/projects/code/h-policy-learner/learning/benchmarks/blocks_4_on/instances/p-3-27.pddl
Num states: 22
2023-05-20 12:33:45 INFO     Constructing InstanceData for filename /proj/ssiw/users/x_domdr/projects/code/h-policy-learner/learning/benchmarks/blocks_4_on/instances/p-4-35.pddl
Num states: 125
2023-05-20 12:33:45 INFO     Constructing InstanceData for filename /proj/ssiw/users/x_domdr/projects/code/h-policy-learner/learning/benchmarks/blocks_4_on/instances/p-3-12.pddl
Num states: 22
2023-05-20 12:33:46 INFO     Constructing InstanceData for filename /proj/ssiw/users/x_domdr/projects/code/h-policy-learner/learning/benchmarks/blocks_4_on/instances/p-2-82.pddl
Num states: 5
2023-05-20 12:33:46 INFO     Constructing InstanceData for filename /proj/ssiw/users/x_domdr/projects/code/h-policy-learner/learning/benchmarks/blocks_4_on/instances/p-3-65.pddl
Num states: 22
2023-05-20 12:33:46 INFO     Constructing InstanceData for filename /proj/ssiw/users/x_domdr/projects/code/h-policy-learner/learning/benchmarks/blocks_4_on/instances/p-3-94.pddl
Num states: 22
2023-05-20 12:33:47 INFO     Constructing InstanceData for filename /proj/ssiw/users/x_domdr/projects/code/h-policy-learner/learning/benchmarks/blocks_4_on/instances/p-3-4.pddl
Num states: 22
2023-05-20 12:33:47 INFO     Constructing InstanceData for filename /proj/ssiw/users/x_domdr/projects/code/h-policy-learner/learning/benchmarks/blocks_4_on/instances/p-2-33.pddl
Num states: 5
2023-05-20 12:33:47 INFO     Constructing InstanceData for filename /proj/ssiw/users/x_domdr/projects/code/h-policy-learner/learning/benchmarks/blocks_4_on/instances/p-3-34.pddl
Num states: 22
2023-05-20 12:33:47 INFO     Constructing InstanceData for filename /proj/ssiw/users/x_domdr/projects/code/h-policy-learner/learning/benchmarks/blocks_4_on/instances/p-3-54.pddl
Num states: 22
2023-05-20 12:33:48 INFO     Constructing InstanceData for filename /proj/ssiw/users/x_domdr/projects/code/h-policy-learner/learning/benchmarks/blocks_4_on/instances/p-4-27.pddl
Num states: 125
2023-05-20 12:33:48 INFO     Constructing InstanceData for filename /proj/ssiw/users/x_domdr/projects/code/h-policy-learner/learning/benchmarks/blocks_4_on/instances/p-2-78.pddl
Num states: 5
2023-05-20 12:33:48 INFO     Constructing InstanceData for filename /proj/ssiw/users/x_domdr/projects/code/h-policy-learner/learning/benchmarks/blocks_4_on/instances/p-3-50.pddl
Num states: 22
2023-05-20 12:33:49 INFO     Constructing InstanceData for filename /proj/ssiw/users/x_domdr/projects/code/h-policy-learner/learning/benchmarks/blocks_4_on/instances/p-4-90.pddl
Num states: 125
2023-05-20 12:33:49 INFO     Constructing InstanceData for filename /proj/ssiw/users/x_domdr/projects/code/h-policy-learner/learning/benchmarks/blocks_4_on/instances/p-4-89.pddl
Num states: 125
2023-05-20 12:33:49 INFO     Constructing InstanceData for filename /proj/ssiw/users/x_domdr/projects/code/h-policy-learner/learning/benchmarks/blocks_4_on/instances/p-2-92.pddl
Num states: 5
2023-05-20 12:33:50 INFO     Constructing InstanceData for filename /proj/ssiw/users/x_domdr/projects/code/h-policy-learner/learning/benchmarks/blocks_4_on/instances/p-2-81.pddl
Num states: 5
2023-05-20 12:33:50 INFO     Constructing InstanceData for filename /proj/ssiw/users/x_domdr/projects/code/h-policy-learner/learning/benchmarks/blocks_4_on/instances/p-2-24.pddl
Num states: 5
2023-05-20 12:33:51 INFO     Constructing InstanceData for filename /proj/ssiw/users/x_domdr/projects/code/h-policy-learner/learning/benchmarks/blocks_4_on/instances/p-4-7.pddl
Num states: 125
2023-05-20 12:33:51 INFO     Constructing InstanceData for filename /proj/ssiw/users/x_domdr/projects/code/h-policy-learner/learning/benchmarks/blocks_4_on/instances/p-3-58.pddl
Num states: 22
2023-05-20 12:33:51 INFO     Constructing InstanceData for filename /proj/ssiw/users/x_domdr/projects/code/h-policy-learner/learning/benchmarks/blocks_4_on/instances/p-3-63.pddl
Num states: 22
2023-05-20 12:33:52 INFO     Constructing InstanceData for filename /proj/ssiw/users/x_domdr/projects/code/h-policy-learner/learning/benchmarks/blocks_4_on/instances/p-4-50.pddl
Num states: 125
2023-05-20 12:33:52 INFO     Constructing InstanceData for filename /proj/ssiw/users/x_domdr/projects/code/h-policy-learner/learning/benchmarks/blocks_4_on/instances/p-2-76.pddl
Num states: 5
2023-05-20 12:33:52 INFO     Constructing InstanceData for filename /proj/ssiw/users/x_domdr/projects/code/h-policy-learner/learning/benchmarks/blocks_4_on/instances/p-2-7.pddl
Num states: 5
2023-05-20 12:33:53 INFO     Constructing InstanceData for filename /proj/ssiw/users/x_domdr/projects/code/h-policy-learner/learning/benchmarks/blocks_4_on/instances/p-2-40.pddl
Num states: 5
2023-05-20 12:33:53 INFO     Constructing InstanceData for filename /proj/ssiw/users/x_domdr/projects/code/h-policy-learner/learning/benchmarks/blocks_4_on/instances/p-4-40.pddl
Num states: 125
2023-05-20 12:33:54 INFO     Constructing InstanceData for filename /proj/ssiw/users/x_domdr/projects/code/h-policy-learner/learning/benchmarks/blocks_4_on/instances/p-3-95.pddl
Num states: 22
2023-05-20 12:33:54 INFO     Constructing InstanceData for filename /proj/ssiw/users/x_domdr/projects/code/h-policy-learner/learning/benchmarks/blocks_4_on/instances/p-3-56.pddl
Num states: 22
2023-05-20 12:33:55 INFO     Constructing InstanceData for filename /proj/ssiw/users/x_domdr/projects/code/h-policy-learner/learning/benchmarks/blocks_4_on/instances/p-2-60.pddl
Num states: 5
2023-05-20 12:33:55 INFO     Constructing InstanceData for filename /proj/ssiw/users/x_domdr/projects/code/h-policy-learner/learning/benchmarks/blocks_4_on/instances/p-2-42.pddl
Num states: 5
2023-05-20 12:33:55 INFO     Constructing InstanceData for filename /proj/ssiw/users/x_domdr/projects/code/h-policy-learner/learning/benchmarks/blocks_4_on/instances/p-2-13.pddl
Num states: 5
2023-05-20 12:33:56 INFO     Constructing InstanceData for filename /proj/ssiw/users/x_domdr/projects/code/h-policy-learner/learning/benchmarks/blocks_4_on/instances/p-4-12.pddl
Num states: 125
2023-05-20 12:33:56 INFO     Constructing InstanceData for filename /proj/ssiw/users/x_domdr/projects/code/h-policy-learner/learning/benchmarks/blocks_4_on/instances/p-2-57.pddl
Num states: 5
2023-05-20 12:33:56 INFO     Constructing InstanceData for filename /proj/ssiw/users/x_domdr/projects/code/h-policy-learner/learning/benchmarks/blocks_4_on/instances/p-4-23.pddl
Num states: 125
2023-05-20 12:33:57 INFO     Constructing InstanceData for filename /proj/ssiw/users/x_domdr/projects/code/h-policy-learner/learning/benchmarks/blocks_4_on/instances/p-2-67.pddl
Num states: 5
2023-05-20 12:33:57 INFO     Constructing InstanceData for filename /proj/ssiw/users/x_domdr/projects/code/h-policy-learner/learning/benchmarks/blocks_4_on/instances/p-2-85.pddl
Num states: 5
2023-05-20 12:33:58 INFO     Constructing InstanceData for filename /proj/ssiw/users/x_domdr/projects/code/h-policy-learner/learning/benchmarks/blocks_4_on/instances/p-4-93.pddl
Num states: 125
2023-05-20 12:33:58 INFO     Constructing InstanceData for filename /proj/ssiw/users/x_domdr/projects/code/h-policy-learner/learning/benchmarks/blocks_4_on/instances/p-4-88.pddl
Num states: 125
2023-05-20 12:33:58 INFO     Constructing InstanceData for filename /proj/ssiw/users/x_domdr/projects/code/h-policy-learner/learning/benchmarks/blocks_4_on/instances/p-2-99.pddl
Num states: 5
2023-05-20 12:33:59 INFO     Constructing InstanceData for filename /proj/ssiw/users/x_domdr/projects/code/h-policy-learner/learning/benchmarks/blocks_4_on/instances/p-4-10.pddl
Num states: 125
2023-05-20 12:33:59 INFO     Constructing InstanceData for filename /proj/ssiw/users/x_domdr/projects/code/h-policy-learner/learning/benchmarks/blocks_4_on/instances/p-4-46.pddl
Num states: 125
2023-05-20 12:33:59 INFO     Constructing InstanceData for filename /proj/ssiw/users/x_domdr/projects/code/h-policy-learner/learning/benchmarks/blocks_4_on/instances/p-3-44.pddl
Num states: 22
2023-05-20 12:34:00 INFO     Constructing InstanceData for filename /proj/ssiw/users/x_domdr/projects/code/h-policy-learner/learning/benchmarks/blocks_4_on/instances/p-3-35.pddl
Num states: 22
2023-05-20 12:34:00 INFO     Constructing InstanceData for filename /proj/ssiw/users/x_domdr/projects/code/h-policy-learner/learning/benchmarks/blocks_4_on/instances/p-2-89.pddl
Num states: 5
2023-05-20 12:34:00 INFO     Constructing InstanceData for filename /proj/ssiw/users/x_domdr/projects/code/h-policy-learner/learning/benchmarks/blocks_4_on/instances/p-2-53.pddl
Num states: 5
2023-05-20 12:34:00 INFO     Constructing InstanceData for filename /proj/ssiw/users/x_domdr/projects/code/h-policy-learner/learning/benchmarks/blocks_4_on/instances/p-3-57.pddl
Num states: 22
2023-05-20 12:34:01 INFO     Constructing InstanceData for filename /proj/ssiw/users/x_domdr/projects/code/h-policy-learner/learning/benchmarks/blocks_4_on/instances/p-2-62.pddl
Num states: 5
2023-05-20 12:34:01 INFO     Constructing InstanceData for filename /proj/ssiw/users/x_domdr/projects/code/h-policy-learner/learning/benchmarks/blocks_4_on/instances/p-2-11.pddl
Num states: 5
2023-05-20 12:34:01 INFO     Constructing InstanceData for filename /proj/ssiw/users/x_domdr/projects/code/h-policy-learner/learning/benchmarks/blocks_4_on/instances/p-3-68.pddl
Num states: 22
2023-05-20 12:34:02 INFO     Constructing InstanceData for filename /proj/ssiw/users/x_domdr/projects/code/h-policy-learner/learning/benchmarks/blocks_4_on/instances/p-4-66.pddl
Num states: 125
2023-05-20 12:34:02 INFO     Constructing InstanceData for filename /proj/ssiw/users/x_domdr/projects/code/h-policy-learner/learning/benchmarks/blocks_4_on/instances/p-2-98.pddl
Num states: 5
2023-05-20 12:34:02 INFO     Constructing InstanceData for filename /proj/ssiw/users/x_domdr/projects/code/h-policy-learner/learning/benchmarks/blocks_4_on/instances/p-4-92.pddl
Num states: 125
2023-05-20 12:34:03 INFO     Constructing InstanceData for filename /proj/ssiw/users/x_domdr/projects/code/h-policy-learner/learning/benchmarks/blocks_4_on/instances/p-2-90.pddl
Num states: 5
2023-05-20 12:34:03 INFO     Constructing InstanceData for filename /proj/ssiw/users/x_domdr/projects/code/h-policy-learner/learning/benchmarks/blocks_4_on/instances/p-2-52.pddl
Num states: 5
2023-05-20 12:34:03 INFO     Constructing InstanceData for filename /proj/ssiw/users/x_domdr/projects/code/h-policy-learner/learning/benchmarks/blocks_4_on/instances/p-3-22.pddl
Num states: 22
2023-05-20 12:34:03 INFO     Constructing InstanceData for filename /proj/ssiw/users/x_domdr/projects/code/h-policy-learner/learning/benchmarks/blocks_4_on/instances/p-4-72.pddl
Num states: 125
2023-05-20 12:34:04 INFO     Constructing InstanceData for filename /proj/ssiw/users/x_domdr/projects/code/h-policy-learner/learning/benchmarks/blocks_4_on/instances/p-4-70.pddl
Num states: 125
2023-05-20 12:34:04 INFO     Constructing InstanceData for filename /proj/ssiw/users/x_domdr/projects/code/h-policy-learner/learning/benchmarks/blocks_4_on/instances/p-2-80.pddl
Num states: 5
2023-05-20 12:34:04 INFO     Constructing InstanceData for filename /proj/ssiw/users/x_domdr/projects/code/h-policy-learner/learning/benchmarks/blocks_4_on/instances/p-4-18.pddl
Num states: 125
2023-05-20 12:34:05 INFO     Constructing InstanceData for filename /proj/ssiw/users/x_domdr/projects/code/h-policy-learner/learning/benchmarks/blocks_4_on/instances/p-2-54.pddl
Num states: 5
2023-05-20 12:34:05 INFO     Constructing InstanceData for filename /proj/ssiw/users/x_domdr/projects/code/h-policy-learner/learning/benchmarks/blocks_4_on/instances/p-3-91.pddl
Num states: 22
2023-05-20 12:34:05 INFO     Constructing InstanceData for filename /proj/ssiw/users/x_domdr/projects/code/h-policy-learner/learning/benchmarks/blocks_4_on/instances/p-4-59.pddl
Num states: 125
2023-05-20 12:34:05 INFO     Constructing InstanceData for filename /proj/ssiw/users/x_domdr/projects/code/h-policy-learner/learning/benchmarks/blocks_4_on/instances/p-4-51.pddl
Num states: 125
2023-05-20 12:34:06 INFO     Constructing InstanceData for filename /proj/ssiw/users/x_domdr/projects/code/h-policy-learner/learning/benchmarks/blocks_4_on/instances/p-4-56.pddl
Num states: 125
2023-05-20 12:34:06 INFO     Constructing InstanceData for filename /proj/ssiw/users/x_domdr/projects/code/h-policy-learner/learning/benchmarks/blocks_4_on/instances/p-2-61.pddl
Num states: 5
2023-05-20 12:34:06 INFO     Constructing InstanceData for filename /proj/ssiw/users/x_domdr/projects/code/h-policy-learner/learning/benchmarks/blocks_4_on/instances/p-4-80.pddl
Num states: 125
2023-05-20 12:34:07 INFO     Constructing InstanceData for filename /proj/ssiw/users/x_domdr/projects/code/h-policy-learner/learning/benchmarks/blocks_4_on/instances/p-4-94.pddl
Num states: 125
2023-05-20 12:34:07 INFO     Constructing InstanceData for filename /proj/ssiw/users/x_domdr/projects/code/h-policy-learner/learning/benchmarks/blocks_4_on/instances/p-2-79.pddl
Num states: 5
2023-05-20 12:34:07 INFO     Constructing InstanceData for filename /proj/ssiw/users/x_domdr/projects/code/h-policy-learner/learning/benchmarks/blocks_4_on/instances/p-2-41.pddl
Num states: 5
2023-05-20 12:34:07 INFO     Constructing InstanceData for filename /proj/ssiw/users/x_domdr/projects/code/h-policy-learner/learning/benchmarks/blocks_4_on/instances/p-3-80.pddl
Num states: 22
2023-05-20 12:34:08 INFO     Constructing InstanceData for filename /proj/ssiw/users/x_domdr/projects/code/h-policy-learner/learning/benchmarks/blocks_4_on/instances/p-4-77.pddl
Num states: 125
2023-05-20 12:34:08 INFO     Constructing InstanceData for filename /proj/ssiw/users/x_domdr/projects/code/h-policy-learner/learning/benchmarks/blocks_4_on/instances/p-2-2.pddl
Num states: 5
2023-05-20 12:34:08 INFO     Constructing InstanceData for filename /proj/ssiw/users/x_domdr/projects/code/h-policy-learner/learning/benchmarks/blocks_4_on/instances/p-3-7.pddl
Num states: 22
2023-05-20 12:34:09 INFO     Constructing InstanceData for filename /proj/ssiw/users/x_domdr/projects/code/h-policy-learner/learning/benchmarks/blocks_4_on/instances/p-2-48.pddl
Num states: 5
2023-05-20 12:34:09 INFO     Constructing InstanceData for filename /proj/ssiw/users/x_domdr/projects/code/h-policy-learner/learning/benchmarks/blocks_4_on/instances/p-2-23.pddl
Num states: 5
2023-05-20 12:34:09 INFO     Constructing InstanceData for filename /proj/ssiw/users/x_domdr/projects/code/h-policy-learner/learning/benchmarks/blocks_4_on/instances/p-3-5.pddl
Num states: 22
2023-05-20 12:34:09 INFO     Constructing InstanceData for filename /proj/ssiw/users/x_domdr/projects/code/h-policy-learner/learning/benchmarks/blocks_4_on/instances/p-2-38.pddl
Num states: 5
2023-05-20 12:34:10 INFO     Constructing InstanceData for filename /proj/ssiw/users/x_domdr/projects/code/h-policy-learner/learning/benchmarks/blocks_4_on/instances/p-3-37.pddl
Num states: 22
2023-05-20 12:34:10 INFO     Constructing InstanceData for filename /proj/ssiw/users/x_domdr/projects/code/h-policy-learner/learning/benchmarks/blocks_4_on/instances/p-4-49.pddl
Num states: 125
2023-05-20 12:34:10 INFO     Constructing InstanceData for filename /proj/ssiw/users/x_domdr/projects/code/h-policy-learner/learning/benchmarks/blocks_4_on/instances/p-3-76.pddl
Num states: 22
2023-05-20 12:34:11 INFO     Constructing InstanceData for filename /proj/ssiw/users/x_domdr/projects/code/h-policy-learner/learning/benchmarks/blocks_4_on/instances/p-3-8.pddl
Num states: 22
2023-05-20 12:34:11 INFO     Constructing InstanceData for filename /proj/ssiw/users/x_domdr/projects/code/h-policy-learner/learning/benchmarks/blocks_4_on/instances/p-3-90.pddl
Num states: 22
2023-05-20 12:34:11 INFO     Constructing InstanceData for filename /proj/ssiw/users/x_domdr/projects/code/h-policy-learner/learning/benchmarks/blocks_4_on/instances/p-2-37.pddl
Num states: 5
2023-05-20 12:34:11 INFO     Constructing InstanceData for filename /proj/ssiw/users/x_domdr/projects/code/h-policy-learner/learning/benchmarks/blocks_4_on/instances/p-3-29.pddl
Num states: 22
2023-05-20 12:34:12 INFO     Constructing InstanceData for filename /proj/ssiw/users/x_domdr/projects/code/h-policy-learner/learning/benchmarks/blocks_4_on/instances/p-3-15.pddl
Num states: 22
2023-05-20 12:34:12 INFO     Constructing InstanceData for filename /proj/ssiw/users/x_domdr/projects/code/h-policy-learner/learning/benchmarks/blocks_4_on/instances/p-2-21.pddl
Num states: 5
2023-05-20 12:34:12 INFO     Constructing InstanceData for filename /proj/ssiw/users/x_domdr/projects/code/h-policy-learner/learning/benchmarks/blocks_4_on/instances/p-3-46.pddl
Num states: 22
2023-05-20 12:34:13 INFO     Constructing InstanceData for filename /proj/ssiw/users/x_domdr/projects/code/h-policy-learner/learning/benchmarks/blocks_4_on/instances/p-2-50.pddl
Num states: 5
2023-05-20 12:34:13 INFO     Constructing InstanceData for filename /proj/ssiw/users/x_domdr/projects/code/h-policy-learner/learning/benchmarks/blocks_4_on/instances/p-4-99.pddl
Num states: 125
2023-05-20 12:34:13 INFO     Constructing InstanceData for filename /proj/ssiw/users/x_domdr/projects/code/h-policy-learner/learning/benchmarks/blocks_4_on/instances/p-3-11.pddl
Num states: 22
2023-05-20 12:34:13 INFO     Constructing InstanceData for filename /proj/ssiw/users/x_domdr/projects/code/h-policy-learner/learning/benchmarks/blocks_4_on/instances/p-2-56.pddl
Num states: 5
2023-05-20 12:34:14 INFO     Constructing InstanceData for filename /proj/ssiw/users/x_domdr/projects/code/h-policy-learner/learning/benchmarks/blocks_4_on/instances/p-2-30.pddl
Num states: 5
2023-05-20 12:34:14 INFO     Constructing InstanceData for filename /proj/ssiw/users/x_domdr/projects/code/h-policy-learner/learning/benchmarks/blocks_4_on/instances/p-2-73.pddl
Num states: 5
2023-05-20 12:34:14 INFO     Constructing InstanceData for filename /proj/ssiw/users/x_domdr/projects/code/h-policy-learner/learning/benchmarks/blocks_4_on/instances/p-4-76.pddl
Num states: 125
2023-05-20 12:34:15 INFO     Constructing InstanceData for filename /proj/ssiw/users/x_domdr/projects/code/h-policy-learner/learning/benchmarks/blocks_4_on/instances/p-4-24.pddl
Num states: 125
2023-05-20 12:34:15 INFO     Constructing InstanceData for filename /proj/ssiw/users/x_domdr/projects/code/h-policy-learner/learning/benchmarks/blocks_4_on/instances/p-2-51.pddl
Num states: 5
2023-05-20 12:34:15 INFO     Constructing InstanceData for filename /proj/ssiw/users/x_domdr/projects/code/h-policy-learner/learning/benchmarks/blocks_4_on/instances/p-3-53.pddl
Num states: 22
2023-05-20 12:34:15 INFO     Constructing InstanceData for filename /proj/ssiw/users/x_domdr/projects/code/h-policy-learner/learning/benchmarks/blocks_4_on/instances/p-2-70.pddl
Num states: 5
2023-05-20 12:34:16 INFO     Constructing InstanceData for filename /proj/ssiw/users/x_domdr/projects/code/h-policy-learner/learning/benchmarks/blocks_4_on/instances/p-4-3.pddl
Num states: 125
2023-05-20 12:34:16 INFO     Constructing InstanceData for filename /proj/ssiw/users/x_domdr/projects/code/h-policy-learner/learning/benchmarks/blocks_4_on/instances/p-2-19.pddl
Num states: 5
2023-05-20 12:34:16 INFO     Constructing InstanceData for filename /proj/ssiw/users/x_domdr/projects/code/h-policy-learner/learning/benchmarks/blocks_4_on/instances/p-4-86.pddl
Num states: 125
2023-05-20 12:34:17 INFO     Constructing InstanceData for filename /proj/ssiw/users/x_domdr/projects/code/h-policy-learner/learning/benchmarks/blocks_4_on/instances/p-4-54.pddl
Num states: 125
2023-05-20 12:34:17 INFO     Constructing InstanceData for filename /proj/ssiw/users/x_domdr/projects/code/h-policy-learner/learning/benchmarks/blocks_4_on/instances/p-2-20.pddl
Num states: 5
2023-05-20 12:34:17 INFO     Constructing InstanceData for filename /proj/ssiw/users/x_domdr/projects/code/h-policy-learner/learning/benchmarks/blocks_4_on/instances/p-2-83.pddl
Num states: 5
2023-05-20 12:34:17 INFO     Constructing InstanceData for filename /proj/ssiw/users/x_domdr/projects/code/h-policy-learner/learning/benchmarks/blocks_4_on/instances/p-3-82.pddl
Num states: 22
2023-05-20 12:34:18 INFO     Constructing InstanceData for filename /proj/ssiw/users/x_domdr/projects/code/h-policy-learner/learning/benchmarks/blocks_4_on/instances/p-2-12.pddl
Num states: 5
2023-05-20 12:34:18 INFO     Constructing InstanceData for filename /proj/ssiw/users/x_domdr/projects/code/h-policy-learner/learning/benchmarks/blocks_4_on/instances/p-3-55.pddl
Num states: 22
2023-05-20 12:34:18 INFO     Constructing InstanceData for filename /proj/ssiw/users/x_domdr/projects/code/h-policy-learner/learning/benchmarks/blocks_4_on/instances/p-2-46.pddl
Num states: 5
2023-05-20 12:34:19 INFO     Constructing InstanceData for filename /proj/ssiw/users/x_domdr/projects/code/h-policy-learner/learning/benchmarks/blocks_4_on/instances/p-3-52.pddl
Num states: 22
2023-05-20 12:34:19 INFO     Constructing InstanceData for filename /proj/ssiw/users/x_domdr/projects/code/h-policy-learner/learning/benchmarks/blocks_4_on/instances/p-3-26.pddl
Num states: 22
2023-05-20 12:34:19 INFO     Constructing InstanceData for filename /proj/ssiw/users/x_domdr/projects/code/h-policy-learner/learning/benchmarks/blocks_4_on/instances/p-2-94.pddl
Num states: 5
2023-05-20 12:34:20 INFO     Constructing InstanceData for filename /proj/ssiw/users/x_domdr/projects/code/h-policy-learner/learning/benchmarks/blocks_4_on/instances/p-4-8.pddl
Num states: 125
2023-05-20 12:34:20 INFO     Constructing InstanceData for filename /proj/ssiw/users/x_domdr/projects/code/h-policy-learner/learning/benchmarks/blocks_4_on/instances/p-2-72.pddl
Num states: 5
2023-05-20 12:34:20 INFO     Constructing InstanceData for filename /proj/ssiw/users/x_domdr/projects/code/h-policy-learner/learning/benchmarks/blocks_4_on/instances/p-4-83.pddl
Num states: 125
2023-05-20 12:34:20 INFO     Constructing InstanceData for filename /proj/ssiw/users/x_domdr/projects/code/h-policy-learner/learning/benchmarks/blocks_4_on/instances/p-2-34.pddl
Num states: 5
2023-05-20 12:34:21 INFO     Constructing InstanceData for filename /proj/ssiw/users/x_domdr/projects/code/h-policy-learner/learning/benchmarks/blocks_4_on/instances/p-2-84.pddl
Num states: 5
2023-05-20 12:34:21 INFO     Constructing InstanceData for filename /proj/ssiw/users/x_domdr/projects/code/h-policy-learner/learning/benchmarks/blocks_4_on/instances/p-3-48.pddl
Num states: 22
2023-05-20 12:34:21 INFO     Constructing InstanceData for filename /proj/ssiw/users/x_domdr/projects/code/h-policy-learner/learning/benchmarks/blocks_4_on/instances/p-3-67.pddl
Num states: 22
2023-05-20 12:34:22 INFO     Constructing InstanceData for filename /proj/ssiw/users/x_domdr/projects/code/h-policy-learner/learning/benchmarks/blocks_4_on/instances/p-3-25.pddl
Num states: 22
2023-05-20 12:34:22 INFO     Constructing InstanceData for filename /proj/ssiw/users/x_domdr/projects/code/h-policy-learner/learning/benchmarks/blocks_4_on/instances/p-3-33.pddl
Num states: 22
2023-05-20 12:34:22 INFO     Constructing InstanceData for filename /proj/ssiw/users/x_domdr/projects/code/h-policy-learner/learning/benchmarks/blocks_4_on/instances/p-4-20.pddl
Num states: 125
2023-05-20 12:34:22 INFO     Constructing InstanceData for filename /proj/ssiw/users/x_domdr/projects/code/h-policy-learner/learning/benchmarks/blocks_4_on/instances/p-4-62.pddl
Num states: 125
2023-05-20 12:34:23 INFO     Constructing InstanceData for filename /proj/ssiw/users/x_domdr/projects/code/h-policy-learner/learning/benchmarks/blocks_4_on/instances/p-4-30.pddl
Num states: 125
2023-05-20 12:34:23 INFO     Constructing InstanceData for filename /proj/ssiw/users/x_domdr/projects/code/h-policy-learner/learning/benchmarks/blocks_4_on/instances/p-4-69.pddl
Num states: 125
2023-05-20 12:34:23 INFO     Constructing InstanceData for filename /proj/ssiw/users/x_domdr/projects/code/h-policy-learner/learning/benchmarks/blocks_4_on/instances/p-4-21.pddl
Num states: 125
2023-05-20 12:34:24 INFO     Constructing InstanceData for filename /proj/ssiw/users/x_domdr/projects/code/h-policy-learner/learning/benchmarks/blocks_4_on/instances/p-3-39.pddl
Num states: 22
2023-05-20 12:34:24 INFO     Constructing InstanceData for filename /proj/ssiw/users/x_domdr/projects/code/h-policy-learner/learning/benchmarks/blocks_4_on/instances/p-4-96.pddl
Num states: 125
2023-05-20 12:34:24 INFO     Constructing InstanceData for filename /proj/ssiw/users/x_domdr/projects/code/h-policy-learner/learning/benchmarks/blocks_4_on/instances/p-2-14.pddl
Num states: 5
2023-05-20 12:34:24 INFO     Constructing InstanceData for filename /proj/ssiw/users/x_domdr/projects/code/h-policy-learner/learning/benchmarks/blocks_4_on/instances/p-4-53.pddl
Num states: 125
2023-05-20 12:34:25 INFO     Constructing InstanceData for filename /proj/ssiw/users/x_domdr/projects/code/h-policy-learner/learning/benchmarks/blocks_4_on/instances/p-4-5.pddl
Num states: 125
2023-05-20 12:34:25 INFO     Constructing InstanceData for filename /proj/ssiw/users/x_domdr/projects/code/h-policy-learner/learning/benchmarks/blocks_4_on/instances/p-2-65.pddl
Num states: 5
2023-05-20 12:34:25 INFO     Constructing InstanceData for filename /proj/ssiw/users/x_domdr/projects/code/h-policy-learner/learning/benchmarks/blocks_4_on/instances/p-3-3.pddl
Num states: 22
2023-05-20 12:34:26 INFO     Constructing InstanceData for filename /proj/ssiw/users/x_domdr/projects/code/h-policy-learner/learning/benchmarks/blocks_4_on/instances/p-4-60.pddl
Num states: 125
2023-05-20 12:34:26 INFO     Constructing InstanceData for filename /proj/ssiw/users/x_domdr/projects/code/h-policy-learner/learning/benchmarks/blocks_4_on/instances/p-2-63.pddl
Num states: 5
2023-05-20 12:34:26 INFO     Constructing InstanceData for filename /proj/ssiw/users/x_domdr/projects/code/h-policy-learner/learning/benchmarks/blocks_4_on/instances/p-2-96.pddl
Num states: 5
2023-05-20 12:34:26 INFO     Constructing InstanceData for filename /proj/ssiw/users/x_domdr/projects/code/h-policy-learner/learning/benchmarks/blocks_4_on/instances/p-2-71.pddl
Num states: 5
2023-05-20 12:34:27 INFO     Constructing InstanceData for filename /proj/ssiw/users/x_domdr/projects/code/h-policy-learner/learning/benchmarks/blocks_4_on/instances/p-2-44.pddl
Num states: 5
2023-05-20 12:34:27 INFO     Constructing InstanceData for filename /proj/ssiw/users/x_domdr/projects/code/h-policy-learner/learning/benchmarks/blocks_4_on/instances/p-4-14.pddl
Num states: 125
2023-05-20 12:34:27 INFO     Constructing InstanceData for filename /proj/ssiw/users/x_domdr/projects/code/h-policy-learner/learning/benchmarks/blocks_4_on/instances/p-4-42.pddl
Num states: 125
2023-05-20 12:34:28 INFO     Constructing InstanceData for filename /proj/ssiw/users/x_domdr/projects/code/h-policy-learner/learning/benchmarks/blocks_4_on/instances/p-4-15.pddl
Num states: 125
2023-05-20 12:34:28 INFO     Constructing InstanceData for filename /proj/ssiw/users/x_domdr/projects/code/h-policy-learner/learning/benchmarks/blocks_4_on/instances/p-3-47.pddl
Num states: 22
2023-05-20 12:34:28 INFO     Constructing InstanceData for filename /proj/ssiw/users/x_domdr/projects/code/h-policy-learner/learning/benchmarks/blocks_4_on/instances/p-3-88.pddl
Num states: 22
2023-05-20 12:34:28 INFO     Constructing InstanceData for filename /proj/ssiw/users/x_domdr/projects/code/h-policy-learner/learning/benchmarks/blocks_4_on/instances/p-4-9.pddl
Num states: 125
2023-05-20 12:34:29 INFO     Constructing InstanceData for filename /proj/ssiw/users/x_domdr/projects/code/h-policy-learner/learning/benchmarks/blocks_4_on/instances/p-2-49.pddl
Num states: 5
2023-05-20 12:34:29 INFO     Constructing InstanceData for filename /proj/ssiw/users/x_domdr/projects/code/h-policy-learner/learning/benchmarks/blocks_4_on/instances/p-2-86.pddl
Num states: 5
2023-05-20 12:34:29 INFO     Constructing InstanceData for filename /proj/ssiw/users/x_domdr/projects/code/h-policy-learner/learning/benchmarks/blocks_4_on/instances/p-3-23.pddl
Num states: 22
2023-05-20 12:34:30 INFO     Constructing InstanceData for filename /proj/ssiw/users/x_domdr/projects/code/h-policy-learner/learning/benchmarks/blocks_4_on/instances/p-4-26.pddl
Num states: 125
2023-05-20 12:34:30 INFO     Constructing InstanceData for filename /proj/ssiw/users/x_domdr/projects/code/h-policy-learner/learning/benchmarks/blocks_4_on/instances/p-4-44.pddl
Num states: 125
2023-05-20 12:34:30 INFO     Constructing InstanceData for filename /proj/ssiw/users/x_domdr/projects/code/h-policy-learner/learning/benchmarks/blocks_4_on/instances/p-3-97.pddl
Num states: 22
2023-05-20 12:34:30 INFO     Constructing InstanceData for filename /proj/ssiw/users/x_domdr/projects/code/h-policy-learner/learning/benchmarks/blocks_4_on/instances/p-4-39.pddl
Num states: 125
2023-05-20 12:34:31 INFO     Constructing InstanceData for filename /proj/ssiw/users/x_domdr/projects/code/h-policy-learner/learning/benchmarks/blocks_4_on/instances/p-2-35.pddl
Num states: 5
2023-05-20 12:34:31 INFO     Constructing InstanceData for filename /proj/ssiw/users/x_domdr/projects/code/h-policy-learner/learning/benchmarks/blocks_4_on/instances/p-2-17.pddl
Num states: 5
2023-05-20 12:34:31 INFO     Constructing InstanceData for filename /proj/ssiw/users/x_domdr/projects/code/h-policy-learner/learning/benchmarks/blocks_4_on/instances/p-2-15.pddl
Num states: 5
2023-05-20 12:34:32 INFO     Constructing InstanceData for filename /proj/ssiw/users/x_domdr/projects/code/h-policy-learner/learning/benchmarks/blocks_4_on/instances/p-4-28.pddl
Num states: 125
2023-05-20 12:34:32 INFO     Constructing InstanceData for filename /proj/ssiw/users/x_domdr/projects/code/h-policy-learner/learning/benchmarks/blocks_4_on/instances/p-2-18.pddl
Num states: 5
2023-05-20 12:34:32 INFO     Constructing InstanceData for filename /proj/ssiw/users/x_domdr/projects/code/h-policy-learner/learning/benchmarks/blocks_4_on/instances/p-2-4.pddl
Num states: 5
2023-05-20 12:34:32 INFO     Constructing InstanceData for filename /proj/ssiw/users/x_domdr/projects/code/h-policy-learner/learning/benchmarks/blocks_4_on/instances/p-2-29.pddl
Num states: 5
2023-05-20 12:34:33 INFO     Constructing InstanceData for filename /proj/ssiw/users/x_domdr/projects/code/h-policy-learner/learning/benchmarks/blocks_4_on/instances/p-4-34.pddl
Num states: 125
2023-05-20 12:34:33 INFO     Constructing InstanceData for filename /proj/ssiw/users/x_domdr/projects/code/h-policy-learner/learning/benchmarks/blocks_4_on/instances/p-2-31.pddl
Num states: 5
2023-05-20 12:34:33 INFO     Constructing InstanceData for filename /proj/ssiw/users/x_domdr/projects/code/h-policy-learner/learning/benchmarks/blocks_4_on/instances/p-2-25.pddl
Num states: 5
2023-05-20 12:34:34 INFO     Constructing InstanceData for filename /proj/ssiw/users/x_domdr/projects/code/h-policy-learner/learning/benchmarks/blocks_4_on/instances/p-4-41.pddl
Num states: 125
2023-05-20 12:34:34 INFO     Constructing InstanceData for filename /proj/ssiw/users/x_domdr/projects/code/h-policy-learner/learning/benchmarks/blocks_4_on/instances/p-4-4.pddl
Num states: 125
2023-05-20 12:34:34 INFO     Constructing InstanceData for filename /proj/ssiw/users/x_domdr/projects/code/h-policy-learner/learning/benchmarks/blocks_4_on/instances/p-4-37.pddl
Num states: 125
2023-05-20 12:34:35 INFO     Constructing InstanceData for filename /proj/ssiw/users/x_domdr/projects/code/h-policy-learner/learning/benchmarks/blocks_4_on/instances/p-3-64.pddl
Num states: 22
2023-05-20 12:34:35 INFO     Constructing InstanceData for filename /proj/ssiw/users/x_domdr/projects/code/h-policy-learner/learning/benchmarks/blocks_4_on/instances/p-3-51.pddl
Num states: 22
2023-05-20 12:34:35 INFO     Constructing InstanceData for filename /proj/ssiw/users/x_domdr/projects/code/h-policy-learner/learning/benchmarks/blocks_4_on/instances/p-2-8.pddl
Num states: 5
2023-05-20 12:34:35 INFO     Constructing InstanceData for filename /proj/ssiw/users/x_domdr/projects/code/h-policy-learner/learning/benchmarks/blocks_4_on/instances/p-4-17.pddl
Num states: 125
2023-05-20 12:34:36 INFO     Constructing InstanceData for filename /proj/ssiw/users/x_domdr/projects/code/h-policy-learner/learning/benchmarks/blocks_4_on/instances/p-4-73.pddl
Num states: 125
2023-05-20 12:34:36 INFO     Constructing InstanceData for filename /proj/ssiw/users/x_domdr/projects/code/h-policy-learner/learning/benchmarks/blocks_4_on/instances/p-3-6.pddl
Num states: 22
2023-05-20 12:34:36 INFO     Constructing InstanceData for filename /proj/ssiw/users/x_domdr/projects/code/h-policy-learner/learning/benchmarks/blocks_4_on/instances/p-3-62.pddl
Num states: 22
2023-05-20 12:34:37 INFO     Constructing InstanceData for filename /proj/ssiw/users/x_domdr/projects/code/h-policy-learner/learning/benchmarks/blocks_4_on/instances/p-3-42.pddl
Num states: 22
2023-05-20 12:34:37 INFO     Constructing InstanceData for filename /proj/ssiw/users/x_domdr/projects/code/h-policy-learner/learning/benchmarks/blocks_4_on/instances/p-3-19.pddl
Num states: 22
2023-05-20 12:34:37 INFO     Constructing InstanceData for filename /proj/ssiw/users/x_domdr/projects/code/h-policy-learner/learning/benchmarks/blocks_4_on/instances/p-3-13.pddl
Num states: 22
2023-05-20 12:34:37 INFO     Constructing InstanceData for filename /proj/ssiw/users/x_domdr/projects/code/h-policy-learner/learning/benchmarks/blocks_4_on/instances/p-4-16.pddl
Num states: 125
2023-05-20 12:34:38 INFO     Constructing InstanceData for filename /proj/ssiw/users/x_domdr/projects/code/h-policy-learner/learning/benchmarks/blocks_4_on/instances/p-4-58.pddl
Num states: 125
2023-05-20 12:34:38 INFO     Constructing InstanceData for filename /proj/ssiw/users/x_domdr/projects/code/h-policy-learner/learning/benchmarks/blocks_4_on/instances/p-4-11.pddl
Num states: 125
2023-05-20 12:34:38 INFO     Constructing InstanceData for filename /proj/ssiw/users/x_domdr/projects/code/h-policy-learner/learning/benchmarks/blocks_4_on/instances/p-3-10.pddl
Num states: 22
2023-05-20 12:34:39 INFO     Constructing InstanceData for filename /proj/ssiw/users/x_domdr/projects/code/h-policy-learner/learning/benchmarks/blocks_4_on/instances/p-4-64.pddl
Num states: 125
2023-05-20 12:34:39 INFO     Constructing InstanceData for filename /proj/ssiw/users/x_domdr/projects/code/h-policy-learner/learning/benchmarks/blocks_4_on/instances/p-2-43.pddl
Num states: 5
2023-05-20 12:34:39 INFO     Constructing InstanceData for filename /proj/ssiw/users/x_domdr/projects/code/h-policy-learner/learning/benchmarks/blocks_4_on/instances/p-3-86.pddl
Num states: 22
2023-05-20 12:34:39 INFO     Constructing InstanceData for filename /proj/ssiw/users/x_domdr/projects/code/h-policy-learner/learning/benchmarks/blocks_4_on/instances/p-3-79.pddl
Num states: 22
2023-05-20 12:34:40 INFO     Constructing InstanceData for filename /proj/ssiw/users/x_domdr/projects/code/h-policy-learner/learning/benchmarks/blocks_4_on/instances/p-2-59.pddl
Num states: 5
2023-05-20 12:34:40 INFO     Constructing InstanceData for filename /proj/ssiw/users/x_domdr/projects/code/h-policy-learner/learning/benchmarks/blocks_4_on/instances/p-4-87.pddl
Num states: 125
2023-05-20 12:34:40 INFO     Constructing InstanceData for filename /proj/ssiw/users/x_domdr/projects/code/h-policy-learner/learning/benchmarks/blocks_4_on/instances/p-3-2.pddl
Num states: 22
2023-05-20 12:34:41 INFO     Constructing InstanceData for filename /proj/ssiw/users/x_domdr/projects/code/h-policy-learner/learning/benchmarks/blocks_4_on/instances/p-4-38.pddl
Num states: 125
2023-05-20 12:34:41 INFO     Constructing InstanceData for filename /proj/ssiw/users/x_domdr/projects/code/h-policy-learner/learning/benchmarks/blocks_4_on/instances/p-3-24.pddl
Num states: 22
2023-05-20 12:34:41 INFO     Constructing InstanceData for filename /proj/ssiw/users/x_domdr/projects/code/h-policy-learner/learning/benchmarks/blocks_4_on/instances/p-3-83.pddl
Num states: 22
2023-05-20 12:34:41 INFO     Constructing InstanceData for filename /proj/ssiw/users/x_domdr/projects/code/h-policy-learner/learning/benchmarks/blocks_4_on/instances/p-2-26.pddl
Num states: 5
2023-05-20 12:34:42 INFO     Constructing InstanceData for filename /proj/ssiw/users/x_domdr/projects/code/h-policy-learner/learning/benchmarks/blocks_4_on/instances/p-3-28.pddl
Num states: 22
2023-05-20 12:34:42 INFO     Constructing InstanceData for filename /proj/ssiw/users/x_domdr/projects/code/h-policy-learner/learning/benchmarks/blocks_4_on/instances/p-3-41.pddl
Num states: 22
2023-05-20 12:34:42 INFO     Constructing InstanceData for filename /proj/ssiw/users/x_domdr/projects/code/h-policy-learner/learning/benchmarks/blocks_4_on/instances/p-4-65.pddl
Num states: 125
2023-05-20 12:34:43 INFO     Constructing InstanceData for filename /proj/ssiw/users/x_domdr/projects/code/h-policy-learner/learning/benchmarks/blocks_4_on/instances/p-4-82.pddl
Num states: 125
2023-05-20 12:34:43 INFO     Constructing InstanceData for filename /proj/ssiw/users/x_domdr/projects/code/h-policy-learner/learning/benchmarks/blocks_4_on/instances/p-2-5.pddl
Num states: 5
2023-05-20 12:34:43 INFO     Constructing InstanceData for filename /proj/ssiw/users/x_domdr/projects/code/h-policy-learner/learning/benchmarks/blocks_4_on/instances/p-3-61.pddl
Num states: 22
2023-05-20 12:34:43 INFO     Constructing InstanceData for filename /proj/ssiw/users/x_domdr/projects/code/h-policy-learner/learning/benchmarks/blocks_4_on/instances/p-4-45.pddl
Num states: 125
2023-05-20 12:34:44 INFO     Constructing InstanceData for filename /proj/ssiw/users/x_domdr/projects/code/h-policy-learner/learning/benchmarks/blocks_4_on/instances/p-4-71.pddl
Num states: 125
2023-05-20 12:34:44 INFO     Constructing InstanceData for filename /proj/ssiw/users/x_domdr/projects/code/h-policy-learner/learning/benchmarks/blocks_4_on/instances/p-3-16.pddl
Num states: 22
2023-05-20 12:34:44 INFO     Constructing InstanceData for filename /proj/ssiw/users/x_domdr/projects/code/h-policy-learner/learning/benchmarks/blocks_4_on/instances/p-3-60.pddl
Num states: 22
2023-05-20 12:34:45 INFO     Constructing InstanceData for filename /proj/ssiw/users/x_domdr/projects/code/h-policy-learner/learning/benchmarks/blocks_4_on/instances/p-4-32.pddl
Num states: 125
2023-05-20 12:34:45 INFO     Constructing InstanceData for filename /proj/ssiw/users/x_domdr/projects/code/h-policy-learner/learning/benchmarks/blocks_4_on/instances/p-3-93.pddl
Num states: 22
2023-05-20 12:34:45 INFO     Constructing InstanceData for filename /proj/ssiw/users/x_domdr/projects/code/h-policy-learner/learning/benchmarks/blocks_4_on/instances/p-3-21.pddl
Num states: 22
2023-05-20 12:34:45 INFO     Constructing InstanceData for filename /proj/ssiw/users/x_domdr/projects/code/h-policy-learner/learning/benchmarks/blocks_4_on/instances/p-2-97.pddl
Num states: 5
2023-05-20 12:34:46 INFO     Constructing InstanceData for filename /proj/ssiw/users/x_domdr/projects/code/h-policy-learner/learning/benchmarks/blocks_4_on/instances/p-3-71.pddl
Num states: 22
2023-05-20 12:34:46 INFO     Constructing InstanceData for filename /proj/ssiw/users/x_domdr/projects/code/h-policy-learner/learning/benchmarks/blocks_4_on/instances/p-3-84.pddl
Num states: 22
2023-05-20 12:34:46 INFO     Constructing InstanceData for filename /proj/ssiw/users/x_domdr/projects/code/h-policy-learner/learning/benchmarks/blocks_4_on/instances/p-4-47.pddl
Num states: 125
2023-05-20 12:34:47 INFO     Constructing InstanceData for filename /proj/ssiw/users/x_domdr/projects/code/h-policy-learner/learning/benchmarks/blocks_4_on/instances/p-2-93.pddl
Num states: 5
2023-05-20 12:34:47 INFO     Constructing InstanceData for filename /proj/ssiw/users/x_domdr/projects/code/h-policy-learner/learning/benchmarks/blocks_4_on/instances/p-4-19.pddl
Num states: 125
2023-05-20 12:34:47 INFO     Constructing InstanceData for filename /proj/ssiw/users/x_domdr/projects/code/h-policy-learner/learning/benchmarks/blocks_4_on/instances/p-4-22.pddl
Num states: 125
2023-05-20 12:34:47 INFO     Constructing InstanceData for filename /proj/ssiw/users/x_domdr/projects/code/h-policy-learner/learning/benchmarks/blocks_4_on/instances/p-2-88.pddl
Num states: 5
2023-05-20 12:34:48 INFO     Constructing InstanceData for filename /proj/ssiw/users/x_domdr/projects/code/h-policy-learner/learning/benchmarks/blocks_4_on/instances/p-4-48.pddl
Num states: 125
2023-05-20 12:34:48 INFO     Constructing InstanceData for filename /proj/ssiw/users/x_domdr/projects/code/h-policy-learner/learning/benchmarks/blocks_4_on/instances/p-2-68.pddl
Num states: 5
2023-05-20 12:34:48 INFO     Constructing InstanceData for filename /proj/ssiw/users/x_domdr/projects/code/h-policy-learner/learning/benchmarks/blocks_4_on/instances/p-4-68.pddl
Num states: 125
2023-05-20 12:34:49 INFO     Constructing InstanceData for filename /proj/ssiw/users/x_domdr/projects/code/h-policy-learner/learning/benchmarks/blocks_4_on/instances/p-2-69.pddl
Num states: 5
2023-05-20 12:34:49 INFO     Constructing InstanceData for filename /proj/ssiw/users/x_domdr/projects/code/h-policy-learner/learning/benchmarks/blocks_4_on/instances/p-4-52.pddl
Num states: 125
2023-05-20 12:34:49 INFO     Constructing InstanceData for filename /proj/ssiw/users/x_domdr/projects/code/h-policy-learner/learning/benchmarks/blocks_4_on/instances/p-4-98.pddl
Num states: 125
2023-05-20 12:34:49 INFO     Constructing InstanceData for filename /proj/ssiw/users/x_domdr/projects/code/h-policy-learner/learning/benchmarks/blocks_4_on/instances/p-3-0.pddl
Num states: 22
2023-05-20 12:34:50 INFO     Constructing InstanceData for filename /proj/ssiw/users/x_domdr/projects/code/h-policy-learner/learning/benchmarks/blocks_4_on/instances/p-3-20.pddl
Num states: 22
2023-05-20 12:34:50 INFO     Constructing InstanceData for filename /proj/ssiw/users/x_domdr/projects/code/h-policy-learner/learning/benchmarks/blocks_4_on/instances/p-2-91.pddl
Num states: 5
2023-05-20 12:34:50 INFO     Constructing InstanceData for filename /proj/ssiw/users/x_domdr/projects/code/h-policy-learner/learning/benchmarks/blocks_4_on/instances/p-2-16.pddl
Num states: 5
2023-05-20 12:34:51 INFO     Constructing InstanceData for filename /proj/ssiw/users/x_domdr/projects/code/h-policy-learner/learning/benchmarks/blocks_4_on/instances/p-2-66.pddl
Num states: 5
2023-05-20 12:34:51 INFO     Constructing InstanceData for filename /proj/ssiw/users/x_domdr/projects/code/h-policy-learner/learning/benchmarks/blocks_4_on/instances/p-2-47.pddl
Num states: 5
2023-05-20 12:34:51 INFO     Constructing InstanceData for filename /proj/ssiw/users/x_domdr/projects/code/h-policy-learner/learning/benchmarks/blocks_4_on/instances/p-4-85.pddl
Num states: 125
2023-05-20 12:34:51 INFO     Constructing InstanceData for filename /proj/ssiw/users/x_domdr/projects/code/h-policy-learner/learning/benchmarks/blocks_4_on/instances/p-3-73.pddl
Num states: 22
2023-05-20 12:34:52 INFO     Constructing InstanceData for filename /proj/ssiw/users/x_domdr/projects/code/h-policy-learner/learning/benchmarks/blocks_4_on/instances/p-3-43.pddl
Num states: 22
2023-05-20 12:34:52 INFO     Constructing InstanceData for filename /proj/ssiw/users/x_domdr/projects/code/h-policy-learner/learning/benchmarks/blocks_4_on/instances/p-4-31.pddl
Num states: 125
2023-05-20 12:34:52 INFO     Constructing InstanceData for filename /proj/ssiw/users/x_domdr/projects/code/h-policy-learner/learning/benchmarks/blocks_4_on/instances/p-4-97.pddl
Num states: 125
2023-05-20 12:34:53 INFO     Constructing InstanceData for filename /proj/ssiw/users/x_domdr/projects/code/h-policy-learner/learning/benchmarks/blocks_4_on/instances/p-2-74.pddl
Num states: 5
2023-05-20 12:34:53 INFO     Constructing InstanceData for filename /proj/ssiw/users/x_domdr/projects/code/h-policy-learner/learning/benchmarks/blocks_4_on/instances/p-3-70.pddl
Num states: 22
2023-05-20 12:34:53 INFO     Constructing InstanceData for filename /proj/ssiw/users/x_domdr/projects/code/h-policy-learner/learning/benchmarks/blocks_4_on/instances/p-2-3.pddl
Num states: 5
2023-05-20 12:34:53 INFO     Constructing InstanceData for filename /proj/ssiw/users/x_domdr/projects/code/h-policy-learner/learning/benchmarks/blocks_4_on/instances/p-3-85.pddl
Num states: 22
2023-05-20 12:34:54 INFO     Constructing InstanceData for filename /proj/ssiw/users/x_domdr/projects/code/h-policy-learner/learning/benchmarks/blocks_4_on/instances/p-2-58.pddl
Num states: 5
2023-05-20 12:34:54 INFO     Constructing InstanceData for filename /proj/ssiw/users/x_domdr/projects/code/h-policy-learner/learning/benchmarks/blocks_4_on/instances/p-4-33.pddl
Num states: 125
2023-05-20 12:34:54 INFO     Constructing InstanceData for filename /proj/ssiw/users/x_domdr/projects/code/h-policy-learner/learning/benchmarks/blocks_4_on/instances/p-2-95.pddl
Num states: 5
2023-05-20 12:34:55 INFO     Constructing InstanceData for filename /proj/ssiw/users/x_domdr/projects/code/h-policy-learner/learning/benchmarks/blocks_4_on/instances/p-3-9.pddl
Num states: 22
2023-05-20 12:34:55 INFO     Constructing InstanceData for filename /proj/ssiw/users/x_domdr/projects/code/h-policy-learner/learning/benchmarks/blocks_4_on/instances/p-3-87.pddl
Num states: 22
2023-05-20 12:34:55 INFO     Constructing InstanceData for filename /proj/ssiw/users/x_domdr/projects/code/h-policy-learner/learning/benchmarks/blocks_4_on/instances/p-3-77.pddl
Num states: 22
2023-05-20 12:34:55 INFO     Constructing InstanceData for filename /proj/ssiw/users/x_domdr/projects/code/h-policy-learner/learning/benchmarks/blocks_4_on/instances/p-4-29.pddl
Num states: 125
2023-05-20 12:34:56 INFO     Constructing InstanceData for filename /proj/ssiw/users/x_domdr/projects/code/h-policy-learner/learning/benchmarks/blocks_4_on/instances/p-4-91.pddl
Num states: 125
2023-05-20 12:34:56 INFO     Constructing InstanceData for filename /proj/ssiw/users/x_domdr/projects/code/h-policy-learner/learning/benchmarks/blocks_4_on/instances/p-2-55.pddl
Num states: 5
2023-05-20 12:34:56 INFO     Constructing InstanceData for filename /proj/ssiw/users/x_domdr/projects/code/h-policy-learner/learning/benchmarks/blocks_4_on/instances/p-3-49.pddl
Num states: 22
2023-05-20 12:34:57 INFO     Constructing InstanceData for filename /proj/ssiw/users/x_domdr/projects/code/h-policy-learner/learning/benchmarks/blocks_4_on/instances/p-3-92.pddl
Num states: 22
2023-05-20 12:34:57 INFO     Constructing InstanceData for filename /proj/ssiw/users/x_domdr/projects/code/h-policy-learner/learning/benchmarks/blocks_4_on/instances/p-3-32.pddl
Num states: 22
2023-05-20 12:34:57 INFO     Constructing InstanceData for filename /proj/ssiw/users/x_domdr/projects/code/h-policy-learner/learning/benchmarks/blocks_4_on/instances/p-4-6.pddl
Num states: 125
2023-05-20 12:34:58 INFO     Constructing InstanceData for filename /proj/ssiw/users/x_domdr/projects/code/h-policy-learner/learning/benchmarks/blocks_4_on/instances/p-3-14.pddl
Num states: 22
2023-05-20 12:34:58 INFO     Constructing InstanceData for filename /proj/ssiw/users/x_domdr/projects/code/h-policy-learner/learning/benchmarks/blocks_4_on/instances/p-3-74.pddl
Num states: 22
2023-05-20 12:34:58 INFO     Constructing InstanceData for filename /proj/ssiw/users/x_domdr/projects/code/h-policy-learner/learning/benchmarks/blocks_4_on/instances/p-3-31.pddl
Num states: 22
2023-05-20 12:34:58 INFO     Constructing InstanceData for filename /proj/ssiw/users/x_domdr/projects/code/h-policy-learner/learning/benchmarks/blocks_4_on/instances/p-3-81.pddl
Num states: 22
2023-05-20 12:34:59 INFO     Constructing InstanceData for filename /proj/ssiw/users/x_domdr/projects/code/h-policy-learner/learning/benchmarks/blocks_4_on/instances/p-2-64.pddl
Num states: 5
2023-05-20 12:34:59 INFO     Constructing InstanceData for filename /proj/ssiw/users/x_domdr/projects/code/h-policy-learner/learning/benchmarks/blocks_4_on/instances/p-3-98.pddl
Num states: 22
2023-05-20 12:34:59 INFO     Constructing InstanceData for filename /proj/ssiw/users/x_domdr/projects/code/h-policy-learner/learning/benchmarks/blocks_4_on/instances/p-4-79.pddl
Num states: 125
2023-05-20 12:34:59 INFO     Constructing InstanceData for filename /proj/ssiw/users/x_domdr/projects/code/h-policy-learner/learning/benchmarks/blocks_4_on/instances/p-2-1.pddl
Num states: 5
2023-05-20 12:35:00 INFO     Constructing InstanceData for filename /proj/ssiw/users/x_domdr/projects/code/h-policy-learner/learning/benchmarks/blocks_4_on/instances/p-4-95.pddl
Num states: 125
2023-05-20 12:35:00 INFO     Constructing InstanceData for filename /proj/ssiw/users/x_domdr/projects/code/h-policy-learner/learning/benchmarks/blocks_4_on/instances/p-4-74.pddl
Num states: 125
2023-05-20 12:35:00 INFO     Constructing InstanceData for filename /proj/ssiw/users/x_domdr/projects/code/h-policy-learner/learning/benchmarks/blocks_4_on/instances/p-4-55.pddl
Num states: 125
2023-05-20 12:35:01 INFO     Constructing InstanceData for filename /proj/ssiw/users/x_domdr/projects/code/h-policy-learner/learning/benchmarks/blocks_4_on/instances/p-4-36.pddl
Num states: 125
2023-05-20 12:35:01 INFO     Constructing InstanceData for filename /proj/ssiw/users/x_domdr/projects/code/h-policy-learner/learning/benchmarks/blocks_4_on/instances/p-3-40.pddl
Num states: 22
2023-05-20 12:35:01 INFO     ..done
2023-05-20 12:35:01 INFO     Iteration: 0
     id: 0 name: p-2-87
2023-05-20 12:35:01 INFO     Initializing DomainFeatureData...
[t=89.9837s, 197388 KB] Started generating base features of complexity 1.
[t=89.9846s, 197388 KB] Complexity 1:
    b_nullary: 2
    c_one_of: 0
    c_top: 1
    c_bot: 1
    c_primitive: 3
    r_primitive: 2
    c_and: 0
    c_not: 0
    c_equal: 0
    c_some: 0
    c_all: 0
    r_restrict: 0
    r_and: 0
    r_inverse: 0
    r_transitive_closure: 0
    b_empty: 0
    n_count: 0
    n_concept_distance: 0
[t=89.9849s, 197388 KB] Finished generating base features.
[t=89.985s, 197388 KB] Started generating composite features. 
[t=89.9854s, 197388 KB] Complexity 2:
Total concept elements: 8
Total role elements: 4
Total numerical elements: 6
Total boolean elements: 4
    b_nullary: 2
    c_one_of: 0
    c_top: 1
    c_bot: 1
    c_primitive: 3
    r_primitive: 2
    c_and: 0
    c_not: 3
    c_equal: 0
    c_some: 0
    c_all: 0
    r_restrict: 0
    r_and: 0
    r_inverse: 2
    r_transitive_closure: 0
    b_empty: 2
    n_count: 6
    n_concept_distance: 0
[t=89.9867s, 197388 KB] Complexity 3:
Total concept elements: 20
Total role elements: 9
Total numerical elements: 8
Total boolean elements: 5
    b_nullary: 2
    c_one_of: 0
    c_top: 1
    c_bot: 1
    c_primitive: 3
    r_primitive: 2
    c_and: 1
    c_not: 3
    c_equal: 1
    c_some: 5
    c_all: 5
    r_restrict: 4
    r_and: 1
    r_inverse: 2
    r_transitive_closure: 0
    b_empty: 3
    n_count: 8
    n_concept_distance: 0
[t=89.9884s, 197388 KB] Complexity 4:
Total concept elements: 36
Total role elements: 15
Total numerical elements: 18
Total boolean elements: 11
    b_nullary: 2
    c_one_of: 0
    c_top: 1
    c_bot: 1
    c_primitive: 3
    r_primitive: 2
    c_and: 2
    c_not: 11
    c_equal: 1
    c_some: 8
    c_all: 9
    r_restrict: 4
    r_and: 3
    r_inverse: 6
    r_transitive_closure: 0
    b_empty: 9
    n_count: 18
    n_concept_distance: 0
[t=89.9923s, 197388 KB] Complexity 5:
Total concept elements: 68
Total role elements: 15
Total numerical elements: 33
Total boolean elements: 19
    b_nullary: 2
    c_one_of: 0
    c_top: 1
    c_bot: 1
    c_primitive: 3
    r_primitive: 2
    c_and: 18
    c_not: 17
    c_equal: 1
    c_some: 13
    c_all: 14
    r_restrict: 4
    r_and: 3
    r_inverse: 6
    r_transitive_closure: 0
    b_empty: 17
    n_count: 33
    n_concept_distance: 0
[t=89.9982s, 197388 KB] Complexity 6:
Total concept elements: 127
Total role elements: 15
Total numerical elements: 61
Total boolean elements: 26
    b_nullary: 2
    c_one_of: 0
    c_top: 1
    c_bot: 1
    c_primitive: 3
    r_primitive: 2
    c_and: 43
    c_not: 35
    c_equal: 1
    c_some: 17
    c_all: 26
    r_restrict: 4
    r_and: 3
    r_inverse: 6
    r_transitive_closure: 0
    b_empty: 24
    n_count: 52
    n_concept_distance: 9
[t=90.007s, 197388 KB] Complexity 7:
Total concept elements: 175
Total role elements: 16
Total numerical elements: 89
Total boolean elements: 30
    b_nullary: 2
    c_one_of: 0
    c_top: 1
    c_bot: 1
    c_primitive: 3
    r_primitive: 2
    c_and: 71
    c_not: 54
    c_equal: 1
    c_some: 17
    c_all: 27
    r_restrict: 4
    r_and: 4
    r_inverse: 6
    r_transitive_closure: 0
    b_empty: 28
    n_count: 71
    n_concept_distance: 18
[t=90.0184s, 197388 KB] Complexity 8:
Total concept elements: 256
Total role elements: 17
Total numerical elements: 126
Total boolean elements: 32
    b_nullary: 2
    c_one_of: 0
    c_top: 1
    c_bot: 1
    c_primitive: 3
    r_primitive: 2
    c_and: 120
    c_not: 76
    c_equal: 1
    c_some: 19
    c_all: 35
    r_restrict: 4
    r_and: 4
    r_inverse: 7
    r_transitive_closure: 0
    b_empty: 30
    n_count: 93
    n_concept_distance: 33
[t=90.0337s, 197388 KB] Complexity 9:
Total concept elements: 344
Total role elements: 17
Total numerical elements: 172
Total boolean elements: 32
    b_nullary: 2
    c_one_of: 0
    c_top: 1
    c_bot: 1
    c_primitive: 3
    r_primitive: 2
    c_and: 166
    c_not: 116
    c_equal: 1
    c_some: 20
    c_all: 36
    r_restrict: 4
    r_and: 4
    r_inverse: 7
    r_transitive_closure: 0
    b_empty: 30
    n_count: 120
    n_concept_distance: 52
[t=90.0338s, 197388 KB] Finished generating composite features.
DomainFeatureDataStatistics:
    num_dlplan_states: 5
    num_boolean_features: 32
    num_numerical_features: 172
2023-05-20 12:35:01 INFO     ..done
2023-05-20 12:35:01 INFO     Initializing InstanceFeatureDatas...
2023-05-20 12:35:01 INFO     ..done
2023-05-20 12:35:01 INFO     Grounding Logic Program...
2023-05-20 12:35:01 INFO     ..done
2023-05-20 12:35:01 INFO     Solving Logic Program...
Clingo statistics:
{'call': 0.0, 'result': 1.0, 'signal': 0.0, 'exhausted': 1.0, 'costs': [6.0], 'lower': [6.0], 'concurrency': 32.0, 'winner': 30.0, 'times': {'total': 0.029512882232666016, 'cpu': 0.04204799999999942, 'solve': 0.0053348541259765625, 'unsat': 0.0007500648498535156, 'sat': 0.004126787185668945}, 'models': {'enumerated': 5.0, 'optimal': 1.0}}
Solution cost: [6.0]
Total time: 0.029512882232666016
CPU time: 0.04204799999999942
Solve time: 0.0053348541259765625
2023-05-20 12:35:01 INFO     ..done
2023-05-20 12:35:01 INFO     Learned the following goal separating features:
b_empty(r_and(r_primitive(on,0,1),r_primitive(on_g,0,1)))

2023-05-20 12:35:01 INFO     Verifying goal separating features...
2023-05-20 12:35:01 INFO     ..done
Features separate all goal from non-goal states!
2023-05-20 12:35:01 INFO     Started refining
2023-05-20 12:35:01 INFO     Initializing TupleGraphs...
2023-05-20 12:35:02 INFO     ..done
2023-05-20 12:35:02 INFO     Iteration: 0
     id: 0 name: p-2-87 initial_states: [3, 2, 1, 0]
2023-05-20 12:35:02 INFO     Initializing DomainFeatureData...
[t=90.3865s, 2427020 KB] Started generating base features of complexity 1.
[t=90.3866s, 2427020 KB] Complexity 1:
    b_nullary: 2
    c_one_of: 0
    c_top: 1
    c_bot: 1
    c_primitive: 3
    r_primitive: 2
    c_and: 0
    c_not: 0
    c_equal: 0
    c_some: 0
    c_all: 0
    r_restrict: 0
    r_and: 0
    r_inverse: 0
    r_transitive_closure: 0
    b_empty: 0
    n_count: 0
    n_concept_distance: 0
[t=90.3867s, 2427020 KB] Finished generating base features.
[t=90.3867s, 2427020 KB] Started generating composite features. 
[t=90.3869s, 2427020 KB] Complexity 2:
Total concept elements: 8
Total role elements: 4
Total numerical elements: 6
Total boolean elements: 4
    b_nullary: 2
    c_one_of: 0
    c_top: 1
    c_bot: 1
    c_primitive: 3
    r_primitive: 2
    c_and: 0
    c_not: 3
    c_equal: 0
    c_some: 0
    c_all: 0
    r_restrict: 0
    r_and: 0
    r_inverse: 2
    r_transitive_closure: 0
    b_empty: 2
    n_count: 6
    n_concept_distance: 0
[t=90.3873s, 2427020 KB] Complexity 3:
Total concept elements: 20
Total role elements: 9
Total numerical elements: 8
Total boolean elements: 5
    b_nullary: 2
    c_one_of: 0
    c_top: 1
    c_bot: 1
    c_primitive: 3
    r_primitive: 2
    c_and: 1
    c_not: 3
    c_equal: 1
    c_some: 5
    c_all: 5
    r_restrict: 4
    r_and: 1
    r_inverse: 2
    r_transitive_closure: 0
    b_empty: 3
    n_count: 8
    n_concept_distance: 0
[t=90.3878s, 2427020 KB] Complexity 4:
Total concept elements: 36
Total role elements: 15
Total numerical elements: 18
Total boolean elements: 11
    b_nullary: 2
    c_one_of: 0
    c_top: 1
    c_bot: 1
    c_primitive: 3
    r_primitive: 2
    c_and: 2
    c_not: 11
    c_equal: 1
    c_some: 8
    c_all: 9
    r_restrict: 4
    r_and: 3
    r_inverse: 6
    r_transitive_closure: 0
    b_empty: 9
    n_count: 18
    n_concept_distance: 0
[t=90.3892s, 2427020 KB] Complexity 5:
Total concept elements: 68
Total role elements: 15
Total numerical elements: 33
Total boolean elements: 19
    b_nullary: 2
    c_one_of: 0
    c_top: 1
    c_bot: 1
    c_primitive: 3
    r_primitive: 2
    c_and: 18
    c_not: 17
    c_equal: 1
    c_some: 13
    c_all: 14
    r_restrict: 4
    r_and: 3
    r_inverse: 6
    r_transitive_closure: 0
    b_empty: 17
    n_count: 33
    n_concept_distance: 0
[t=90.3918s, 2427020 KB] Complexity 6:
Total concept elements: 127
Total role elements: 15
Total numerical elements: 61
Total boolean elements: 26
    b_nullary: 2
    c_one_of: 0
    c_top: 1
    c_bot: 1
    c_primitive: 3
    r_primitive: 2
    c_and: 43
    c_not: 35
    c_equal: 1
    c_some: 17
    c_all: 26
    r_restrict: 4
    r_and: 3
    r_inverse: 6
    r_transitive_closure: 0
    b_empty: 24
    n_count: 52
    n_concept_distance: 9
[t=90.3969s, 2427020 KB] Complexity 7:
Total concept elements: 175
Total role elements: 16
Total numerical elements: 89
Total boolean elements: 30
    b_nullary: 2
    c_one_of: 0
    c_top: 1
    c_bot: 1
    c_primitive: 3
    r_primitive: 2
    c_and: 71
    c_not: 54
    c_equal: 1
    c_some: 17
    c_all: 27
    r_restrict: 4
    r_and: 4
    r_inverse: 6
    r_transitive_closure: 0
    b_empty: 28
    n_count: 71
    n_concept_distance: 18
[t=90.4071s, 2427020 KB] Complexity 8:
Total concept elements: 256
Total role elements: 17
Total numerical elements: 126
Total boolean elements: 32
    b_nullary: 2
    c_one_of: 0
    c_top: 1
    c_bot: 1
    c_primitive: 3
    r_primitive: 2
    c_and: 120
    c_not: 76
    c_equal: 1
    c_some: 19
    c_all: 35
    r_restrict: 4
    r_and: 4
    r_inverse: 7
    r_transitive_closure: 0
    b_empty: 30
    n_count: 93
    n_concept_distance: 33
[t=90.423s, 2427020 KB] Complexity 9:
Total concept elements: 344
Total role elements: 17
Total numerical elements: 172
Total boolean elements: 32
    b_nullary: 2
    c_one_of: 0
    c_top: 1
    c_bot: 1
    c_primitive: 3
    r_primitive: 2
    c_and: 166
    c_not: 116
    c_equal: 1
    c_some: 20
    c_all: 36
    r_restrict: 4
    r_and: 4
    r_inverse: 7
    r_transitive_closure: 0
    b_empty: 30
    n_count: 120
    n_concept_distance: 52
[t=90.4231s, 2427020 KB] Finished generating composite features.
DomainFeatureDataStatistics:
    num_dlplan_states: 5
    num_boolean_features: 32
    num_numerical_features: 172
2023-05-20 12:35:02 INFO     ..done
2023-05-20 12:35:02 INFO     Initializing InstanceFeatureDatas...
2023-05-20 12:35:02 INFO     ..done
2023-05-20 12:35:02 INFO     Initializing StatePairEquivalenceDatas...
2023-05-20 12:35:02 INFO     ..done
2023-05-20 12:35:02 INFO     Initializing TupleGraphEquivalences...
TupleGraphEquivalenceFactoryStatistics:
    num_subgoal_tuples: 33
    num_single_rule_subgoal_tuples: 29
    num_multi_rule_subgoal_tuples: 4
2023-05-20 12:35:02 INFO     ..done
2023-05-20 12:35:02 INFO     Initializing TupleGraphEquivalenceMinimizer...
2023-05-20 12:35:02 INFO     ..done
2023-05-20 12:35:02 INFO     Iteration data preprocessing summary:
DomainFeatureDataStatistics:
    num_dlplan_states: 5
    num_boolean_features: 32
    num_numerical_features: 172
StatePairEquivalenceStatistics:
    num_subgoal_states: 13
    num_equivalences: 13
TupleGraphEquivalenceFactoryStatistics:
    num_subgoal_tuples: 33
    num_single_rule_subgoal_tuples: 29
    num_multi_rule_subgoal_tuples: 4
TupleGraphEquivalenceFactoryStatistics:
    num_subgoal_tuples: 13
    num_single_rule_subgoal_tuples: 13
    num_multi_rule_subgoal_tuples: 0
2023-05-20 12:35:02 INFO     Grounding Logic Program...
2023-05-20 12:35:02 INFO     ..done
2023-05-20 12:35:02 INFO     Solving Logic Program...
Clingo statistics:
{'call': 0.0, 'result': 1.0, 'signal': 0.0, 'exhausted': 1.0, 'costs': [12.0], 'lower': [12.0], 'concurrency': 32.0, 'winner': 29.0, 'times': {'total': 3.079329013824463, 'cpu': 80.086671, 'solve': 2.7671329975128174, 'unsat': 0.9174659252166748, 'sat': 0.360274076461792}, 'models': {'enumerated': 7.0, 'optimal': 1.0}}
Solution cost: [12.0]
Total time: 3.079329013824463
CPU time: 80.086671
Solve time: 2.7671329975128174
2023-05-20 12:35:05 INFO     ..done
2023-05-20 12:35:05 INFO     Learned the following sketch:
(:policy
(:rule (:conditions (:c_n_eq "n_count(c_some(r_primitive(on_g,0,1),c_primitive(on-table,0)))")) (:effects (:e_n_inc "n_count(c_and(c_primitive(clear,0),c_primitive(on-table,0)))")))
(:rule (:conditions (:c_n_gt "n_count(c_and(c_primitive(clear,0),c_primitive(on-table,0)))") (:c_n_gt "n_count(c_some(r_primitive(on_g,0,1),c_primitive(on-table,0)))")) (:effects (:e_n_dec "n_count(c_and(c_primitive(clear,0),c_primitive(on-table,0)))") (:e_n_bot "n_count(c_some(r_primitive(on_g,0,1),c_primitive(on-table,0)))")))
)
(:policy
(:booleans )
(:numericals (519 "n_count(c_and(c_primitive(clear,0),c_primitive(on-table,0)))") (521 "n_count(c_some(r_primitive(on_g,0,1),c_primitive(on-table,0)))"))
(:rule (:conditions (:c_n_gt 519) (:c_n_gt 521)) (:effects (:e_n_dec 519) (:e_n_bot 521)))
(:rule (:conditions (:c_n_eq 521)) (:effects (:e_n_inc 519)))
)
Numer of sketch rules: 2
Number of selected features: 2
Maximum complexity of selected feature: 4
2023-05-20 12:35:05 INFO     Verifying learned sketch...
State has unbounded width for a rule
Width: 0
Rule: (:rule (:conditions (:c_n_eq 521)) (:effects (:e_n_inc 519)))
Instance: 100 p-3-38
State: (instance index=4, state index=21, atoms={on(b2,b1), on-table(b3), clear(b2), arm-empty(), on(b1,b3)})
2023-05-20 12:35:05 INFO     ..done
Smallest unsolved instance: 100
Selected instances: [100]
2023-05-20 12:35:05 INFO     Iteration: 1
     id: 100 name: p-3-38 initial_states: [21, 19, 17, 15, 14, 13, 0, 1, 2, 3, 4, 5, 6, 7, 8, 9, 10, 12]
2023-05-20 12:35:05 INFO     Initializing DomainFeatureData...
[t=93.6121s, 2440532 KB] Started generating base features of complexity 1.
[t=93.6123s, 2440532 KB] Complexity 1:
    b_nullary: 2
    c_one_of: 0
    c_top: 1
    c_bot: 1
    c_primitive: 3
    r_primitive: 2
    c_and: 0
    c_not: 0
    c_equal: 0
    c_some: 0
    c_all: 0
    r_restrict: 0
    r_and: 0
    r_inverse: 0
    r_transitive_closure: 0
    b_empty: 0
    n_count: 0
    n_concept_distance: 0
[t=93.6125s, 2440532 KB] Finished generating base features.
[t=93.6125s, 2440532 KB] Started generating composite features. 
[t=93.6127s, 2440532 KB] Complexity 2:
Total concept elements: 8
Total role elements: 5
Total numerical elements: 6
Total boolean elements: 4
    b_nullary: 2
    c_one_of: 0
    c_top: 1
    c_bot: 1
    c_primitive: 3
    r_primitive: 2
    c_and: 0
    c_not: 3
    c_equal: 0
    c_some: 0
    c_all: 0
    r_restrict: 0
    r_and: 0
    r_inverse: 2
    r_transitive_closure: 1
    b_empty: 2
    n_count: 6
    n_concept_distance: 0
[t=93.6134s, 2440532 KB] Complexity 3:
Total concept elements: 22
Total role elements: 12
Total numerical elements: 9
Total boolean elements: 5
    b_nullary: 2
    c_one_of: 0
    c_top: 1
    c_bot: 1
    c_primitive: 3
    r_primitive: 2
    c_and: 1
    c_not: 3
    c_equal: 1
    c_some: 6
    c_all: 6
    r_restrict: 5
    r_and: 1
    r_inverse: 3
    r_transitive_closure: 1
    b_empty: 3
    n_count: 9
    n_concept_distance: 0
[t=93.6145s, 2440532 KB] Complexity 4:
Total concept elements: 46
Total role elements: 20
Total numerical elements: 22
Total boolean elements: 11
    b_nullary: 2
    c_one_of: 0
    c_top: 1
    c_bot: 1
    c_primitive: 3
    r_primitive: 2
    c_and: 3
    c_not: 13
    c_equal: 1
    c_some: 12
    c_all: 12
    r_restrict: 5
    r_and: 4
    r_inverse: 8
    r_transitive_closure: 1
    b_empty: 9
    n_count: 22
    n_concept_distance: 0
[t=93.6174s, 2440532 KB] Complexity 5:
Total concept elements: 116
Total role elements: 24
Total numerical elements: 40
Total boolean elements: 21
    b_nullary: 2
    c_one_of: 0
    c_top: 1
    c_bot: 1
    c_primitive: 3
    r_primitive: 2
    c_and: 29
    c_not: 23
    c_equal: 1
    c_some: 28
    c_all: 30
    r_restrict: 5
    r_and: 7
    r_inverse: 9
    r_transitive_closure: 1
    b_empty: 19
    n_count: 40
    n_concept_distance: 0
[t=93.6236s, 2440532 KB] Complexity 6:
Total concept elements: 339
Total role elements: 30
Total numerical elements: 110
Total boolean elements: 61
    b_nullary: 2
    c_one_of: 0
    c_top: 1
    c_bot: 1
    c_primitive: 3
    r_primitive: 2
    c_and: 101
    c_not: 73
    c_equal: 1
    c_some: 68
    c_all: 91
    r_restrict: 5
    r_and: 12
    r_inverse: 10
    r_transitive_closure: 1
    b_empty: 59
    n_count: 103
    n_concept_distance: 7
[t=93.6403s, 2440532 KB] Complexity 7:
Total concept elements: 748
Total role elements: 34
Total numerical elements: 296
Total boolean elements: 135
    b_nullary: 2
    c_one_of: 0
    c_top: 1
    c_bot: 1
    c_primitive: 3
    r_primitive: 2
    c_and: 245
    c_not: 191
    c_equal: 1
    c_some: 138
    c_all: 168
    r_restrict: 5
    r_and: 15
    r_inverse: 11
    r_transitive_closure: 1
    b_empty: 133
    n_count: 280
    n_concept_distance: 16
[t=93.6861s, 2440532 KB] Complexity 8:
Total concept elements: 1651
Total role elements: 37
Total numerical elements: 638
Total boolean elements: 258
    b_nullary: 2
    c_one_of: 0
    c_top: 1
    c_bot: 1
    c_primitive: 3
    r_primitive: 2
    c_and: 643
    c_not: 413
    c_equal: 1
    c_some: 246
    c_all: 343
    r_restrict: 5
    r_and: 17
    r_inverse: 12
    r_transitive_closure: 1
    b_empty: 256
    n_count: 601
    n_concept_distance: 37
[t=93.7998s, 2440532 KB] Complexity 9:
Total concept elements: 3436
Total role elements: 37
Total numerical elements: 1339
Total boolean elements: 465
    b_nullary: 2
    c_one_of: 0
    c_top: 1
    c_bot: 1
    c_primitive: 3
    r_primitive: 2
    c_and: 1462
    c_not: 918
    c_equal: 1
    c_some: 435
    c_all: 615
    r_restrict: 5
    r_and: 17
    r_inverse: 12
    r_transitive_closure: 1
    b_empty: 463
    n_count: 1260
    n_concept_distance: 79
[t=93.7999s, 2440532 KB] Finished generating composite features.
DomainFeatureDataStatistics:
    num_dlplan_states: 22
    num_boolean_features: 465
    num_numerical_features: 1339
2023-05-20 12:35:05 INFO     ..done
2023-05-20 12:35:05 INFO     Initializing InstanceFeatureDatas...
2023-05-20 12:35:05 INFO     ..done
2023-05-20 12:35:05 INFO     Initializing StatePairEquivalenceDatas...
2023-05-20 12:35:07 INFO     ..done
2023-05-20 12:35:07 INFO     Initializing TupleGraphEquivalences...
TupleGraphEquivalenceFactoryStatistics:
    num_subgoal_tuples: 184
    num_single_rule_subgoal_tuples: 166
    num_multi_rule_subgoal_tuples: 18
2023-05-20 12:35:07 INFO     ..done
2023-05-20 12:35:07 INFO     Initializing TupleGraphEquivalenceMinimizer...
2023-05-20 12:35:07 INFO     ..done
2023-05-20 12:35:07 INFO     Iteration data preprocessing summary:
DomainFeatureDataStatistics:
    num_dlplan_states: 22
    num_boolean_features: 465
    num_numerical_features: 1339
StatePairEquivalenceStatistics:
    num_subgoal_states: 64
    num_equivalences: 64
TupleGraphEquivalenceFactoryStatistics:
    num_subgoal_tuples: 184
    num_single_rule_subgoal_tuples: 166
    num_multi_rule_subgoal_tuples: 18
TupleGraphEquivalenceFactoryStatistics:
    num_subgoal_tuples: 64
    num_single_rule_subgoal_tuples: 64
    num_multi_rule_subgoal_tuples: 0
2023-05-20 12:35:11 INFO     Grounding Logic Program...
2023-05-20 12:35:20 INFO     ..done
2023-05-20 12:35:20 INFO     Solving Logic Program...
