Changing working directory:  /proj/ssiw/projects/code/sketch-learner/learning/d2l/workspace/gripper_hierarchy_1_9_9_9_9_9
Creating sym link: /proj/ssiw/projects/code/sketch-learner/learning/d2l/libs/dlplan/libs/scorpion/fast-downward.py /proj/ssiw/projects/code/sketch-learner/learning/d2l/workspace/gripper_hierarchy_1_9_9_9_9_9/fast-downward.py
================================================================================
SLTP v.0.2.0
================================================================================
================================================================================
(pid: 43389) STARTING STEP #1: Incremental learning module
================================================================================
2023-03-04 19:13:18 INFO     [40m[34mInitializing DomainData...[0m
2023-03-04 19:13:18 INFO     Constructing DomainData for filename /proj/ssiw/projects/code/sketch-learner/learning/d2l/benchmarks/gripper/domain.pddl
2023-03-04 19:13:18 INFO     [40m[34m..done[0m
2023-03-04 19:13:18 INFO     [40m[34mInitializing InstanceDatas...[0m
2023-03-04 19:13:18 INFO     Constructing InstanceData for filename /proj/ssiw/projects/code/sketch-learner/learning/d2l/benchmarks/gripper/p-1-0.pddl
Num states: 8
2023-03-04 19:13:19 INFO     Constructing InstanceData for filename /proj/ssiw/projects/code/sketch-learner/learning/d2l/benchmarks/gripper/p-2-0.pddl
Num states: 28
2023-03-04 19:13:19 INFO     Constructing InstanceData for filename /proj/ssiw/projects/code/sketch-learner/learning/d2l/benchmarks/gripper/p-3-0.pddl
Num states: 88
2023-03-04 19:13:20 INFO     Constructing InstanceData for filename /proj/ssiw/projects/code/sketch-learner/learning/d2l/benchmarks/gripper/p-4-0.pddl
Num states: 256
2023-03-04 19:13:20 INFO     Constructing InstanceData for filename /proj/ssiw/projects/code/sketch-learner/learning/d2l/benchmarks/gripper/p-5-0.pddl
Num states: 704
2023-03-04 19:13:20 INFO     [40m[34m..done[0m
2023-03-04 19:13:20 INFO     [40m[34mInitializing TupleGraphs...[0m
2023-03-04 19:13:20 INFO     [40m[34m..done[0m
/proj/ssiw/projects/code/sketch-learner/learning/d2l/workspace/gripper_hierarchy_1_9_9_9_9_9/learning

2023-03-04 19:13:20 INFO     [40m[31mIteration: 0[0m
Number of selected instances: 1
Selected instances:
    id: 0 name: p-1-0
initial states: [0, 1, 2, 3, 4, 5]
2023-03-04 19:13:20 INFO     [40m[34mInitializing DomainFeatureData...[0m
[t=5.28717s, 1339432 KB] Started generating base features of complexity 1.
[t=5.28756s, 1339432 KB] Complexity 1:
    b_nullary: 0
    c_one_of: 2
    c_top: 1
    c_bot: 1
    c_primitive: 5
    r_primitive: 4
    c_and: 0
    c_not: 0
    c_equal: 0
    c_some: 0
    c_all: 0
    r_restrict: 0
    r_and: 0
    r_inverse: 0
    r_transitive_closure: 0
    b_empty: 0
    n_count: 0
    n_concept_distance: 0
[t=5.28767s, 1339432 KB] Finished generating base features.
[t=5.2877s, 1339432 KB] Started generating composite features. 
[t=5.28793s, 1339432 KB] Complexity 2:
Total concept elements: 16
Total role elements: 7
Total numerical elements: 7
Total boolean elements: 4
    b_nullary: 0
    c_one_of: 2
    c_top: 1
    c_bot: 1
    c_primitive: 5
    r_primitive: 4
    c_and: 0
    c_not: 7
    c_equal: 0
    c_some: 0
    c_all: 0
    r_restrict: 0
    r_and: 0
    r_inverse: 3
    r_transitive_closure: 0
    b_empty: 4
    n_count: 7
    n_concept_distance: 0
[t=5.28906s, 1339432 KB] Complexity 3:
Total concept elements: 31
Total role elements: 11
Total numerical elements: 10
Total boolean elements: 4
    b_nullary: 0
    c_one_of: 2
    c_top: 1
    c_bot: 1
    c_primitive: 5
    r_primitive: 4
    c_and: 2
    c_not: 7
    c_equal: 2
    c_some: 6
    c_all: 5
    r_restrict: 4
    r_and: 0
    r_inverse: 3
    r_transitive_closure: 0
    b_empty: 4
    n_count: 10
    n_concept_distance: 0
[t=5.29084s, 1339432 KB] Complexity 4:
Total concept elements: 45
Total role elements: 15
Total numerical elements: 31
Total boolean elements: 9
    b_nullary: 0
    c_one_of: 2
    c_top: 1
    c_bot: 1
    c_primitive: 5
    r_primitive: 4
    c_and: 6
    c_not: 14
    c_equal: 2
    c_some: 7
    c_all: 7
    r_restrict: 4
    r_and: 0
    r_inverse: 7
    r_transitive_closure: 0
    b_empty: 9
    n_count: 22
    n_concept_distance: 9
[t=5.29599s, 1339432 KB] Complexity 5:
Total concept elements: 71
Total role elements: 16
Total numerical elements: 35
Total boolean elements: 11
    b_nullary: 0
    c_one_of: 2
    c_top: 1
    c_bot: 1
    c_primitive: 5
    r_primitive: 4
    c_and: 21
    c_not: 17
    c_equal: 2
    c_some: 9
    c_all: 13
    r_restrict: 4
    r_and: 1
    r_inverse: 7
    r_transitive_closure: 0
    b_empty: 11
    n_count: 26
    n_concept_distance: 9
[t=5.30163s, 1339432 KB] Complexity 6:
Total concept elements: 161
Total role elements: 17
Total numerical elements: 63
Total boolean elements: 15
    b_nullary: 0
    c_one_of: 2
    c_top: 1
    c_bot: 1
    c_primitive: 5
    r_primitive: 4
    c_and: 73
    c_not: 32
    c_equal: 2
    c_some: 17
    c_all: 28
    r_restrict: 4
    r_and: 1
    r_inverse: 8
    r_transitive_closure: 0
    b_empty: 15
    n_count: 40
    n_concept_distance: 23
[t=5.31073s, 1339432 KB] Complexity 7:
Total concept elements: 252
Total role elements: 18
Total numerical elements: 103
Total boolean elements: 22
    b_nullary: 0
    c_one_of: 2
    c_top: 1
    c_bot: 1
    c_primitive: 5
    r_primitive: 4
    c_and: 117
    c_not: 79
    c_equal: 2
    c_some: 17
    c_all: 28
    r_restrict: 4
    r_and: 2
    r_inverse: 8
    r_transitive_closure: 0
    b_empty: 22
    n_count: 72
    n_concept_distance: 31
[t=5.3325s, 1339432 KB] Complexity 8:
Total concept elements: 437
Total role elements: 19
Total numerical elements: 160
Total boolean elements: 34
    b_nullary: 0
    c_one_of: 2
    c_top: 1
    c_bot: 1
    c_primitive: 5
    r_primitive: 4
    c_and: 241
    c_not: 113
    c_equal: 2
    c_some: 26
    c_all: 46
    r_restrict: 4
    r_and: 2
    r_inverse: 9
    r_transitive_closure: 0
    b_empty: 34
    n_count: 107
    n_concept_distance: 53
[t=5.37037s, 1339432 KB] Complexity 9:
Total concept elements: 722
Total role elements: 19
Total numerical elements: 266
Total boolean elements: 42
    b_nullary: 0
    c_one_of: 2
    c_top: 1
    c_bot: 1
    c_primitive: 5
    r_primitive: 4
    c_and: 428
    c_not: 207
    c_equal: 2
    c_some: 28
    c_all: 48
    r_restrict: 4
    r_and: 2
    r_inverse: 9
    r_transitive_closure: 0
    b_empty: 42
    n_count: 174
    n_concept_distance: 92
[t=5.37049s, 1339432 KB] Finished generating composite features.
DomainFeatureDataStatistics:
    num_dlplan_states: 8
    num_boolean_features: 42
    num_numerical_features: 266
2023-03-04 19:13:20 INFO     [40m[34m..done[0m
2023-03-04 19:13:20 INFO     [40m[34mInitializing InstanceFeatureDatas...[0m
2023-03-04 19:13:20 INFO     [40m[34m..done[0m
2023-03-04 19:13:20 INFO     [40m[34mInitializing StatePairEquivalenceDatas...[0m
2023-03-04 19:13:20 INFO     [40m[34m..done[0m
2023-03-04 19:13:20 INFO     [40m[34mInitializing TupleGraphEquivalences...[0m
TupleGraphEquivalenceFactoryStatistics:
    num_subgoal_tuples: 60
    num_single_rule_subgoal_tuples: 60
    num_multi_rule_subgoal_tuples: 0
2023-03-04 19:13:20 INFO     [40m[34m..done[0m
2023-03-04 19:13:20 INFO     [40m[34m..done[0m
2023-03-04 19:13:20 INFO     [40m[33mIteration data preprocessing summary:[0m
DomainFeatureDataStatistics:
    num_dlplan_states: 8
    num_boolean_features: 42
    num_numerical_features: 266
StatePairEquivalenceStatistics:
    num_subgoal_states: 40
    num_equivalences: 22
TupleGraphEquivalenceFactoryStatistics:
    num_subgoal_tuples: 60
    num_single_rule_subgoal_tuples: 60
    num_multi_rule_subgoal_tuples: 0
TupleGraphEquivalenceFactoryStatistics:
    num_subgoal_tuples: 28
    num_single_rule_subgoal_tuples: 28
    num_multi_rule_subgoal_tuples: 0
2023-03-04 19:13:21 INFO     [40m[34mGrounding Logic Program...[0m
2023-03-04 19:13:21 INFO     [40m[34m..done[0m
2023-03-04 19:13:21 INFO     [40m[34mSolving Logic Program...[0m
Clingo statistics:
{'call': 0.0, 'result': 1.0, 'signal': 9.0, 'exhausted': 0.0, 'costs': [8.0], 'lower': [8.0], 'concurrency': 32.0, 'winner': 32.0, 'times': {'total': 3.646914005279541, 'cpu': 78.145645, 'solve': 2.593327045440674, 'unsat': 0.0, 'sat': 1.786046028137207}, 'models': {'enumerated': 18.0, 'optimal': 1.0}}
Solution cost: [8.0]
Total time: 3.646914005279541
CPU time: 78.145645
Solve time: 2.593327045440674
2023-03-04 19:13:24 INFO     [40m[34m..done[0m
2023-03-04 19:13:24 INFO     Learned the following sketch:
(:policy
(:boolean_features )
(:numerical_features "n_concept_distance(c_primitive(ball,0),r_primitive(carry,0,1),c_equal(r_primitive(at,0,1),r_primitive(at_g,0,1)))")
(:rule (:conditions ) (:effects (:e_n_dec 0)))
)
Numer of sketch rules: 1
Number of selected features: 1
Maximum complexity of selected feature: 6
2023-03-04 19:13:24 INFO     [40m[34mVerifying learned sketch...[0m
[40m[31mGroup fails to bound width of a state[0m
Group: 0
Instance: 1 p-2-0
State: (instance index=1, state index=12, atoms={at-robby(roomb), free(left), free(right), at(ball1,roomb), at(ball2,rooma)})
2023-03-04 19:13:24 INFO     [40m[34m..done[0m
Smallest unsolved instance: 1
Selected instances: [1]

2023-03-04 19:13:24 INFO     [40m[31mIteration: 1[0m
Number of selected instances: 1
Selected instances:
    id: 1 name: p-2-0
initial states: [0, 1, 2, 3, 4, 5, 6, 7, 8, 9, 10, 11, 12, 13, 14, 15, 16, 17, 18, 19, 20, 21, 22, 23, 25, 26]
2023-03-04 19:13:24 INFO     [40m[34mInitializing DomainFeatureData...[0m
[t=9.12454s, 3583240 KB] Started generating base features of complexity 1.
[t=9.12487s, 3583240 KB] Complexity 1:
    b_nullary: 0
    c_one_of: 2
    c_top: 1
    c_bot: 1
    c_primitive: 5
    r_primitive: 4
    c_and: 0
    c_not: 0
    c_equal: 0
    c_some: 0
    c_all: 0
    r_restrict: 0
    r_and: 0
    r_inverse: 0
    r_transitive_closure: 0
    b_empty: 0
    n_count: 0
    n_concept_distance: 0
[t=9.12498s, 3583240 KB] Finished generating base features.
[t=9.12502s, 3583240 KB] Started generating composite features. 
[t=9.12543s, 3583240 KB] Complexity 2:
Total concept elements: 16
Total role elements: 7
Total numerical elements: 6
Total boolean elements: 4
    b_nullary: 0
    c_one_of: 2
    c_top: 1
    c_bot: 1
    c_primitive: 5
    r_primitive: 4
    c_and: 0
    c_not: 7
    c_equal: 0
    c_some: 0
    c_all: 0
    r_restrict: 0
    r_and: 0
    r_inverse: 3
    r_transitive_closure: 0
    b_empty: 4
    n_count: 6
    n_concept_distance: 0
[t=9.12745s, 3583240 KB] Complexity 3:
Total concept elements: 31
Total role elements: 11
Total numerical elements: 9
Total boolean elements: 4
    b_nullary: 0
    c_one_of: 2
    c_top: 1
    c_bot: 1
    c_primitive: 5
    r_primitive: 4
    c_and: 2
    c_not: 7
    c_equal: 2
    c_some: 6
    c_all: 5
    r_restrict: 4
    r_and: 0
    r_inverse: 3
    r_transitive_closure: 0
    b_empty: 4
    n_count: 9
    n_concept_distance: 0
[t=9.13054s, 3583240 KB] Complexity 4:
Total concept elements: 45
Total role elements: 15
Total numerical elements: 24
Total boolean elements: 9
    b_nullary: 0
    c_one_of: 2
    c_top: 1
    c_bot: 1
    c_primitive: 5
    r_primitive: 4
    c_and: 6
    c_not: 14
    c_equal: 2
    c_some: 7
    c_all: 7
    r_restrict: 4
    r_and: 0
    r_inverse: 7
    r_transitive_closure: 0
    b_empty: 9
    n_count: 21
    n_concept_distance: 3
[t=9.13618s, 3583240 KB] Complexity 5:
Total concept elements: 71
Total role elements: 16
Total numerical elements: 33
Total boolean elements: 11
    b_nullary: 0
    c_one_of: 2
    c_top: 1
    c_bot: 1
    c_primitive: 5
    r_primitive: 4
    c_and: 21
    c_not: 17
    c_equal: 2
    c_some: 9
    c_all: 13
    r_restrict: 4
    r_and: 1
    r_inverse: 7
    r_transitive_closure: 0
    b_empty: 11
    n_count: 30
    n_concept_distance: 3
[t=9.14527s, 3583240 KB] Complexity 6:
Total concept elements: 166
Total role elements: 17
Total numerical elements: 48
Total boolean elements: 15
    b_nullary: 0
    c_one_of: 2
    c_top: 1
    c_bot: 1
    c_primitive: 5
    r_primitive: 4
    c_and: 73
    c_not: 32
    c_equal: 2
    c_some: 20
    c_all: 30
    r_restrict: 4
    r_and: 1
    r_inverse: 8
    r_transitive_closure: 0
    b_empty: 15
    n_count: 45
    n_concept_distance: 3
[t=9.16062s, 3583240 KB] Complexity 7:
Total concept elements: 258
Total role elements: 18
Total numerical elements: 112
Total boolean elements: 26
    b_nullary: 0
    c_one_of: 2
    c_top: 1
    c_bot: 1
    c_primitive: 5
    r_primitive: 4
    c_and: 117
    c_not: 80
    c_equal: 2
    c_some: 20
    c_all: 30
    r_restrict: 4
    r_and: 2
    r_inverse: 8
    r_transitive_closure: 0
    b_empty: 26
    n_count: 103
    n_concept_distance: 9
[t=9.196s, 3583240 KB] Complexity 8:
Total concept elements: 511
Total role elements: 19
Total numerical elements: 168
Total boolean elements: 39
    b_nullary: 0
    c_one_of: 2
    c_top: 1
    c_bot: 1
    c_primitive: 5
    r_primitive: 4
    c_and: 249
    c_not: 115
    c_equal: 2
    c_some: 59
    c_all: 77
    r_restrict: 4
    r_and: 2
    r_inverse: 9
    r_transitive_closure: 0
    b_empty: 39
    n_count: 159
    n_concept_distance: 9
[t=9.25589s, 3583240 KB] Complexity 9:
Total concept elements: 857
Total role elements: 19
Total numerical elements: 387
Total boolean elements: 71
    b_nullary: 0
    c_one_of: 2
    c_top: 1
    c_bot: 1
    c_primitive: 5
    r_primitive: 4
    c_and: 452
    c_not: 244
    c_equal: 2
    c_some: 66
    c_all: 84
    r_restrict: 4
    r_and: 2
    r_inverse: 9
    r_transitive_closure: 0
    b_empty: 71
    n_count: 350
    n_concept_distance: 37
[t=9.25601s, 3583240 KB] Finished generating composite features.
DomainFeatureDataStatistics:
    num_dlplan_states: 28
    num_boolean_features: 71
    num_numerical_features: 387
2023-03-04 19:13:24 INFO     [40m[34m..done[0m
2023-03-04 19:13:24 INFO     [40m[34mInitializing InstanceFeatureDatas...[0m
2023-03-04 19:13:24 INFO     [40m[34m..done[0m
2023-03-04 19:13:24 INFO     [40m[34mInitializing StatePairEquivalenceDatas...[0m
2023-03-04 19:13:25 INFO     [40m[34m..done[0m
2023-03-04 19:13:25 INFO     [40m[34mInitializing TupleGraphEquivalences...[0m
TupleGraphEquivalenceFactoryStatistics:
    num_subgoal_tuples: 296
    num_single_rule_subgoal_tuples: 288
    num_multi_rule_subgoal_tuples: 8
2023-03-04 19:13:25 INFO     [40m[34m..done[0m
2023-03-04 19:13:25 INFO     [40m[34m..done[0m
2023-03-04 19:13:25 INFO     [40m[33mIteration data preprocessing summary:[0m
DomainFeatureDataStatistics:
    num_dlplan_states: 28
    num_boolean_features: 71
    num_numerical_features: 387
StatePairEquivalenceStatistics:
    num_subgoal_states: 284
    num_equivalences: 66
TupleGraphEquivalenceFactoryStatistics:
    num_subgoal_tuples: 296
    num_single_rule_subgoal_tuples: 288
    num_multi_rule_subgoal_tuples: 8
TupleGraphEquivalenceFactoryStatistics:
    num_subgoal_tuples: 124
    num_single_rule_subgoal_tuples: 124
    num_multi_rule_subgoal_tuples: 0
2023-03-04 19:13:26 INFO     [40m[34mGrounding Logic Program...[0m
2023-03-04 19:13:29 INFO     [40m[34m..done[0m
2023-03-04 19:13:29 INFO     [40m[34mSolving Logic Program...[0m
Clingo statistics:
{'call': 0.0, 'result': 1.0, 'signal': 9.0, 'exhausted': 0.0, 'costs': [10.0], 'lower': [10.0], 'concurrency': 32.0, 'winner': 32.0, 'times': {'total': 253.62643194198608, 'cpu': 7888.507974, 'solve': 247.51528191566467, 'unsat': 0.0, 'sat': 151.61590099334717}, 'models': {'enumerated': 140.0, 'optimal': 1.0}}
Solution cost: [10.0]
Total time: 253.62643194198608
CPU time: 7888.507974
Solve time: 247.51528191566467
2023-03-04 19:17:39 INFO     [40m[34m..done[0m
2023-03-04 19:17:39 INFO     Learned the following sketch:
(:policy
(:boolean_features )
(:numerical_features "n_count(c_all(r_primitive(at,0,1),c_one_of(roomb)))" "n_count(r_primitive(carry,0,1))")
(:rule (:conditions (:c_n_eq 1)) (:effects (:e_n_inc 0)))
(:rule (:conditions (:c_n_gt 1) (:c_n_gt 0)) (:effects (:e_n_dec 1) (:e_n_bot 0)))
)
Numer of sketch rules: 2
Number of selected features: 2
Maximum complexity of selected feature: 4
2023-03-04 19:17:39 INFO     [40m[34mVerifying learned sketch...[0m
2023-03-04 19:17:39 INFO     [40m[34m..done[0m
[40m[31mSketch solves all instances![0m
2023-03-04 19:17:39 INFO     [40m[32mSummary:[0m
LearningStatistics:
    num_training_instances: 1
    num_selected_training_instances: 1
    num_states_in_selected_training_instances: 28
    num_features_in_pool: 458
    num_cpu_seconds: 7968.27 seconds
    num_peak_memory_mb: 3176.71 MB
Resulting sketch:
(:policy
(:boolean_features )
(:numerical_features "n_count(c_all(r_primitive(at,0,1),c_one_of(roomb)))" "n_count(r_primitive(carry,0,1))")
(:rule (:conditions (:c_n_eq 1)) (:effects (:e_n_inc 0)))
(:rule (:conditions (:c_n_gt 1) (:c_n_gt 0)) (:effects (:e_n_dec 1) (:e_n_bot 0)))
)
Numer of sketch rules: 2
Number of selected features: 2
Maximum complexity of selected feature: 4
Resulting sketch minimized:
(:policy
(:boolean_features )
(:numerical_features "n_count(c_all(r_primitive(at,0,1),c_one_of(roomb)))" "n_count(r_primitive(carry,0,1))")
(:rule (:conditions (:c_n_eq 1)) (:effects (:e_n_inc 0)))
(:rule (:conditions (:c_n_gt 1) (:c_n_gt 0)) (:effects (:e_n_dec 1) (:e_n_bot 0)))
)
Numer of sketch rules: 2
Number of selected features: 2
Maximum complexity of selected feature: 4
Sketch:
(:policy
(:boolean_features )
(:numerical_features "n_count(c_all(r_primitive(at,0,1),c_one_of(roomb)))" "n_count(r_primitive(carry,0,1))")
(:rule (:conditions (:c_n_eq 1)) (:effects (:e_n_inc 0)))
(:rule (:conditions (:c_n_gt 1) (:c_n_gt 0)) (:effects (:e_n_dec 1) (:e_n_bot 0)))
)
Sketch rule: 0 (:rule (:conditions (:c_n_eq 1)) (:effects (:e_n_inc 0)))
2023-03-04 19:17:40 INFO     [40m[34mInitializing Subproblems...[0m
Number of problems: 5
Number of subproblems: 57
Highest number of states in problem: 704
Highest number of states in subproblem: 78
2023-03-04 19:17:40 INFO     [40m[34m..done[0m
2023-03-04 19:17:40 INFO     [40m[34mInitializing TupleGraphs...[0m
2023-03-04 19:17:40 INFO     [40m[34m..done[0m
/proj/ssiw/projects/code/sketch-learner/learning/d2l/workspace/gripper_hierarchy_1_9_9_9_9_9/learning/rule_0

2023-03-04 19:17:40 INFO     [40m[31mIteration: 0[0m
Number of selected instances: 1
Selected instances:
    id: 0 name: p-1-0-1
initial states: {0, 1}
2023-03-04 19:17:40 INFO     [40m[34mInitializing DomainFeatureData...[0m
[t=265.53s, 5185832 KB] Started generating base features of complexity 1.
[t=265.53s, 5185832 KB] Complexity 1:
    b_nullary: 0
    c_one_of: 2
    c_top: 1
    c_bot: 1
    c_primitive: 5
    r_primitive: 4
    c_and: 0
    c_not: 0
    c_equal: 0
    c_some: 0
    c_all: 0
    r_restrict: 0
    r_and: 0
    r_inverse: 0
    r_transitive_closure: 0
    b_empty: 0
    n_count: 0
    n_concept_distance: 0
[t=265.53s, 5185832 KB] Finished generating base features.
[t=265.53s, 5185832 KB] Started generating composite features. 
[t=265.53s, 5185832 KB] Complexity 2:
Total concept elements: 16
Total role elements: 7
Total numerical elements: 7
Total boolean elements: 4
    b_nullary: 0
    c_one_of: 2
    c_top: 1
    c_bot: 1
    c_primitive: 5
    r_primitive: 4
    c_and: 0
    c_not: 7
    c_equal: 0
    c_some: 0
    c_all: 0
    r_restrict: 0
    r_and: 0
    r_inverse: 3
    r_transitive_closure: 0
    b_empty: 4
    n_count: 7
    n_concept_distance: 0
[t=265.531s, 5185832 KB] Complexity 3:
Total concept elements: 26
Total role elements: 9
Total numerical elements: 10
Total boolean elements: 4
    b_nullary: 0
    c_one_of: 2
    c_top: 1
    c_bot: 1
    c_primitive: 5
    r_primitive: 4
    c_and: 2
    c_not: 7
    c_equal: 1
    c_some: 4
    c_all: 3
    r_restrict: 2
    r_and: 0
    r_inverse: 3
    r_transitive_closure: 0
    b_empty: 4
    n_count: 10
    n_concept_distance: 0
[t=265.533s, 5185832 KB] Complexity 4:
Total concept elements: 37
Total role elements: 11
Total numerical elements: 24
Total boolean elements: 7
    b_nullary: 0
    c_one_of: 2
    c_top: 1
    c_bot: 1
    c_primitive: 5
    r_primitive: 4
    c_and: 6
    c_not: 11
    c_equal: 1
    c_some: 5
    c_all: 5
    r_restrict: 2
    r_and: 0
    r_inverse: 5
    r_transitive_closure: 0
    b_empty: 7
    n_count: 17
    n_concept_distance: 7
[t=265.535s, 5185832 KB] Complexity 5:
Total concept elements: 53
Total role elements: 11
Total numerical elements: 25
Total boolean elements: 7
    b_nullary: 0
    c_one_of: 2
    c_top: 1
    c_bot: 1
    c_primitive: 5
    r_primitive: 4
    c_and: 19
    c_not: 14
    c_equal: 1
    c_some: 5
    c_all: 5
    r_restrict: 2
    r_and: 0
    r_inverse: 5
    r_transitive_closure: 0
    b_empty: 7
    n_count: 18
    n_concept_distance: 7
[t=265.539s, 5185832 KB] Complexity 6:
Total concept elements: 100
Total role elements: 11
Total numerical elements: 34
Total boolean elements: 7
    b_nullary: 0
    c_one_of: 2
    c_top: 1
    c_bot: 1
    c_primitive: 5
    r_primitive: 4
    c_and: 50
    c_not: 23
    c_equal: 1
    c_some: 8
    c_all: 9
    r_restrict: 2
    r_and: 0
    r_inverse: 5
    r_transitive_closure: 0
    b_empty: 7
    n_count: 22
    n_concept_distance: 12
[t=265.544s, 5185832 KB] Complexity 7:
Total concept elements: 143
Total role elements: 11
Total numerical elements: 47
Total boolean elements: 8
    b_nullary: 0
    c_one_of: 2
    c_top: 1
    c_bot: 1
    c_primitive: 5
    r_primitive: 4
    c_and: 70
    c_not: 46
    c_equal: 1
    c_some: 8
    c_all: 9
    r_restrict: 2
    r_and: 0
    r_inverse: 5
    r_transitive_closure: 0
    b_empty: 8
    n_count: 33
    n_concept_distance: 14
[t=265.555s, 5185832 KB] Complexity 8:
Total concept elements: 197
Total role elements: 11
Total numerical elements: 54
Total boolean elements: 8
    b_nullary: 0
    c_one_of: 2
    c_top: 1
    c_bot: 1
    c_primitive: 5
    r_primitive: 4
    c_and: 107
    c_not: 63
    c_equal: 1
    c_some: 8
    c_all: 9
    r_restrict: 2
    r_and: 0
    r_inverse: 5
    r_transitive_closure: 0
    b_empty: 8
    n_count: 38
    n_concept_distance: 16
[t=265.572s, 5185832 KB] Complexity 9:
Total concept elements: 287
Total role elements: 11
Total numerical elements: 64
Total boolean elements: 8
    b_nullary: 0
    c_one_of: 2
    c_top: 1
    c_bot: 1
    c_primitive: 5
    r_primitive: 4
    c_and: 179
    c_not: 81
    c_equal: 1
    c_some: 8
    c_all: 9
    r_restrict: 2
    r_and: 0
    r_inverse: 5
    r_transitive_closure: 0
    b_empty: 8
    n_count: 48
    n_concept_distance: 16
[t=265.572s, 5185832 KB] Finished generating composite features.
DomainFeatureDataStatistics:
    num_dlplan_states: 4
    num_boolean_features: 8
    num_numerical_features: 64
2023-03-04 19:17:41 INFO     [40m[34m..done[0m
2023-03-04 19:17:41 INFO     [40m[34mInitializing InstanceFeatureDatas...[0m
2023-03-04 19:17:41 INFO     [40m[34m..done[0m
2023-03-04 19:17:41 INFO     [40m[34mInitializing StatePairEquivalenceDatas...[0m
2023-03-04 19:17:41 INFO     [40m[34m..done[0m
2023-03-04 19:17:41 INFO     [40m[34mInitializing TupleGraphEquivalences...[0m
TupleGraphEquivalenceFactoryStatistics:
    num_subgoal_tuples: 22
    num_single_rule_subgoal_tuples: 22
    num_multi_rule_subgoal_tuples: 0
2023-03-04 19:17:41 INFO     [40m[34m..done[0m
2023-03-04 19:17:41 INFO     [40m[34m..done[0m
2023-03-04 19:17:41 INFO     [40m[33mIteration data preprocessing summary:[0m
DomainFeatureDataStatistics:
    num_dlplan_states: 4
    num_boolean_features: 8
    num_numerical_features: 64
StatePairEquivalenceStatistics:
    num_subgoal_states: 10
    num_equivalences: 7
TupleGraphEquivalenceFactoryStatistics:
    num_subgoal_tuples: 22
    num_single_rule_subgoal_tuples: 22
    num_multi_rule_subgoal_tuples: 0
TupleGraphEquivalenceFactoryStatistics:
    num_subgoal_tuples: 9
    num_single_rule_subgoal_tuples: 9
    num_multi_rule_subgoal_tuples: 0
2023-03-04 19:17:41 INFO     [40m[34mGrounding Logic Program...[0m
2023-03-04 19:17:41 INFO     [40m[34m..done[0m
2023-03-04 19:17:41 INFO     [40m[34mSolving Logic Program...[0m
Clingo statistics:
{'call': 0.0, 'result': 1.0, 'signal': 9.0, 'exhausted': 0.0, 'costs': [8.0], 'lower': [8.0], 'concurrency': 32.0, 'winner': 32.0, 'times': {'total': 0.18720197677612305, 'cpu': 1.8959619999986899, 'solve': 0.06842494010925293, 'unsat': 0.0, 'sat': 0.034873008728027344}, 'models': {'enumerated': 17.0, 'optimal': 1.0}}
Solution cost: [8.0]
Total time: 0.18720197677612305
CPU time: 1.8959619999986899
Solve time: 0.06842494010925293
2023-03-04 19:17:41 INFO     [40m[34m..done[0m
2023-03-04 19:17:41 INFO     Learned the following sketch:
(:policy
(:boolean_features )
(:numerical_features "n_concept_distance(c_primitive(ball,0),r_primitive(at,0,1),c_all(r_primitive(at_g,0,1),c_primitive(at-robby,0)))")
(:rule (:conditions ) (:effects (:e_n_inc 0)))
)
Numer of sketch rules: 1
Number of selected features: 1
Maximum complexity of selected feature: 6
2023-03-04 19:17:41 INFO     [40m[34mVerifying learned sketch...[0m
[40m[31mGroup fails to bound width of a state[0m
Group: 0
Instance: 1 p-2-0-1
State: (instance index=6, state index=0, atoms={at-robby(rooma), free(left), free(right), at(ball1,rooma), at(ball2,rooma)})
2023-03-04 19:17:41 INFO     [40m[34m..done[0m
Smallest unsolved instance: 1
Selected instances: [1]

2023-03-04 19:17:41 INFO     [40m[31mIteration: 1[0m
Number of selected instances: 1
Selected instances:
    id: 1 name: p-2-0-1
initial states: {0, 1}
2023-03-04 19:17:41 INFO     [40m[34mInitializing DomainFeatureData...[0m
[t=265.785s, 5185832 KB] Started generating base features of complexity 1.
[t=265.785s, 5185832 KB] Complexity 1:
    b_nullary: 0
    c_one_of: 2
    c_top: 1
    c_bot: 1
    c_primitive: 5
    r_primitive: 4
    c_and: 0
    c_not: 0
    c_equal: 0
    c_some: 0
    c_all: 0
    r_restrict: 0
    r_and: 0
    r_inverse: 0
    r_transitive_closure: 0
    b_empty: 0
    n_count: 0
    n_concept_distance: 0
[t=265.785s, 5185832 KB] Finished generating base features.
[t=265.785s, 5185832 KB] Started generating composite features. 
[t=265.785s, 5185832 KB] Complexity 2:
Total concept elements: 16
Total role elements: 7
Total numerical elements: 6
Total boolean elements: 3
    b_nullary: 0
    c_one_of: 2
    c_top: 1
    c_bot: 1
    c_primitive: 5
    r_primitive: 4
    c_and: 0
    c_not: 7
    c_equal: 0
    c_some: 0
    c_all: 0
    r_restrict: 0
    r_and: 0
    r_inverse: 3
    r_transitive_closure: 0
    b_empty: 3
    n_count: 6
    n_concept_distance: 0
[t=265.787s, 5185832 KB] Complexity 3:
Total concept elements: 26
Total role elements: 9
Total numerical elements: 9
Total boolean elements: 3
    b_nullary: 0
    c_one_of: 2
    c_top: 1
    c_bot: 1
    c_primitive: 5
    r_primitive: 4
    c_and: 2
    c_not: 7
    c_equal: 1
    c_some: 4
    c_all: 3
    r_restrict: 2
    r_and: 0
    r_inverse: 3
    r_transitive_closure: 0
    b_empty: 3
    n_count: 9
    n_concept_distance: 0
[t=265.788s, 5185832 KB] Complexity 4:
Total concept elements: 35
Total role elements: 11
Total numerical elements: 19
Total boolean elements: 5
    b_nullary: 0
    c_one_of: 2
    c_top: 1
    c_bot: 1
    c_primitive: 5
    r_primitive: 4
    c_and: 6
    c_not: 11
    c_equal: 1
    c_some: 4
    c_all: 4
    r_restrict: 2
    r_and: 0
    r_inverse: 5
    r_transitive_closure: 0
    b_empty: 5
    n_count: 16
    n_concept_distance: 3
[t=265.791s, 5185832 KB] Complexity 5:
Total concept elements: 51
Total role elements: 11
Total numerical elements: 23
Total boolean elements: 5
    b_nullary: 0
    c_one_of: 2
    c_top: 1
    c_bot: 1
    c_primitive: 5
    r_primitive: 4
    c_and: 19
    c_not: 14
    c_equal: 1
    c_some: 4
    c_all: 4
    r_restrict: 2
    r_and: 0
    r_inverse: 5
    r_transitive_closure: 0
    b_empty: 5
    n_count: 20
    n_concept_distance: 3
[t=265.794s, 5185832 KB] Complexity 6:
Total concept elements: 90
Total role elements: 11
Total numerical elements: 28
Total boolean elements: 5
    b_nullary: 0
    c_one_of: 2
    c_top: 1
    c_bot: 1
    c_primitive: 5
    r_primitive: 4
    c_and: 46
    c_not: 23
    c_equal: 1
    c_some: 5
    c_all: 6
    r_restrict: 2
    r_and: 0
    r_inverse: 5
    r_transitive_closure: 0
    b_empty: 5
    n_count: 25
    n_concept_distance: 3
[t=265.8s, 5185832 KB] Complexity 7:
Total concept elements: 125
Total role elements: 11
Total numerical elements: 42
Total boolean elements: 6
    b_nullary: 0
    c_one_of: 2
    c_top: 1
    c_bot: 1
    c_primitive: 5
    r_primitive: 4
    c_and: 62
    c_not: 42
    c_equal: 1
    c_some: 5
    c_all: 6
    r_restrict: 2
    r_and: 0
    r_inverse: 5
    r_transitive_closure: 0
    b_empty: 6
    n_count: 39
    n_concept_distance: 3
[t=265.81s, 5185832 KB] Complexity 8:
Total concept elements: 176
Total role elements: 11
Total numerical elements: 56
Total boolean elements: 6
    b_nullary: 0
    c_one_of: 2
    c_top: 1
    c_bot: 1
    c_primitive: 5
    r_primitive: 4
    c_and: 94
    c_not: 55
    c_equal: 1
    c_some: 8
    c_all: 9
    r_restrict: 2
    r_and: 0
    r_inverse: 5
    r_transitive_closure: 0
    b_empty: 6
    n_count: 53
    n_concept_distance: 3
[t=265.825s, 5185832 KB] Complexity 9:
Total concept elements: 250
Total role elements: 11
Total numerical elements: 80
Total boolean elements: 8
    b_nullary: 0
    c_one_of: 2
    c_top: 1
    c_bot: 1
    c_primitive: 5
    r_primitive: 4
    c_and: 151
    c_not: 72
    c_equal: 1
    c_some: 8
    c_all: 9
    r_restrict: 2
    r_and: 0
    r_inverse: 5
    r_transitive_closure: 0
    b_empty: 8
    n_count: 74
    n_concept_distance: 6
[t=265.825s, 5185832 KB] Finished generating composite features.
DomainFeatureDataStatistics:
    num_dlplan_states: 6
    num_boolean_features: 8
    num_numerical_features: 80
2023-03-04 19:17:41 INFO     [40m[34m..done[0m
2023-03-04 19:17:41 INFO     [40m[34mInitializing InstanceFeatureDatas...[0m
2023-03-04 19:17:41 INFO     [40m[34m..done[0m
2023-03-04 19:17:41 INFO     [40m[34mInitializing StatePairEquivalenceDatas...[0m
2023-03-04 19:17:41 INFO     [40m[34m..done[0m
2023-03-04 19:17:41 INFO     [40m[34mInitializing TupleGraphEquivalences...[0m
TupleGraphEquivalenceFactoryStatistics:
    num_subgoal_tuples: 40
    num_single_rule_subgoal_tuples: 40
    num_multi_rule_subgoal_tuples: 0
2023-03-04 19:17:41 INFO     [40m[34m..done[0m
2023-03-04 19:17:41 INFO     [40m[34m..done[0m
2023-03-04 19:17:41 INFO     [40m[33mIteration data preprocessing summary:[0m
DomainFeatureDataStatistics:
    num_dlplan_states: 6
    num_boolean_features: 8
    num_numerical_features: 80
StatePairEquivalenceStatistics:
    num_subgoal_states: 16
    num_equivalences: 7
TupleGraphEquivalenceFactoryStatistics:
    num_subgoal_tuples: 40
    num_single_rule_subgoal_tuples: 40
    num_multi_rule_subgoal_tuples: 0
TupleGraphEquivalenceFactoryStatistics:
    num_subgoal_tuples: 13
    num_single_rule_subgoal_tuples: 13
    num_multi_rule_subgoal_tuples: 0
2023-03-04 19:17:41 INFO     [40m[34mGrounding Logic Program...[0m
2023-03-04 19:17:41 INFO     [40m[34m..done[0m
2023-03-04 19:17:41 INFO     [40m[34mSolving Logic Program...[0m
Clingo statistics:
{'call': 0.0, 'result': 1.0, 'signal': 9.0, 'exhausted': 0.0, 'costs': [8.0], 'lower': [8.0], 'concurrency': 32.0, 'winner': 32.0, 'times': {'total': 0.19026398658752441, 'cpu': 1.529728000000432, 'solve': 0.05336499214172363, 'unsat': 0.0, 'sat': 0.03145003318786621}, 'models': {'enumerated': 9.0, 'optimal': 1.0}}
Solution cost: [8.0]
Total time: 0.19026398658752441
CPU time: 1.529728000000432
Solve time: 0.05336499214172363
2023-03-04 19:17:41 INFO     [40m[34m..done[0m
2023-03-04 19:17:41 INFO     Learned the following sketch:
(:policy
(:boolean_features "b_empty(c_and(c_one_of(rooma),c_primitive(at-robby,0)))")
(:numerical_features "n_count(r_primitive(carry,0,1))")
(:rule (:conditions (:c_b_neg 0)) (:effects (:e_n_inc 0) (:e_b_bot 0)))
(:rule (:conditions (:c_b_pos 0)) (:effects (:e_n_bot 0) (:e_b_neg 0)))
)
Numer of sketch rules: 2
Number of selected features: 2
Maximum complexity of selected feature: 4
2023-03-04 19:17:41 INFO     [40m[34mVerifying learned sketch...[0m
2023-03-04 19:17:41 INFO     [40m[34m..done[0m
[40m[31mSketch solves all instances![0m
2023-03-04 19:17:41 INFO     [40m[32mSummary:[0m
LearningStatistics:
    num_training_instances: 1
    num_selected_training_instances: 1
    num_states_in_selected_training_instances: 6
    num_features_in_pool: 89
    num_cpu_seconds: 3.70 seconds
    num_peak_memory_mb: 1963.48 MB
Resulting sketch:
(:policy
(:boolean_features "b_empty(c_and(c_one_of(rooma),c_primitive(at-robby,0)))")
(:numerical_features "n_count(r_primitive(carry,0,1))")
(:rule (:conditions (:c_b_neg 0)) (:effects (:e_n_inc 0) (:e_b_bot 0)))
(:rule (:conditions (:c_b_pos 0)) (:effects (:e_n_bot 0) (:e_b_neg 0)))
)
Numer of sketch rules: 2
Number of selected features: 2
Maximum complexity of selected feature: 4
Resulting sketch minimized:
(:policy
(:boolean_features "b_empty(c_and(c_one_of(rooma),c_primitive(at-robby,0)))")
(:numerical_features "n_count(r_primitive(carry,0,1))")
(:rule (:conditions (:c_b_neg 0)) (:effects (:e_n_inc 0) (:e_b_bot 0)))
(:rule (:conditions (:c_b_pos 0)) (:effects (:e_n_bot 0) (:e_b_neg 0)))
)
Numer of sketch rules: 2
Number of selected features: 2
Maximum complexity of selected feature: 4
Sketch:
(:policy
(:boolean_features )
(:numerical_features "n_count(c_all(r_primitive(at,0,1),c_one_of(roomb)))" "n_count(r_primitive(carry,0,1))")
(:rule (:conditions (:c_n_eq 1)) (:effects (:e_n_inc 0)))
(:rule (:conditions (:c_n_gt 1) (:c_n_gt 0)) (:effects (:e_n_dec 1) (:e_n_bot 0)))
)
Sketch rule: 1 (:rule (:conditions (:c_n_gt 1) (:c_n_gt 0)) (:effects (:e_n_dec 1) (:e_n_bot 0)))
2023-03-04 19:17:41 INFO     [40m[34mInitializing Subproblems...[0m
Number of problems: 5
Number of subproblems: 480
Highest number of states in problem: 704
Highest number of states in subproblem: 100
2023-03-04 19:17:42 INFO     [40m[34m..done[0m
2023-03-04 19:17:42 INFO     [40m[34mInitializing TupleGraphs...[0m
2023-03-04 19:17:42 INFO     [40m[34m..done[0m
/proj/ssiw/projects/code/sketch-learner/learning/d2l/workspace/gripper_hierarchy_1_9_9_9_9_9/learning/rule_1

2023-03-04 19:17:42 INFO     [40m[31mIteration: 0[0m
Number of selected instances: 1
Selected instances:
    id: 0 name: p-1-0-2
initial states: {2, 4}
2023-03-04 19:17:42 INFO     [40m[34mInitializing DomainFeatureData...[0m
[t=267.519s, 5185832 KB] Started generating base features of complexity 1.
[t=267.52s, 5185832 KB] Complexity 1:
    b_nullary: 0
    c_one_of: 2
    c_top: 1
    c_bot: 1
    c_primitive: 5
    r_primitive: 4
    c_and: 0
    c_not: 0
    c_equal: 0
    c_some: 0
    c_all: 0
    r_restrict: 0
    r_and: 0
    r_inverse: 0
    r_transitive_closure: 0
    b_empty: 0
    n_count: 0
    n_concept_distance: 0
[t=267.52s, 5185832 KB] Finished generating base features.
[t=267.52s, 5185832 KB] Started generating composite features. 
[t=267.52s, 5185832 KB] Complexity 2:
Total concept elements: 16
Total role elements: 7
Total numerical elements: 7
Total boolean elements: 4
    b_nullary: 0
    c_one_of: 2
    c_top: 1
    c_bot: 1
    c_primitive: 5
    r_primitive: 4
    c_and: 0
    c_not: 7
    c_equal: 0
    c_some: 0
    c_all: 0
    r_restrict: 0
    r_and: 0
    r_inverse: 3
    r_transitive_closure: 0
    b_empty: 4
    n_count: 7
    n_concept_distance: 0
[t=267.521s, 5185832 KB] Complexity 3:
Total concept elements: 31
Total role elements: 11
Total numerical elements: 10
Total boolean elements: 4
    b_nullary: 0
    c_one_of: 2
    c_top: 1
    c_bot: 1
    c_primitive: 5
    r_primitive: 4
    c_and: 2
    c_not: 7
    c_equal: 2
    c_some: 6
    c_all: 5
    r_restrict: 4
    r_and: 0
    r_inverse: 3
    r_transitive_closure: 0
    b_empty: 4
    n_count: 10
    n_concept_distance: 0
[t=267.523s, 5185832 KB] Complexity 4:
Total concept elements: 45
Total role elements: 15
Total numerical elements: 31
Total boolean elements: 9
    b_nullary: 0
    c_one_of: 2
    c_top: 1
    c_bot: 1
    c_primitive: 5
    r_primitive: 4
    c_and: 6
    c_not: 14
    c_equal: 2
    c_some: 7
    c_all: 7
    r_restrict: 4
    r_and: 0
    r_inverse: 7
    r_transitive_closure: 0
    b_empty: 9
    n_count: 22
    n_concept_distance: 9
[t=267.526s, 5185832 KB] Complexity 5:
Total concept elements: 66
Total role elements: 15
Total numerical elements: 35
Total boolean elements: 11
    b_nullary: 0
    c_one_of: 2
    c_top: 1
    c_bot: 1
    c_primitive: 5
    r_primitive: 4
    c_and: 21
    c_not: 17
    c_equal: 2
    c_some: 8
    c_all: 9
    r_restrict: 4
    r_and: 0
    r_inverse: 7
    r_transitive_closure: 0
    b_empty: 11
    n_count: 26
    n_concept_distance: 9
[t=267.531s, 5185832 KB] Complexity 6:
Total concept elements: 151
Total role elements: 15
Total numerical elements: 57
Total boolean elements: 14
    b_nullary: 0
    c_one_of: 2
    c_top: 1
    c_bot: 1
    c_primitive: 5
    r_primitive: 4
    c_and: 73
    c_not: 29
    c_equal: 2
    c_some: 16
    c_all: 22
    r_restrict: 4
    r_and: 0
    r_inverse: 7
    r_transitive_closure: 0
    b_empty: 14
    n_count: 35
    n_concept_distance: 22
[t=267.539s, 5185832 KB] Complexity 7:
Total concept elements: 234
Total role elements: 16
Total numerical elements: 88
Total boolean elements: 17
    b_nullary: 0
    c_one_of: 2
    c_top: 1
    c_bot: 1
    c_primitive: 5
    r_primitive: 4
    c_and: 111
    c_not: 74
    c_equal: 2
    c_some: 16
    c_all: 22
    r_restrict: 4
    r_and: 1
    r_inverse: 7
    r_transitive_closure: 0
    b_empty: 17
    n_count: 60
    n_concept_distance: 28
[t=267.557s, 5185832 KB] Complexity 8:
Total concept elements: 358
Total role elements: 17
Total numerical elements: 126
Total boolean elements: 22
    b_nullary: 0
    c_one_of: 2
    c_top: 1
    c_bot: 1
    c_primitive: 5
    r_primitive: 4
    c_and: 197
    c_not: 102
    c_equal: 2
    c_some: 19
    c_all: 29
    r_restrict: 4
    r_and: 1
    r_inverse: 8
    r_transitive_closure: 0
    b_empty: 22
    n_count: 86
    n_concept_distance: 40
[t=267.59s, 5185832 KB] Complexity 9:
Total concept elements: 578
Total role elements: 17
Total numerical elements: 194
Total boolean elements: 25
    b_nullary: 0
    c_one_of: 2
    c_top: 1
    c_bot: 1
    c_primitive: 5
    r_primitive: 4
    c_and: 359
    c_not: 160
    c_equal: 2
    c_some: 19
    c_all: 29
    r_restrict: 4
    r_and: 1
    r_inverse: 8
    r_transitive_closure: 0
    b_empty: 25
    n_count: 127
    n_concept_distance: 67
[t=267.59s, 5185832 KB] Finished generating composite features.
DomainFeatureDataStatistics:
    num_dlplan_states: 7
    num_boolean_features: 25
    num_numerical_features: 194
2023-03-04 19:17:43 INFO     [40m[34m..done[0m
2023-03-04 19:17:43 INFO     [40m[34mInitializing InstanceFeatureDatas...[0m
2023-03-04 19:17:43 INFO     [40m[34m..done[0m
2023-03-04 19:17:43 INFO     [40m[34mInitializing StatePairEquivalenceDatas...[0m
2023-03-04 19:17:43 INFO     [40m[34m..done[0m
2023-03-04 19:17:43 INFO     [40m[34mInitializing TupleGraphEquivalences...[0m
TupleGraphEquivalenceFactoryStatistics:
    num_subgoal_tuples: 37
    num_single_rule_subgoal_tuples: 37
    num_multi_rule_subgoal_tuples: 0
2023-03-04 19:17:43 INFO     [40m[34m..done[0m
2023-03-04 19:17:43 INFO     [40m[34m..done[0m
2023-03-04 19:17:43 INFO     [40m[33mIteration data preprocessing summary:[0m
DomainFeatureDataStatistics:
    num_dlplan_states: 7
    num_boolean_features: 25
    num_numerical_features: 194
StatePairEquivalenceStatistics:
    num_subgoal_states: 19
    num_equivalences: 11
TupleGraphEquivalenceFactoryStatistics:
    num_subgoal_tuples: 37
    num_single_rule_subgoal_tuples: 37
    num_multi_rule_subgoal_tuples: 0
TupleGraphEquivalenceFactoryStatistics:
    num_subgoal_tuples: 17
    num_single_rule_subgoal_tuples: 17
    num_multi_rule_subgoal_tuples: 0
2023-03-04 19:17:43 INFO     [40m[34mGrounding Logic Program...[0m
2023-03-04 19:17:43 INFO     [40m[34m..done[0m
2023-03-04 19:17:43 INFO     [40m[34mSolving Logic Program...[0m
Clingo statistics:
{'call': 0.0, 'result': 1.0, 'signal': 9.0, 'exhausted': 0.0, 'costs': [8.0], 'lower': [8.0], 'concurrency': 32.0, 'winner': 32.0, 'times': {'total': 0.8966319561004639, 'cpu': 13.331515000000763, 'solve': 0.4249711036682129, 'unsat': 0.0, 'sat': 0.16578412055969238}, 'models': {'enumerated': 40.0, 'optimal': 1.0}}
Solution cost: [8.0]
Total time: 0.8966319561004639
CPU time: 13.331515000000763
Solve time: 0.4249711036682129
2023-03-04 19:17:43 INFO     [40m[34m..done[0m
2023-03-04 19:17:43 INFO     Learned the following sketch:
(:policy
(:boolean_features )
(:numerical_features "n_count(c_and(c_one_of(roomb),c_primitive(at-robby,0)))" "n_count(r_primitive(carry,0,1))")
(:rule (:conditions (:c_n_eq 0)) (:effects (:e_n_bot 1) (:e_n_inc 0)))
(:rule (:conditions (:c_n_gt 1) (:c_n_gt 0)) (:effects (:e_n_dec 1)))
)
Numer of sketch rules: 2
Number of selected features: 2
Maximum complexity of selected feature: 4
2023-03-04 19:17:43 INFO     [40m[34mVerifying learned sketch...[0m
2023-03-04 19:17:44 INFO     [40m[34m..done[0m
[40m[31mSketch solves all instances![0m
2023-03-04 19:17:44 INFO     [40m[32mSummary:[0m
LearningStatistics:
    num_training_instances: 1
    num_selected_training_instances: 1
    num_states_in_selected_training_instances: 7
    num_features_in_pool: 219
    num_cpu_seconds: 14.18 seconds
    num_peak_memory_mb: 1972.02 MB
Resulting sketch:
(:policy
(:boolean_features )
(:numerical_features "n_count(c_and(c_one_of(roomb),c_primitive(at-robby,0)))" "n_count(r_primitive(carry,0,1))")
(:rule (:conditions (:c_n_eq 0)) (:effects (:e_n_bot 1) (:e_n_inc 0)))
(:rule (:conditions (:c_n_gt 1) (:c_n_gt 0)) (:effects (:e_n_dec 1)))
)
Numer of sketch rules: 2
Number of selected features: 2
Maximum complexity of selected feature: 4
Resulting sketch minimized:
(:policy
(:boolean_features )
(:numerical_features "n_count(c_and(c_one_of(roomb),c_primitive(at-robby,0)))" "n_count(r_primitive(carry,0,1))")
(:rule (:conditions (:c_n_eq 0)) (:effects (:e_n_bot 1) (:e_n_inc 0)))
(:rule (:conditions (:c_n_gt 1) (:c_n_gt 0)) (:effects (:e_n_dec 1)))
)
Numer of sketch rules: 2
Number of selected features: 2
Maximum complexity of selected feature: 4
2023-03-04 19:17:44 INFO     [40m[33mSummary:[0m
2023-03-04 19:17:44 INFO     [40m[32mHierarchical sketch:[0m
[40m[32mLevel 0 sketch:[0m
(:policy
(:boolean_features )
(:numerical_features "n_count(c_all(r_primitive(at,0,1),c_one_of(roomb)))" "n_count(r_primitive(carry,0,1))")
(:rule (:conditions (:c_n_eq 1)) (:effects (:e_n_inc 0)))
(:rule (:conditions (:c_n_gt 1) (:c_n_gt 0)) (:effects (:e_n_dec 1) (:e_n_bot 0)))
)
[40m[32m    Level 1 sketch:[0m
(:policy
(:boolean_features "b_empty(c_and(c_one_of(rooma),c_primitive(at-robby,0)))")
(:numerical_features "n_count(r_primitive(carry,0,1))")
(:rule (:conditions (:c_b_neg 0)) (:effects (:e_n_inc 0) (:e_b_bot 0)))
(:rule (:conditions (:c_b_pos 0)) (:effects (:e_n_bot 0) (:e_b_neg 0)))
)
[40m[32m    Level 1 sketch:[0m
(:policy
(:boolean_features )
(:numerical_features "n_count(c_and(c_one_of(roomb),c_primitive(at-robby,0)))" "n_count(r_primitive(carry,0,1))")
(:rule (:conditions (:c_n_eq 0)) (:effects (:e_n_bot 1) (:e_n_inc 0)))
(:rule (:conditions (:c_n_gt 1) (:c_n_gt 0)) (:effects (:e_n_dec 1)))
)
Num features: 4
Max feature complexity 4
Num rules: 6
LearningStatistics:
    num_training_instances: 3
    num_selected_training_instances: 1
    num_states_in_selected_training_instances: 28
    num_features_in_pool: 458
    num_cpu_seconds: 7986.15 seconds
    num_peak_memory_mb: 3176.71 MB
RESOURCES FOR PREPROCESSING: 2.30 CPU sec - 1972.02 MB
================================================================================
END OF STEP #1: Incremental learning module. 7990.04 CPU sec - 3177.92 MB
================================================================================
