Changing working directory:  /proj/ssiw/projects/code/sketch-learner/learning/d2l/workspace/visitall_hierarchy_0_9_9_9_9_9
Creating sym link: /proj/ssiw/projects/code/sketch-learner/learning/d2l/libs/dlplan/libs/scorpion/fast-downward.py /proj/ssiw/projects/code/sketch-learner/learning/d2l/workspace/visitall_hierarchy_0_9_9_9_9_9/fast-downward.py
================================================================================
SLTP v.0.2.0
================================================================================
================================================================================
(pid: 195799) STARTING STEP #1: Incremental learning module
================================================================================
2023-03-04 19:19:35 INFO     [40m[34mInitializing DomainData...[0m
2023-03-04 19:19:35 INFO     Constructing DomainData for filename /proj/ssiw/projects/code/sketch-learner/learning/d2l/benchmarks/visitall/domain.pddl
2023-03-04 19:19:35 INFO     [40m[34m..done[0m
2023-03-04 19:19:35 INFO     [40m[34mInitializing InstanceDatas...[0m
2023-03-04 19:19:35 INFO     Constructing InstanceData for filename /proj/ssiw/projects/code/sketch-learner/learning/d2l/benchmarks/visitall/p-1-0.5-2-0.pddl
Trivially solvable.
2023-03-04 19:19:36 INFO     Constructing InstanceData for filename /proj/ssiw/projects/code/sketch-learner/learning/d2l/benchmarks/visitall/p-1-0.5-2-1.pddl
Trivially solvable.
2023-03-04 19:19:36 INFO     Constructing InstanceData for filename /proj/ssiw/projects/code/sketch-learner/learning/d2l/benchmarks/visitall/p-1-0.5-2-2.pddl
Num states: 6
2023-03-04 19:19:36 INFO     Constructing InstanceData for filename /proj/ssiw/projects/code/sketch-learner/learning/d2l/benchmarks/visitall/p-1-0.5-2-3.pddl
Num states: 6
2023-03-04 19:19:36 INFO     Constructing InstanceData for filename /proj/ssiw/projects/code/sketch-learner/learning/d2l/benchmarks/visitall/p-1-0.5-2-4.pddl
Num states: 4
2023-03-04 19:19:37 INFO     Constructing InstanceData for filename /proj/ssiw/projects/code/sketch-learner/learning/d2l/benchmarks/visitall/p-1-0.5-2-5.pddl
Trivially solvable.
2023-03-04 19:19:37 INFO     Constructing InstanceData for filename /proj/ssiw/projects/code/sketch-learner/learning/d2l/benchmarks/visitall/p-1-0.5-2-6.pddl
Num states: 4
2023-03-04 19:19:37 INFO     Constructing InstanceData for filename /proj/ssiw/projects/code/sketch-learner/learning/d2l/benchmarks/visitall/p-1-0.5-2-7.pddl
Num states: 8
2023-03-04 19:19:37 INFO     Constructing InstanceData for filename /proj/ssiw/projects/code/sketch-learner/learning/d2l/benchmarks/visitall/p-1-0.5-2-8.pddl
Num states: 5
2023-03-04 19:19:37 INFO     Constructing InstanceData for filename /proj/ssiw/projects/code/sketch-learner/learning/d2l/benchmarks/visitall/p-1-0.5-2-9.pddl
Num states: 6
2023-03-04 19:19:38 INFO     Constructing InstanceData for filename /proj/ssiw/projects/code/sketch-learner/learning/d2l/benchmarks/visitall/p-1-0.5-3-0.pddl
Num states: 44
2023-03-04 19:19:38 INFO     Constructing InstanceData for filename /proj/ssiw/projects/code/sketch-learner/learning/d2l/benchmarks/visitall/p-1-0.5-3-1.pddl
Num states: 44
2023-03-04 19:19:38 INFO     Constructing InstanceData for filename /proj/ssiw/projects/code/sketch-learner/learning/d2l/benchmarks/visitall/p-1-0.5-3-2.pddl
Num states: 79
2023-03-04 19:19:38 INFO     Constructing InstanceData for filename /proj/ssiw/projects/code/sketch-learner/learning/d2l/benchmarks/visitall/p-1-0.5-3-3.pddl
Num states: 130
2023-03-04 19:19:38 INFO     Constructing InstanceData for filename /proj/ssiw/projects/code/sketch-learner/learning/d2l/benchmarks/visitall/p-1-0.5-3-4.pddl
Num states: 38
2023-03-04 19:19:39 INFO     Constructing InstanceData for filename /proj/ssiw/projects/code/sketch-learner/learning/d2l/benchmarks/visitall/p-1-0.5-3-5.pddl
Num states: 130
2023-03-04 19:19:39 INFO     Constructing InstanceData for filename /proj/ssiw/projects/code/sketch-learner/learning/d2l/benchmarks/visitall/p-1-0.5-3-6.pddl
Num states: 71
2023-03-04 19:19:39 INFO     Constructing InstanceData for filename /proj/ssiw/projects/code/sketch-learner/learning/d2l/benchmarks/visitall/p-1-0.5-3-7.pddl
Num states: 83
2023-03-04 19:19:39 INFO     Constructing InstanceData for filename /proj/ssiw/projects/code/sketch-learner/learning/d2l/benchmarks/visitall/p-1-0.5-3-8.pddl
Num states: 25
2023-03-04 19:19:39 INFO     Constructing InstanceData for filename /proj/ssiw/projects/code/sketch-learner/learning/d2l/benchmarks/visitall/p-1-0.5-3-9.pddl
Num states: 71
2023-03-04 19:19:40 INFO     Constructing InstanceData for filename /proj/ssiw/projects/code/sketch-learner/learning/d2l/benchmarks/visitall/p-1-0.5-4-0.pddl
Num states: 400
2023-03-04 19:19:40 INFO     Constructing InstanceData for filename /proj/ssiw/projects/code/sketch-learner/learning/d2l/benchmarks/visitall/p-1-0.5-4-1.pddl
Num states: 400
2023-03-04 19:19:40 INFO     Constructing InstanceData for filename /proj/ssiw/projects/code/sketch-learner/learning/d2l/benchmarks/visitall/p-1-0.5-4-2.pddl
Num states: 337
2023-03-04 19:19:40 INFO     Constructing InstanceData for filename /proj/ssiw/projects/code/sketch-learner/learning/d2l/benchmarks/visitall/p-1-0.5-4-3.pddl
Num states: 2164
2023-03-04 19:19:41 INFO     Constructing InstanceData for filename /proj/ssiw/projects/code/sketch-learner/learning/d2l/benchmarks/visitall/p-1-0.5-4-4.pddl
Num states: 2592
2023-03-04 19:19:41 INFO     Constructing InstanceData for filename /proj/ssiw/projects/code/sketch-learner/learning/d2l/benchmarks/visitall/p-1-0.5-4-5.pddl
Num states: 400
2023-03-04 19:19:41 INFO     Constructing InstanceData for filename /proj/ssiw/projects/code/sketch-learner/learning/d2l/benchmarks/visitall/p-1-0.5-4-6.pddl
Num states: 716
2023-03-04 19:19:41 INFO     Constructing InstanceData for filename /proj/ssiw/projects/code/sketch-learner/learning/d2l/benchmarks/visitall/p-1-0.5-4-7.pddl
Num states: 204
2023-03-04 19:19:41 INFO     Constructing InstanceData for filename /proj/ssiw/projects/code/sketch-learner/learning/d2l/benchmarks/visitall/p-1-0.5-4-8.pddl
Num states: 2303
2023-03-04 19:19:42 INFO     Constructing InstanceData for filename /proj/ssiw/projects/code/sketch-learner/learning/d2l/benchmarks/visitall/p-1-0.5-4-9.pddl
2023-03-04 19:19:42 INFO     Constructing InstanceData for filename /proj/ssiw/projects/code/sketch-learner/learning/d2l/benchmarks/visitall/p-1-1.0-2-0.pddl
Num states: 8
2023-03-04 19:19:42 INFO     Constructing InstanceData for filename /proj/ssiw/projects/code/sketch-learner/learning/d2l/benchmarks/visitall/p-1-1.0-2-1.pddl
Num states: 8
2023-03-04 19:19:42 INFO     Constructing InstanceData for filename /proj/ssiw/projects/code/sketch-learner/learning/d2l/benchmarks/visitall/p-1-1.0-2-2.pddl
Num states: 6
2023-03-04 19:19:42 INFO     Constructing InstanceData for filename /proj/ssiw/projects/code/sketch-learner/learning/d2l/benchmarks/visitall/p-1-1.0-2-3.pddl
Num states: 6
2023-03-04 19:19:43 INFO     Constructing InstanceData for filename /proj/ssiw/projects/code/sketch-learner/learning/d2l/benchmarks/visitall/p-1-1.0-2-4.pddl
Num states: 6
2023-03-04 19:19:43 INFO     Constructing InstanceData for filename /proj/ssiw/projects/code/sketch-learner/learning/d2l/benchmarks/visitall/p-1-1.0-2-5.pddl
Num states: 6
2023-03-04 19:19:43 INFO     Constructing InstanceData for filename /proj/ssiw/projects/code/sketch-learner/learning/d2l/benchmarks/visitall/p-1-1.0-2-6.pddl
Num states: 6
2023-03-04 19:19:43 INFO     Constructing InstanceData for filename /proj/ssiw/projects/code/sketch-learner/learning/d2l/benchmarks/visitall/p-1-1.0-2-7.pddl
Num states: 8
2023-03-04 19:19:43 INFO     Constructing InstanceData for filename /proj/ssiw/projects/code/sketch-learner/learning/d2l/benchmarks/visitall/p-1-1.0-2-8.pddl
Num states: 8
2023-03-04 19:19:44 INFO     Constructing InstanceData for filename /proj/ssiw/projects/code/sketch-learner/learning/d2l/benchmarks/visitall/p-1-1.0-2-9.pddl
Num states: 6
2023-03-04 19:19:44 INFO     Constructing InstanceData for filename /proj/ssiw/projects/code/sketch-learner/learning/d2l/benchmarks/visitall/p-1-1.0-3-0.pddl
Num states: 148
2023-03-04 19:19:44 INFO     Constructing InstanceData for filename /proj/ssiw/projects/code/sketch-learner/learning/d2l/benchmarks/visitall/p-1-1.0-3-1.pddl
Num states: 148
2023-03-04 19:19:44 INFO     Constructing InstanceData for filename /proj/ssiw/projects/code/sketch-learner/learning/d2l/benchmarks/visitall/p-1-1.0-3-2.pddl
Num states: 272
2023-03-04 19:19:44 INFO     Constructing InstanceData for filename /proj/ssiw/projects/code/sketch-learner/learning/d2l/benchmarks/visitall/p-1-1.0-3-3.pddl
Num states: 344
2023-03-04 19:19:45 INFO     Constructing InstanceData for filename /proj/ssiw/projects/code/sketch-learner/learning/d2l/benchmarks/visitall/p-1-1.0-3-4.pddl
Num states: 260
2023-03-04 19:19:45 INFO     Constructing InstanceData for filename /proj/ssiw/projects/code/sketch-learner/learning/d2l/benchmarks/visitall/p-1-1.0-3-5.pddl
Num states: 344
2023-03-04 19:19:45 INFO     Constructing InstanceData for filename /proj/ssiw/projects/code/sketch-learner/learning/d2l/benchmarks/visitall/p-1-1.0-3-6.pddl
Num states: 151
2023-03-04 19:19:45 INFO     Constructing InstanceData for filename /proj/ssiw/projects/code/sketch-learner/learning/d2l/benchmarks/visitall/p-1-1.0-3-7.pddl
Num states: 148
2023-03-04 19:19:45 INFO     Constructing InstanceData for filename /proj/ssiw/projects/code/sketch-learner/learning/d2l/benchmarks/visitall/p-1-1.0-3-8.pddl
Num states: 148
2023-03-04 19:19:46 INFO     Constructing InstanceData for filename /proj/ssiw/projects/code/sketch-learner/learning/d2l/benchmarks/visitall/p-1-1.0-3-9.pddl
Num states: 272
2023-03-04 19:19:46 INFO     Constructing InstanceData for filename /proj/ssiw/projects/code/sketch-learner/learning/d2l/benchmarks/visitall/p-1-1.0-4-0.pddl
2023-03-04 19:19:46 INFO     Constructing InstanceData for filename /proj/ssiw/projects/code/sketch-learner/learning/d2l/benchmarks/visitall/p-1-1.0-4-1.pddl
2023-03-04 19:19:47 INFO     Constructing InstanceData for filename /proj/ssiw/projects/code/sketch-learner/learning/d2l/benchmarks/visitall/p-1-1.0-4-2.pddl
2023-03-04 19:19:48 INFO     Constructing InstanceData for filename /proj/ssiw/projects/code/sketch-learner/learning/d2l/benchmarks/visitall/p-1-1.0-4-3.pddl
2023-03-04 19:19:48 INFO     Constructing InstanceData for filename /proj/ssiw/projects/code/sketch-learner/learning/d2l/benchmarks/visitall/p-1-1.0-4-4.pddl
2023-03-04 19:19:49 INFO     Constructing InstanceData for filename /proj/ssiw/projects/code/sketch-learner/learning/d2l/benchmarks/visitall/p-1-1.0-4-5.pddl
2023-03-04 19:19:49 INFO     Constructing InstanceData for filename /proj/ssiw/projects/code/sketch-learner/learning/d2l/benchmarks/visitall/p-1-1.0-4-6.pddl
2023-03-04 19:19:50 INFO     Constructing InstanceData for filename /proj/ssiw/projects/code/sketch-learner/learning/d2l/benchmarks/visitall/p-1-1.0-4-7.pddl
2023-03-04 19:19:50 INFO     Constructing InstanceData for filename /proj/ssiw/projects/code/sketch-learner/learning/d2l/benchmarks/visitall/p-1-1.0-4-8.pddl
2023-03-04 19:19:51 INFO     Constructing InstanceData for filename /proj/ssiw/projects/code/sketch-learner/learning/d2l/benchmarks/visitall/p-1-1.0-4-9.pddl
2023-03-04 19:19:52 INFO     Constructing InstanceData for filename /proj/ssiw/projects/code/sketch-learner/learning/d2l/benchmarks/visitall/p-2-0.5-2-0.pddl
Num states: 3
2023-03-04 19:19:52 INFO     Constructing InstanceData for filename /proj/ssiw/projects/code/sketch-learner/learning/d2l/benchmarks/visitall/p-2-0.5-2-1.pddl
Num states: 3
2023-03-04 19:19:52 INFO     Constructing InstanceData for filename /proj/ssiw/projects/code/sketch-learner/learning/d2l/benchmarks/visitall/p-2-0.5-2-2.pddl
Num states: 3
2023-03-04 19:19:52 INFO     Constructing InstanceData for filename /proj/ssiw/projects/code/sketch-learner/learning/d2l/benchmarks/visitall/p-2-0.5-2-3.pddl
Trivially solvable.
2023-03-04 19:19:52 INFO     Constructing InstanceData for filename /proj/ssiw/projects/code/sketch-learner/learning/d2l/benchmarks/visitall/p-2-0.5-2-4.pddl
Trivially solvable.
2023-03-04 19:19:53 INFO     Constructing InstanceData for filename /proj/ssiw/projects/code/sketch-learner/learning/d2l/benchmarks/visitall/p-2-0.5-2-5.pddl
Trivially solvable.
2023-03-04 19:19:53 INFO     Constructing InstanceData for filename /proj/ssiw/projects/code/sketch-learner/learning/d2l/benchmarks/visitall/p-2-0.5-2-6.pddl
Trivially solvable.
2023-03-04 19:19:53 INFO     Constructing InstanceData for filename /proj/ssiw/projects/code/sketch-learner/learning/d2l/benchmarks/visitall/p-2-0.5-2-7.pddl
Unsolvable.
2023-03-04 19:19:53 INFO     Constructing InstanceData for filename /proj/ssiw/projects/code/sketch-learner/learning/d2l/benchmarks/visitall/p-2-0.5-2-8.pddl
Num states: 3
2023-03-04 19:19:53 INFO     Constructing InstanceData for filename /proj/ssiw/projects/code/sketch-learner/learning/d2l/benchmarks/visitall/p-2-0.5-2-9.pddl
Num states: 3
2023-03-04 19:19:53 INFO     Constructing InstanceData for filename /proj/ssiw/projects/code/sketch-learner/learning/d2l/benchmarks/visitall/p-2-0.5-3-0.pddl
Num states: 51
2023-03-04 19:19:54 INFO     Constructing InstanceData for filename /proj/ssiw/projects/code/sketch-learner/learning/d2l/benchmarks/visitall/p-2-0.5-3-1.pddl
Num states: 51
2023-03-04 19:19:54 INFO     Constructing InstanceData for filename /proj/ssiw/projects/code/sketch-learner/learning/d2l/benchmarks/visitall/p-2-0.5-3-2.pddl
Num states: 25
2023-03-04 19:19:54 INFO     Constructing InstanceData for filename /proj/ssiw/projects/code/sketch-learner/learning/d2l/benchmarks/visitall/p-2-0.5-3-3.pddl
Num states: 32
2023-03-04 19:19:54 INFO     Constructing InstanceData for filename /proj/ssiw/projects/code/sketch-learner/learning/d2l/benchmarks/visitall/p-2-0.5-3-4.pddl
Num states: 37
2023-03-04 19:19:54 INFO     Constructing InstanceData for filename /proj/ssiw/projects/code/sketch-learner/learning/d2l/benchmarks/visitall/p-2-0.5-3-5.pddl
Num states: 29
2023-03-04 19:19:55 INFO     Constructing InstanceData for filename /proj/ssiw/projects/code/sketch-learner/learning/d2l/benchmarks/visitall/p-2-0.5-3-6.pddl
Unsolvable.
2023-03-04 19:19:55 INFO     Constructing InstanceData for filename /proj/ssiw/projects/code/sketch-learner/learning/d2l/benchmarks/visitall/p-2-0.5-3-7.pddl
Num states: 12
2023-03-04 19:19:55 INFO     Constructing InstanceData for filename /proj/ssiw/projects/code/sketch-learner/learning/d2l/benchmarks/visitall/p-2-0.5-3-8.pddl
Num states: 12
2023-03-04 19:19:55 INFO     Constructing InstanceData for filename /proj/ssiw/projects/code/sketch-learner/learning/d2l/benchmarks/visitall/p-2-0.5-3-9.pddl
Num states: 28
2023-03-04 19:19:55 INFO     Constructing InstanceData for filename /proj/ssiw/projects/code/sketch-learner/learning/d2l/benchmarks/visitall/p-2-0.5-4-0.pddl
Num states: 352
2023-03-04 19:19:56 INFO     Constructing InstanceData for filename /proj/ssiw/projects/code/sketch-learner/learning/d2l/benchmarks/visitall/p-2-0.5-4-1.pddl
Num states: 352
2023-03-04 19:19:56 INFO     Constructing InstanceData for filename /proj/ssiw/projects/code/sketch-learner/learning/d2l/benchmarks/visitall/p-2-0.5-4-2.pddl
Num states: 405
2023-03-04 19:19:56 INFO     Constructing InstanceData for filename /proj/ssiw/projects/code/sketch-learner/learning/d2l/benchmarks/visitall/p-2-0.5-4-3.pddl
Num states: 1056
2023-03-04 19:19:56 INFO     Constructing InstanceData for filename /proj/ssiw/projects/code/sketch-learner/learning/d2l/benchmarks/visitall/p-2-0.5-4-4.pddl
Num states: 864
2023-03-04 19:19:56 INFO     Constructing InstanceData for filename /proj/ssiw/projects/code/sketch-learner/learning/d2l/benchmarks/visitall/p-2-0.5-4-5.pddl
Num states: 119
2023-03-04 19:19:57 INFO     Constructing InstanceData for filename /proj/ssiw/projects/code/sketch-learner/learning/d2l/benchmarks/visitall/p-2-0.5-4-6.pddl
Num states: 500
2023-03-04 19:19:57 INFO     Constructing InstanceData for filename /proj/ssiw/projects/code/sketch-learner/learning/d2l/benchmarks/visitall/p-2-0.5-4-7.pddl
Num states: 192
2023-03-04 19:19:57 INFO     Constructing InstanceData for filename /proj/ssiw/projects/code/sketch-learner/learning/d2l/benchmarks/visitall/p-2-0.5-4-8.pddl
Num states: 547
2023-03-04 19:19:57 INFO     Constructing InstanceData for filename /proj/ssiw/projects/code/sketch-learner/learning/d2l/benchmarks/visitall/p-2-0.5-4-9.pddl
Num states: 2138
2023-03-04 19:19:58 INFO     Constructing InstanceData for filename /proj/ssiw/projects/code/sketch-learner/learning/d2l/benchmarks/visitall/p-2-1.0-2-0.pddl
Num states: 3
2023-03-04 19:19:58 INFO     Constructing InstanceData for filename /proj/ssiw/projects/code/sketch-learner/learning/d2l/benchmarks/visitall/p-2-1.0-2-1.pddl
Num states: 3
2023-03-04 19:19:58 INFO     Constructing InstanceData for filename /proj/ssiw/projects/code/sketch-learner/learning/d2l/benchmarks/visitall/p-2-1.0-2-2.pddl
Num states: 3
2023-03-04 19:19:58 INFO     Constructing InstanceData for filename /proj/ssiw/projects/code/sketch-learner/learning/d2l/benchmarks/visitall/p-2-1.0-2-3.pddl
Num states: 3
2023-03-04 19:19:58 INFO     Constructing InstanceData for filename /proj/ssiw/projects/code/sketch-learner/learning/d2l/benchmarks/visitall/p-2-1.0-2-4.pddl
Num states: 3
2023-03-04 19:19:59 INFO     Constructing InstanceData for filename /proj/ssiw/projects/code/sketch-learner/learning/d2l/benchmarks/visitall/p-2-1.0-2-5.pddl
Unsolvable.
2023-03-04 19:19:59 INFO     Constructing InstanceData for filename /proj/ssiw/projects/code/sketch-learner/learning/d2l/benchmarks/visitall/p-2-1.0-2-6.pddl
Unsolvable.
2023-03-04 19:19:59 INFO     Constructing InstanceData for filename /proj/ssiw/projects/code/sketch-learner/learning/d2l/benchmarks/visitall/p-2-1.0-2-7.pddl
Unsolvable.
2023-03-04 19:19:59 INFO     Constructing InstanceData for filename /proj/ssiw/projects/code/sketch-learner/learning/d2l/benchmarks/visitall/p-2-1.0-2-8.pddl
Num states: 3
2023-03-04 19:19:59 INFO     Constructing InstanceData for filename /proj/ssiw/projects/code/sketch-learner/learning/d2l/benchmarks/visitall/p-2-1.0-2-9.pddl
Num states: 3
2023-03-04 19:19:59 INFO     Constructing InstanceData for filename /proj/ssiw/projects/code/sketch-learner/learning/d2l/benchmarks/visitall/p-2-1.0-3-0.pddl
Num states: 60
2023-03-04 19:20:00 INFO     Constructing InstanceData for filename /proj/ssiw/projects/code/sketch-learner/learning/d2l/benchmarks/visitall/p-2-1.0-3-1.pddl
Num states: 60
2023-03-04 19:20:00 INFO     Constructing InstanceData for filename /proj/ssiw/projects/code/sketch-learner/learning/d2l/benchmarks/visitall/p-2-1.0-3-2.pddl
Num states: 28
2023-03-04 19:20:00 INFO     Constructing InstanceData for filename /proj/ssiw/projects/code/sketch-learner/learning/d2l/benchmarks/visitall/p-2-1.0-3-3.pddl
Num states: 60
2023-03-04 19:20:00 INFO     Constructing InstanceData for filename /proj/ssiw/projects/code/sketch-learner/learning/d2l/benchmarks/visitall/p-2-1.0-3-4.pddl
Num states: 92
2023-03-04 19:20:00 INFO     Constructing InstanceData for filename /proj/ssiw/projects/code/sketch-learner/learning/d2l/benchmarks/visitall/p-2-1.0-3-5.pddl
Num states: 70
2023-03-04 19:20:01 INFO     Constructing InstanceData for filename /proj/ssiw/projects/code/sketch-learner/learning/d2l/benchmarks/visitall/p-2-1.0-3-6.pddl
Unsolvable.
2023-03-04 19:20:01 INFO     Constructing InstanceData for filename /proj/ssiw/projects/code/sketch-learner/learning/d2l/benchmarks/visitall/p-2-1.0-3-7.pddl
Num states: 48
2023-03-04 19:20:01 INFO     Constructing InstanceData for filename /proj/ssiw/projects/code/sketch-learner/learning/d2l/benchmarks/visitall/p-2-1.0-3-8.pddl
Num states: 28
2023-03-04 19:20:01 INFO     Constructing InstanceData for filename /proj/ssiw/projects/code/sketch-learner/learning/d2l/benchmarks/visitall/p-2-1.0-3-9.pddl
Num states: 57
2023-03-04 19:20:01 INFO     Constructing InstanceData for filename /proj/ssiw/projects/code/sketch-learner/learning/d2l/benchmarks/visitall/p-2-1.0-4-0.pddl
2023-03-04 19:20:02 INFO     Constructing InstanceData for filename /proj/ssiw/projects/code/sketch-learner/learning/d2l/benchmarks/visitall/p-2-1.0-4-1.pddl
2023-03-04 19:20:02 INFO     Constructing InstanceData for filename /proj/ssiw/projects/code/sketch-learner/learning/d2l/benchmarks/visitall/p-2-1.0-4-2.pddl
2023-03-04 19:20:02 INFO     Constructing InstanceData for filename /proj/ssiw/projects/code/sketch-learner/learning/d2l/benchmarks/visitall/p-2-1.0-4-3.pddl
2023-03-04 19:20:03 INFO     Constructing InstanceData for filename /proj/ssiw/projects/code/sketch-learner/learning/d2l/benchmarks/visitall/p-2-1.0-4-4.pddl
2023-03-04 19:20:03 INFO     Constructing InstanceData for filename /proj/ssiw/projects/code/sketch-learner/learning/d2l/benchmarks/visitall/p-2-1.0-4-5.pddl
Num states: 4164
2023-03-04 19:20:03 INFO     Constructing InstanceData for filename /proj/ssiw/projects/code/sketch-learner/learning/d2l/benchmarks/visitall/p-2-1.0-4-6.pddl
2023-03-04 19:20:04 INFO     Constructing InstanceData for filename /proj/ssiw/projects/code/sketch-learner/learning/d2l/benchmarks/visitall/p-2-1.0-4-7.pddl
2023-03-04 19:20:04 INFO     Constructing InstanceData for filename /proj/ssiw/projects/code/sketch-learner/learning/d2l/benchmarks/visitall/p-2-1.0-4-8.pddl
2023-03-04 19:20:04 INFO     Constructing InstanceData for filename /proj/ssiw/projects/code/sketch-learner/learning/d2l/benchmarks/visitall/p-2-1.0-4-9.pddl
2023-03-04 19:20:05 INFO     [40m[34m..done[0m
2023-03-04 19:20:05 INFO     [40m[34mInitializing TupleGraphs...[0m
2023-03-04 19:20:13 INFO     [40m[34m..done[0m
/proj/ssiw/projects/code/sketch-learner/learning/d2l/workspace/visitall_hierarchy_0_9_9_9_9_9/learning

2023-03-04 19:20:13 INFO     [40m[31mIteration: 0[0m
Number of selected instances: 1
Selected instances:
    id: 0 name: p-2-0.5-2-0
initial states: [0]
2023-03-04 19:20:13 INFO     [40m[34mInitializing DomainFeatureData...[0m
[t=38.8935s, 1396276 KB] Started generating base features of complexity 1.
[t=38.8945s, 1396276 KB] Complexity 1:
    b_nullary: 0
    c_one_of: 0
    c_top: 1
    c_bot: 1
    c_primitive: 2
    r_primitive: 2
    c_and: 0
    c_not: 0
    c_equal: 0
    c_some: 0
    c_all: 0
    r_restrict: 0
    r_and: 0
    r_inverse: 0
    r_transitive_closure: 0
    b_empty: 0
    n_count: 0
    n_concept_distance: 0
[t=38.8949s, 1396276 KB] Finished generating base features.
[t=38.895s, 1396276 KB] Started generating composite features. 
[t=38.8955s, 1396276 KB] Complexity 2:
Total concept elements: 6
Total role elements: 3
Total numerical elements: 4
Total boolean elements: 2
    b_nullary: 0
    c_one_of: 0
    c_top: 1
    c_bot: 1
    c_primitive: 2
    r_primitive: 2
    c_and: 0
    c_not: 2
    c_equal: 0
    c_some: 0
    c_all: 0
    r_restrict: 0
    r_and: 0
    r_inverse: 0
    r_transitive_closure: 1
    b_empty: 2
    n_count: 4
    n_concept_distance: 0
[t=38.8967s, 1396276 KB] Complexity 3:
Total concept elements: 7
Total role elements: 5
Total numerical elements: 6
Total boolean elements: 3
    b_nullary: 0
    c_one_of: 0
    c_top: 1
    c_bot: 1
    c_primitive: 2
    r_primitive: 2
    c_and: 0
    c_not: 2
    c_equal: 0
    c_some: 1
    c_all: 0
    r_restrict: 2
    r_and: 0
    r_inverse: 0
    r_transitive_closure: 1
    b_empty: 3
    n_count: 6
    n_concept_distance: 0
[t=38.8977s, 1396276 KB] Complexity 4:
Total concept elements: 10
Total role elements: 7
Total numerical elements: 7
Total boolean elements: 3
    b_nullary: 0
    c_one_of: 0
    c_top: 1
    c_bot: 1
    c_primitive: 2
    r_primitive: 2
    c_and: 1
    c_not: 3
    c_equal: 0
    c_some: 1
    c_all: 1
    r_restrict: 2
    r_and: 0
    r_inverse: 2
    r_transitive_closure: 1
    b_empty: 3
    n_count: 6
    n_concept_distance: 1
[t=38.8991s, 1396276 KB] Complexity 5:
Total concept elements: 14
Total role elements: 7
Total numerical elements: 11
Total boolean elements: 4
    b_nullary: 0
    c_one_of: 0
    c_top: 1
    c_bot: 1
    c_primitive: 2
    r_primitive: 2
    c_and: 2
    c_not: 5
    c_equal: 0
    c_some: 1
    c_all: 2
    r_restrict: 2
    r_and: 0
    r_inverse: 2
    r_transitive_closure: 1
    b_empty: 4
    n_count: 8
    n_concept_distance: 3
[t=38.9009s, 1396276 KB] Complexity 6:
Total concept elements: 14
Total role elements: 7
Total numerical elements: 14
Total boolean elements: 4
    b_nullary: 0
    c_one_of: 0
    c_top: 1
    c_bot: 1
    c_primitive: 2
    r_primitive: 2
    c_and: 2
    c_not: 5
    c_equal: 0
    c_some: 1
    c_all: 2
    r_restrict: 2
    r_and: 0
    r_inverse: 2
    r_transitive_closure: 1
    b_empty: 4
    n_count: 10
    n_concept_distance: 4
[t=38.9031s, 1396276 KB] Complexity 7:
Total concept elements: 15
Total role elements: 7
Total numerical elements: 15
Total boolean elements: 4
    b_nullary: 0
    c_one_of: 0
    c_top: 1
    c_bot: 1
    c_primitive: 2
    r_primitive: 2
    c_and: 3
    c_not: 5
    c_equal: 0
    c_some: 1
    c_all: 2
    r_restrict: 2
    r_and: 0
    r_inverse: 2
    r_transitive_closure: 1
    b_empty: 4
    n_count: 10
    n_concept_distance: 5
[t=38.9048s, 1396276 KB] Complexity 8:
Total concept elements: 16
Total role elements: 10
Total numerical elements: 15
Total boolean elements: 4
    b_nullary: 0
    c_one_of: 0
    c_top: 1
    c_bot: 1
    c_primitive: 2
    r_primitive: 2
    c_and: 3
    c_not: 6
    c_equal: 0
    c_some: 1
    c_all: 2
    r_restrict: 2
    r_and: 3
    r_inverse: 2
    r_transitive_closure: 1
    b_empty: 4
    n_count: 10
    n_concept_distance: 5
[t=38.9067s, 1396276 KB] Complexity 9:
Total concept elements: 16
Total role elements: 10
Total numerical elements: 15
Total boolean elements: 4
    b_nullary: 0
    c_one_of: 0
    c_top: 1
    c_bot: 1
    c_primitive: 2
    r_primitive: 2
    c_and: 3
    c_not: 6
    c_equal: 0
    c_some: 1
    c_all: 2
    r_restrict: 2
    r_and: 3
    r_inverse: 2
    r_transitive_closure: 1
    b_empty: 4
    n_count: 10
    n_concept_distance: 5
[t=38.9071s, 1396276 KB] Finished generating composite features.
DomainFeatureDataStatistics:
    num_dlplan_states: 3
    num_boolean_features: 4
    num_numerical_features: 15
2023-03-04 19:20:13 INFO     [40m[34m..done[0m
2023-03-04 19:20:13 INFO     [40m[34mInitializing InstanceFeatureDatas...[0m
2023-03-04 19:20:13 INFO     [40m[34m..done[0m
2023-03-04 19:20:13 INFO     [40m[34mInitializing StatePairEquivalenceDatas...[0m
2023-03-04 19:20:13 INFO     [40m[34m..done[0m
2023-03-04 19:20:13 INFO     [40m[34mInitializing TupleGraphEquivalences...[0m
TupleGraphEquivalenceFactoryStatistics:
    num_subgoal_tuples: 9
    num_single_rule_subgoal_tuples: 9
    num_multi_rule_subgoal_tuples: 0
2023-03-04 19:20:13 INFO     [40m[34m..done[0m
2023-03-04 19:20:13 INFO     [40m[34m..done[0m
2023-03-04 19:20:13 INFO     [40m[33mIteration data preprocessing summary:[0m
DomainFeatureDataStatistics:
    num_dlplan_states: 3
    num_boolean_features: 4
    num_numerical_features: 15
StatePairEquivalenceStatistics:
    num_subgoal_states: 6
    num_equivalences: 3
TupleGraphEquivalenceFactoryStatistics:
    num_subgoal_tuples: 9
    num_single_rule_subgoal_tuples: 9
    num_multi_rule_subgoal_tuples: 0
TupleGraphEquivalenceFactoryStatistics:
    num_subgoal_tuples: 4
    num_single_rule_subgoal_tuples: 4
    num_multi_rule_subgoal_tuples: 0
2023-03-04 19:20:13 INFO     [40m[34mGrounding Logic Program...[0m
2023-03-04 19:20:13 INFO     [40m[34m..done[0m
2023-03-04 19:20:13 INFO     [40m[34mSolving Logic Program...[0m
Clingo statistics:
{'call': 0.0, 'result': 1.0, 'signal': 9.0, 'exhausted': 0.0, 'costs': [4.0], 'lower': [4.0], 'concurrency': 32.0, 'winner': 32.0, 'times': {'total': 0.11493897438049316, 'cpu': 0.361874000000002, 'solve': 0.03997206687927246, 'unsat': 0.0, 'sat': 0.032360076904296875}, 'models': {'enumerated': 6.0, 'optimal': 1.0}}
Solution cost: [4.0]
Total time: 0.11493897438049316
CPU time: 0.361874000000002
Solve time: 0.03997206687927246
2023-03-04 19:20:13 INFO     [40m[34m..done[0m
2023-03-04 19:20:13 INFO     Learned the following sketch:
(:policy
(:boolean_features )
(:numerical_features "n_count(c_primitive(visited,0))")
(:rule (:conditions (:c_n_gt 0)) (:effects (:e_n_inc 0)))
)
Numer of sketch rules: 1
Number of selected features: 1
Maximum complexity of selected feature: 2
2023-03-04 19:20:13 INFO     [40m[34mVerifying learned sketch...[0m
[40m[31mGroup fails to bound width of a state[0m
Group: 0
Instance: 14 p-1-0.5-2-8
State: (instance index=14, state index=2, atoms={at-robot(loc-x1-y1)})
2023-03-04 19:20:13 INFO     [40m[34m..done[0m
Smallest unsolved instance: 14
Selected instances: [14]

2023-03-04 19:20:13 INFO     [40m[31mIteration: 1[0m
Number of selected instances: 1
Selected instances:
    id: 14 name: p-1-0.5-2-8
initial states: [0, 2]
2023-03-04 19:20:13 INFO     [40m[34mInitializing DomainFeatureData...[0m
[t=39.0407s, 3522592 KB] Started generating base features of complexity 1.
[t=39.041s, 3522592 KB] Complexity 1:
    b_nullary: 0
    c_one_of: 0
    c_top: 1
    c_bot: 1
    c_primitive: 3
    r_primitive: 2
    c_and: 0
    c_not: 0
    c_equal: 0
    c_some: 0
    c_all: 0
    r_restrict: 0
    r_and: 0
    r_inverse: 0
    r_transitive_closure: 0
    b_empty: 0
    n_count: 0
    n_concept_distance: 0
[t=39.0412s, 3522592 KB] Finished generating base features.
[t=39.0413s, 3522592 KB] Started generating composite features. 
[t=39.0416s, 3522592 KB] Complexity 2:
Total concept elements: 8
Total role elements: 3
Total numerical elements: 6
Total boolean elements: 2
    b_nullary: 0
    c_one_of: 0
    c_top: 1
    c_bot: 1
    c_primitive: 3
    r_primitive: 2
    c_and: 0
    c_not: 3
    c_equal: 0
    c_some: 0
    c_all: 0
    r_restrict: 0
    r_and: 0
    r_inverse: 0
    r_transitive_closure: 1
    b_empty: 2
    n_count: 6
    n_concept_distance: 0
[t=39.0426s, 3522592 KB] Complexity 3:
Total concept elements: 13
Total role elements: 6
Total numerical elements: 8
Total boolean elements: 2
    b_nullary: 0
    c_one_of: 0
    c_top: 1
    c_bot: 1
    c_primitive: 3
    r_primitive: 2
    c_and: 1
    c_not: 3
    c_equal: 0
    c_some: 2
    c_all: 2
    r_restrict: 3
    r_and: 0
    r_inverse: 0
    r_transitive_closure: 1
    b_empty: 2
    n_count: 8
    n_concept_distance: 0
[t=39.0437s, 3522592 KB] Complexity 4:
Total concept elements: 22
Total role elements: 9
Total numerical elements: 15
Total boolean elements: 4
    b_nullary: 0
    c_one_of: 0
    c_top: 1
    c_bot: 1
    c_primitive: 3
    r_primitive: 2
    c_and: 5
    c_not: 8
    c_equal: 0
    c_some: 2
    c_all: 2
    r_restrict: 3
    r_and: 0
    r_inverse: 3
    r_transitive_closure: 1
    b_empty: 4
    n_count: 12
    n_concept_distance: 3
[t=39.0457s, 3522592 KB] Complexity 5:
Total concept elements: 43
Total role elements: 9
Total numerical elements: 23
Total boolean elements: 7
    b_nullary: 0
    c_one_of: 0
    c_top: 1
    c_bot: 1
    c_primitive: 3
    r_primitive: 2
    c_and: 17
    c_not: 12
    c_equal: 0
    c_some: 5
    c_all: 4
    r_restrict: 3
    r_and: 0
    r_inverse: 3
    r_transitive_closure: 1
    b_empty: 7
    n_count: 18
    n_concept_distance: 5
[t=39.049s, 3522592 KB] Complexity 6:
Total concept elements: 75
Total role elements: 9
Total numerical elements: 40
Total boolean elements: 11
    b_nullary: 0
    c_one_of: 0
    c_top: 1
    c_bot: 1
    c_primitive: 3
    r_primitive: 2
    c_and: 26
    c_not: 29
    c_equal: 0
    c_some: 7
    c_all: 8
    r_restrict: 3
    r_and: 0
    r_inverse: 3
    r_transitive_closure: 1
    b_empty: 11
    n_count: 31
    n_concept_distance: 9
[t=39.0537s, 3522592 KB] Complexity 7:
Total concept elements: 118
Total role elements: 10
Total numerical elements: 67
Total boolean elements: 13
    b_nullary: 0
    c_one_of: 0
    c_top: 1
    c_bot: 1
    c_primitive: 3
    r_primitive: 2
    c_and: 43
    c_not: 40
    c_equal: 0
    c_some: 17
    c_all: 13
    r_restrict: 3
    r_and: 1
    r_inverse: 3
    r_transitive_closure: 1
    b_empty: 13
    n_count: 50
    n_concept_distance: 17
[t=39.0608s, 3522592 KB] Complexity 8:
Total concept elements: 193
Total role elements: 19
Total numerical elements: 107
Total boolean elements: 17
    b_nullary: 0
    c_one_of: 0
    c_top: 1
    c_bot: 1
    c_primitive: 3
    r_primitive: 2
    c_and: 81
    c_not: 70
    c_equal: 0
    c_some: 20
    c_all: 17
    r_restrict: 3
    r_and: 9
    r_inverse: 4
    r_transitive_closure: 1
    b_empty: 17
    n_count: 74
    n_concept_distance: 33
[t=39.0702s, 3522592 KB] Complexity 9:
Total concept elements: 305
Total role elements: 19
Total numerical elements: 163
Total boolean elements: 21
    b_nullary: 0
    c_one_of: 0
    c_top: 1
    c_bot: 1
    c_primitive: 3
    r_primitive: 2
    c_and: 143
    c_not: 101
    c_equal: 0
    c_some: 29
    c_all: 27
    r_restrict: 3
    r_and: 9
    r_inverse: 4
    r_transitive_closure: 1
    b_empty: 21
    n_count: 112
    n_concept_distance: 51
[t=39.0703s, 3522592 KB] Finished generating composite features.
DomainFeatureDataStatistics:
    num_dlplan_states: 5
    num_boolean_features: 21
    num_numerical_features: 163
2023-03-04 19:20:13 INFO     [40m[34m..done[0m
2023-03-04 19:20:13 INFO     [40m[34mInitializing InstanceFeatureDatas...[0m
2023-03-04 19:20:13 INFO     [40m[34m..done[0m
2023-03-04 19:20:13 INFO     [40m[34mInitializing StatePairEquivalenceDatas...[0m
2023-03-04 19:20:13 INFO     [40m[34m..done[0m
2023-03-04 19:20:13 INFO     [40m[34mInitializing TupleGraphEquivalences...[0m
TupleGraphEquivalenceFactoryStatistics:
    num_subgoal_tuples: 16
    num_single_rule_subgoal_tuples: 16
    num_multi_rule_subgoal_tuples: 0
2023-03-04 19:20:13 INFO     [40m[34m..done[0m
2023-03-04 19:20:13 INFO     [40m[34m..done[0m
2023-03-04 19:20:13 INFO     [40m[33mIteration data preprocessing summary:[0m
DomainFeatureDataStatistics:
    num_dlplan_states: 5
    num_boolean_features: 21
    num_numerical_features: 163
StatePairEquivalenceStatistics:
    num_subgoal_states: 12
    num_equivalences: 12
TupleGraphEquivalenceFactoryStatistics:
    num_subgoal_tuples: 16
    num_single_rule_subgoal_tuples: 16
    num_multi_rule_subgoal_tuples: 0
TupleGraphEquivalenceFactoryStatistics:
    num_subgoal_tuples: 12
    num_single_rule_subgoal_tuples: 12
    num_multi_rule_subgoal_tuples: 0
2023-03-04 19:20:13 INFO     [40m[34mGrounding Logic Program...[0m
2023-03-04 19:20:14 INFO     [40m[34m..done[0m
2023-03-04 19:20:14 INFO     [40m[34mSolving Logic Program...[0m
Clingo statistics:
{'call': 0.0, 'result': 1.0, 'signal': 9.0, 'exhausted': 0.0, 'costs': [7.0], 'lower': [7.0], 'concurrency': 32.0, 'winner': 32.0, 'times': {'total': 0.5630741119384766, 'cpu': 5.541131000000002, 'solve': 0.28105711936950684, 'unsat': 0.0, 'sat': 0.20298504829406738}, 'models': {'enumerated': 13.0, 'optimal': 1.0}}
Solution cost: [7.0]
Total time: 0.5630741119384766
CPU time: 5.541131000000002
Solve time: 0.28105711936950684
2023-03-04 19:20:14 INFO     [40m[34m..done[0m
2023-03-04 19:20:14 INFO     Learned the following sketch:
(:policy
(:boolean_features )
(:numerical_features "n_concept_distance(c_primitive(at-robot,0),r_primitive(connected,0,1),c_not(c_primitive(visited,0)))")
(:rule (:conditions ) (:effects (:e_n_inc 0)))
)
Numer of sketch rules: 1
Number of selected features: 1
Maximum complexity of selected feature: 5
2023-03-04 19:20:14 INFO     [40m[34mVerifying learned sketch...[0m
[40m[31mGroup fails to bound width of a state[0m
Group: 0
Instance: 12 p-1-0.5-2-4
State: (instance index=12, state index=0, atoms={at-robot(loc-x1-y0)})
2023-03-04 19:20:14 INFO     [40m[34m..done[0m
Smallest unsolved instance: 12
Selected instances: [14, 12]

2023-03-04 19:20:14 INFO     [40m[31mIteration: 2[0m
Number of selected instances: 2
Selected instances:
    id: 14 name: p-1-0.5-2-8
initial states: [0, 2]
    id: 12 name: p-1-0.5-2-4
initial states: [0]
2023-03-04 19:20:14 INFO     [40m[34mInitializing DomainFeatureData...[0m
[t=39.6807s, 3565724 KB] Started generating base features of complexity 1.
[t=39.6809s, 3565724 KB] Complexity 1:
    b_nullary: 0
    c_one_of: 0
    c_top: 1
    c_bot: 1
    c_primitive: 3
    r_primitive: 2
    c_and: 0
    c_not: 0
    c_equal: 0
    c_some: 0
    c_all: 0
    r_restrict: 0
    r_and: 0
    r_inverse: 0
    r_transitive_closure: 0
    b_empty: 0
    n_count: 0
    n_concept_distance: 0
[t=39.6811s, 3565724 KB] Finished generating base features.
[t=39.6811s, 3565724 KB] Started generating composite features. 
[t=39.6814s, 3565724 KB] Complexity 2:
Total concept elements: 8
Total role elements: 3
Total numerical elements: 6
Total boolean elements: 2
    b_nullary: 0
    c_one_of: 0
    c_top: 1
    c_bot: 1
    c_primitive: 3
    r_primitive: 2
    c_and: 0
    c_not: 3
    c_equal: 0
    c_some: 0
    c_all: 0
    r_restrict: 0
    r_and: 0
    r_inverse: 0
    r_transitive_closure: 1
    b_empty: 2
    n_count: 6
    n_concept_distance: 0
[t=39.6821s, 3565724 KB] Complexity 3:
Total concept elements: 14
Total role elements: 6
Total numerical elements: 8
Total boolean elements: 2
    b_nullary: 0
    c_one_of: 0
    c_top: 1
    c_bot: 1
    c_primitive: 3
    r_primitive: 2
    c_and: 1
    c_not: 3
    c_equal: 0
    c_some: 2
    c_all: 3
    r_restrict: 3
    r_and: 0
    r_inverse: 0
    r_transitive_closure: 1
    b_empty: 2
    n_count: 8
    n_concept_distance: 0
[t=39.683s, 3565724 KB] Complexity 4:
Total concept elements: 24
Total role elements: 9
Total numerical elements: 16
Total boolean elements: 5
    b_nullary: 0
    c_one_of: 0
    c_top: 1
    c_bot: 1
    c_primitive: 3
    r_primitive: 2
    c_and: 5
    c_not: 9
    c_equal: 0
    c_some: 2
    c_all: 3
    r_restrict: 3
    r_and: 0
    r_inverse: 3
    r_transitive_closure: 1
    b_empty: 5
    n_count: 13
    n_concept_distance: 3
[t=39.6846s, 3565724 KB] Complexity 5:
Total concept elements: 49
Total role elements: 9
Total numerical elements: 28
Total boolean elements: 8
    b_nullary: 0
    c_one_of: 0
    c_top: 1
    c_bot: 1
    c_primitive: 3
    r_primitive: 2
    c_and: 20
    c_not: 13
    c_equal: 0
    c_some: 6
    c_all: 5
    r_restrict: 3
    r_and: 0
    r_inverse: 3
    r_transitive_closure: 1
    b_empty: 8
    n_count: 21
    n_concept_distance: 7
[t=39.6867s, 3565724 KB] Complexity 6:
Total concept elements: 101
Total role elements: 9
Total numerical elements: 51
Total boolean elements: 14
    b_nullary: 0
    c_one_of: 0
    c_top: 1
    c_bot: 1
    c_primitive: 3
    r_primitive: 2
    c_and: 39
    c_not: 34
    c_equal: 0
    c_some: 9
    c_all: 14
    r_restrict: 3
    r_and: 0
    r_inverse: 3
    r_transitive_closure: 1
    b_empty: 14
    n_count: 38
    n_concept_distance: 13
[t=39.6913s, 3565724 KB] Complexity 7:
Total concept elements: 166
Total role elements: 10
Total numerical elements: 96
Total boolean elements: 18
    b_nullary: 0
    c_one_of: 0
    c_top: 1
    c_bot: 1
    c_primitive: 3
    r_primitive: 2
    c_and: 62
    c_not: 55
    c_equal: 0
    c_some: 21
    c_all: 23
    r_restrict: 3
    r_and: 1
    r_inverse: 3
    r_transitive_closure: 1
    b_empty: 18
    n_count: 70
    n_concept_distance: 26
[t=39.6992s, 3565724 KB] Complexity 8:
Total concept elements: 281
Total role elements: 19
Total numerical elements: 158
Total boolean elements: 23
    b_nullary: 0
    c_one_of: 0
    c_top: 1
    c_bot: 1
    c_primitive: 3
    r_primitive: 2
    c_and: 120
    c_not: 97
    c_equal: 0
    c_some: 27
    c_all: 32
    r_restrict: 3
    r_and: 9
    r_inverse: 4
    r_transitive_closure: 1
    b_empty: 23
    n_count: 108
    n_concept_distance: 50
[t=39.7126s, 3565724 KB] Complexity 9:
Total concept elements: 468
Total role elements: 19
Total numerical elements: 251
Total boolean elements: 33
    b_nullary: 0
    c_one_of: 0
    c_top: 1
    c_bot: 1
    c_primitive: 3
    r_primitive: 2
    c_and: 213
    c_not: 159
    c_equal: 0
    c_some: 39
    c_all: 52
    r_restrict: 3
    r_and: 9
    r_inverse: 4
    r_transitive_closure: 1
    b_empty: 33
    n_count: 173
    n_concept_distance: 78
[t=39.7128s, 3565724 KB] Finished generating composite features.
DomainFeatureDataStatistics:
    num_dlplan_states: 9
    num_boolean_features: 33
    num_numerical_features: 251
2023-03-04 19:20:14 INFO     [40m[34m..done[0m
2023-03-04 19:20:14 INFO     [40m[34mInitializing InstanceFeatureDatas...[0m
2023-03-04 19:20:14 INFO     [40m[34m..done[0m
2023-03-04 19:20:14 INFO     [40m[34mInitializing StatePairEquivalenceDatas...[0m
2023-03-04 19:20:14 INFO     [40m[34m..done[0m
2023-03-04 19:20:14 INFO     [40m[34mInitializing TupleGraphEquivalences...[0m
TupleGraphEquivalenceFactoryStatistics:
    num_subgoal_tuples: 29
    num_single_rule_subgoal_tuples: 29
    num_multi_rule_subgoal_tuples: 0
2023-03-04 19:20:14 INFO     [40m[34m..done[0m
2023-03-04 19:20:14 INFO     [40m[34m..done[0m
2023-03-04 19:20:14 INFO     [40m[33mIteration data preprocessing summary:[0m
DomainFeatureDataStatistics:
    num_dlplan_states: 9
    num_boolean_features: 33
    num_numerical_features: 251
StatePairEquivalenceStatistics:
    num_subgoal_states: 21
    num_equivalences: 14
TupleGraphEquivalenceFactoryStatistics:
    num_subgoal_tuples: 29
    num_single_rule_subgoal_tuples: 29
    num_multi_rule_subgoal_tuples: 0
TupleGraphEquivalenceFactoryStatistics:
    num_subgoal_tuples: 21
    num_single_rule_subgoal_tuples: 21
    num_multi_rule_subgoal_tuples: 0
2023-03-04 19:20:14 INFO     [40m[34mGrounding Logic Program...[0m
2023-03-04 19:20:14 INFO     [40m[34m..done[0m
2023-03-04 19:20:14 INFO     [40m[34mSolving Logic Program...[0m
Clingo statistics:
{'call': 0.0, 'result': 1.0, 'signal': 9.0, 'exhausted': 0.0, 'costs': [9.0], 'lower': [9.0], 'concurrency': 32.0, 'winner': 32.0, 'times': {'total': 1.832360029220581, 'cpu': 35.541864000000004, 'solve': 1.225801944732666, 'unsat': 0.0, 'sat': 0.5821268558502197}, 'models': {'enumerated': 49.0, 'optimal': 1.0}}
Solution cost: [9.0]
Total time: 1.832360029220581
CPU time: 35.541864000000004
Solve time: 1.225801944732666
2023-03-04 19:20:16 INFO     [40m[34m..done[0m
2023-03-04 19:20:16 INFO     Learned the following sketch:
(:policy
(:boolean_features )
(:numerical_features "n_concept_distance(c_primitive(at-robot,0),r_restrict(r_primitive(connected,0,1),c_primitive(visited_g,0)),c_not(c_primitive(visited,0)))")
(:rule (:conditions ) (:effects (:e_n_inc 0)))
)
Numer of sketch rules: 1
Number of selected features: 1
Maximum complexity of selected feature: 7
2023-03-04 19:20:16 INFO     [40m[34mVerifying learned sketch...[0m
[40m[31mGroup fails to bound width of a state[0m
Group: 0
Instance: 15 p-1-0.5-2-2
State: (instance index=15, state index=0, atoms={at-robot(loc-x1-y0)})
2023-03-04 19:20:16 INFO     [40m[34m..done[0m
Smallest unsolved instance: 15
Selected instances: [15]

2023-03-04 19:20:16 INFO     [40m[31mIteration: 3[0m
Number of selected instances: 1
Selected instances:
    id: 15 name: p-1-0.5-2-2
initial states: [0, 1, 3]
2023-03-04 19:20:16 INFO     [40m[34mInitializing DomainFeatureData...[0m
[t=41.6391s, 3606064 KB] Started generating base features of complexity 1.
[t=41.6393s, 3606064 KB] Complexity 1:
    b_nullary: 0
    c_one_of: 0
    c_top: 1
    c_bot: 1
    c_primitive: 2
    r_primitive: 2
    c_and: 0
    c_not: 0
    c_equal: 0
    c_some: 0
    c_all: 0
    r_restrict: 0
    r_and: 0
    r_inverse: 0
    r_transitive_closure: 0
    b_empty: 0
    n_count: 0
    n_concept_distance: 0
[t=41.6395s, 3606064 KB] Finished generating base features.
[t=41.6396s, 3606064 KB] Started generating composite features. 
[t=41.6398s, 3606064 KB] Complexity 2:
Total concept elements: 6
Total role elements: 3
Total numerical elements: 5
Total boolean elements: 2
    b_nullary: 0
    c_one_of: 0
    c_top: 1
    c_bot: 1
    c_primitive: 2
    r_primitive: 2
    c_and: 0
    c_not: 2
    c_equal: 0
    c_some: 0
    c_all: 0
    r_restrict: 0
    r_and: 0
    r_inverse: 0
    r_transitive_closure: 1
    b_empty: 2
    n_count: 5
    n_concept_distance: 0
[t=41.6404s, 3606064 KB] Complexity 3:
Total concept elements: 10
Total role elements: 5
Total numerical elements: 8
Total boolean elements: 3
    b_nullary: 0
    c_one_of: 0
    c_top: 1
    c_bot: 1
    c_primitive: 2
    r_primitive: 2
    c_and: 0
    c_not: 2
    c_equal: 0
    c_some: 2
    c_all: 2
    r_restrict: 2
    r_and: 0
    r_inverse: 0
    r_transitive_closure: 1
    b_empty: 3
    n_count: 8
    n_concept_distance: 0
[t=41.6409s, 3606064 KB] Complexity 4:
Total concept elements: 16
Total role elements: 7
Total numerical elements: 14
Total boolean elements: 5
    b_nullary: 0
    c_one_of: 0
    c_top: 1
    c_bot: 1
    c_primitive: 2
    r_primitive: 2
    c_and: 1
    c_not: 6
    c_equal: 0
    c_some: 2
    c_all: 3
    r_restrict: 2
    r_and: 0
    r_inverse: 2
    r_transitive_closure: 1
    b_empty: 5
    n_count: 13
    n_concept_distance: 1
[t=41.6416s, 3606064 KB] Complexity 5:
Total concept elements: 28
Total role elements: 7
Total numerical elements: 21
Total boolean elements: 7
    b_nullary: 0
    c_one_of: 0
    c_top: 1
    c_bot: 1
    c_primitive: 2
    r_primitive: 2
    c_and: 7
    c_not: 8
    c_equal: 0
    c_some: 5
    c_all: 4
    r_restrict: 2
    r_and: 0
    r_inverse: 2
    r_transitive_closure: 1
    b_empty: 7
    n_count: 19
    n_concept_distance: 2
[t=41.6426s, 3606064 KB] Complexity 6:
Total concept elements: 56
Total role elements: 7
Total numerical elements: 36
Total boolean elements: 9
    b_nullary: 0
    c_one_of: 0
    c_top: 1
    c_bot: 1
    c_primitive: 2
    r_primitive: 2
    c_and: 19
    c_not: 18
    c_equal: 0
    c_some: 7
    c_all: 8
    r_restrict: 2
    r_and: 0
    r_inverse: 2
    r_transitive_closure: 1
    b_empty: 9
    n_count: 29
    n_concept_distance: 7
[t=41.6445s, 3606064 KB] Complexity 7:
Total concept elements: 90
Total role elements: 7
Total numerical elements: 63
Total boolean elements: 12
    b_nullary: 0
    c_one_of: 0
    c_top: 1
    c_bot: 1
    c_primitive: 2
    r_primitive: 2
    c_and: 32
    c_not: 30
    c_equal: 0
    c_some: 11
    c_all: 13
    r_restrict: 2
    r_and: 0
    r_inverse: 2
    r_transitive_closure: 1
    b_empty: 12
    n_count: 51
    n_concept_distance: 12
[t=41.6482s, 3606064 KB] Complexity 8:
Total concept elements: 156
Total role elements: 10
Total numerical elements: 95
Total boolean elements: 17
    b_nullary: 0
    c_one_of: 0
    c_top: 1
    c_bot: 1
    c_primitive: 2
    r_primitive: 2
    c_and: 55
    c_not: 52
    c_equal: 0
    c_some: 22
    c_all: 23
    r_restrict: 2
    r_and: 3
    r_inverse: 2
    r_transitive_closure: 1
    b_empty: 17
    n_count: 78
    n_concept_distance: 17
[t=41.6539s, 3606064 KB] Complexity 9:
Total concept elements: 225
Total role elements: 10
Total numerical elements: 149
Total boolean elements: 18
    b_nullary: 0
    c_one_of: 0
    c_top: 1
    c_bot: 1
    c_primitive: 2
    r_primitive: 2
    c_and: 85
    c_not: 80
    c_equal: 0
    c_some: 27
    c_all: 29
    r_restrict: 2
    r_and: 3
    r_inverse: 2
    r_transitive_closure: 1
    b_empty: 18
    n_count: 122
    n_concept_distance: 27
[t=41.654s, 3606064 KB] Finished generating composite features.
DomainFeatureDataStatistics:
    num_dlplan_states: 6
    num_boolean_features: 18
    num_numerical_features: 149
2023-03-04 19:20:16 INFO     [40m[34m..done[0m
2023-03-04 19:20:16 INFO     [40m[34mInitializing InstanceFeatureDatas...[0m
2023-03-04 19:20:16 INFO     [40m[34m..done[0m
2023-03-04 19:20:16 INFO     [40m[34mInitializing StatePairEquivalenceDatas...[0m
2023-03-04 19:20:16 INFO     [40m[34m..done[0m
2023-03-04 19:20:16 INFO     [40m[34mInitializing TupleGraphEquivalences...[0m
TupleGraphEquivalenceFactoryStatistics:
    num_subgoal_tuples: 24
    num_single_rule_subgoal_tuples: 24
    num_multi_rule_subgoal_tuples: 0
2023-03-04 19:20:16 INFO     [40m[34m..done[0m
2023-03-04 19:20:16 INFO     [40m[34m..done[0m
2023-03-04 19:20:16 INFO     [40m[33mIteration data preprocessing summary:[0m
DomainFeatureDataStatistics:
    num_dlplan_states: 6
    num_boolean_features: 18
    num_numerical_features: 149
StatePairEquivalenceStatistics:
    num_subgoal_states: 14
    num_equivalences: 11
TupleGraphEquivalenceFactoryStatistics:
    num_subgoal_tuples: 24
    num_single_rule_subgoal_tuples: 24
    num_multi_rule_subgoal_tuples: 0
TupleGraphEquivalenceFactoryStatistics:
    num_subgoal_tuples: 13
    num_single_rule_subgoal_tuples: 13
    num_multi_rule_subgoal_tuples: 0
2023-03-04 19:20:16 INFO     [40m[34mGrounding Logic Program...[0m
2023-03-04 19:20:16 INFO     [40m[34m..done[0m
2023-03-04 19:20:16 INFO     [40m[34mSolving Logic Program...[0m
Clingo statistics:
{'call': 0.0, 'result': 1.0, 'signal': 9.0, 'exhausted': 0.0, 'costs': [10.0], 'lower': [10.0], 'concurrency': 32.0, 'winner': 32.0, 'times': {'total': 0.9899389743804932, 'cpu': 19.608514999999997, 'solve': 0.6234378814697266, 'unsat': 0.0, 'sat': 0.1525430679321289}, 'models': {'enumerated': 96.0, 'optimal': 1.0}}
Solution cost: [10.0]
Total time: 0.9899389743804932
CPU time: 19.608514999999997
Solve time: 0.6234378814697266
2023-03-04 19:20:17 INFO     [40m[34m..done[0m
2023-03-04 19:20:17 INFO     Learned the following sketch:
(:policy
(:boolean_features )
(:numerical_features "n_count(c_some(r_primitive(connected,0,1),c_all(r_restrict(r_primitive(connected,0,1),c_primitive(visited,0)),c_primitive(at-robot,0))))")
(:rule (:conditions ) (:effects (:e_n_dec 0)))
)
Numer of sketch rules: 1
Number of selected features: 1
Maximum complexity of selected feature: 8
2023-03-04 19:20:17 INFO     [40m[34mVerifying learned sketch...[0m
[40m[31mGroup fails to bound width of a state[0m
Group: 0
Instance: 14 p-1-0.5-2-8
State: (instance index=14, state index=2, atoms={at-robot(loc-x1-y1)})
2023-03-04 19:20:17 INFO     [40m[34m..done[0m
Smallest unsolved instance: 14
Selected instances: [15, 14]

2023-03-04 19:20:17 INFO     [40m[31mIteration: 4[0m
Number of selected instances: 2
Selected instances:
    id: 15 name: p-1-0.5-2-2
initial states: [0, 1, 3]
    id: 14 name: p-1-0.5-2-8
initial states: [0, 2]
2023-03-04 19:20:17 INFO     [40m[34mInitializing DomainFeatureData...[0m
[t=42.6872s, 3606064 KB] Started generating base features of complexity 1.
[t=42.6874s, 3606064 KB] Complexity 1:
    b_nullary: 0
    c_one_of: 0
    c_top: 1
    c_bot: 1
    c_primitive: 3
    r_primitive: 2
    c_and: 0
    c_not: 0
    c_equal: 0
    c_some: 0
    c_all: 0
    r_restrict: 0
    r_and: 0
    r_inverse: 0
    r_transitive_closure: 0
    b_empty: 0
    n_count: 0
    n_concept_distance: 0
[t=42.6875s, 3606064 KB] Finished generating base features.
[t=42.6875s, 3606064 KB] Started generating composite features. 
[t=42.6877s, 3606064 KB] Complexity 2:
Total concept elements: 8
Total role elements: 3
Total numerical elements: 6
Total boolean elements: 2
    b_nullary: 0
    c_one_of: 0
    c_top: 1
    c_bot: 1
    c_primitive: 3
    r_primitive: 2
    c_and: 0
    c_not: 3
    c_equal: 0
    c_some: 0
    c_all: 0
    r_restrict: 0
    r_and: 0
    r_inverse: 0
    r_transitive_closure: 1
    b_empty: 2
    n_count: 6
    n_concept_distance: 0
[t=42.6882s, 3606064 KB] Complexity 3:
Total concept elements: 14
Total role elements: 6
Total numerical elements: 10
Total boolean elements: 4
    b_nullary: 0
    c_one_of: 0
    c_top: 1
    c_bot: 1
    c_primitive: 3
    r_primitive: 2
    c_and: 1
    c_not: 3
    c_equal: 0
    c_some: 2
    c_all: 3
    r_restrict: 3
    r_and: 0
    r_inverse: 0
    r_transitive_closure: 1
    b_empty: 4
    n_count: 10
    n_concept_distance: 0
[t=42.6888s, 3606064 KB] Complexity 4:
Total concept elements: 26
Total role elements: 9
Total numerical elements: 20
Total boolean elements: 7
    b_nullary: 0
    c_one_of: 0
    c_top: 1
    c_bot: 1
    c_primitive: 3
    r_primitive: 2
    c_and: 5
    c_not: 9
    c_equal: 0
    c_some: 2
    c_all: 5
    r_restrict: 3
    r_and: 0
    r_inverse: 3
    r_transitive_closure: 1
    b_empty: 7
    n_count: 17
    n_concept_distance: 3
[t=42.6899s, 3606064 KB] Complexity 5:
Total concept elements: 56
Total role elements: 9
Total numerical elements: 33
Total boolean elements: 13
    b_nullary: 0
    c_one_of: 0
    c_top: 1
    c_bot: 1
    c_primitive: 3
    r_primitive: 2
    c_and: 20
    c_not: 15
    c_equal: 0
    c_some: 7
    c_all: 9
    r_restrict: 3
    r_and: 0
    r_inverse: 3
    r_transitive_closure: 1
    b_empty: 13
    n_count: 27
    n_concept_distance: 6
[t=42.692s, 3606064 KB] Complexity 6:
Total concept elements: 112
Total role elements: 9
Total numerical elements: 68
Total boolean elements: 22
    b_nullary: 0
    c_one_of: 0
    c_top: 1
    c_bot: 1
    c_primitive: 3
    r_primitive: 2
    c_and: 40
    c_not: 39
    c_equal: 0
    c_some: 10
    c_all: 18
    r_restrict: 3
    r_and: 0
    r_inverse: 3
    r_transitive_closure: 1
    b_empty: 22
    n_count: 55
    n_concept_distance: 13
[t=42.6963s, 3606064 KB] Complexity 7:
Total concept elements: 209
Total role elements: 10
Total numerical elements: 130
Total boolean elements: 32
    b_nullary: 0
    c_one_of: 0
    c_top: 1
    c_bot: 1
    c_primitive: 3
    r_primitive: 2
    c_and: 83
    c_not: 61
    c_equal: 0
    c_some: 26
    c_all: 34
    r_restrict: 3
    r_and: 1
    r_inverse: 3
    r_transitive_closure: 1
    b_empty: 32
    n_count: 106
    n_concept_distance: 24
[t=42.7052s, 3606064 KB] Complexity 8:
Total concept elements: 421
Total role elements: 19
Total numerical elements: 245
Total boolean elements: 49
    b_nullary: 0
    c_one_of: 0
    c_top: 1
    c_bot: 1
    c_primitive: 3
    r_primitive: 2
    c_and: 174
    c_not: 134
    c_equal: 0
    c_some: 46
    c_all: 62
    r_restrict: 3
    r_and: 9
    r_inverse: 4
    r_transitive_closure: 1
    b_empty: 49
    n_count: 194
    n_concept_distance: 51
[t=42.7237s, 3606064 KB] Complexity 9:
Total concept elements: 733
Total role elements: 19
Total numerical elements: 458
Total boolean elements: 72
    b_nullary: 0
    c_one_of: 0
    c_top: 1
    c_bot: 1
    c_primitive: 3
    r_primitive: 2
    c_and: 329
    c_not: 229
    c_equal: 0
    c_some: 67
    c_all: 103
    r_restrict: 3
    r_and: 9
    r_inverse: 4
    r_transitive_closure: 1
    b_empty: 72
    n_count: 376
    n_concept_distance: 82
[t=42.7238s, 3606064 KB] Finished generating composite features.
DomainFeatureDataStatistics:
    num_dlplan_states: 11
    num_boolean_features: 72
    num_numerical_features: 458
2023-03-04 19:20:17 INFO     [40m[34m..done[0m
2023-03-04 19:20:17 INFO     [40m[34mInitializing InstanceFeatureDatas...[0m
2023-03-04 19:20:17 INFO     [40m[34m..done[0m
2023-03-04 19:20:17 INFO     [40m[34mInitializing StatePairEquivalenceDatas...[0m
2023-03-04 19:20:17 INFO     [40m[34m..done[0m
2023-03-04 19:20:17 INFO     [40m[34mInitializing TupleGraphEquivalences...[0m
TupleGraphEquivalenceFactoryStatistics:
    num_subgoal_tuples: 40
    num_single_rule_subgoal_tuples: 40
    num_multi_rule_subgoal_tuples: 0
2023-03-04 19:20:17 INFO     [40m[34m..done[0m
2023-03-04 19:20:17 INFO     [40m[34m..done[0m
2023-03-04 19:20:17 INFO     [40m[33mIteration data preprocessing summary:[0m
DomainFeatureDataStatistics:
    num_dlplan_states: 11
    num_boolean_features: 72
    num_numerical_features: 458
StatePairEquivalenceStatistics:
    num_subgoal_states: 26
    num_equivalences: 23
TupleGraphEquivalenceFactoryStatistics:
    num_subgoal_tuples: 40
    num_single_rule_subgoal_tuples: 40
    num_multi_rule_subgoal_tuples: 0
TupleGraphEquivalenceFactoryStatistics:
    num_subgoal_tuples: 25
    num_single_rule_subgoal_tuples: 25
    num_multi_rule_subgoal_tuples: 0
2023-03-04 19:20:17 INFO     [40m[34mGrounding Logic Program...[0m
2023-03-04 19:20:18 INFO     [40m[34m..done[0m
2023-03-04 19:20:18 INFO     [40m[34mSolving Logic Program...[0m
Clingo statistics:
{'call': 0.0, 'result': 1.0, 'signal': 9.0, 'exhausted': 0.0, 'costs': [10.0], 'lower': [10.0], 'concurrency': 32.0, 'winner': 32.0, 'times': {'total': 14.616159915924072, 'cpu': 396.481144, 'solve': 12.864262104034424, 'unsat': 0.0, 'sat': 9.526896953582764}, 'models': {'enumerated': 57.0, 'optimal': 1.0}}
Solution cost: [10.0]
Total time: 14.616159915924072
CPU time: 396.481144
Solve time: 12.864262104034424
2023-03-04 19:20:32 INFO     [40m[34m..done[0m
2023-03-04 19:20:32 INFO     Learned the following sketch:
(:policy
(:boolean_features )
(:numerical_features "n_count(c_all(r_primitive(connected,0,1),c_primitive(at-robot,0)))" "n_count(c_primitive(visited,0))")
(:rule (:conditions (:c_n_eq 0)) (:effects (:e_n_inc 0)))
(:rule (:conditions (:c_n_gt 0)) (:effects (:e_n_inc 1)))
)
Numer of sketch rules: 2
Number of selected features: 2
Maximum complexity of selected feature: 4
2023-03-04 19:20:32 INFO     [40m[34mVerifying learned sketch...[0m
[40m[31mGroup fails to bound width of a state[0m
Group: 0
Instance: 29 p-2-0.5-3-7
State: (instance index=29, state index=4, atoms={at-robot(loc-x0-y2), visited(loc-x0-y1)})
2023-03-04 19:20:32 INFO     [40m[34m..done[0m
Smallest unsolved instance: 29
Selected instances: [29]

2023-03-04 19:20:32 INFO     [40m[31mIteration: 5[0m
Number of selected instances: 1
Selected instances:
    id: 29 name: p-2-0.5-3-7
initial states: [0, 1, 2, 4, 7]
2023-03-04 19:20:32 INFO     [40m[34mInitializing DomainFeatureData...[0m
[t=57.5326s, 3780720 KB] Started generating base features of complexity 1.
[t=57.5328s, 3780720 KB] Complexity 1:
    b_nullary: 0
    c_one_of: 0
    c_top: 1
    c_bot: 1
    c_primitive: 3
    r_primitive: 2
    c_and: 0
    c_not: 0
    c_equal: 0
    c_some: 0
    c_all: 0
    r_restrict: 0
    r_and: 0
    r_inverse: 0
    r_transitive_closure: 0
    b_empty: 0
    n_count: 0
    n_concept_distance: 0
[t=57.5329s, 3780720 KB] Finished generating base features.
[t=57.5329s, 3780720 KB] Started generating composite features. 
[t=57.5332s, 3780720 KB] Complexity 2:
Total concept elements: 8
Total role elements: 3
Total numerical elements: 6
Total boolean elements: 2
    b_nullary: 0
    c_one_of: 0
    c_top: 1
    c_bot: 1
    c_primitive: 3
    r_primitive: 2
    c_and: 0
    c_not: 3
    c_equal: 0
    c_some: 0
    c_all: 0
    r_restrict: 0
    r_and: 0
    r_inverse: 0
    r_transitive_closure: 1
    b_empty: 2
    n_count: 6
    n_concept_distance: 0
[t=57.5339s, 3780720 KB] Complexity 3:
Total concept elements: 15
Total role elements: 6
Total numerical elements: 10
Total boolean elements: 2
    b_nullary: 0
    c_one_of: 0
    c_top: 1
    c_bot: 1
    c_primitive: 3
    r_primitive: 2
    c_and: 1
    c_not: 3
    c_equal: 0
    c_some: 3
    c_all: 3
    r_restrict: 3
    r_and: 0
    r_inverse: 0
    r_transitive_closure: 1
    b_empty: 2
    n_count: 10
    n_concept_distance: 0
[t=57.5346s, 3780720 KB] Complexity 4:
Total concept elements: 26
Total role elements: 9
Total numerical elements: 21
Total boolean elements: 4
    b_nullary: 0
    c_one_of: 0
    c_top: 1
    c_bot: 1
    c_primitive: 3
    r_primitive: 2
    c_and: 5
    c_not: 10
    c_equal: 0
    c_some: 3
    c_all: 3
    r_restrict: 3
    r_and: 0
    r_inverse: 3
    r_transitive_closure: 1
    b_empty: 4
    n_count: 18
    n_concept_distance: 3
[t=57.536s, 3780720 KB] Complexity 5:
Total concept elements: 60
Total role elements: 9
Total numerical elements: 33
Total boolean elements: 7
    b_nullary: 0
    c_one_of: 0
    c_top: 1
    c_bot: 1
    c_primitive: 3
    r_primitive: 2
    c_and: 18
    c_not: 14
    c_equal: 0
    c_some: 10
    c_all: 13
    r_restrict: 3
    r_and: 0
    r_inverse: 3
    r_transitive_closure: 1
    b_empty: 7
    n_count: 27
    n_concept_distance: 6
[t=57.5386s, 3780720 KB] Complexity 6:
Total concept elements: 121
Total role elements: 9
Total numerical elements: 69
Total boolean elements: 14
    b_nullary: 0
    c_one_of: 0
    c_top: 1
    c_bot: 1
    c_primitive: 3
    r_primitive: 2
    c_and: 40
    c_not: 44
    c_equal: 0
    c_some: 12
    c_all: 20
    r_restrict: 3
    r_and: 0
    r_inverse: 3
    r_transitive_closure: 1
    b_empty: 14
    n_count: 53
    n_concept_distance: 16
[t=57.5443s, 3780720 KB] Complexity 7:
Total concept elements: 243
Total role elements: 10
Total numerical elements: 130
Total boolean elements: 23
    b_nullary: 0
    c_one_of: 0
    c_top: 1
    c_bot: 1
    c_primitive: 3
    r_primitive: 2
    c_and: 83
    c_not: 67
    c_equal: 0
    c_some: 37
    c_all: 51
    r_restrict: 3
    r_and: 1
    r_inverse: 3
    r_transitive_closure: 1
    b_empty: 23
    n_count: 102
    n_concept_distance: 28
[t=57.5564s, 3780720 KB] Complexity 8:
Total concept elements: 499
Total role elements: 19
Total numerical elements: 267
Total boolean elements: 38
    b_nullary: 0
    c_one_of: 0
    c_top: 1
    c_bot: 1
    c_primitive: 3
    r_primitive: 2
    c_and: 204
    c_not: 162
    c_equal: 0
    c_some: 56
    c_all: 72
    r_restrict: 3
    r_and: 9
    r_inverse: 4
    r_transitive_closure: 1
    b_empty: 38
    n_count: 203
    n_concept_distance: 64
[t=57.5844s, 3780720 KB] Complexity 9:
Total concept elements: 1034
Total role elements: 19
Total numerical elements: 505
Total boolean elements: 63
    b_nullary: 0
    c_one_of: 0
    c_top: 1
    c_bot: 1
    c_primitive: 3
    r_primitive: 2
    c_and: 424
    c_not: 307
    c_equal: 0
    c_some: 127
    c_all: 171
    r_restrict: 3
    r_and: 9
    r_inverse: 4
    r_transitive_closure: 1
    b_empty: 63
    n_count: 396
    n_concept_distance: 109
[t=57.5845s, 3780720 KB] Finished generating composite features.
DomainFeatureDataStatistics:
    num_dlplan_states: 12
    num_boolean_features: 63
    num_numerical_features: 505
2023-03-04 19:20:32 INFO     [40m[34m..done[0m
2023-03-04 19:20:32 INFO     [40m[34mInitializing InstanceFeatureDatas...[0m
2023-03-04 19:20:32 INFO     [40m[34m..done[0m
2023-03-04 19:20:32 INFO     [40m[34mInitializing StatePairEquivalenceDatas...[0m
2023-03-04 19:20:32 INFO     [40m[34m..done[0m
2023-03-04 19:20:32 INFO     [40m[34mInitializing TupleGraphEquivalences...[0m
TupleGraphEquivalenceFactoryStatistics:
    num_subgoal_tuples: 51
    num_single_rule_subgoal_tuples: 51
    num_multi_rule_subgoal_tuples: 0
2023-03-04 19:20:32 INFO     [40m[34m..done[0m
2023-03-04 19:20:32 INFO     [40m[34m..done[0m
2023-03-04 19:20:32 INFO     [40m[33mIteration data preprocessing summary:[0m
DomainFeatureDataStatistics:
    num_dlplan_states: 12
    num_boolean_features: 63
    num_numerical_features: 505
StatePairEquivalenceStatistics:
    num_subgoal_states: 32
    num_equivalences: 32
TupleGraphEquivalenceFactoryStatistics:
    num_subgoal_tuples: 51
    num_single_rule_subgoal_tuples: 51
    num_multi_rule_subgoal_tuples: 0
TupleGraphEquivalenceFactoryStatistics:
    num_subgoal_tuples: 32
    num_single_rule_subgoal_tuples: 32
    num_multi_rule_subgoal_tuples: 0
2023-03-04 19:20:33 INFO     [40m[34mGrounding Logic Program...[0m
2023-03-04 19:20:34 INFO     [40m[34m..done[0m
2023-03-04 19:20:34 INFO     [40m[34mSolving Logic Program...[0m
Clingo statistics:
{'call': 0.0, 'result': 1.0, 'signal': 9.0, 'exhausted': 0.0, 'costs': [9.0], 'lower': [9.0], 'concurrency': 32.0, 'winner': 32.0, 'times': {'total': 7.8735480308532715, 'cpu': 144.66380099999998, 'solve': 4.574965000152588, 'unsat': 0.0, 'sat': 2.7229671478271484}, 'models': {'enumerated': 19.0, 'optimal': 1.0}}
Solution cost: [9.0]
Total time: 7.8735480308532715
CPU time: 144.66380099999998
Solve time: 4.574965000152588
2023-03-04 19:20:40 INFO     [40m[34m..done[0m
2023-03-04 19:20:40 INFO     Learned the following sketch:
(:policy
(:boolean_features )
(:numerical_features "n_concept_distance(c_primitive(at-robot,0),r_primitive(connected,0,1),c_not(c_some(r_primitive(connected,0,1),c_primitive(visited_g,0))))")
(:rule (:conditions (:c_n_gt 0)) (:effects (:e_n_dec 0)))
)
Numer of sketch rules: 1
Number of selected features: 1
Maximum complexity of selected feature: 7
2023-03-04 19:20:40 INFO     [40m[34mVerifying learned sketch...[0m
[40m[31mGroup fails to bound width of a state[0m
Group: 0
Instance: 0 p-2-0.5-2-0
State: (instance index=0, state index=0, atoms={at-robot(loc-x1-y1)})
2023-03-04 19:20:40 INFO     [40m[34m..done[0m
Smallest unsolved instance: 0
Selected instances: [29, 0]

2023-03-04 19:20:40 INFO     [40m[31mIteration: 6[0m
Number of selected instances: 2
Selected instances:
    id: 29 name: p-2-0.5-3-7
initial states: [0, 1, 2, 4, 7]
    id: 0 name: p-2-0.5-2-0
initial states: [0]
2023-03-04 19:20:40 INFO     [40m[34mInitializing DomainFeatureData...[0m
[t=65.7035s, 3901348 KB] Started generating base features of complexity 1.
[t=65.7038s, 3901348 KB] Complexity 1:
    b_nullary: 0
    c_one_of: 0
    c_top: 1
    c_bot: 1
    c_primitive: 3
    r_primitive: 2
    c_and: 0
    c_not: 0
    c_equal: 0
    c_some: 0
    c_all: 0
    r_restrict: 0
    r_and: 0
    r_inverse: 0
    r_transitive_closure: 0
    b_empty: 0
    n_count: 0
    n_concept_distance: 0
[t=65.7039s, 3901348 KB] Finished generating base features.
[t=65.7039s, 3901348 KB] Started generating composite features. 
[t=65.7042s, 3901348 KB] Complexity 2:
Total concept elements: 8
Total role elements: 3
Total numerical elements: 6
Total boolean elements: 2
    b_nullary: 0
    c_one_of: 0
    c_top: 1
    c_bot: 1
    c_primitive: 3
    r_primitive: 2
    c_and: 0
    c_not: 3
    c_equal: 0
    c_some: 0
    c_all: 0
    r_restrict: 0
    r_and: 0
    r_inverse: 0
    r_transitive_closure: 1
    b_empty: 2
    n_count: 6
    n_concept_distance: 0
[t=65.7048s, 3901348 KB] Complexity 3:
Total concept elements: 15
Total role elements: 6
Total numerical elements: 10
Total boolean elements: 4
    b_nullary: 0
    c_one_of: 0
    c_top: 1
    c_bot: 1
    c_primitive: 3
    r_primitive: 2
    c_and: 1
    c_not: 3
    c_equal: 0
    c_some: 3
    c_all: 3
    r_restrict: 3
    r_and: 0
    r_inverse: 0
    r_transitive_closure: 1
    b_empty: 4
    n_count: 10
    n_concept_distance: 0
[t=65.7056s, 3901348 KB] Complexity 4:
Total concept elements: 28
Total role elements: 9
Total numerical elements: 22
Total boolean elements: 6
    b_nullary: 0
    c_one_of: 0
    c_top: 1
    c_bot: 1
    c_primitive: 3
    r_primitive: 2
    c_and: 5
    c_not: 10
    c_equal: 0
    c_some: 3
    c_all: 5
    r_restrict: 3
    r_and: 0
    r_inverse: 3
    r_transitive_closure: 1
    b_empty: 6
    n_count: 19
    n_concept_distance: 3
[t=65.707s, 3901348 KB] Complexity 5:
Total concept elements: 68
Total role elements: 9
Total numerical elements: 38
Total boolean elements: 11
    b_nullary: 0
    c_one_of: 0
    c_top: 1
    c_bot: 1
    c_primitive: 3
    r_primitive: 2
    c_and: 21
    c_not: 16
    c_equal: 0
    c_some: 10
    c_all: 16
    r_restrict: 3
    r_and: 0
    r_inverse: 3
    r_transitive_closure: 1
    b_empty: 11
    n_count: 32
    n_concept_distance: 6
[t=65.7099s, 3901348 KB] Complexity 6:
Total concept elements: 147
Total role elements: 9
Total numerical elements: 81
Total boolean elements: 20
    b_nullary: 0
    c_one_of: 0
    c_top: 1
    c_bot: 1
    c_primitive: 3
    r_primitive: 2
    c_and: 52
    c_not: 50
    c_equal: 0
    c_some: 12
    c_all: 28
    r_restrict: 3
    r_and: 0
    r_inverse: 3
    r_transitive_closure: 1
    b_empty: 20
    n_count: 65
    n_concept_distance: 16
[t=65.7166s, 3901348 KB] Complexity 7:
Total concept elements: 289
Total role elements: 10
Total numerical elements: 164
Total boolean elements: 33
    b_nullary: 0
    c_one_of: 0
    c_top: 1
    c_bot: 1
    c_primitive: 3
    r_primitive: 2
    c_and: 104
    c_not: 79
    c_equal: 0
    c_some: 38
    c_all: 63
    r_restrict: 3
    r_and: 1
    r_inverse: 3
    r_transitive_closure: 1
    b_empty: 33
    n_count: 132
    n_concept_distance: 32
[t=65.7324s, 3901348 KB] Complexity 8:
Total concept elements: 605
Total role elements: 19
Total numerical elements: 324
Total boolean elements: 50
    b_nullary: 0
    c_one_of: 0
    c_top: 1
    c_bot: 1
    c_primitive: 3
    r_primitive: 2
    c_and: 241
    c_not: 192
    c_equal: 0
    c_some: 69
    c_all: 98
    r_restrict: 3
    r_and: 9
    r_inverse: 4
    r_transitive_closure: 1
    b_empty: 50
    n_count: 251
    n_concept_distance: 73
[t=65.7658s, 3901348 KB] Complexity 9:
Total concept elements: 1233
Total role elements: 19
Total numerical elements: 629
Total boolean elements: 87
    b_nullary: 0
    c_one_of: 0
    c_top: 1
    c_bot: 1
    c_primitive: 3
    r_primitive: 2
    c_and: 509
    c_not: 357
    c_equal: 0
    c_some: 152
    c_all: 210
    r_restrict: 3
    r_and: 9
    r_inverse: 4
    r_transitive_closure: 1
    b_empty: 87
    n_count: 496
    n_concept_distance: 133
[t=65.7659s, 3901348 KB] Finished generating composite features.
DomainFeatureDataStatistics:
    num_dlplan_states: 15
    num_boolean_features: 87
    num_numerical_features: 629
2023-03-04 19:20:40 INFO     [40m[34m..done[0m
2023-03-04 19:20:40 INFO     [40m[34mInitializing InstanceFeatureDatas...[0m
2023-03-04 19:20:40 INFO     [40m[34m..done[0m
2023-03-04 19:20:40 INFO     [40m[34mInitializing StatePairEquivalenceDatas...[0m
2023-03-04 19:20:40 INFO     [40m[34m..done[0m
2023-03-04 19:20:40 INFO     [40m[34mInitializing TupleGraphEquivalences...[0m
TupleGraphEquivalenceFactoryStatistics:
    num_subgoal_tuples: 60
    num_single_rule_subgoal_tuples: 60
    num_multi_rule_subgoal_tuples: 0
2023-03-04 19:20:40 INFO     [40m[34m..done[0m
2023-03-04 19:20:40 INFO     [40m[34m..done[0m
2023-03-04 19:20:40 INFO     [40m[33mIteration data preprocessing summary:[0m
DomainFeatureDataStatistics:
    num_dlplan_states: 15
    num_boolean_features: 87
    num_numerical_features: 629
StatePairEquivalenceStatistics:
    num_subgoal_states: 38
    num_equivalences: 35
TupleGraphEquivalenceFactoryStatistics:
    num_subgoal_tuples: 60
    num_single_rule_subgoal_tuples: 60
    num_multi_rule_subgoal_tuples: 0
TupleGraphEquivalenceFactoryStatistics:
    num_subgoal_tuples: 36
    num_single_rule_subgoal_tuples: 36
    num_multi_rule_subgoal_tuples: 0
2023-03-04 19:20:41 INFO     [40m[34mGrounding Logic Program...[0m
2023-03-04 19:20:43 INFO     [40m[34m..done[0m
2023-03-04 19:20:43 INFO     [40m[34mSolving Logic Program...[0m
Clingo statistics:
{'call': 0.0, 'result': 1.0, 'signal': 9.0, 'exhausted': 0.0, 'costs': [11.0], 'lower': [11.0], 'concurrency': 32.0, 'winner': 32.0, 'times': {'total': 27.766063928604126, 'cpu': 755.797066, 'solve': 23.75032091140747, 'unsat': 0.0, 'sat': 6.493107080459595}, 'models': {'enumerated': 9.0, 'optimal': 1.0}}
Solution cost: [11.0]
Total time: 27.766063928604126
CPU time: 755.797066
Solve time: 23.75032091140747
2023-03-04 19:21:08 INFO     [40m[34m..done[0m
2023-03-04 19:21:08 INFO     Learned the following sketch:
(:policy
(:boolean_features )
(:numerical_features "n_concept_distance(c_primitive(at-robot,0),r_primitive(connected,0,1),c_and(c_all(r_primitive(connected,0,1),c_primitive(visited,0)),c_not(c_primitive(visited,0))))")
(:rule (:conditions ) (:effects (:e_n_inc 0)))
)
Numer of sketch rules: 1
Number of selected features: 1
Maximum complexity of selected feature: 9
2023-03-04 19:21:08 INFO     [40m[34mVerifying learned sketch...[0m
[40m[31mGroup fails to bound width of a state[0m
Group: 0
Instance: 12 p-1-0.5-2-4
State: (instance index=12, state index=0, atoms={at-robot(loc-x1-y0)})
2023-03-04 19:21:08 INFO     [40m[34m..done[0m
Smallest unsolved instance: 12
Selected instances: [29, 0, 12]

2023-03-04 19:21:08 INFO     [40m[31mIteration: 7[0m
Number of selected instances: 3
Selected instances:
    id: 29 name: p-2-0.5-3-7
initial states: [0, 1, 2, 4, 7]
    id: 0 name: p-2-0.5-2-0
initial states: [0]
    id: 12 name: p-1-0.5-2-4
initial states: [0]
2023-03-04 19:21:08 INFO     [40m[34mInitializing DomainFeatureData...[0m
[t=93.891s, 6146672 KB] Started generating base features of complexity 1.
[t=93.8913s, 6146672 KB] Complexity 1:
    b_nullary: 0
    c_one_of: 0
    c_top: 1
    c_bot: 1
    c_primitive: 3
    r_primitive: 2
    c_and: 0
    c_not: 0
    c_equal: 0
    c_some: 0
    c_all: 0
    r_restrict: 0
    r_and: 0
    r_inverse: 0
    r_transitive_closure: 0
    b_empty: 0
    n_count: 0
    n_concept_distance: 0
[t=93.8914s, 6146672 KB] Finished generating base features.
[t=93.8914s, 6146672 KB] Started generating composite features. 
[t=93.8916s, 6146672 KB] Complexity 2:
Total concept elements: 8
Total role elements: 3
Total numerical elements: 6
Total boolean elements: 2
    b_nullary: 0
    c_one_of: 0
    c_top: 1
    c_bot: 1
    c_primitive: 3
    r_primitive: 2
    c_and: 0
    c_not: 3
    c_equal: 0
    c_some: 0
    c_all: 0
    r_restrict: 0
    r_and: 0
    r_inverse: 0
    r_transitive_closure: 1
    b_empty: 2
    n_count: 6
    n_concept_distance: 0
[t=93.8924s, 6146672 KB] Complexity 3:
Total concept elements: 15
Total role elements: 6
Total numerical elements: 10
Total boolean elements: 4
    b_nullary: 0
    c_one_of: 0
    c_top: 1
    c_bot: 1
    c_primitive: 3
    r_primitive: 2
    c_and: 1
    c_not: 3
    c_equal: 0
    c_some: 3
    c_all: 3
    r_restrict: 3
    r_and: 0
    r_inverse: 0
    r_transitive_closure: 1
    b_empty: 4
    n_count: 10
    n_concept_distance: 0
[t=93.8932s, 6146672 KB] Complexity 4:
Total concept elements: 28
Total role elements: 9
Total numerical elements: 22
Total boolean elements: 7
    b_nullary: 0
    c_one_of: 0
    c_top: 1
    c_bot: 1
    c_primitive: 3
    r_primitive: 2
    c_and: 5
    c_not: 10
    c_equal: 0
    c_some: 3
    c_all: 5
    r_restrict: 3
    r_and: 0
    r_inverse: 3
    r_transitive_closure: 1
    b_empty: 7
    n_count: 19
    n_concept_distance: 3
[t=93.8949s, 6146672 KB] Complexity 5:
Total concept elements: 68
Total role elements: 9
Total numerical elements: 38
Total boolean elements: 14
    b_nullary: 0
    c_one_of: 0
    c_top: 1
    c_bot: 1
    c_primitive: 3
    r_primitive: 2
    c_and: 21
    c_not: 16
    c_equal: 0
    c_some: 10
    c_all: 16
    r_restrict: 3
    r_and: 0
    r_inverse: 3
    r_transitive_closure: 1
    b_empty: 14
    n_count: 32
    n_concept_distance: 6
[t=93.8984s, 6146672 KB] Complexity 6:
Total concept elements: 152
Total role elements: 9
Total numerical elements: 84
Total boolean elements: 28
    b_nullary: 0
    c_one_of: 0
    c_top: 1
    c_bot: 1
    c_primitive: 3
    r_primitive: 2
    c_and: 54
    c_not: 50
    c_equal: 0
    c_some: 13
    c_all: 30
    r_restrict: 3
    r_and: 0
    r_inverse: 3
    r_transitive_closure: 1
    b_empty: 28
    n_count: 68
    n_concept_distance: 16
[t=93.9063s, 6146672 KB] Complexity 7:
Total concept elements: 305
Total role elements: 10
Total numerical elements: 179
Total boolean elements: 45
    b_nullary: 0
    c_one_of: 0
    c_top: 1
    c_bot: 1
    c_primitive: 3
    r_primitive: 2
    c_and: 110
    c_not: 84
    c_equal: 0
    c_some: 41
    c_all: 65
    r_restrict: 3
    r_and: 1
    r_inverse: 3
    r_transitive_closure: 1
    b_empty: 45
    n_count: 147
    n_concept_distance: 32
[t=93.9241s, 6146672 KB] Complexity 8:
Total concept elements: 659
Total role elements: 19
Total numerical elements: 364
Total boolean elements: 70
    b_nullary: 0
    c_one_of: 0
    c_top: 1
    c_bot: 1
    c_primitive: 3
    r_primitive: 2
    c_and: 261
    c_not: 203
    c_equal: 0
    c_some: 80
    c_all: 110
    r_restrict: 3
    r_and: 9
    r_inverse: 4
    r_transitive_closure: 1
    b_empty: 70
    n_count: 289
    n_concept_distance: 75
[t=93.963s, 6146672 KB] Complexity 9:
Total concept elements: 1367
Total role elements: 19
Total numerical elements: 739
Total boolean elements: 117
    b_nullary: 0
    c_one_of: 0
    c_top: 1
    c_bot: 1
    c_primitive: 3
    r_primitive: 2
    c_and: 569
    c_not: 390
    c_equal: 0
    c_some: 172
    c_all: 231
    r_restrict: 3
    r_and: 9
    r_inverse: 4
    r_transitive_closure: 1
    b_empty: 117
    n_count: 595
    n_concept_distance: 144
[t=93.9631s, 6146672 KB] Finished generating composite features.
DomainFeatureDataStatistics:
    num_dlplan_states: 19
    num_boolean_features: 117
    num_numerical_features: 739
2023-03-04 19:21:08 INFO     [40m[34m..done[0m
2023-03-04 19:21:08 INFO     [40m[34mInitializing InstanceFeatureDatas...[0m
2023-03-04 19:21:08 INFO     [40m[34m..done[0m
2023-03-04 19:21:08 INFO     [40m[34mInitializing StatePairEquivalenceDatas...[0m
2023-03-04 19:21:09 INFO     [40m[34m..done[0m
2023-03-04 19:21:09 INFO     [40m[34mInitializing TupleGraphEquivalences...[0m
TupleGraphEquivalenceFactoryStatistics:
    num_subgoal_tuples: 73
    num_single_rule_subgoal_tuples: 73
    num_multi_rule_subgoal_tuples: 0
2023-03-04 19:21:09 INFO     [40m[34m..done[0m
2023-03-04 19:21:09 INFO     [40m[34m..done[0m
2023-03-04 19:21:09 INFO     [40m[33mIteration data preprocessing summary:[0m
DomainFeatureDataStatistics:
    num_dlplan_states: 19
    num_boolean_features: 117
    num_numerical_features: 739
StatePairEquivalenceStatistics:
    num_subgoal_states: 47
    num_equivalences: 44
TupleGraphEquivalenceFactoryStatistics:
    num_subgoal_tuples: 73
    num_single_rule_subgoal_tuples: 73
    num_multi_rule_subgoal_tuples: 0
TupleGraphEquivalenceFactoryStatistics:
    num_subgoal_tuples: 45
    num_single_rule_subgoal_tuples: 45
    num_multi_rule_subgoal_tuples: 0
2023-03-04 19:21:10 INFO     [40m[34mGrounding Logic Program...[0m
2023-03-04 19:21:13 INFO     [40m[34m..done[0m
2023-03-04 19:21:13 INFO     [40m[34mSolving Logic Program...[0m
Clingo statistics:
{'call': 0.0, 'result': 1.0, 'signal': 9.0, 'exhausted': 0.0, 'costs': [14.0], 'lower': [14.0], 'concurrency': 32.0, 'winner': 32.0, 'times': {'total': 181.23965001106262, 'cpu': 5537.459374, 'solve': 175.27504992485046, 'unsat': 0.0, 'sat': 19.238582849502563}, 'models': {'enumerated': 43.0, 'optimal': 1.0}}
Solution cost: [14.0]
Total time: 181.23965001106262
CPU time: 5537.459374
Solve time: 175.27504992485046
2023-03-04 19:24:10 INFO     [40m[34m..done[0m
2023-03-04 19:24:10 INFO     Learned the following sketch:
(:policy
(:boolean_features )
(:numerical_features "n_concept_distance(c_primitive(at-robot,0),r_primitive(connected,0,1),c_and(c_all(r_primitive(connected,0,1),c_primitive(visited_g,0)),c_primitive(visited_g,0)))" "n_count(c_primitive(visited,0))")
(:rule (:conditions (:c_n_eq 0)) (:effects (:e_n_inc 1)))
(:rule (:conditions (:c_n_gt 1) (:c_n_gt 0)) (:effects (:e_n_dec 0)))
)
Numer of sketch rules: 2
Number of selected features: 2
Maximum complexity of selected feature: 8
2023-03-04 19:24:10 INFO     [40m[34mVerifying learned sketch...[0m
[40m[31mGroup fails to bound width of a state[0m
Group: 0
Instance: 15 p-1-0.5-2-2
State: (instance index=15, state index=3, atoms={at-robot(loc-x1-y0), visited(loc-x1-y1)})
2023-03-04 19:24:10 INFO     [40m[34m..done[0m
Smallest unsolved instance: 15
Selected instances: [29, 0, 12, 15]

2023-03-04 19:24:10 INFO     [40m[31mIteration: 8[0m
Number of selected instances: 4
Selected instances:
    id: 29 name: p-2-0.5-3-7
initial states: [0, 1, 2, 4, 7]
    id: 0 name: p-2-0.5-2-0
initial states: [0]
    id: 12 name: p-1-0.5-2-4
initial states: [0]
    id: 15 name: p-1-0.5-2-2
initial states: [0, 1, 3]
2023-03-04 19:24:10 INFO     [40m[34mInitializing DomainFeatureData...[0m
[t=275.73s, 7071960 KB] Started generating base features of complexity 1.
[t=275.73s, 7071960 KB] Complexity 1:
    b_nullary: 0
    c_one_of: 0
    c_top: 1
    c_bot: 1
    c_primitive: 3
    r_primitive: 2
    c_and: 0
    c_not: 0
    c_equal: 0
    c_some: 0
    c_all: 0
    r_restrict: 0
    r_and: 0
    r_inverse: 0
    r_transitive_closure: 0
    b_empty: 0
    n_count: 0
    n_concept_distance: 0
[t=275.731s, 7071960 KB] Finished generating base features.
[t=275.731s, 7071960 KB] Started generating composite features. 
[t=275.731s, 7071960 KB] Complexity 2:
Total concept elements: 8
Total role elements: 3
Total numerical elements: 6
Total boolean elements: 2
    b_nullary: 0
    c_one_of: 0
    c_top: 1
    c_bot: 1
    c_primitive: 3
    r_primitive: 2
    c_and: 0
    c_not: 3
    c_equal: 0
    c_some: 0
    c_all: 0
    r_restrict: 0
    r_and: 0
    r_inverse: 0
    r_transitive_closure: 1
    b_empty: 2
    n_count: 6
    n_concept_distance: 0
[t=275.733s, 7071960 KB] Complexity 3:
Total concept elements: 15
Total role elements: 6
Total numerical elements: 10
Total boolean elements: 4
    b_nullary: 0
    c_one_of: 0
    c_top: 1
    c_bot: 1
    c_primitive: 3
    r_primitive: 2
    c_and: 1
    c_not: 3
    c_equal: 0
    c_some: 3
    c_all: 3
    r_restrict: 3
    r_and: 0
    r_inverse: 0
    r_transitive_closure: 1
    b_empty: 4
    n_count: 10
    n_concept_distance: 0
[t=275.736s, 7071960 KB] Complexity 4:
Total concept elements: 28
Total role elements: 9
Total numerical elements: 22
Total boolean elements: 7
    b_nullary: 0
    c_one_of: 0
    c_top: 1
    c_bot: 1
    c_primitive: 3
    r_primitive: 2
    c_and: 5
    c_not: 10
    c_equal: 0
    c_some: 3
    c_all: 5
    r_restrict: 3
    r_and: 0
    r_inverse: 3
    r_transitive_closure: 1
    b_empty: 7
    n_count: 19
    n_concept_distance: 3
[t=275.74s, 7071960 KB] Complexity 5:
Total concept elements: 68
Total role elements: 9
Total numerical elements: 38
Total boolean elements: 14
    b_nullary: 0
    c_one_of: 0
    c_top: 1
    c_bot: 1
    c_primitive: 3
    r_primitive: 2
    c_and: 21
    c_not: 16
    c_equal: 0
    c_some: 10
    c_all: 16
    r_restrict: 3
    r_and: 0
    r_inverse: 3
    r_transitive_closure: 1
    b_empty: 14
    n_count: 32
    n_concept_distance: 6
[t=275.747s, 7071960 KB] Complexity 6:
Total concept elements: 152
Total role elements: 9
Total numerical elements: 87
Total boolean elements: 30
    b_nullary: 0
    c_one_of: 0
    c_top: 1
    c_bot: 1
    c_primitive: 3
    r_primitive: 2
    c_and: 54
    c_not: 50
    c_equal: 0
    c_some: 13
    c_all: 30
    r_restrict: 3
    r_and: 0
    r_inverse: 3
    r_transitive_closure: 1
    b_empty: 30
    n_count: 71
    n_concept_distance: 16
[t=275.759s, 7071960 KB] Complexity 7:
Total concept elements: 315
Total role elements: 10
Total numerical elements: 184
Total boolean elements: 50
    b_nullary: 0
    c_one_of: 0
    c_top: 1
    c_bot: 1
    c_primitive: 3
    r_primitive: 2
    c_and: 115
    c_not: 84
    c_equal: 0
    c_some: 41
    c_all: 70
    r_restrict: 3
    r_and: 1
    r_inverse: 3
    r_transitive_closure: 1
    b_empty: 50
    n_count: 152
    n_concept_distance: 32
[t=275.78s, 7071960 KB] Complexity 8:
Total concept elements: 698
Total role elements: 19
Total numerical elements: 386
Total boolean elements: 85
    b_nullary: 0
    c_one_of: 0
    c_top: 1
    c_bot: 1
    c_primitive: 3
    r_primitive: 2
    c_and: 279
    c_not: 213
    c_equal: 0
    c_some: 84
    c_all: 117
    r_restrict: 3
    r_and: 9
    r_inverse: 4
    r_transitive_closure: 1
    b_empty: 85
    n_count: 310
    n_concept_distance: 76
[t=275.826s, 7071960 KB] Complexity 9:
Total concept elements: 1480
Total role elements: 19
Total numerical elements: 810
Total boolean elements: 151
    b_nullary: 0
    c_one_of: 0
    c_top: 1
    c_bot: 1
    c_primitive: 3
    r_primitive: 2
    c_and: 622
    c_not: 417
    c_equal: 0
    c_some: 183
    c_all: 253
    r_restrict: 3
    r_and: 9
    r_inverse: 4
    r_transitive_closure: 1
    b_empty: 151
    n_count: 663
    n_concept_distance: 147
[t=275.826s, 7071960 KB] Finished generating composite features.
DomainFeatureDataStatistics:
    num_dlplan_states: 25
    num_boolean_features: 151
    num_numerical_features: 810
2023-03-04 19:24:10 INFO     [40m[34m..done[0m
2023-03-04 19:24:10 INFO     [40m[34mInitializing InstanceFeatureDatas...[0m
2023-03-04 19:24:10 INFO     [40m[34m..done[0m
2023-03-04 19:24:10 INFO     [40m[34mInitializing StatePairEquivalenceDatas...[0m
2023-03-04 19:24:11 INFO     [40m[34m..done[0m
2023-03-04 19:24:11 INFO     [40m[34mInitializing TupleGraphEquivalences...[0m
TupleGraphEquivalenceFactoryStatistics:
    num_subgoal_tuples: 97
    num_single_rule_subgoal_tuples: 97
    num_multi_rule_subgoal_tuples: 0
2023-03-04 19:24:11 INFO     [40m[34m..done[0m
2023-03-04 19:24:11 INFO     [40m[34m..done[0m
2023-03-04 19:24:11 INFO     [40m[33mIteration data preprocessing summary:[0m
DomainFeatureDataStatistics:
    num_dlplan_states: 25
    num_boolean_features: 151
    num_numerical_features: 810
StatePairEquivalenceStatistics:
    num_subgoal_states: 61
    num_equivalences: 54
TupleGraphEquivalenceFactoryStatistics:
    num_subgoal_tuples: 97
    num_single_rule_subgoal_tuples: 97
    num_multi_rule_subgoal_tuples: 0
TupleGraphEquivalenceFactoryStatistics:
    num_subgoal_tuples: 58
    num_single_rule_subgoal_tuples: 58
    num_multi_rule_subgoal_tuples: 0
2023-03-04 19:24:13 INFO     [40m[34mGrounding Logic Program...[0m
2023-03-04 19:24:17 INFO     [40m[34m..done[0m
2023-03-04 19:24:17 INFO     [40m[34mSolving Logic Program...[0m
Clingo statistics:
{'call': 0.0, 'result': 1.0, 'signal': 9.0, 'exhausted': 0.0, 'costs': [15.0], 'lower': [15.0], 'concurrency': 32.0, 'winner': 32.0, 'times': {'total': 561.8086559772491, 'cpu': 17591.878183, 'solve': 552.6955511569977, 'unsat': 0.0, 'sat': 90.93369102478027}, 'models': {'enumerated': 129.0, 'optimal': 1.0}}
Solution cost: [15.0]
Total time: 561.8086559772491
CPU time: 17591.878183
Solve time: 552.6955511569977
2023-03-04 19:33:32 INFO     [40m[34m..done[0m
2023-03-04 19:33:33 INFO     Learned the following sketch:
(:policy
(:boolean_features )
(:numerical_features "n_concept_distance(c_primitive(at-robot,0),r_primitive(connected,0,1),c_not(c_all(r_restrict(r_primitive(connected,0,1),c_primitive(visited_g,0)),c_primitive(visited,0))))" "n_count(c_primitive(visited,0))")
(:rule (:conditions (:c_n_gt 1) (:c_n_eq 0)) (:effects (:e_n_inc 1)))
(:rule (:conditions (:c_n_gt 1) (:c_n_gt 0)) (:effects (:e_n_dec 0)))
)
Numer of sketch rules: 2
Number of selected features: 2
Maximum complexity of selected feature: 9
2023-03-04 19:33:33 INFO     [40m[34mVerifying learned sketch...[0m
2023-03-04 19:33:34 INFO     [40m[34m..done[0m
[40m[31mSketch solves all instances![0m
2023-03-04 19:33:34 INFO     [40m[32mSummary:[0m
LearningStatistics:
    num_training_instances: 4
    num_selected_training_instances: 4
    num_states_in_selected_training_instances: 25
    num_features_in_pool: 961
    num_cpu_seconds: 24499.65 seconds
    num_peak_memory_mb: 6415.12 MB
Resulting sketch:
(:policy
(:boolean_features )
(:numerical_features "n_concept_distance(c_primitive(at-robot,0),r_primitive(connected,0,1),c_not(c_all(r_restrict(r_primitive(connected,0,1),c_primitive(visited_g,0)),c_primitive(visited,0))))" "n_count(c_primitive(visited,0))")
(:rule (:conditions (:c_n_gt 1) (:c_n_eq 0)) (:effects (:e_n_inc 1)))
(:rule (:conditions (:c_n_gt 1) (:c_n_gt 0)) (:effects (:e_n_dec 0)))
)
Numer of sketch rules: 2
Number of selected features: 2
Maximum complexity of selected feature: 9
Resulting sketch minimized:
(:policy
(:boolean_features )
(:numerical_features "n_concept_distance(c_primitive(at-robot,0),r_primitive(connected,0,1),c_not(c_all(r_restrict(r_primitive(connected,0,1),c_primitive(visited_g,0)),c_primitive(visited,0))))" "n_count(c_primitive(visited,0))")
(:rule (:conditions (:c_n_gt 1) (:c_n_eq 0)) (:effects (:e_n_inc 1)))
(:rule (:conditions (:c_n_gt 1) (:c_n_gt 0)) (:effects (:e_n_dec 0)))
)
Numer of sketch rules: 2
Number of selected features: 2
Maximum complexity of selected feature: 9
2023-03-04 19:33:36 INFO     [40m[33mSummary:[0m
2023-03-04 19:33:36 INFO     [40m[32mHierarchical sketch:[0m
[40m[32mLevel 0 sketch:[0m
(:policy
(:boolean_features )
(:numerical_features "n_concept_distance(c_primitive(at-robot,0),r_primitive(connected,0,1),c_not(c_all(r_restrict(r_primitive(connected,0,1),c_primitive(visited_g,0)),c_primitive(visited,0))))" "n_count(c_primitive(visited,0))")
(:rule (:conditions (:c_n_gt 1) (:c_n_eq 0)) (:effects (:e_n_inc 1)))
(:rule (:conditions (:c_n_gt 1) (:c_n_gt 0)) (:effects (:e_n_dec 0)))
)
Num features: 2
Max feature complexity 9
Num rules: 2
LearningStatistics:
    num_training_instances: 4
    num_selected_training_instances: 4
    num_states_in_selected_training_instances: 25
    num_features_in_pool: 961
    num_cpu_seconds: 24499.65 seconds
    num_peak_memory_mb: 6415.12 MB
RESOURCES FOR PREPROCESSING: 31.75 CPU sec - 5557.98 MB
================================================================================
END OF STEP #1: Incremental learning module. 24533.75 CPU sec - 6415.17 MB
================================================================================
