Changing working directory:  /proj/ssiw/users/x_domdr/projects/code/h-policy-learner/learning/experiments/scripts/workspace/reward_2_9_9_9_9_9
================================================================================
SLTP v.0.2.0
================================================================================
================================================================================
(pid: 98529) STARTING STEP #1: Incremental learning module
================================================================================
2023-05-20 12:33:29 INFO     Initializing InstanceDatas...
2023-05-20 12:33:29 INFO     Constructing InstanceData for filename /proj/ssiw/users/x_domdr/projects/code/h-policy-learner/learning/benchmarks/reward/instances/instance_2x2_24.pddl
2023-05-20 12:33:30 INFO     Constructing DomainData for filename /proj/ssiw/users/x_domdr/projects/code/h-policy-learner/learning/benchmarks/reward/domain.pddl
Num states: 16
2023-05-20 12:33:30 INFO     Constructing InstanceData for filename /proj/ssiw/users/x_domdr/projects/code/h-policy-learner/learning/benchmarks/reward/instances/instance_3x3_37.pddl
Num states: 32
2023-05-20 12:33:30 INFO     Constructing InstanceData for filename /proj/ssiw/users/x_domdr/projects/code/h-policy-learner/learning/benchmarks/reward/instances/instance_3x3_27.pddl
Num states: 14
2023-05-20 12:33:30 INFO     Constructing InstanceData for filename /proj/ssiw/users/x_domdr/projects/code/h-policy-learner/learning/benchmarks/reward/instances/instance_3x3_12.pddl
Num states: 16
2023-05-20 12:33:30 INFO     Constructing InstanceData for filename /proj/ssiw/users/x_domdr/projects/code/h-policy-learner/learning/benchmarks/reward/instances/instance_3x3_36.pddl
Num states: 64
2023-05-20 12:33:31 INFO     Constructing InstanceData for filename /proj/ssiw/users/x_domdr/projects/code/h-policy-learner/learning/benchmarks/reward/instances/instance_4x4_8.pddl
Num states: 128
2023-05-20 12:33:31 INFO     Constructing InstanceData for filename /proj/ssiw/users/x_domdr/projects/code/h-policy-learner/learning/benchmarks/reward/instances/instance_2x2_28.pddl
Num states: 6
2023-05-20 12:33:32 INFO     Constructing InstanceData for filename /proj/ssiw/users/x_domdr/projects/code/h-policy-learner/learning/benchmarks/reward/instances/instance_4x4_1.pddl
Num states: 256
2023-05-20 12:33:32 INFO     Constructing InstanceData for filename /proj/ssiw/users/x_domdr/projects/code/h-policy-learner/learning/benchmarks/reward/instances/instance_3x3_2.pddl
Num states: 64
2023-05-20 12:33:33 INFO     Constructing InstanceData for filename /proj/ssiw/users/x_domdr/projects/code/h-policy-learner/learning/benchmarks/reward/instances/instance_2x2_34.pddl
Num states: 16
2023-05-20 12:33:33 INFO     Constructing InstanceData for filename /proj/ssiw/users/x_domdr/projects/code/h-policy-learner/learning/benchmarks/reward/instances/instance_3x3_46.pddl
Num states: 64
2023-05-20 12:33:33 INFO     Constructing InstanceData for filename /proj/ssiw/users/x_domdr/projects/code/h-policy-learner/learning/benchmarks/reward/instances/instance_3x3_6.pddl
Num states: 36
2023-05-20 12:33:34 INFO     Constructing InstanceData for filename /proj/ssiw/users/x_domdr/projects/code/h-policy-learner/learning/benchmarks/reward/instances/instance_3x3_21.pddl
Num states: 14
2023-05-20 12:33:34 INFO     Constructing InstanceData for filename /proj/ssiw/users/x_domdr/projects/code/h-policy-learner/learning/benchmarks/reward/instances/instance_3x3_13.pddl
Num states: 56
2023-05-20 12:33:34 INFO     Constructing InstanceData for filename /proj/ssiw/users/x_domdr/projects/code/h-policy-learner/learning/benchmarks/reward/instances/instance_3x3_7.pddl
Num states: 72
2023-05-20 12:33:35 INFO     Constructing InstanceData for filename /proj/ssiw/users/x_domdr/projects/code/h-policy-learner/learning/benchmarks/reward/instances/instance_2x2_16.pddl
Num states: 8
2023-05-20 12:33:36 INFO     Constructing InstanceData for filename /proj/ssiw/users/x_domdr/projects/code/h-policy-learner/learning/benchmarks/reward/instances/instance_2x2_2.pddl
Num states: 8
2023-05-20 12:33:36 INFO     Constructing InstanceData for filename /proj/ssiw/users/x_domdr/projects/code/h-policy-learner/learning/benchmarks/reward/instances/instance_3x3_11.pddl
Num states: 14
2023-05-20 12:33:37 INFO     Constructing InstanceData for filename /proj/ssiw/users/x_domdr/projects/code/h-policy-learner/learning/benchmarks/reward/instances/instance_3x3_35.pddl
Num states: 36
2023-05-20 12:33:37 INFO     Constructing InstanceData for filename /proj/ssiw/users/x_domdr/projects/code/h-policy-learner/learning/benchmarks/reward/instances/instance_3x3_45.pddl
Num states: 16
2023-05-20 12:33:38 INFO     Constructing InstanceData for filename /proj/ssiw/users/x_domdr/projects/code/h-policy-learner/learning/benchmarks/reward/instances/instance_4x4_7.pddl
Num states: 52
2023-05-20 12:33:38 INFO     Constructing InstanceData for filename /proj/ssiw/users/x_domdr/projects/code/h-policy-learner/learning/benchmarks/reward/instances/instance_2x2_41.pddl
Num states: 8
2023-05-20 12:33:38 INFO     Constructing InstanceData for filename /proj/ssiw/users/x_domdr/projects/code/h-policy-learner/learning/benchmarks/reward/instances/instance_3x3_49.pddl
Num states: 36
2023-05-20 12:33:38 INFO     Constructing InstanceData for filename /proj/ssiw/users/x_domdr/projects/code/h-policy-learner/learning/benchmarks/reward/instances/instance_2x2_7.pddl
Num states: 16
2023-05-20 12:33:39 INFO     Constructing InstanceData for filename /proj/ssiw/users/x_domdr/projects/code/h-policy-learner/learning/benchmarks/reward/instances/instance_3x3_1.pddl
Num states: 16
2023-05-20 12:33:39 INFO     Constructing InstanceData for filename /proj/ssiw/users/x_domdr/projects/code/h-policy-learner/learning/benchmarks/reward/instances/instance_3x3_29.pddl
Num states: 32
2023-05-20 12:33:40 INFO     Constructing InstanceData for filename /proj/ssiw/users/x_domdr/projects/code/h-policy-learner/learning/benchmarks/reward/instances/instance_2x2_20.pddl
Num states: 16
2023-05-20 12:33:40 INFO     Constructing InstanceData for filename /proj/ssiw/users/x_domdr/projects/code/h-policy-learner/learning/benchmarks/reward/instances/instance_3x3_48.pddl
Num states: 36
2023-05-20 12:33:41 INFO     Constructing InstanceData for filename /proj/ssiw/users/x_domdr/projects/code/h-policy-learner/learning/benchmarks/reward/instances/instance_2x2_48.pddl
Num states: 16
2023-05-20 12:33:41 INFO     Constructing InstanceData for filename /proj/ssiw/users/x_domdr/projects/code/h-policy-learner/learning/benchmarks/reward/instances/instance_2x2_27.pddl
Num states: 16
2023-05-20 12:33:41 INFO     Constructing InstanceData for filename /proj/ssiw/users/x_domdr/projects/code/h-policy-learner/learning/benchmarks/reward/instances/instance_4x4_0.pddl
Num states: 60
2023-05-20 12:33:42 INFO     Constructing InstanceData for filename /proj/ssiw/users/x_domdr/projects/code/h-policy-learner/learning/benchmarks/reward/instances/instance_3x3_24.pddl
Num states: 64
2023-05-20 12:33:42 INFO     Constructing InstanceData for filename /proj/ssiw/users/x_domdr/projects/code/h-policy-learner/learning/benchmarks/reward/instances/instance_3x3_34.pddl
Num states: 28
2023-05-20 12:33:42 INFO     Constructing InstanceData for filename /proj/ssiw/users/x_domdr/projects/code/h-policy-learner/learning/benchmarks/reward/instances/instance_3x3_16.pddl
Num states: 28
2023-05-20 12:33:43 INFO     Constructing InstanceData for filename /proj/ssiw/users/x_domdr/projects/code/h-policy-learner/learning/benchmarks/reward/instances/instance_2x2_36.pddl
Num states: 12
2023-05-20 12:33:43 INFO     Constructing InstanceData for filename /proj/ssiw/users/x_domdr/projects/code/h-policy-learner/learning/benchmarks/reward/instances/instance_2x2_39.pddl
Num states: 16
2023-05-20 12:33:43 INFO     Constructing InstanceData for filename /proj/ssiw/users/x_domdr/projects/code/h-policy-learner/learning/benchmarks/reward/instances/instance_2x2_44.pddl
Num states: 12
2023-05-20 12:33:43 INFO     Constructing InstanceData for filename /proj/ssiw/users/x_domdr/projects/code/h-policy-learner/learning/benchmarks/reward/instances/instance_3x3_47.pddl
Num states: 18
2023-05-20 12:33:44 INFO     Constructing InstanceData for filename /proj/ssiw/users/x_domdr/projects/code/h-policy-learner/learning/benchmarks/reward/instances/instance_2x2_47.pddl
Num states: 6
2023-05-20 12:33:44 INFO     Constructing InstanceData for filename /proj/ssiw/users/x_domdr/projects/code/h-policy-learner/learning/benchmarks/reward/instances/instance_3x3_8.pddl
Num states: 56
2023-05-20 12:33:45 INFO     Constructing InstanceData for filename /proj/ssiw/users/x_domdr/projects/code/h-policy-learner/learning/benchmarks/reward/instances/instance_2x2_43.pddl
Num states: 6
2023-05-20 12:33:45 INFO     Constructing InstanceData for filename /proj/ssiw/users/x_domdr/projects/code/h-policy-learner/learning/benchmarks/reward/instances/instance_2x2_42.pddl
Num states: 6
2023-05-20 12:33:45 INFO     Constructing InstanceData for filename /proj/ssiw/users/x_domdr/projects/code/h-policy-learner/learning/benchmarks/reward/instances/instance_2x2_23.pddl
Num states: 6
2023-05-20 12:33:45 INFO     Constructing InstanceData for filename /proj/ssiw/users/x_domdr/projects/code/h-policy-learner/learning/benchmarks/reward/instances/instance_2x2_29.pddl
Num states: 16
2023-05-20 12:33:46 INFO     Constructing InstanceData for filename /proj/ssiw/users/x_domdr/projects/code/h-policy-learner/learning/benchmarks/reward/instances/instance_3x3_31.pddl
Num states: 64
2023-05-20 12:33:46 INFO     Constructing InstanceData for filename /proj/ssiw/users/x_domdr/projects/code/h-policy-learner/learning/benchmarks/reward/instances/instance_3x3_3.pddl
Num states: 36
2023-05-20 12:33:46 INFO     Constructing InstanceData for filename /proj/ssiw/users/x_domdr/projects/code/h-policy-learner/learning/benchmarks/reward/instances/instance_4x4_3.pddl
Num states: 52
2023-05-20 12:33:47 INFO     Constructing InstanceData for filename /proj/ssiw/users/x_domdr/projects/code/h-policy-learner/learning/benchmarks/reward/instances/instance_2x2_35.pddl
Num states: 12
2023-05-20 12:33:47 INFO     Constructing InstanceData for filename /proj/ssiw/users/x_domdr/projects/code/h-policy-learner/learning/benchmarks/reward/instances/instance_3x3_4.pddl
Num states: 48
2023-05-20 12:33:47 INFO     Constructing InstanceData for filename /proj/ssiw/users/x_domdr/projects/code/h-policy-learner/learning/benchmarks/reward/instances/instance_3x3_33.pddl
Num states: 64
2023-05-20 12:33:47 INFO     Constructing InstanceData for filename /proj/ssiw/users/x_domdr/projects/code/h-policy-learner/learning/benchmarks/reward/instances/instance_2x2_38.pddl
Num states: 12
2023-05-20 12:33:48 INFO     Constructing InstanceData for filename /proj/ssiw/users/x_domdr/projects/code/h-policy-learner/learning/benchmarks/reward/instances/instance_3x3_28.pddl
Num states: 14
2023-05-20 12:33:48 INFO     Constructing InstanceData for filename /proj/ssiw/users/x_domdr/projects/code/h-policy-learner/learning/benchmarks/reward/instances/instance_2x2_46.pddl
Num states: 6
2023-05-20 12:33:48 INFO     Constructing InstanceData for filename /proj/ssiw/users/x_domdr/projects/code/h-policy-learner/learning/benchmarks/reward/instances/instance_2x2_49.pddl
Num states: 6
2023-05-20 12:33:49 INFO     Constructing InstanceData for filename /proj/ssiw/users/x_domdr/projects/code/h-policy-learner/learning/benchmarks/reward/instances/instance_3x3_42.pddl
Num states: 32
2023-05-20 12:33:49 INFO     Constructing InstanceData for filename /proj/ssiw/users/x_domdr/projects/code/h-policy-learner/learning/benchmarks/reward/instances/instance_2x2_14.pddl
Num states: 16
2023-05-20 12:33:49 INFO     Constructing InstanceData for filename /proj/ssiw/users/x_domdr/projects/code/h-policy-learner/learning/benchmarks/reward/instances/instance_2x2_26.pddl
Num states: 6
2023-05-20 12:33:49 INFO     Constructing InstanceData for filename /proj/ssiw/users/x_domdr/projects/code/h-policy-learner/learning/benchmarks/reward/instances/instance_3x3_25.pddl
Num states: 16
2023-05-20 12:33:50 INFO     Constructing InstanceData for filename /proj/ssiw/users/x_domdr/projects/code/h-policy-learner/learning/benchmarks/reward/instances/instance_3x3_10.pddl
Num states: 36
2023-05-20 12:33:50 INFO     Constructing InstanceData for filename /proj/ssiw/users/x_domdr/projects/code/h-policy-learner/learning/benchmarks/reward/instances/instance_3x3_41.pddl
Num states: 64
2023-05-20 12:33:50 INFO     Constructing InstanceData for filename /proj/ssiw/users/x_domdr/projects/code/h-policy-learner/learning/benchmarks/reward/instances/instance_3x3_17.pddl
Num states: 36
2023-05-20 12:33:51 INFO     Constructing InstanceData for filename /proj/ssiw/users/x_domdr/projects/code/h-policy-learner/learning/benchmarks/reward/instances/instance_2x2_37.pddl
Num states: 12
2023-05-20 12:33:51 INFO     Constructing InstanceData for filename /proj/ssiw/users/x_domdr/projects/code/h-policy-learner/learning/benchmarks/reward/instances/instance_2x2_25.pddl
Num states: 6
2023-05-20 12:33:51 INFO     Constructing InstanceData for filename /proj/ssiw/users/x_domdr/projects/code/h-policy-learner/learning/benchmarks/reward/instances/instance_2x2_19.pddl
Num states: 12
2023-05-20 12:33:51 INFO     Constructing InstanceData for filename /proj/ssiw/users/x_domdr/projects/code/h-policy-learner/learning/benchmarks/reward/instances/instance_3x3_9.pddl
Num states: 36
2023-05-20 12:33:52 INFO     Constructing InstanceData for filename /proj/ssiw/users/x_domdr/projects/code/h-policy-learner/learning/benchmarks/reward/instances/instance_4x4_6.pddl
Num states: 28
2023-05-20 12:33:52 INFO     Constructing InstanceData for filename /proj/ssiw/users/x_domdr/projects/code/h-policy-learner/learning/benchmarks/reward/instances/instance_2x2_1.pddl
Num states: 8
2023-05-20 12:33:52 INFO     Constructing InstanceData for filename /proj/ssiw/users/x_domdr/projects/code/h-policy-learner/learning/benchmarks/reward/instances/instance_3x3_0.pddl
Num states: 32
2023-05-20 12:33:53 INFO     Constructing InstanceData for filename /proj/ssiw/users/x_domdr/projects/code/h-policy-learner/learning/benchmarks/reward/instances/instance_3x3_26.pddl
Num states: 18
2023-05-20 12:33:53 INFO     Constructing InstanceData for filename /proj/ssiw/users/x_domdr/projects/code/h-policy-learner/learning/benchmarks/reward/instances/instance_2x2_40.pddl
Num states: 6
2023-05-20 12:33:53 INFO     Constructing InstanceData for filename /proj/ssiw/users/x_domdr/projects/code/h-policy-learner/learning/benchmarks/reward/instances/instance_2x2_9.pddl
Num states: 16
2023-05-20 12:33:54 INFO     Constructing InstanceData for filename /proj/ssiw/users/x_domdr/projects/code/h-policy-learner/learning/benchmarks/reward/instances/instance_2x2_45.pddl
Num states: 16
2023-05-20 12:33:54 INFO     Constructing InstanceData for filename /proj/ssiw/users/x_domdr/projects/code/h-policy-learner/learning/benchmarks/reward/instances/instance_3x3_15.pddl
Num states: 64
2023-05-20 12:33:55 INFO     Constructing InstanceData for filename /proj/ssiw/users/x_domdr/projects/code/h-policy-learner/learning/benchmarks/reward/instances/instance_3x3_39.pddl
Num states: 16
2023-05-20 12:33:56 INFO     Constructing InstanceData for filename /proj/ssiw/users/x_domdr/projects/code/h-policy-learner/learning/benchmarks/reward/instances/instance_2x2_0.pddl
Num states: 16
2023-05-20 12:33:56 INFO     Constructing InstanceData for filename /proj/ssiw/users/x_domdr/projects/code/h-policy-learner/learning/benchmarks/reward/instances/instance_2x2_31.pddl
Num states: 16
2023-05-20 12:33:57 INFO     Constructing InstanceData for filename /proj/ssiw/users/x_domdr/projects/code/h-policy-learner/learning/benchmarks/reward/instances/instance_3x3_14.pddl
Num states: 64
2023-05-20 12:33:58 INFO     Constructing InstanceData for filename /proj/ssiw/users/x_domdr/projects/code/h-policy-learner/learning/benchmarks/reward/instances/instance_2x2_22.pddl
Num states: 8
2023-05-20 12:33:59 INFO     Constructing InstanceData for filename /proj/ssiw/users/x_domdr/projects/code/h-policy-learner/learning/benchmarks/reward/instances/instance_2x2_5.pddl
Num states: 6
2023-05-20 12:33:59 INFO     Constructing InstanceData for filename /proj/ssiw/users/x_domdr/projects/code/h-policy-learner/learning/benchmarks/reward/instances/instance_3x3_20.pddl
Num states: 32
2023-05-20 12:34:00 INFO     Constructing InstanceData for filename /proj/ssiw/users/x_domdr/projects/code/h-policy-learner/learning/benchmarks/reward/instances/instance_2x2_10.pddl
Num states: 8
2023-05-20 12:34:00 INFO     Constructing InstanceData for filename /proj/ssiw/users/x_domdr/projects/code/h-policy-learner/learning/benchmarks/reward/instances/instance_3x3_38.pddl
Num states: 18
2023-05-20 12:34:00 INFO     Constructing InstanceData for filename /proj/ssiw/users/x_domdr/projects/code/h-policy-learner/learning/benchmarks/reward/instances/instance_4x4_4.pddl
Num states: 224
2023-05-20 12:34:01 INFO     Constructing InstanceData for filename /proj/ssiw/users/x_domdr/projects/code/h-policy-learner/learning/benchmarks/reward/instances/instance_3x3_44.pddl
Num states: 32
2023-05-20 12:34:01 INFO     Constructing InstanceData for filename /proj/ssiw/users/x_domdr/projects/code/h-policy-learner/learning/benchmarks/reward/instances/instance_2x2_11.pddl
Num states: 12
2023-05-20 12:34:01 INFO     Constructing InstanceData for filename /proj/ssiw/users/x_domdr/projects/code/h-policy-learner/learning/benchmarks/reward/instances/instance_3x3_30.pddl
Num states: 18
2023-05-20 12:34:01 INFO     Constructing InstanceData for filename /proj/ssiw/users/x_domdr/projects/code/h-policy-learner/learning/benchmarks/reward/instances/instance_3x3_22.pddl
Num states: 64
2023-05-20 12:34:02 INFO     Constructing InstanceData for filename /proj/ssiw/users/x_domdr/projects/code/h-policy-learner/learning/benchmarks/reward/instances/instance_2x2_3.pddl
Num states: 8
2023-05-20 12:34:02 INFO     Constructing InstanceData for filename /proj/ssiw/users/x_domdr/projects/code/h-policy-learner/learning/benchmarks/reward/instances/instance_2x2_21.pddl
Num states: 6
2023-05-20 12:34:02 INFO     Constructing InstanceData for filename /proj/ssiw/users/x_domdr/projects/code/h-policy-learner/learning/benchmarks/reward/instances/instance_3x3_43.pddl
Num states: 28
2023-05-20 12:34:02 INFO     Constructing InstanceData for filename /proj/ssiw/users/x_domdr/projects/code/h-policy-learner/learning/benchmarks/reward/instances/instance_3x3_5.pddl
Num states: 18
2023-05-20 12:34:03 INFO     Constructing InstanceData for filename /proj/ssiw/users/x_domdr/projects/code/h-policy-learner/learning/benchmarks/reward/instances/instance_2x2_30.pddl
Num states: 6
2023-05-20 12:34:03 INFO     Constructing InstanceData for filename /proj/ssiw/users/x_domdr/projects/code/h-policy-learner/learning/benchmarks/reward/instances/instance_3x3_19.pddl
Num states: 14
2023-05-20 12:34:03 INFO     Constructing InstanceData for filename /proj/ssiw/users/x_domdr/projects/code/h-policy-learner/learning/benchmarks/reward/instances/instance_2x2_12.pddl
Num states: 8
2023-05-20 12:34:04 INFO     Constructing InstanceData for filename /proj/ssiw/users/x_domdr/projects/code/h-policy-learner/learning/benchmarks/reward/instances/instance_3x3_23.pddl
Num states: 64
2023-05-20 12:34:04 INFO     Constructing InstanceData for filename /proj/ssiw/users/x_domdr/projects/code/h-policy-learner/learning/benchmarks/reward/instances/instance_2x2_6.pddl
Num states: 12
2023-05-20 12:34:04 INFO     Constructing InstanceData for filename /proj/ssiw/users/x_domdr/projects/code/h-policy-learner/learning/benchmarks/reward/instances/instance_4x4_9.pddl
Num states: 28
2023-05-20 12:34:04 INFO     Constructing InstanceData for filename /proj/ssiw/users/x_domdr/projects/code/h-policy-learner/learning/benchmarks/reward/instances/instance_2x2_18.pddl
Num states: 16
2023-05-20 12:34:05 INFO     Constructing InstanceData for filename /proj/ssiw/users/x_domdr/projects/code/h-policy-learner/learning/benchmarks/reward/instances/instance_3x3_40.pddl
Num states: 36
2023-05-20 12:34:05 INFO     Constructing InstanceData for filename /proj/ssiw/users/x_domdr/projects/code/h-policy-learner/learning/benchmarks/reward/instances/instance_2x2_4.pddl
Num states: 12
2023-05-20 12:34:05 INFO     Constructing InstanceData for filename /proj/ssiw/users/x_domdr/projects/code/h-policy-learner/learning/benchmarks/reward/instances/instance_4x4_5.pddl
Num states: 26
2023-05-20 12:34:06 INFO     Constructing InstanceData for filename /proj/ssiw/users/x_domdr/projects/code/h-policy-learner/learning/benchmarks/reward/instances/instance_2x2_13.pddl
Num states: 8
2023-05-20 12:34:06 INFO     Constructing InstanceData for filename /proj/ssiw/users/x_domdr/projects/code/h-policy-learner/learning/benchmarks/reward/instances/instance_3x3_18.pddl
Num states: 14
2023-05-20 12:34:06 INFO     Constructing InstanceData for filename /proj/ssiw/users/x_domdr/projects/code/h-policy-learner/learning/benchmarks/reward/instances/instance_2x2_8.pddl
Num states: 16
2023-05-20 12:34:06 INFO     Constructing InstanceData for filename /proj/ssiw/users/x_domdr/projects/code/h-policy-learner/learning/benchmarks/reward/instances/instance_3x3_32.pddl
Num states: 56
2023-05-20 12:34:07 INFO     Constructing InstanceData for filename /proj/ssiw/users/x_domdr/projects/code/h-policy-learner/learning/benchmarks/reward/instances/instance_2x2_32.pddl
Num states: 6
2023-05-20 12:34:07 INFO     Constructing InstanceData for filename /proj/ssiw/users/x_domdr/projects/code/h-policy-learner/learning/benchmarks/reward/instances/instance_2x2_33.pddl
Num states: 6
2023-05-20 12:34:07 INFO     Constructing InstanceData for filename /proj/ssiw/users/x_domdr/projects/code/h-policy-learner/learning/benchmarks/reward/instances/instance_2x2_17.pddl
Num states: 16
2023-05-20 12:34:07 INFO     Constructing InstanceData for filename /proj/ssiw/users/x_domdr/projects/code/h-policy-learner/learning/benchmarks/reward/instances/instance_4x4_2.pddl
Num states: 224
2023-05-20 12:34:08 INFO     Constructing InstanceData for filename /proj/ssiw/users/x_domdr/projects/code/h-policy-learner/learning/benchmarks/reward/instances/instance_2x2_15.pddl
Num states: 16
2023-05-20 12:34:08 INFO     ..done
2023-05-20 12:34:08 INFO     Iteration: 0
     id: 0 name: instance_2x2_28
2023-05-20 12:34:08 INFO     Initializing DomainFeatureData...
[t=38.8289s, 196884 KB] Started generating base features of complexity 1.
[t=38.8296s, 196884 KB] Complexity 1:
    b_nullary: 0
    c_one_of: 0
    c_top: 1
    c_bot: 1
    c_primitive: 5
    r_primitive: 2
    c_and: 0
    c_not: 0
    c_equal: 0
    c_some: 0
    c_all: 0
    r_restrict: 0
    r_and: 0
    r_inverse: 0
    r_transitive_closure: 0
    b_empty: 0
    n_count: 0
    n_concept_distance: 0
[t=38.8299s, 196884 KB] Finished generating base features.
[t=38.8299s, 196884 KB] Started generating composite features. 
[t=38.8304s, 196884 KB] Complexity 2:
Total concept elements: 12
Total role elements: 3
Total numerical elements: 7
Total boolean elements: 4
    b_nullary: 0
    c_one_of: 0
    c_top: 1
    c_bot: 1
    c_primitive: 5
    r_primitive: 2
    c_and: 0
    c_not: 5
    c_equal: 0
    c_some: 0
    c_all: 0
    r_restrict: 0
    r_and: 0
    r_inverse: 0
    r_transitive_closure: 1
    b_empty: 4
    n_count: 7
    n_concept_distance: 0
[t=38.8319s, 196884 KB] Complexity 3:
Total concept elements: 19
Total role elements: 8
Total numerical elements: 10
Total boolean elements: 4
    b_nullary: 0
    c_one_of: 0
    c_top: 1
    c_bot: 1
    c_primitive: 5
    r_primitive: 2
    c_and: 3
    c_not: 5
    c_equal: 0
    c_some: 4
    c_all: 0
    r_restrict: 5
    r_and: 0
    r_inverse: 0
    r_transitive_closure: 1
    b_empty: 4
    n_count: 10
    n_concept_distance: 0
[t=38.8335s, 196884 KB] Complexity 4:
Total concept elements: 38
Total role elements: 13
Total numerical elements: 26
Total boolean elements: 7
    b_nullary: 0
    c_one_of: 0
    c_top: 1
    c_bot: 1
    c_primitive: 5
    r_primitive: 2
    c_and: 13
    c_not: 12
    c_equal: 0
    c_some: 6
    c_all: 0
    r_restrict: 5
    r_and: 0
    r_inverse: 5
    r_transitive_closure: 1
    b_empty: 7
    n_count: 17
    n_concept_distance: 9
[t=38.8366s, 196884 KB] Complexity 5:
Total concept elements: 73
Total role elements: 13
Total numerical elements: 46
Total boolean elements: 12
    b_nullary: 0
    c_one_of: 0
    c_top: 1
    c_bot: 1
    c_primitive: 5
    r_primitive: 2
    c_and: 26
    c_not: 22
    c_equal: 0
    c_some: 11
    c_all: 7
    r_restrict: 5
    r_and: 0
    r_inverse: 5
    r_transitive_closure: 1
    b_empty: 12
    n_count: 31
    n_concept_distance: 15
[t=38.843s, 196884 KB] Complexity 6:
Total concept elements: 130
Total role elements: 13
Total numerical elements: 79
Total boolean elements: 15
    b_nullary: 0
    c_one_of: 0
    c_top: 1
    c_bot: 1
    c_primitive: 5
    r_primitive: 2
    c_and: 53
    c_not: 47
    c_equal: 0
    c_some: 14
    c_all: 9
    r_restrict: 5
    r_and: 0
    r_inverse: 5
    r_transitive_closure: 1
    b_empty: 15
    n_count: 53
    n_concept_distance: 26
[t=38.8519s, 196884 KB] Complexity 7:
Total concept elements: 236
Total role elements: 16
Total numerical elements: 132
Total boolean elements: 20
    b_nullary: 0
    c_one_of: 0
    c_top: 1
    c_bot: 1
    c_primitive: 5
    r_primitive: 2
    c_and: 101
    c_not: 77
    c_equal: 0
    c_some: 32
    c_all: 19
    r_restrict: 5
    r_and: 3
    r_inverse: 5
    r_transitive_closure: 1
    b_empty: 20
    n_count: 87
    n_concept_distance: 45
[t=38.8647s, 196884 KB] Complexity 8:
Total concept elements: 392
Total role elements: 34
Total numerical elements: 197
Total boolean elements: 22
    b_nullary: 0
    c_one_of: 0
    c_top: 1
    c_bot: 1
    c_primitive: 5
    r_primitive: 2
    c_and: 184
    c_not: 137
    c_equal: 0
    c_some: 35
    c_all: 29
    r_restrict: 5
    r_and: 18
    r_inverse: 8
    r_transitive_closure: 1
    b_empty: 22
    n_count: 138
    n_concept_distance: 59
[t=38.8904s, 196884 KB] Complexity 9:
Total concept elements: 668
Total role elements: 34
Total numerical elements: 303
Total boolean elements: 30
    b_nullary: 0
    c_one_of: 0
    c_top: 1
    c_bot: 1
    c_primitive: 5
    r_primitive: 2
    c_and: 372
    c_not: 210
    c_equal: 0
    c_some: 44
    c_all: 35
    r_restrict: 5
    r_and: 18
    r_inverse: 8
    r_transitive_closure: 1
    b_empty: 30
    n_count: 209
    n_concept_distance: 94
[t=38.8905s, 196884 KB] Finished generating composite features.
DomainFeatureDataStatistics:
    num_dlplan_states: 6
    num_boolean_features: 30
    num_numerical_features: 303
2023-05-20 12:34:08 INFO     ..done
2023-05-20 12:34:08 INFO     Initializing InstanceFeatureDatas...
2023-05-20 12:34:08 INFO     ..done
2023-05-20 12:34:08 INFO     Grounding Logic Program...
2023-05-20 12:34:08 INFO     ..done
2023-05-20 12:34:08 INFO     Solving Logic Program...
Clingo statistics:
{'call': 0.0, 'result': 1.0, 'signal': 0.0, 'exhausted': 1.0, 'costs': [4.0], 'lower': [4.0], 'concurrency': 32.0, 'winner': 30.0, 'times': {'total': 0.0418400764465332, 'cpu': 0.056864000000000026, 'solve': 0.005188941955566406, 'unsat': 0.0007710456848144531, 'sat': 0.003773927688598633}, 'models': {'enumerated': 9.0, 'optimal': 1.0}}
Solution cost: [4.0]
Total time: 0.0418400764465332
CPU time: 0.056864000000000026
Solve time: 0.005188941955566406
2023-05-20 12:34:08 INFO     ..done
2023-05-20 12:34:08 INFO     Learned the following goal separating features:
b_empty(c_primitive(reward,0))

2023-05-20 12:34:08 INFO     Verifying goal separating features...
2023-05-20 12:34:08 INFO     ..done
Features separate all goal from non-goal states!
2023-05-20 12:34:08 INFO     Started refining
2023-05-20 12:34:08 INFO     Initializing TupleGraphs...
2023-05-20 12:34:09 INFO     ..done
2023-05-20 12:34:09 INFO     Iteration: 0
     id: 0 name: instance_2x2_28 initial_states: [2, 1, 0]
2023-05-20 12:34:09 INFO     Initializing DomainFeatureData...
[t=39.3979s, 2427796 KB] Started generating base features of complexity 1.
[t=39.398s, 2427796 KB] Complexity 1:
    b_nullary: 0
    c_one_of: 0
    c_top: 1
    c_bot: 1
    c_primitive: 5
    r_primitive: 2
    c_and: 0
    c_not: 0
    c_equal: 0
    c_some: 0
    c_all: 0
    r_restrict: 0
    r_and: 0
    r_inverse: 0
    r_transitive_closure: 0
    b_empty: 0
    n_count: 0
    n_concept_distance: 0
[t=39.3981s, 2427796 KB] Finished generating base features.
[t=39.3981s, 2427796 KB] Started generating composite features. 
[t=39.3983s, 2427796 KB] Complexity 2:
Total concept elements: 12
Total role elements: 3
Total numerical elements: 7
Total boolean elements: 4
    b_nullary: 0
    c_one_of: 0
    c_top: 1
    c_bot: 1
    c_primitive: 5
    r_primitive: 2
    c_and: 0
    c_not: 5
    c_equal: 0
    c_some: 0
    c_all: 0
    r_restrict: 0
    r_and: 0
    r_inverse: 0
    r_transitive_closure: 1
    b_empty: 4
    n_count: 7
    n_concept_distance: 0
[t=39.3989s, 2427796 KB] Complexity 3:
Total concept elements: 19
Total role elements: 8
Total numerical elements: 10
Total boolean elements: 4
    b_nullary: 0
    c_one_of: 0
    c_top: 1
    c_bot: 1
    c_primitive: 5
    r_primitive: 2
    c_and: 3
    c_not: 5
    c_equal: 0
    c_some: 4
    c_all: 0
    r_restrict: 5
    r_and: 0
    r_inverse: 0
    r_transitive_closure: 1
    b_empty: 4
    n_count: 10
    n_concept_distance: 0
[t=39.3997s, 2427796 KB] Complexity 4:
Total concept elements: 38
Total role elements: 13
Total numerical elements: 26
Total boolean elements: 7
    b_nullary: 0
    c_one_of: 0
    c_top: 1
    c_bot: 1
    c_primitive: 5
    r_primitive: 2
    c_and: 13
    c_not: 12
    c_equal: 0
    c_some: 6
    c_all: 0
    r_restrict: 5
    r_and: 0
    r_inverse: 5
    r_transitive_closure: 1
    b_empty: 7
    n_count: 17
    n_concept_distance: 9
[t=39.4013s, 2427796 KB] Complexity 5:
Total concept elements: 73
Total role elements: 13
Total numerical elements: 46
Total boolean elements: 12
    b_nullary: 0
    c_one_of: 0
    c_top: 1
    c_bot: 1
    c_primitive: 5
    r_primitive: 2
    c_and: 26
    c_not: 22
    c_equal: 0
    c_some: 11
    c_all: 7
    r_restrict: 5
    r_and: 0
    r_inverse: 5
    r_transitive_closure: 1
    b_empty: 12
    n_count: 31
    n_concept_distance: 15
[t=39.4047s, 2427796 KB] Complexity 6:
Total concept elements: 130
Total role elements: 13
Total numerical elements: 79
Total boolean elements: 15
    b_nullary: 0
    c_one_of: 0
    c_top: 1
    c_bot: 1
    c_primitive: 5
    r_primitive: 2
    c_and: 53
    c_not: 47
    c_equal: 0
    c_some: 14
    c_all: 9
    r_restrict: 5
    r_and: 0
    r_inverse: 5
    r_transitive_closure: 1
    b_empty: 15
    n_count: 53
    n_concept_distance: 26
[t=39.4112s, 2427796 KB] Complexity 7:
Total concept elements: 236
Total role elements: 16
Total numerical elements: 132
Total boolean elements: 20
    b_nullary: 0
    c_one_of: 0
    c_top: 1
    c_bot: 1
    c_primitive: 5
    r_primitive: 2
    c_and: 101
    c_not: 77
    c_equal: 0
    c_some: 32
    c_all: 19
    r_restrict: 5
    r_and: 3
    r_inverse: 5
    r_transitive_closure: 1
    b_empty: 20
    n_count: 87
    n_concept_distance: 45
[t=39.4238s, 2427796 KB] Complexity 8:
Total concept elements: 392
Total role elements: 34
Total numerical elements: 197
Total boolean elements: 22
    b_nullary: 0
    c_one_of: 0
    c_top: 1
    c_bot: 1
    c_primitive: 5
    r_primitive: 2
    c_and: 184
    c_not: 137
    c_equal: 0
    c_some: 35
    c_all: 29
    r_restrict: 5
    r_and: 18
    r_inverse: 8
    r_transitive_closure: 1
    b_empty: 22
    n_count: 138
    n_concept_distance: 59
[t=39.4491s, 2427796 KB] Complexity 9:
Total concept elements: 668
Total role elements: 34
Total numerical elements: 303
Total boolean elements: 30
    b_nullary: 0
    c_one_of: 0
    c_top: 1
    c_bot: 1
    c_primitive: 5
    r_primitive: 2
    c_and: 372
    c_not: 210
    c_equal: 0
    c_some: 44
    c_all: 35
    r_restrict: 5
    r_and: 18
    r_inverse: 8
    r_transitive_closure: 1
    b_empty: 30
    n_count: 209
    n_concept_distance: 94
[t=39.4492s, 2427796 KB] Finished generating composite features.
DomainFeatureDataStatistics:
    num_dlplan_states: 6
    num_boolean_features: 30
    num_numerical_features: 303
2023-05-20 12:34:09 INFO     ..done
2023-05-20 12:34:09 INFO     Initializing InstanceFeatureDatas...
2023-05-20 12:34:09 INFO     ..done
2023-05-20 12:34:09 INFO     Initializing StatePairEquivalenceDatas...
2023-05-20 12:34:09 INFO     ..done
2023-05-20 12:34:09 INFO     Initializing TupleGraphEquivalences...
TupleGraphEquivalenceFactoryStatistics:
    num_subgoal_tuples: 27
    num_single_rule_subgoal_tuples: 27
    num_multi_rule_subgoal_tuples: 0
2023-05-20 12:34:09 INFO     ..done
2023-05-20 12:34:09 INFO     Initializing TupleGraphEquivalenceMinimizer...
2023-05-20 12:34:09 INFO     ..done
2023-05-20 12:34:09 INFO     Iteration data preprocessing summary:
DomainFeatureDataStatistics:
    num_dlplan_states: 6
    num_boolean_features: 30
    num_numerical_features: 303
StatePairEquivalenceStatistics:
    num_subgoal_states: 27
    num_equivalences: 27
TupleGraphEquivalenceFactoryStatistics:
    num_subgoal_tuples: 27
    num_single_rule_subgoal_tuples: 27
    num_multi_rule_subgoal_tuples: 0
TupleGraphEquivalenceFactoryStatistics:
    num_subgoal_tuples: 27
    num_single_rule_subgoal_tuples: 27
    num_multi_rule_subgoal_tuples: 0
2023-05-20 12:34:09 INFO     Grounding Logic Program...
2023-05-20 12:34:10 INFO     ..done
2023-05-20 12:34:10 INFO     Solving Logic Program...
Clingo statistics:
{'call': 0.0, 'result': 1.0, 'signal': 0.0, 'exhausted': 1.0, 'costs': [4.0], 'lower': [4.0], 'concurrency': 32.0, 'winner': 24.0, 'times': {'total': 1.8950321674346924, 'cpu': 16.409125, 'solve': 0.8230211734771729, 'unsat': 0.014100074768066406, 'sat': 0.6668570041656494}, 'models': {'enumerated': 5.0, 'optimal': 1.0}}
Solution cost: [4.0]
Total time: 1.8950321674346924
CPU time: 16.409125
Solve time: 0.8230211734771729
2023-05-20 12:34:11 INFO     ..done
2023-05-20 12:34:11 INFO     Learned the following sketch:
(:policy
(:rule (:conditions ) (:effects (:e_n_dec "n_count(c_primitive(reward,0))")))
)
(:policy
(:booleans )
(:numericals (1594 "n_count(c_primitive(reward,0))"))
(:rule (:conditions ) (:effects (:e_n_dec 1594)))
)
Numer of sketch rules: 1
Number of selected features: 1
Maximum complexity of selected feature: 2
2023-05-20 12:34:11 INFO     Verifying learned sketch...
2023-05-20 12:34:23 INFO     ..done
Sketch solves all instances!
2023-05-20 12:34:23 INFO     Summary:
LearningStatistics:
    num_training_instances: 110
    num_selected_training_instances (|P|): 1
    num_states_in_selected_training_instances (|S|): 6
    num_features_in_pool (|F|): 333
Resulting sketch:
(:policy
(:rule (:conditions ) (:effects (:e_n_dec "n_count(c_primitive(reward,0))")))
)
(:policy
(:booleans )
(:numericals (1594 "n_count(c_primitive(reward,0))"))
(:rule (:conditions ) (:effects (:e_n_dec 1594)))
)
Numer of sketch rules: 1
Number of selected features: 1
Maximum complexity of selected feature: 2
Resulting sketch minimized:
(:policy
(:rule (:conditions ) (:effects (:e_n_dec "n_count(c_primitive(reward,0))")))
)
(:policy
(:booleans )
(:numericals (1594 "n_count(c_primitive(reward,0))"))
(:rule (:conditions ) (:effects (:e_n_dec 1594)))
)
Numer of sketch rules: 1
Number of selected features: 1
Maximum complexity of selected feature: 2
Number of problems: 110
Number of subproblems: 348
Highest number of states in problem: 256
Highest number of states in subproblem: 20
2023-05-20 12:34:33 INFO     Started refining
(:policy
(:rule (:conditions ) (:effects (:e_n_dec "n_count(c_primitive(reward,0))")))
)
2023-05-20 12:34:33 INFO     Initializing TupleGraphs...
2023-05-20 12:34:33 INFO     ..done
2023-05-20 12:34:33 INFO     Iteration: 0
     id: 0 name: instance_2x2_28-0 initial_states: {0, 1, 2}
2023-05-20 12:34:33 INFO     Initializing DomainFeatureData...
[t=63.5491s, 2538392 KB] Started generating base features of complexity 1.
[t=63.5492s, 2538392 KB] Complexity 1:
    b_nullary: 0
    c_one_of: 0
    c_top: 1
    c_bot: 1
    c_primitive: 5
    r_primitive: 2
    c_and: 0
    c_not: 0
    c_equal: 0
    c_some: 0
    c_all: 0
    r_restrict: 0
    r_and: 0
    r_inverse: 0
    r_transitive_closure: 0
    b_empty: 0
    n_count: 0
    n_concept_distance: 0
[t=63.5493s, 2538392 KB] Finished generating base features.
[t=63.5494s, 2538392 KB] Started generating composite features. 
[t=63.5496s, 2538392 KB] Complexity 2:
Total concept elements: 12
Total role elements: 3
Total numerical elements: 7
Total boolean elements: 4
    b_nullary: 0
    c_one_of: 0
    c_top: 1
    c_bot: 1
    c_primitive: 5
    r_primitive: 2
    c_and: 0
    c_not: 5
    c_equal: 0
    c_some: 0
    c_all: 0
    r_restrict: 0
    r_and: 0
    r_inverse: 0
    r_transitive_closure: 1
    b_empty: 4
    n_count: 7
    n_concept_distance: 0
[t=63.5501s, 2538392 KB] Complexity 3:
Total concept elements: 18
Total role elements: 8
Total numerical elements: 10
Total boolean elements: 4
    b_nullary: 0
    c_one_of: 0
    c_top: 1
    c_bot: 1
    c_primitive: 5
    r_primitive: 2
    c_and: 2
    c_not: 5
    c_equal: 0
    c_some: 4
    c_all: 0
    r_restrict: 5
    r_and: 0
    r_inverse: 0
    r_transitive_closure: 1
    b_empty: 4
    n_count: 10
    n_concept_distance: 0
[t=63.5508s, 2538392 KB] Complexity 4:
Total concept elements: 34
Total role elements: 13
Total numerical elements: 23
Total boolean elements: 6
    b_nullary: 0
    c_one_of: 0
    c_top: 1
    c_bot: 1
    c_primitive: 5
    r_primitive: 2
    c_and: 10
    c_not: 11
    c_equal: 0
    c_some: 6
    c_all: 0
    r_restrict: 5
    r_and: 0
    r_inverse: 5
    r_transitive_closure: 1
    b_empty: 6
    n_count: 16
    n_concept_distance: 7
[t=63.5521s, 2538392 KB] Complexity 5:
Total concept elements: 58
Total role elements: 13
Total numerical elements: 38
Total boolean elements: 8
    b_nullary: 0
    c_one_of: 0
    c_top: 1
    c_bot: 1
    c_primitive: 5
    r_primitive: 2
    c_and: 17
    c_not: 19
    c_equal: 0
    c_some: 10
    c_all: 5
    r_restrict: 5
    r_and: 0
    r_inverse: 5
    r_transitive_closure: 1
    b_empty: 8
    n_count: 26
    n_concept_distance: 12
[t=63.5548s, 2538392 KB] Complexity 6:
Total concept elements: 95
Total role elements: 13
Total numerical elements: 54
Total boolean elements: 9
    b_nullary: 0
    c_one_of: 0
    c_top: 1
    c_bot: 1
    c_primitive: 5
    r_primitive: 2
    c_and: 34
    c_not: 35
    c_equal: 0
    c_some: 12
    c_all: 7
    r_restrict: 5
    r_and: 0
    r_inverse: 5
    r_transitive_closure: 1
    b_empty: 9
    n_count: 37
    n_concept_distance: 17
[t=63.5593s, 2538392 KB] Complexity 7:
Total concept elements: 159
Total role elements: 15
Total numerical elements: 80
Total boolean elements: 11
    b_nullary: 0
    c_one_of: 0
    c_top: 1
    c_bot: 1
    c_primitive: 5
    r_primitive: 2
    c_and: 68
    c_not: 54
    c_equal: 0
    c_some: 19
    c_all: 11
    r_restrict: 5
    r_and: 2
    r_inverse: 5
    r_transitive_closure: 1
    b_empty: 11
    n_count: 55
    n_concept_distance: 25
[t=63.5674s, 2538392 KB] Complexity 8:
Total concept elements: 250
Total role elements: 28
Total numerical elements: 109
Total boolean elements: 11
    b_nullary: 0
    c_one_of: 0
    c_top: 1
    c_bot: 1
    c_primitive: 5
    r_primitive: 2
    c_and: 117
    c_not: 91
    c_equal: 0
    c_some: 20
    c_all: 15
    r_restrict: 5
    r_and: 13
    r_inverse: 7
    r_transitive_closure: 1
    b_empty: 11
    n_count: 77
    n_concept_distance: 32
[t=63.5826s, 2538392 KB] Complexity 9:
Total concept elements: 400
Total role elements: 28
Total numerical elements: 151
Total boolean elements: 15
    b_nullary: 0
    c_one_of: 0
    c_top: 1
    c_bot: 1
    c_primitive: 5
    r_primitive: 2
    c_and: 219
    c_not: 133
    c_equal: 0
    c_some: 23
    c_all: 18
    r_restrict: 5
    r_and: 13
    r_inverse: 7
    r_transitive_closure: 1
    b_empty: 15
    n_count: 106
    n_concept_distance: 45
[t=63.5828s, 2538392 KB] Finished generating composite features.
DomainFeatureDataStatistics:
    num_dlplan_states: 4
    num_boolean_features: 15
    num_numerical_features: 151
2023-05-20 12:34:33 INFO     ..done
2023-05-20 12:34:33 INFO     Initializing InstanceFeatureDatas...
2023-05-20 12:34:33 INFO     ..done
2023-05-20 12:34:33 INFO     Initializing StatePairEquivalenceDatas...
2023-05-20 12:34:33 INFO     ..done
2023-05-20 12:34:33 INFO     Initializing TupleGraphEquivalences...
TupleGraphEquivalenceFactoryStatistics:
    num_subgoal_tuples: 17
    num_single_rule_subgoal_tuples: 17
    num_multi_rule_subgoal_tuples: 0
2023-05-20 12:34:33 INFO     ..done
2023-05-20 12:34:33 INFO     Initializing TupleGraphEquivalenceMinimizer...
2023-05-20 12:34:33 INFO     ..done
2023-05-20 12:34:33 INFO     Iteration data preprocessing summary:
DomainFeatureDataStatistics:
    num_dlplan_states: 4
    num_boolean_features: 15
    num_numerical_features: 151
StatePairEquivalenceStatistics:
    num_subgoal_states: 13
    num_equivalences: 13
TupleGraphEquivalenceFactoryStatistics:
    num_subgoal_tuples: 17
    num_single_rule_subgoal_tuples: 17
    num_multi_rule_subgoal_tuples: 0
TupleGraphEquivalenceFactoryStatistics:
    num_subgoal_tuples: 13
    num_single_rule_subgoal_tuples: 13
    num_multi_rule_subgoal_tuples: 0
2023-05-20 12:34:33 INFO     Grounding Logic Program...
2023-05-20 12:34:33 INFO     ..done
2023-05-20 12:34:33 INFO     Solving Logic Program...
Clingo statistics:
{'call': 0.0, 'result': 1.0, 'signal': 0.0, 'exhausted': 1.0, 'costs': [2.0], 'lower': [2.0], 'concurrency': 32.0, 'winner': 20.0, 'times': {'total': 0.3594939708709717, 'cpu': 2.5273030000000034, 'solve': 0.08574104309082031, 'unsat': 0.0031249523162841797, 'sat': 0.07134008407592773}, 'models': {'enumerated': 3.0, 'optimal': 1.0}}
Solution cost: [2.0]
Total time: 0.3594939708709717
CPU time: 2.5273030000000034
Solve time: 0.08574104309082031
2023-05-20 12:34:33 INFO     ..done
2023-05-20 12:34:33 INFO     Learned the following sketch:
(:policy
(:rule (:conditions ) (:effects (:e_n_dec "n_count(c_primitive(reward,0))")))
)
(:policy
(:booleans )
(:numericals (1594 "n_count(c_primitive(reward,0))"))
(:rule (:conditions ) (:effects (:e_n_dec 1594)))
)
Numer of sketch rules: 1
Number of selected features: 1
Maximum complexity of selected feature: 2
2023-05-20 12:34:33 INFO     Verifying learned sketch...
2023-05-20 12:34:34 INFO     ..done
Sketch solves all instances!
2023-05-20 12:34:34 INFO     Summary:
LearningStatistics:
    num_training_instances: 348
    num_selected_training_instances (|P|): 1
    num_states_in_selected_training_instances (|S|): 4
    num_features_in_pool (|F|): 166
Resulting sketch:
(:policy
(:rule (:conditions ) (:effects (:e_n_dec "n_count(c_primitive(reward,0))")))
)
(:policy
(:booleans )
(:numericals (1594 "n_count(c_primitive(reward,0))"))
(:rule (:conditions ) (:effects (:e_n_dec 1594)))
)
Numer of sketch rules: 1
Number of selected features: 1
Maximum complexity of selected feature: 2
Resulting sketch minimized:
(:policy
(:rule (:conditions ) (:effects (:e_n_dec "n_count(c_primitive(reward,0))")))
)
(:policy
(:booleans )
(:numericals (1594 "n_count(c_primitive(reward,0))"))
(:rule (:conditions ) (:effects (:e_n_dec 1594)))
)
Numer of sketch rules: 1
Number of selected features: 1
Maximum complexity of selected feature: 2
Number of problems: 348
Number of subproblems: 348
Highest number of states in problem: 20
Highest number of states in subproblem: 20
2023-05-20 12:34:34 INFO     Started refining
(:policy
(:rule (:conditions ) (:effects (:e_n_dec "n_count(c_primitive(reward,0))")))
)
2023-05-20 12:34:34 INFO     Initializing TupleGraphs...
2023-05-20 12:34:34 INFO     ..done
2023-05-20 12:34:34 INFO     Iteration: 0
     id: 0 name: instance_2x2_28-0-0 initial_states: {0, 1, 2}
2023-05-20 12:34:34 INFO     Initializing DomainFeatureData...
[t=64.9967s, 2538392 KB] Started generating base features of complexity 1.
[t=64.9968s, 2538392 KB] Complexity 1:
    b_nullary: 0
    c_one_of: 0
    c_top: 1
    c_bot: 1
    c_primitive: 5
    r_primitive: 2
    c_and: 0
    c_not: 0
    c_equal: 0
    c_some: 0
    c_all: 0
    r_restrict: 0
    r_and: 0
    r_inverse: 0
    r_transitive_closure: 0
    b_empty: 0
    n_count: 0
    n_concept_distance: 0
[t=64.9969s, 2538392 KB] Finished generating base features.
[t=64.997s, 2538392 KB] Started generating composite features. 
[t=64.9971s, 2538392 KB] Complexity 2:
Total concept elements: 12
Total role elements: 3
Total numerical elements: 7
Total boolean elements: 4
    b_nullary: 0
    c_one_of: 0
    c_top: 1
    c_bot: 1
    c_primitive: 5
    r_primitive: 2
    c_and: 0
    c_not: 5
    c_equal: 0
    c_some: 0
    c_all: 0
    r_restrict: 0
    r_and: 0
    r_inverse: 0
    r_transitive_closure: 1
    b_empty: 4
    n_count: 7
    n_concept_distance: 0
[t=64.9977s, 2538392 KB] Complexity 3:
Total concept elements: 18
Total role elements: 8
Total numerical elements: 10
Total boolean elements: 4
    b_nullary: 0
    c_one_of: 0
    c_top: 1
    c_bot: 1
    c_primitive: 5
    r_primitive: 2
    c_and: 2
    c_not: 5
    c_equal: 0
    c_some: 4
    c_all: 0
    r_restrict: 5
    r_and: 0
    r_inverse: 0
    r_transitive_closure: 1
    b_empty: 4
    n_count: 10
    n_concept_distance: 0
[t=64.9984s, 2538392 KB] Complexity 4:
Total concept elements: 34
Total role elements: 13
Total numerical elements: 23
Total boolean elements: 6
    b_nullary: 0
    c_one_of: 0
    c_top: 1
    c_bot: 1
    c_primitive: 5
    r_primitive: 2
    c_and: 10
    c_not: 11
    c_equal: 0
    c_some: 6
    c_all: 0
    r_restrict: 5
    r_and: 0
    r_inverse: 5
    r_transitive_closure: 1
    b_empty: 6
    n_count: 16
    n_concept_distance: 7
[t=64.9998s, 2538392 KB] Complexity 5:
Total concept elements: 58
Total role elements: 13
Total numerical elements: 38
Total boolean elements: 8
    b_nullary: 0
    c_one_of: 0
    c_top: 1
    c_bot: 1
    c_primitive: 5
    r_primitive: 2
    c_and: 17
    c_not: 19
    c_equal: 0
    c_some: 10
    c_all: 5
    r_restrict: 5
    r_and: 0
    r_inverse: 5
    r_transitive_closure: 1
    b_empty: 8
    n_count: 26
    n_concept_distance: 12
[t=65.0027s, 2538392 KB] Complexity 6:
Total concept elements: 95
Total role elements: 13
Total numerical elements: 54
Total boolean elements: 9
    b_nullary: 0
    c_one_of: 0
    c_top: 1
    c_bot: 1
    c_primitive: 5
    r_primitive: 2
    c_and: 34
    c_not: 35
    c_equal: 0
    c_some: 12
    c_all: 7
    r_restrict: 5
    r_and: 0
    r_inverse: 5
    r_transitive_closure: 1
    b_empty: 9
    n_count: 37
    n_concept_distance: 17
[t=65.0075s, 2538392 KB] Complexity 7:
Total concept elements: 159
Total role elements: 15
Total numerical elements: 80
Total boolean elements: 11
    b_nullary: 0
    c_one_of: 0
    c_top: 1
    c_bot: 1
    c_primitive: 5
    r_primitive: 2
    c_and: 68
    c_not: 54
    c_equal: 0
    c_some: 19
    c_all: 11
    r_restrict: 5
    r_and: 2
    r_inverse: 5
    r_transitive_closure: 1
    b_empty: 11
    n_count: 55
    n_concept_distance: 25
[t=65.0157s, 2538392 KB] Complexity 8:
Total concept elements: 250
Total role elements: 28
Total numerical elements: 109
Total boolean elements: 11
    b_nullary: 0
    c_one_of: 0
    c_top: 1
    c_bot: 1
    c_primitive: 5
    r_primitive: 2
    c_and: 117
    c_not: 91
    c_equal: 0
    c_some: 20
    c_all: 15
    r_restrict: 5
    r_and: 13
    r_inverse: 7
    r_transitive_closure: 1
    b_empty: 11
    n_count: 77
    n_concept_distance: 32
[t=65.032s, 2538392 KB] Complexity 9:
Total concept elements: 400
Total role elements: 28
Total numerical elements: 151
Total boolean elements: 15
    b_nullary: 0
    c_one_of: 0
    c_top: 1
    c_bot: 1
    c_primitive: 5
    r_primitive: 2
    c_and: 219
    c_not: 133
    c_equal: 0
    c_some: 23
    c_all: 18
    r_restrict: 5
    r_and: 13
    r_inverse: 7
    r_transitive_closure: 1
    b_empty: 15
    n_count: 106
    n_concept_distance: 45
[t=65.0321s, 2538392 KB] Finished generating composite features.
DomainFeatureDataStatistics:
    num_dlplan_states: 4
    num_boolean_features: 15
    num_numerical_features: 151
2023-05-20 12:34:34 INFO     ..done
2023-05-20 12:34:34 INFO     Initializing InstanceFeatureDatas...
2023-05-20 12:34:34 INFO     ..done
2023-05-20 12:34:34 INFO     Initializing StatePairEquivalenceDatas...
2023-05-20 12:34:34 INFO     ..done
2023-05-20 12:34:34 INFO     Initializing TupleGraphEquivalences...
TupleGraphEquivalenceFactoryStatistics:
    num_subgoal_tuples: 13
    num_single_rule_subgoal_tuples: 13
    num_multi_rule_subgoal_tuples: 0
2023-05-20 12:34:34 INFO     ..done
2023-05-20 12:34:34 INFO     Initializing TupleGraphEquivalenceMinimizer...
2023-05-20 12:34:34 INFO     ..done
2023-05-20 12:34:34 INFO     Iteration data preprocessing summary:
DomainFeatureDataStatistics:
    num_dlplan_states: 4
    num_boolean_features: 15
    num_numerical_features: 151
StatePairEquivalenceStatistics:
    num_subgoal_states: 9
    num_equivalences: 9
TupleGraphEquivalenceFactoryStatistics:
    num_subgoal_tuples: 13
    num_single_rule_subgoal_tuples: 13
    num_multi_rule_subgoal_tuples: 0
TupleGraphEquivalenceFactoryStatistics:
    num_subgoal_tuples: 9
    num_single_rule_subgoal_tuples: 9
    num_multi_rule_subgoal_tuples: 0
2023-05-20 12:34:34 INFO     Grounding Logic Program...
2023-05-20 12:34:34 INFO     ..done
2023-05-20 12:34:34 INFO     Solving Logic Program...
Clingo statistics:
{'call': 0.0, 'result': 1.0, 'signal': 0.0, 'exhausted': 1.0, 'costs': [8.0], 'lower': [8.0], 'concurrency': 32.0, 'winner': 2.0, 'times': {'total': 0.4307670593261719, 'cpu': 7.3206149999999965, 'solve': 0.2376711368560791, 'unsat': 0.05536007881164551, 'sat': 0.1141359806060791}, 'models': {'enumerated': 2.0, 'optimal': 1.0}}
Solution cost: [8.0]
Total time: 0.4307670593261719
CPU time: 7.3206149999999965
Solve time: 0.2376711368560791
2023-05-20 12:34:35 INFO     ..done
2023-05-20 12:34:35 INFO     Learned the following sketch:
(:policy
(:rule (:conditions (:c_n_eq "n_concept_distance(c_primitive(at,0),r_primitive(adjacent,0,1),c_primitive(picked_g,0))")) (:effects (:e_n_dec "n_count(c_primitive(reward,0))")))
(:rule (:conditions (:c_n_gt "n_concept_distance(c_primitive(at,0),r_primitive(adjacent,0,1),c_primitive(picked_g,0))")) (:effects (:e_n_dec "n_concept_distance(c_primitive(at,0),r_primitive(adjacent,0,1),c_primitive(picked_g,0))")))
)
(:policy
(:booleans )
(:numericals (1594 "n_count(c_primitive(reward,0))") (1611 "n_concept_distance(c_primitive(at,0),r_primitive(adjacent,0,1),c_primitive(picked_g,0))"))
(:rule (:conditions (:c_n_gt 1611)) (:effects (:e_n_dec 1611)))
(:rule (:conditions (:c_n_eq 1611)) (:effects (:e_n_dec 1594)))
)
Numer of sketch rules: 2
Number of selected features: 2
Maximum complexity of selected feature: 4
2023-05-20 12:34:35 INFO     Verifying learned sketch...
State has unbounded width for a rule
Width: 0
Rule: (:rule (:conditions (:c_n_eq 1611)) (:effects (:e_n_dec 1594)))
Instance: 15 instance_2x2_36-3-3
State: (instance index=34, state index=3, atoms={at(c_0_1), reward(c_1_0), picked(c_0_1)})
2023-05-20 12:34:35 INFO     ..done
Smallest unsolved instance: 15
Selected instances: [15]
2023-05-20 12:34:35 INFO     Iteration: 1
     id: 15 name: instance_2x2_36-3-3 initial_states: {3, 5, 7}
2023-05-20 12:34:35 INFO     Initializing DomainFeatureData...
[t=65.5111s, 2538392 KB] Started generating base features of complexity 1.
[t=65.5112s, 2538392 KB] Complexity 1:
    b_nullary: 0
    c_one_of: 0
    c_top: 1
    c_bot: 1
    c_primitive: 5
    r_primitive: 2
    c_and: 0
    c_not: 0
    c_equal: 0
    c_some: 0
    c_all: 0
    r_restrict: 0
    r_and: 0
    r_inverse: 0
    r_transitive_closure: 0
    b_empty: 0
    n_count: 0
    n_concept_distance: 0
[t=65.5113s, 2538392 KB] Finished generating base features.
[t=65.5114s, 2538392 KB] Started generating composite features. 
[t=65.5115s, 2538392 KB] Complexity 2:
Total concept elements: 12
Total role elements: 3
Total numerical elements: 8
Total boolean elements: 3
    b_nullary: 0
    c_one_of: 0
    c_top: 1
    c_bot: 1
    c_primitive: 5
    r_primitive: 2
    c_and: 0
    c_not: 5
    c_equal: 0
    c_some: 0
    c_all: 0
    r_restrict: 0
    r_and: 0
    r_inverse: 0
    r_transitive_closure: 1
    b_empty: 3
    n_count: 8
    n_concept_distance: 0
[t=65.5121s, 2538392 KB] Complexity 3:
Total concept elements: 18
Total role elements: 8
Total numerical elements: 11
Total boolean elements: 3
    b_nullary: 0
    c_one_of: 0
    c_top: 1
    c_bot: 1
    c_primitive: 5
    r_primitive: 2
    c_and: 3
    c_not: 5
    c_equal: 0
    c_some: 2
    c_all: 1
    r_restrict: 5
    r_and: 0
    r_inverse: 0
    r_transitive_closure: 1
    b_empty: 3
    n_count: 11
    n_concept_distance: 0
[t=65.5129s, 2538392 KB] Complexity 4:
Total concept elements: 35
Total role elements: 13
Total numerical elements: 25
Total boolean elements: 7
    b_nullary: 0
    c_one_of: 0
    c_top: 1
    c_bot: 1
    c_primitive: 5
    r_primitive: 2
    c_and: 13
    c_not: 11
    c_equal: 0
    c_some: 3
    c_all: 1
    r_restrict: 5
    r_and: 0
    r_inverse: 5
    r_transitive_closure: 1
    b_empty: 7
    n_count: 18
    n_concept_distance: 7
[t=65.5143s, 2538392 KB] Complexity 5:
Total concept elements: 65
Total role elements: 13
Total numerical elements: 41
Total boolean elements: 12
    b_nullary: 0
    c_one_of: 0
    c_top: 1
    c_bot: 1
    c_primitive: 5
    r_primitive: 2
    c_and: 22
    c_not: 22
    c_equal: 0
    c_some: 8
    c_all: 6
    r_restrict: 5
    r_and: 0
    r_inverse: 5
    r_transitive_closure: 1
    b_empty: 12
    n_count: 30
    n_concept_distance: 11
[t=65.5173s, 2538392 KB] Complexity 6:
Total concept elements: 107
Total role elements: 13
Total numerical elements: 65
Total boolean elements: 12
    b_nullary: 0
    c_one_of: 0
    c_top: 1
    c_bot: 1
    c_primitive: 5
    r_primitive: 2
    c_and: 42
    c_not: 39
    c_equal: 0
    c_some: 11
    c_all: 8
    r_restrict: 5
    r_and: 0
    r_inverse: 5
    r_transitive_closure: 1
    b_empty: 12
    n_count: 50
    n_concept_distance: 15
[t=65.5226s, 2538392 KB] Complexity 7:
Total concept elements: 177
Total role elements: 16
Total numerical elements: 95
Total boolean elements: 13
    b_nullary: 0
    c_one_of: 0
    c_top: 1
    c_bot: 1
    c_primitive: 5
    r_primitive: 2
    c_and: 78
    c_not: 62
    c_equal: 0
    c_some: 21
    c_all: 9
    r_restrict: 5
    r_and: 3
    r_inverse: 5
    r_transitive_closure: 1
    b_empty: 13
    n_count: 72
    n_concept_distance: 23
[t=65.5322s, 2538392 KB] Complexity 8:
Total concept elements: 271
Total role elements: 34
Total numerical elements: 131
Total boolean elements: 13
    b_nullary: 0
    c_one_of: 0
    c_top: 1
    c_bot: 1
    c_primitive: 5
    r_primitive: 2
    c_and: 139
    c_not: 91
    c_equal: 0
    c_some: 21
    c_all: 13
    r_restrict: 5
    r_and: 18
    r_inverse: 8
    r_transitive_closure: 1
    b_empty: 13
    n_count: 101
    n_concept_distance: 30
[t=65.5503s, 2538392 KB] Complexity 9:
Total concept elements: 436
Total role elements: 34
Total numerical elements: 182
Total boolean elements: 16
    b_nullary: 0
    c_one_of: 0
    c_top: 1
    c_bot: 1
    c_primitive: 5
    r_primitive: 2
    c_and: 249
    c_not: 138
    c_equal: 0
    c_some: 27
    c_all: 15
    r_restrict: 5
    r_and: 18
    r_inverse: 8
    r_transitive_closure: 1
    b_empty: 16
    n_count: 136
    n_concept_distance: 46
[t=65.5504s, 2538392 KB] Finished generating composite features.
DomainFeatureDataStatistics:
    num_dlplan_states: 4
    num_boolean_features: 16
    num_numerical_features: 182
2023-05-20 12:34:35 INFO     ..done
2023-05-20 12:34:35 INFO     Initializing InstanceFeatureDatas...
2023-05-20 12:34:35 INFO     ..done
2023-05-20 12:34:35 INFO     Initializing StatePairEquivalenceDatas...
2023-05-20 12:34:35 INFO     ..done
2023-05-20 12:34:35 INFO     Initializing TupleGraphEquivalences...
TupleGraphEquivalenceFactoryStatistics:
    num_subgoal_tuples: 17
    num_single_rule_subgoal_tuples: 17
    num_multi_rule_subgoal_tuples: 0
2023-05-20 12:34:35 INFO     ..done
2023-05-20 12:34:35 INFO     Initializing TupleGraphEquivalenceMinimizer...
2023-05-20 12:34:35 INFO     ..done
2023-05-20 12:34:35 INFO     Iteration data preprocessing summary:
DomainFeatureDataStatistics:
    num_dlplan_states: 4
    num_boolean_features: 16
    num_numerical_features: 182
StatePairEquivalenceStatistics:
    num_subgoal_states: 9
    num_equivalences: 9
TupleGraphEquivalenceFactoryStatistics:
    num_subgoal_tuples: 17
    num_single_rule_subgoal_tuples: 17
    num_multi_rule_subgoal_tuples: 0
TupleGraphEquivalenceFactoryStatistics:
    num_subgoal_tuples: 9
    num_single_rule_subgoal_tuples: 9
    num_multi_rule_subgoal_tuples: 0
2023-05-20 12:34:35 INFO     Grounding Logic Program...
2023-05-20 12:34:35 INFO     ..done
2023-05-20 12:34:35 INFO     Solving Logic Program...
Clingo statistics:
{'call': 0.0, 'result': 1.0, 'signal': 0.0, 'exhausted': 1.0, 'costs': [8.0], 'lower': [8.0], 'concurrency': 32.0, 'winner': 10.0, 'times': {'total': 0.570385217666626, 'cpu': 7.924104, 'solve': 0.25671911239624023, 'unsat': 0.030924081802368164, 'sat': 0.05228400230407715}, 'models': {'enumerated': 4.0, 'optimal': 1.0}}
Solution cost: [8.0]
Total time: 0.570385217666626
CPU time: 7.924104
Solve time: 0.25671911239624023
2023-05-20 12:34:35 INFO     ..done
2023-05-20 12:34:35 INFO     Learned the following sketch:
(:policy
(:rule (:conditions (:c_n_gt "n_count(c_primitive(reward,0))") (:c_n_eq "n_concept_distance(c_primitive(at,0),r_primitive(adjacent,0,1),c_primitive(reward,0))")) (:effects (:e_n_dec "n_count(c_primitive(reward,0))")))
(:rule (:conditions (:c_n_gt "n_count(c_primitive(reward,0))") (:c_n_gt "n_concept_distance(c_primitive(at,0),r_primitive(adjacent,0,1),c_primitive(reward,0))")) (:effects (:e_n_dec "n_concept_distance(c_primitive(at,0),r_primitive(adjacent,0,1),c_primitive(reward,0))")))
)
(:policy
(:booleans )
(:numericals (1594 "n_count(c_primitive(reward,0))") (1609 "n_concept_distance(c_primitive(at,0),r_primitive(adjacent,0,1),c_primitive(reward,0))"))
(:rule (:conditions (:c_n_gt 1594) (:c_n_gt 1609)) (:effects (:e_n_dec 1609)))
(:rule (:conditions (:c_n_gt 1594) (:c_n_eq 1609)) (:effects (:e_n_dec 1594)))
)
Numer of sketch rules: 2
Number of selected features: 2
Maximum complexity of selected feature: 4
2023-05-20 12:34:35 INFO     Verifying learned sketch...
State has unbounded width for a rule
Width: 0
Rule: (:rule (:conditions (:c_n_gt 1594) (:c_n_gt 1609)) (:effects (:e_n_dec 1609)))
Instance: 105 instance_3x3_27-0-0
State: (instance index=2, state index=0, atoms={at(c_0_0), reward(c_0_2)})
2023-05-20 12:34:35 INFO     ..done
Smallest unsolved instance: 105
Selected instances: [105]
2023-05-20 12:34:35 INFO     Iteration: 2
     id: 105 name: instance_3x3_27-0-0 initial_states: {0, 1, 2, 3, 4, 5, 6}
2023-05-20 12:34:35 INFO     Initializing DomainFeatureData...
[t=66.2036s, 2538392 KB] Started generating base features of complexity 1.
[t=66.2038s, 2538392 KB] Complexity 1:
    b_nullary: 0
    c_one_of: 0
    c_top: 1
    c_bot: 1
    c_primitive: 5
    r_primitive: 2
    c_and: 0
    c_not: 0
    c_equal: 0
    c_some: 0
    c_all: 0
    r_restrict: 0
    r_and: 0
    r_inverse: 0
    r_transitive_closure: 0
    b_empty: 0
    n_count: 0
    n_concept_distance: 0
[t=66.2039s, 2538392 KB] Finished generating base features.
[t=66.204s, 2538392 KB] Started generating composite features. 
[t=66.2052s, 2538392 KB] Complexity 2:
Total concept elements: 12
Total role elements: 3
Total numerical elements: 7
Total boolean elements: 4
    b_nullary: 0
    c_one_of: 0
    c_top: 1
    c_bot: 1
    c_primitive: 5
    r_primitive: 2
    c_and: 0
    c_not: 5
    c_equal: 0
    c_some: 0
    c_all: 0
    r_restrict: 0
    r_and: 0
    r_inverse: 0
    r_transitive_closure: 1
    b_empty: 4
    n_count: 7
    n_concept_distance: 0
[t=66.2058s, 2538392 KB] Complexity 3:
Total concept elements: 19
Total role elements: 8
Total numerical elements: 12
Total boolean elements: 4
    b_nullary: 0
    c_one_of: 0
    c_top: 1
    c_bot: 1
    c_primitive: 5
    r_primitive: 2
    c_and: 2
    c_not: 5
    c_equal: 0
    c_some: 4
    c_all: 1
    r_restrict: 5
    r_and: 0
    r_inverse: 0
    r_transitive_closure: 1
    b_empty: 4
    n_count: 12
    n_concept_distance: 0
[t=66.2068s, 2538392 KB] Complexity 4:
Total concept elements: 36
Total role elements: 13
Total numerical elements: 25
Total boolean elements: 6
    b_nullary: 0
    c_one_of: 0
    c_top: 1
    c_bot: 1
    c_primitive: 5
    r_primitive: 2
    c_and: 10
    c_not: 12
    c_equal: 0
    c_some: 6
    c_all: 1
    r_restrict: 5
    r_and: 0
    r_inverse: 5
    r_transitive_closure: 1
    b_empty: 6
    n_count: 18
    n_concept_distance: 7
[t=66.2087s, 2538392 KB] Complexity 5:
Total concept elements: 64
Total role elements: 13
Total numerical elements: 40
Total boolean elements: 8
    b_nullary: 0
    c_one_of: 0
    c_top: 1
    c_bot: 1
    c_primitive: 5
    r_primitive: 2
    c_and: 18
    c_not: 20
    c_equal: 0
    c_some: 13
    c_all: 6
    r_restrict: 5
    r_and: 0
    r_inverse: 5
    r_transitive_closure: 1
    b_empty: 8
    n_count: 30
    n_concept_distance: 10
[t=66.2124s, 2538392 KB] Complexity 6:
Total concept elements: 111
Total role elements: 13
Total numerical elements: 70
Total boolean elements: 11
    b_nullary: 0
    c_one_of: 0
    c_top: 1
    c_bot: 1
    c_primitive: 5
    r_primitive: 2
    c_and: 40
    c_not: 40
    c_equal: 0
    c_some: 15
    c_all: 9
    r_restrict: 5
    r_and: 0
    r_inverse: 5
    r_transitive_closure: 1
    b_empty: 11
    n_count: 49
    n_concept_distance: 21
[t=66.2189s, 2538392 KB] Complexity 7:
Total concept elements: 214
Total role elements: 15
Total numerical elements: 106
Total boolean elements: 15
    b_nullary: 0
    c_one_of: 0
    c_top: 1
    c_bot: 1
    c_primitive: 5
    r_primitive: 2
    c_and: 92
    c_not: 63
    c_equal: 0
    c_some: 30
    c_all: 22
    r_restrict: 5
    r_and: 2
    r_inverse: 5
    r_transitive_closure: 1
    b_empty: 15
    n_count: 79
    n_concept_distance: 27
[t=66.2314s, 2538392 KB] Complexity 8:
Total concept elements: 377
Total role elements: 28
Total numerical elements: 186
Total boolean elements: 18
    b_nullary: 0
    c_one_of: 0
    c_top: 1
    c_bot: 1
    c_primitive: 5
    r_primitive: 2
    c_and: 166
    c_not: 137
    c_equal: 0
    c_some: 41
    c_all: 26
    r_restrict: 5
    r_and: 13
    r_inverse: 7
    r_transitive_closure: 1
    b_empty: 18
    n_count: 141
    n_concept_distance: 45
[t=66.2581s, 2538392 KB] Complexity 9:
Total concept elements: 718
Total role elements: 28
Total numerical elements: 304
Total boolean elements: 22
    b_nullary: 0
    c_one_of: 0
    c_top: 1
    c_bot: 1
    c_primitive: 5
    r_primitive: 2
    c_and: 343
    c_not: 221
    c_equal: 0
    c_some: 77
    c_all: 70
    r_restrict: 5
    r_and: 13
    r_inverse: 7
    r_transitive_closure: 1
    b_empty: 22
    n_count: 236
    n_concept_distance: 68
[t=66.2582s, 2538392 KB] Finished generating composite features.
DomainFeatureDataStatistics:
    num_dlplan_states: 8
    num_boolean_features: 22
    num_numerical_features: 304
2023-05-20 12:34:36 INFO     ..done
2023-05-20 12:34:36 INFO     Initializing InstanceFeatureDatas...
2023-05-20 12:34:36 INFO     ..done
2023-05-20 12:34:36 INFO     Initializing StatePairEquivalenceDatas...
2023-05-20 12:34:36 INFO     ..done
2023-05-20 12:34:36 INFO     Initializing TupleGraphEquivalences...
TupleGraphEquivalenceFactoryStatistics:
    num_subgoal_tuples: 29
    num_single_rule_subgoal_tuples: 29
    num_multi_rule_subgoal_tuples: 0
2023-05-20 12:34:36 INFO     ..done
2023-05-20 12:34:36 INFO     Initializing TupleGraphEquivalenceMinimizer...
2023-05-20 12:34:36 INFO     ..done
2023-05-20 12:34:36 INFO     Iteration data preprocessing summary:
DomainFeatureDataStatistics:
    num_dlplan_states: 8
    num_boolean_features: 22
    num_numerical_features: 304
StatePairEquivalenceStatistics:
    num_subgoal_states: 21
    num_equivalences: 21
TupleGraphEquivalenceFactoryStatistics:
    num_subgoal_tuples: 29
    num_single_rule_subgoal_tuples: 29
    num_multi_rule_subgoal_tuples: 0
TupleGraphEquivalenceFactoryStatistics:
    num_subgoal_tuples: 21
    num_single_rule_subgoal_tuples: 21
    num_multi_rule_subgoal_tuples: 0
2023-05-20 12:34:36 INFO     Grounding Logic Program...
2023-05-20 12:34:36 INFO     ..done
2023-05-20 12:34:36 INFO     Solving Logic Program...
Clingo statistics:
{'call': 0.0, 'result': 1.0, 'signal': 0.0, 'exhausted': 1.0, 'costs': [10.0], 'lower': [10.0], 'concurrency': 32.0, 'winner': 8.0, 'times': {'total': 11.210086107254028, 'cpu': 322.719012, 'solve': 10.217288970947266, 'unsat': 0.17145013809204102, 'sat': 8.343104839324951}, 'models': {'enumerated': 17.0, 'optimal': 1.0}}
Solution cost: [10.0]
Total time: 11.210086107254028
CPU time: 322.719012
Solve time: 10.217288970947266
2023-05-20 12:34:47 INFO     ..done
2023-05-20 12:34:47 INFO     Learned the following sketch:
(:policy
(:rule (:conditions (:c_n_eq "n_concept_distance(c_primitive(at,0),r_restrict(r_primitive(adjacent,0,1),c_primitive(unblocked,0)),c_primitive(picked_g,0))")) (:effects (:e_n_dec "n_count(c_primitive(reward,0))")))
(:rule (:conditions (:c_n_gt "n_concept_distance(c_primitive(at,0),r_restrict(r_primitive(adjacent,0,1),c_primitive(unblocked,0)),c_primitive(picked_g,0))")) (:effects (:e_n_dec "n_concept_distance(c_primitive(at,0),r_restrict(r_primitive(adjacent,0,1),c_primitive(unblocked,0)),c_primitive(picked_g,0))")))
)
(:policy
(:booleans )
(:numericals (1594 "n_count(c_primitive(reward,0))") (7069 "n_concept_distance(c_primitive(at,0),r_restrict(r_primitive(adjacent,0,1),c_primitive(unblocked,0)),c_primitive(picked_g,0))"))
(:rule (:conditions (:c_n_gt 7069)) (:effects (:e_n_dec 7069)))
(:rule (:conditions (:c_n_eq 7069)) (:effects (:e_n_dec 1594)))
)
Numer of sketch rules: 2
Number of selected features: 2
Maximum complexity of selected feature: 6
2023-05-20 12:34:47 INFO     Verifying learned sketch...
State has unbounded width for a rule
Width: 0
Rule: (:rule (:conditions (:c_n_eq 7069)) (:effects (:e_n_dec 1594)))
Instance: 15 instance_2x2_36-3-3
State: (instance index=34, state index=3, atoms={at(c_0_1), reward(c_1_0), picked(c_0_1)})
2023-05-20 12:34:47 INFO     ..done
Smallest unsolved instance: 15
Selected instances: [105, 15]
2023-05-20 12:34:47 INFO     Iteration: 3
     id: 105 name: instance_3x3_27-0-0 initial_states: {0, 1, 2, 3, 4, 5, 6}
     id: 15 name: instance_2x2_36-3-3 initial_states: {3, 5, 7}
2023-05-20 12:34:47 INFO     Initializing DomainFeatureData...
[t=77.6231s, 2554636 KB] Started generating base features of complexity 1.
[t=77.6234s, 2554636 KB] Complexity 1:
    b_nullary: 0
    c_one_of: 0
    c_top: 1
    c_bot: 1
    c_primitive: 5
    r_primitive: 2
    c_and: 0
    c_not: 0
    c_equal: 0
    c_some: 0
    c_all: 0
    r_restrict: 0
    r_and: 0
    r_inverse: 0
    r_transitive_closure: 0
    b_empty: 0
    n_count: 0
    n_concept_distance: 0
[t=77.6235s, 2554636 KB] Finished generating base features.
[t=77.6236s, 2554636 KB] Started generating composite features. 
[t=77.6249s, 2554636 KB] Complexity 2:
Total concept elements: 12
Total role elements: 3
Total numerical elements: 8
Total boolean elements: 4
    b_nullary: 0
    c_one_of: 0
    c_top: 1
    c_bot: 1
    c_primitive: 5
    r_primitive: 2
    c_and: 0
    c_not: 5
    c_equal: 0
    c_some: 0
    c_all: 0
    r_restrict: 0
    r_and: 0
    r_inverse: 0
    r_transitive_closure: 1
    b_empty: 4
    n_count: 8
    n_concept_distance: 0
[t=77.6257s, 2554636 KB] Complexity 3:
Total concept elements: 22
Total role elements: 8
Total numerical elements: 14
Total boolean elements: 4
    b_nullary: 0
    c_one_of: 0
    c_top: 1
    c_bot: 1
    c_primitive: 5
    r_primitive: 2
    c_and: 3
    c_not: 5
    c_equal: 0
    c_some: 4
    c_all: 3
    r_restrict: 5
    r_and: 0
    r_inverse: 0
    r_transitive_closure: 1
    b_empty: 4
    n_count: 14
    n_concept_distance: 0
[t=77.6269s, 2554636 KB] Complexity 4:
Total concept elements: 44
Total role elements: 13
Total numerical elements: 33
Total boolean elements: 9
    b_nullary: 0
    c_one_of: 0
    c_top: 1
    c_bot: 1
    c_primitive: 5
    r_primitive: 2
    c_and: 13
    c_not: 15
    c_equal: 0
    c_some: 6
    c_all: 3
    r_restrict: 5
    r_and: 0
    r_inverse: 5
    r_transitive_closure: 1
    b_empty: 9
    n_count: 26
    n_concept_distance: 7
[t=77.6295s, 2554636 KB] Complexity 5:
Total concept elements: 92
Total role elements: 13
Total numerical elements: 58
Total boolean elements: 15
    b_nullary: 0
    c_one_of: 0
    c_top: 1
    c_bot: 1
    c_primitive: 5
    r_primitive: 2
    c_and: 29
    c_not: 27
    c_equal: 0
    c_some: 16
    c_all: 13
    r_restrict: 5
    r_and: 0
    r_inverse: 5
    r_transitive_closure: 1
    b_empty: 15
    n_count: 47
    n_concept_distance: 11
[t=77.6351s, 2554636 KB] Complexity 6:
Total concept elements: 180
Total role elements: 13
Total numerical elements: 111
Total boolean elements: 21
    b_nullary: 0
    c_one_of: 0
    c_top: 1
    c_bot: 1
    c_primitive: 5
    r_primitive: 2
    c_and: 67
    c_not: 63
    c_equal: 0
    c_some: 21
    c_all: 22
    r_restrict: 5
    r_and: 0
    r_inverse: 5
    r_transitive_closure: 1
    b_empty: 21
    n_count: 85
    n_concept_distance: 26
[t=77.6465s, 2554636 KB] Complexity 7:
Total concept elements: 367
Total role elements: 16
Total numerical elements: 184
Total boolean elements: 32
    b_nullary: 0
    c_one_of: 0
    c_top: 1
    c_bot: 1
    c_primitive: 5
    r_primitive: 2
    c_and: 162
    c_not: 105
    c_equal: 0
    c_some: 49
    c_all: 44
    r_restrict: 5
    r_and: 3
    r_inverse: 5
    r_transitive_closure: 1
    b_empty: 32
    n_count: 148
    n_concept_distance: 36
[t=77.671s, 2554636 KB] Complexity 8:
Total concept elements: 712
Total role elements: 34
Total numerical elements: 363
Total boolean elements: 40
    b_nullary: 0
    c_one_of: 0
    c_top: 1
    c_bot: 1
    c_primitive: 5
    r_primitive: 2
    c_and: 328
    c_not: 237
    c_equal: 0
    c_some: 63
    c_all: 77
    r_restrict: 5
    r_and: 18
    r_inverse: 8
    r_transitive_closure: 1
    b_empty: 40
    n_count: 298
    n_concept_distance: 65
[t=77.7273s, 2554636 KB] Complexity 9:
Total concept elements: 1413
Total role elements: 34
Total numerical elements: 676
Total boolean elements: 63
    b_nullary: 0
    c_one_of: 0
    c_top: 1
    c_bot: 1
    c_primitive: 5
    r_primitive: 2
    c_and: 723
    c_not: 406
    c_equal: 0
    c_some: 129
    c_all: 148
    r_restrict: 5
    r_and: 18
    r_inverse: 8
    r_transitive_closure: 1
    b_empty: 63
    n_count: 570
    n_concept_distance: 106
[t=77.7275s, 2554636 KB] Finished generating composite features.
DomainFeatureDataStatistics:
    num_dlplan_states: 12
    num_boolean_features: 63
    num_numerical_features: 676
2023-05-20 12:34:47 INFO     ..done
2023-05-20 12:34:47 INFO     Initializing InstanceFeatureDatas...
2023-05-20 12:34:47 INFO     ..done
2023-05-20 12:34:47 INFO     Initializing StatePairEquivalenceDatas...
2023-05-20 12:34:47 INFO     ..done
2023-05-20 12:34:47 INFO     Initializing TupleGraphEquivalences...
TupleGraphEquivalenceFactoryStatistics:
    num_subgoal_tuples: 46
    num_single_rule_subgoal_tuples: 46
    num_multi_rule_subgoal_tuples: 0
2023-05-20 12:34:47 INFO     ..done
2023-05-20 12:34:47 INFO     Initializing TupleGraphEquivalenceMinimizer...
2023-05-20 12:34:47 INFO     ..done
2023-05-20 12:34:47 INFO     Iteration data preprocessing summary:
DomainFeatureDataStatistics:
    num_dlplan_states: 12
    num_boolean_features: 63
    num_numerical_features: 676
StatePairEquivalenceStatistics:
    num_subgoal_states: 30
    num_equivalences: 30
TupleGraphEquivalenceFactoryStatistics:
    num_subgoal_tuples: 46
    num_single_rule_subgoal_tuples: 46
    num_multi_rule_subgoal_tuples: 0
TupleGraphEquivalenceFactoryStatistics:
    num_subgoal_tuples: 30
    num_single_rule_subgoal_tuples: 30
    num_multi_rule_subgoal_tuples: 0
2023-05-20 12:34:48 INFO     Grounding Logic Program...
2023-05-20 12:34:50 INFO     ..done
2023-05-20 12:34:50 INFO     Solving Logic Program...
Clingo statistics:
{'call': 0.0, 'result': 1.0, 'signal': 0.0, 'exhausted': 1.0, 'costs': [10.0], 'lower': [10.0], 'concurrency': 32.0, 'winner': 20.0, 'times': {'total': 86.10854601860046, 'cpu': 2619.212142, 'solve': 82.64161610603333, 'unsat': 0.45545506477355957, 'sat': 67.15210103988647}, 'models': {'enumerated': 21.0, 'optimal': 1.0}}
Solution cost: [10.0]
Total time: 86.10854601860046
CPU time: 2619.212142
Solve time: 82.64161610603333
2023-05-20 12:36:13 INFO     ..done
2023-05-20 12:36:14 INFO     Learned the following sketch:
(:policy
(:rule (:conditions (:c_n_eq "n_concept_distance(c_primitive(at,0),r_restrict(r_primitive(adjacent,0,1),c_primitive(unblocked,0)),c_primitive(reward,0))")) (:effects (:e_n_dec "n_count(c_primitive(reward,0))")))
(:rule (:conditions (:c_n_gt "n_concept_distance(c_primitive(at,0),r_restrict(r_primitive(adjacent,0,1),c_primitive(unblocked,0)),c_primitive(reward,0))")) (:effects (:e_n_dec "n_concept_distance(c_primitive(at,0),r_restrict(r_primitive(adjacent,0,1),c_primitive(unblocked,0)),c_primitive(reward,0))")))
)
(:policy
(:booleans )
(:numericals (1594 "n_count(c_primitive(reward,0))") (7068 "n_concept_distance(c_primitive(at,0),r_restrict(r_primitive(adjacent,0,1),c_primitive(unblocked,0)),c_primitive(reward,0))"))
(:rule (:conditions (:c_n_eq 7068)) (:effects (:e_n_dec 1594)))
(:rule (:conditions (:c_n_gt 7068)) (:effects (:e_n_dec 7068)))
)
Numer of sketch rules: 2
Number of selected features: 2
Maximum complexity of selected feature: 6
2023-05-20 12:36:14 INFO     Verifying learned sketch...
2023-05-20 12:36:14 INFO     ..done
Sketch solves all instances!
2023-05-20 12:36:14 INFO     Summary:
LearningStatistics:
    num_training_instances: 348
    num_selected_training_instances (|P|): 2
    num_states_in_selected_training_instances (|S|): 12
    num_features_in_pool (|F|): 739
Resulting sketch:
(:policy
(:rule (:conditions (:c_n_eq "n_concept_distance(c_primitive(at,0),r_restrict(r_primitive(adjacent,0,1),c_primitive(unblocked,0)),c_primitive(reward,0))")) (:effects (:e_n_dec "n_count(c_primitive(reward,0))")))
(:rule (:conditions (:c_n_gt "n_concept_distance(c_primitive(at,0),r_restrict(r_primitive(adjacent,0,1),c_primitive(unblocked,0)),c_primitive(reward,0))")) (:effects (:e_n_dec "n_concept_distance(c_primitive(at,0),r_restrict(r_primitive(adjacent,0,1),c_primitive(unblocked,0)),c_primitive(reward,0))")))
)
(:policy
(:booleans )
(:numericals (1594 "n_count(c_primitive(reward,0))") (7068 "n_concept_distance(c_primitive(at,0),r_restrict(r_primitive(adjacent,0,1),c_primitive(unblocked,0)),c_primitive(reward,0))"))
(:rule (:conditions (:c_n_eq 7068)) (:effects (:e_n_dec 1594)))
(:rule (:conditions (:c_n_gt 7068)) (:effects (:e_n_dec 7068)))
)
Numer of sketch rules: 2
Number of selected features: 2
Maximum complexity of selected feature: 6
Resulting sketch minimized:
(:policy
(:rule (:conditions (:c_n_eq "n_concept_distance(c_primitive(at,0),r_restrict(r_primitive(adjacent,0,1),c_primitive(unblocked,0)),c_primitive(reward,0))")) (:effects (:e_n_dec "n_count(c_primitive(reward,0))")))
(:rule (:conditions (:c_n_gt "n_concept_distance(c_primitive(at,0),r_restrict(r_primitive(adjacent,0,1),c_primitive(unblocked,0)),c_primitive(reward,0))")) (:effects (:e_n_dec "n_concept_distance(c_primitive(at,0),r_restrict(r_primitive(adjacent,0,1),c_primitive(unblocked,0)),c_primitive(reward,0))")))
)
(:policy
(:booleans )
(:numericals (1594 "n_count(c_primitive(reward,0))") (7068 "n_concept_distance(c_primitive(at,0),r_restrict(r_primitive(adjacent,0,1),c_primitive(unblocked,0)),c_primitive(reward,0))"))
(:rule (:conditions (:c_n_eq 7068)) (:effects (:e_n_dec 1594)))
(:rule (:conditions (:c_n_gt 7068)) (:effects (:e_n_dec 7068)))
)
Numer of sketch rules: 2
Number of selected features: 2
Maximum complexity of selected feature: 6
Number of problems: 348
Number of subproblems: 1242
Highest number of states in problem: 20
Highest number of states in subproblem: 16
Number of problems: 348
Number of subproblems: 348
Highest number of states in problem: 20
Highest number of states in subproblem: 20
2023-05-20 12:36:15 INFO     Summary:
2023-05-20 12:36:15 INFO     Hierarchical sketch:
HierarchicalPolicy:
Level 0 sketch:
(:policy
(:booleans )
(:numericals (1594 "n_count(c_primitive(reward,0))"))
(:rule (:conditions ) (:effects (:e_n_dec 1594)))
)
    Level 1 sketch:
(:policy
(:booleans )
(:numericals (1594 "n_count(c_primitive(reward,0))"))
(:rule (:conditions ) (:effects (:e_n_dec 1594)))
)
        Level 2 sketch:
(:policy
(:booleans )
(:numericals (1594 "n_count(c_primitive(reward,0))") (7068 "n_concept_distance(c_primitive(at,0),r_restrict(r_primitive(adjacent,0,1),c_primitive(unblocked,0)),c_primitive(reward,0))"))
(:rule (:conditions (:c_n_eq 7068)) (:effects (:e_n_dec 1594)))
(:rule (:conditions (:c_n_gt 7068)) (:effects (:e_n_dec 7068)))
)
HierarchicalPolicyStatistics:
    Max feature complexity (C): 6
    Num features (|Phi|): 2
    Num rules (R): 3
    Max rules (m): 2
LearningStatistics:
    num_training_instances: 806
    num_selected_training_instances (|P|): 2
    num_states_in_selected_training_instances (|S|): 12
    num_features_in_pool (|F|): 739
================================================================================
END OF STEP #1: Incremental learning module. 0.84 CPU hours - 2.50 GB
================================================================================
