Changing working directory:  /proj/ssiw/projects/code/sketch-learner/learning/d2l/workspace/gripper_hierarchy_0_9_9_9_9_9
Creating sym link: /proj/ssiw/projects/code/sketch-learner/learning/d2l/libs/dlplan/libs/scorpion/fast-downward.py /proj/ssiw/projects/code/sketch-learner/learning/d2l/workspace/gripper_hierarchy_0_9_9_9_9_9/fast-downward.py
================================================================================
SLTP v.0.2.0
================================================================================
================================================================================
(pid: 131225) STARTING STEP #1: Incremental learning module
================================================================================
2023-03-04 19:13:13 INFO     [40m[34mInitializing DomainData...[0m
2023-03-04 19:13:13 INFO     Constructing DomainData for filename /proj/ssiw/projects/code/sketch-learner/learning/d2l/benchmarks/gripper/domain.pddl
2023-03-04 19:13:13 INFO     [40m[34m..done[0m
2023-03-04 19:13:13 INFO     [40m[34mInitializing InstanceDatas...[0m
2023-03-04 19:13:13 INFO     Constructing InstanceData for filename /proj/ssiw/projects/code/sketch-learner/learning/d2l/benchmarks/gripper/p-1-0.pddl
Num states: 8
2023-03-04 19:13:14 INFO     Constructing InstanceData for filename /proj/ssiw/projects/code/sketch-learner/learning/d2l/benchmarks/gripper/p-2-0.pddl
Num states: 28
2023-03-04 19:13:14 INFO     Constructing InstanceData for filename /proj/ssiw/projects/code/sketch-learner/learning/d2l/benchmarks/gripper/p-3-0.pddl
Num states: 88
2023-03-04 19:13:14 INFO     Constructing InstanceData for filename /proj/ssiw/projects/code/sketch-learner/learning/d2l/benchmarks/gripper/p-4-0.pddl
Num states: 256
2023-03-04 19:13:14 INFO     Constructing InstanceData for filename /proj/ssiw/projects/code/sketch-learner/learning/d2l/benchmarks/gripper/p-5-0.pddl
Num states: 704
2023-03-04 19:13:15 INFO     [40m[34m..done[0m
2023-03-04 19:13:15 INFO     [40m[34mInitializing TupleGraphs...[0m
2023-03-04 19:13:15 INFO     [40m[34m..done[0m
/proj/ssiw/projects/code/sketch-learner/learning/d2l/workspace/gripper_hierarchy_0_9_9_9_9_9/learning

2023-03-04 19:13:15 INFO     [40m[31mIteration: 0[0m
Number of selected instances: 1
Selected instances:
    id: 0 name: p-1-0
initial states: [0, 1, 2, 3, 4, 5]
2023-03-04 19:13:15 INFO     [40m[34mInitializing DomainFeatureData...[0m
[t=1.94057s, 1339428 KB] Started generating base features of complexity 1.
[t=1.94096s, 1339428 KB] Complexity 1:
    b_nullary: 0
    c_one_of: 2
    c_top: 1
    c_bot: 1
    c_primitive: 5
    r_primitive: 4
    c_and: 0
    c_not: 0
    c_equal: 0
    c_some: 0
    c_all: 0
    r_restrict: 0
    r_and: 0
    r_inverse: 0
    r_transitive_closure: 0
    b_empty: 0
    n_count: 0
    n_concept_distance: 0
[t=1.94107s, 1339428 KB] Finished generating base features.
[t=1.9411s, 1339428 KB] Started generating composite features. 
[t=1.94133s, 1339428 KB] Complexity 2:
Total concept elements: 16
Total role elements: 7
Total numerical elements: 7
Total boolean elements: 4
    b_nullary: 0
    c_one_of: 2
    c_top: 1
    c_bot: 1
    c_primitive: 5
    r_primitive: 4
    c_and: 0
    c_not: 7
    c_equal: 0
    c_some: 0
    c_all: 0
    r_restrict: 0
    r_and: 0
    r_inverse: 3
    r_transitive_closure: 0
    b_empty: 4
    n_count: 7
    n_concept_distance: 0
[t=1.94236s, 1339428 KB] Complexity 3:
Total concept elements: 31
Total role elements: 11
Total numerical elements: 10
Total boolean elements: 4
    b_nullary: 0
    c_one_of: 2
    c_top: 1
    c_bot: 1
    c_primitive: 5
    r_primitive: 4
    c_and: 2
    c_not: 7
    c_equal: 2
    c_some: 6
    c_all: 5
    r_restrict: 4
    r_and: 0
    r_inverse: 3
    r_transitive_closure: 0
    b_empty: 4
    n_count: 10
    n_concept_distance: 0
[t=1.94412s, 1339428 KB] Complexity 4:
Total concept elements: 45
Total role elements: 15
Total numerical elements: 31
Total boolean elements: 9
    b_nullary: 0
    c_one_of: 2
    c_top: 1
    c_bot: 1
    c_primitive: 5
    r_primitive: 4
    c_and: 6
    c_not: 14
    c_equal: 2
    c_some: 7
    c_all: 7
    r_restrict: 4
    r_and: 0
    r_inverse: 7
    r_transitive_closure: 0
    b_empty: 9
    n_count: 22
    n_concept_distance: 9
[t=1.94873s, 1339428 KB] Complexity 5:
Total concept elements: 71
Total role elements: 16
Total numerical elements: 35
Total boolean elements: 11
    b_nullary: 0
    c_one_of: 2
    c_top: 1
    c_bot: 1
    c_primitive: 5
    r_primitive: 4
    c_and: 21
    c_not: 17
    c_equal: 2
    c_some: 9
    c_all: 13
    r_restrict: 4
    r_and: 1
    r_inverse: 7
    r_transitive_closure: 0
    b_empty: 11
    n_count: 26
    n_concept_distance: 9
[t=1.95425s, 1339428 KB] Complexity 6:
Total concept elements: 161
Total role elements: 17
Total numerical elements: 63
Total boolean elements: 15
    b_nullary: 0
    c_one_of: 2
    c_top: 1
    c_bot: 1
    c_primitive: 5
    r_primitive: 4
    c_and: 73
    c_not: 32
    c_equal: 2
    c_some: 17
    c_all: 28
    r_restrict: 4
    r_and: 1
    r_inverse: 8
    r_transitive_closure: 0
    b_empty: 15
    n_count: 40
    n_concept_distance: 23
[t=1.96315s, 1339428 KB] Complexity 7:
Total concept elements: 252
Total role elements: 18
Total numerical elements: 103
Total boolean elements: 22
    b_nullary: 0
    c_one_of: 2
    c_top: 1
    c_bot: 1
    c_primitive: 5
    r_primitive: 4
    c_and: 117
    c_not: 79
    c_equal: 2
    c_some: 17
    c_all: 28
    r_restrict: 4
    r_and: 2
    r_inverse: 8
    r_transitive_closure: 0
    b_empty: 22
    n_count: 72
    n_concept_distance: 31
[t=1.98413s, 1339428 KB] Complexity 8:
Total concept elements: 437
Total role elements: 19
Total numerical elements: 160
Total boolean elements: 34
    b_nullary: 0
    c_one_of: 2
    c_top: 1
    c_bot: 1
    c_primitive: 5
    r_primitive: 4
    c_and: 241
    c_not: 113
    c_equal: 2
    c_some: 26
    c_all: 46
    r_restrict: 4
    r_and: 2
    r_inverse: 9
    r_transitive_closure: 0
    b_empty: 34
    n_count: 107
    n_concept_distance: 53
[t=2.02149s, 1339428 KB] Complexity 9:
Total concept elements: 722
Total role elements: 19
Total numerical elements: 266
Total boolean elements: 42
    b_nullary: 0
    c_one_of: 2
    c_top: 1
    c_bot: 1
    c_primitive: 5
    r_primitive: 4
    c_and: 428
    c_not: 207
    c_equal: 2
    c_some: 28
    c_all: 48
    r_restrict: 4
    r_and: 2
    r_inverse: 9
    r_transitive_closure: 0
    b_empty: 42
    n_count: 174
    n_concept_distance: 92
[t=2.0216s, 1339428 KB] Finished generating composite features.
DomainFeatureDataStatistics:
    num_dlplan_states: 8
    num_boolean_features: 42
    num_numerical_features: 266
2023-03-04 19:13:15 INFO     [40m[34m..done[0m
2023-03-04 19:13:15 INFO     [40m[34mInitializing InstanceFeatureDatas...[0m
2023-03-04 19:13:15 INFO     [40m[34m..done[0m
2023-03-04 19:13:15 INFO     [40m[34mInitializing StatePairEquivalenceDatas...[0m
2023-03-04 19:13:15 INFO     [40m[34m..done[0m
2023-03-04 19:13:15 INFO     [40m[34mInitializing TupleGraphEquivalences...[0m
TupleGraphEquivalenceFactoryStatistics:
    num_subgoal_tuples: 48
    num_single_rule_subgoal_tuples: 48
    num_multi_rule_subgoal_tuples: 0
2023-03-04 19:13:15 INFO     [40m[34m..done[0m
2023-03-04 19:13:15 INFO     [40m[34m..done[0m
2023-03-04 19:13:15 INFO     [40m[33mIteration data preprocessing summary:[0m
DomainFeatureDataStatistics:
    num_dlplan_states: 8
    num_boolean_features: 42
    num_numerical_features: 266
StatePairEquivalenceStatistics:
    num_subgoal_states: 24
    num_equivalences: 16
TupleGraphEquivalenceFactoryStatistics:
    num_subgoal_tuples: 48
    num_single_rule_subgoal_tuples: 48
    num_multi_rule_subgoal_tuples: 0
TupleGraphEquivalenceFactoryStatistics:
    num_subgoal_tuples: 22
    num_single_rule_subgoal_tuples: 22
    num_multi_rule_subgoal_tuples: 0
2023-03-04 19:13:15 INFO     [40m[34mGrounding Logic Program...[0m
2023-03-04 19:13:15 INFO     [40m[34m..done[0m
2023-03-04 19:13:15 INFO     [40m[34mSolving Logic Program...[0m
Clingo statistics:
{'call': 0.0, 'result': 1.0, 'signal': 9.0, 'exhausted': 0.0, 'costs': [12.0], 'lower': [12.0], 'concurrency': 32.0, 'winner': 32.0, 'times': {'total': 7.1486639976501465, 'cpu': 195.88639600000002, 'solve': 6.386794090270996, 'unsat': 0.0, 'sat': 3.5202560424804688}, 'models': {'enumerated': 29.0, 'optimal': 1.0}}
Solution cost: [12.0]
Total time: 7.1486639976501465
CPU time: 195.88639600000002
Solve time: 6.386794090270996
2023-03-04 19:13:22 INFO     [40m[34m..done[0m
2023-03-04 19:13:22 INFO     Learned the following sketch:
(:policy
(:boolean_features "b_empty(r_primitive(carry,0,1))")
(:numerical_features "n_concept_distance(c_one_of(rooma),r_primitive(at,0,1),c_primitive(at-robby,0))")
(:rule (:conditions (:c_b_neg 0) (:c_n_eq 0)) (:effects (:e_b_neg 0) (:e_n_inc 0)))
(:rule (:conditions (:c_b_neg 0) (:c_n_gt 0)) (:effects (:e_b_pos 0) (:e_n_bot 0)))
(:rule (:conditions (:c_b_pos 0) (:c_n_eq 0)) (:effects (:e_b_neg 0)))
(:rule (:conditions (:c_b_pos 0) (:c_n_gt 0)) (:effects (:e_b_pos 0) (:e_n_dec 0)))
)
Numer of sketch rules: 4
Number of selected features: 2
Maximum complexity of selected feature: 4
2023-03-04 19:13:22 INFO     [40m[34mVerifying learned sketch...[0m
[40m[31mGroup fails to bound width of a state[0m
Group: 0
Instance: 1 p-2-0
State: (instance index=1, state index=13, atoms={at-robby(roomb), carry(ball1,left), carry(ball2,right)})
2023-03-04 19:13:22 INFO     [40m[34m..done[0m
Smallest unsolved instance: 1
Selected instances: [1]

2023-03-04 19:13:22 INFO     [40m[31mIteration: 1[0m
Number of selected instances: 1
Selected instances:
    id: 1 name: p-2-0
initial states: [0, 1, 2, 3, 4, 5, 6, 7, 8, 9, 10, 11, 12, 13, 14, 15, 16, 17, 18, 19, 20, 21, 22, 23, 25, 26]
2023-03-04 19:13:22 INFO     [40m[34mInitializing DomainFeatureData...[0m
[t=9.28653s, 3550644 KB] Started generating base features of complexity 1.
[t=9.28682s, 3550644 KB] Complexity 1:
    b_nullary: 0
    c_one_of: 2
    c_top: 1
    c_bot: 1
    c_primitive: 5
    r_primitive: 4
    c_and: 0
    c_not: 0
    c_equal: 0
    c_some: 0
    c_all: 0
    r_restrict: 0
    r_and: 0
    r_inverse: 0
    r_transitive_closure: 0
    b_empty: 0
    n_count: 0
    n_concept_distance: 0
[t=9.28693s, 3550644 KB] Finished generating base features.
[t=9.28697s, 3550644 KB] Started generating composite features. 
[t=9.28728s, 3550644 KB] Complexity 2:
Total concept elements: 16
Total role elements: 7
Total numerical elements: 6
Total boolean elements: 4
    b_nullary: 0
    c_one_of: 2
    c_top: 1
    c_bot: 1
    c_primitive: 5
    r_primitive: 4
    c_and: 0
    c_not: 7
    c_equal: 0
    c_some: 0
    c_all: 0
    r_restrict: 0
    r_and: 0
    r_inverse: 3
    r_transitive_closure: 0
    b_empty: 4
    n_count: 6
    n_concept_distance: 0
[t=9.28916s, 3550644 KB] Complexity 3:
Total concept elements: 31
Total role elements: 11
Total numerical elements: 9
Total boolean elements: 4
    b_nullary: 0
    c_one_of: 2
    c_top: 1
    c_bot: 1
    c_primitive: 5
    r_primitive: 4
    c_and: 2
    c_not: 7
    c_equal: 2
    c_some: 6
    c_all: 5
    r_restrict: 4
    r_and: 0
    r_inverse: 3
    r_transitive_closure: 0
    b_empty: 4
    n_count: 9
    n_concept_distance: 0
[t=9.29211s, 3550644 KB] Complexity 4:
Total concept elements: 45
Total role elements: 15
Total numerical elements: 24
Total boolean elements: 9
    b_nullary: 0
    c_one_of: 2
    c_top: 1
    c_bot: 1
    c_primitive: 5
    r_primitive: 4
    c_and: 6
    c_not: 14
    c_equal: 2
    c_some: 7
    c_all: 7
    r_restrict: 4
    r_and: 0
    r_inverse: 7
    r_transitive_closure: 0
    b_empty: 9
    n_count: 21
    n_concept_distance: 3
[t=9.29752s, 3550644 KB] Complexity 5:
Total concept elements: 71
Total role elements: 16
Total numerical elements: 33
Total boolean elements: 11
    b_nullary: 0
    c_one_of: 2
    c_top: 1
    c_bot: 1
    c_primitive: 5
    r_primitive: 4
    c_and: 21
    c_not: 17
    c_equal: 2
    c_some: 9
    c_all: 13
    r_restrict: 4
    r_and: 1
    r_inverse: 7
    r_transitive_closure: 0
    b_empty: 11
    n_count: 30
    n_concept_distance: 3
[t=9.30621s, 3550644 KB] Complexity 6:
Total concept elements: 166
Total role elements: 17
Total numerical elements: 48
Total boolean elements: 15
    b_nullary: 0
    c_one_of: 2
    c_top: 1
    c_bot: 1
    c_primitive: 5
    r_primitive: 4
    c_and: 73
    c_not: 32
    c_equal: 2
    c_some: 20
    c_all: 30
    r_restrict: 4
    r_and: 1
    r_inverse: 8
    r_transitive_closure: 0
    b_empty: 15
    n_count: 45
    n_concept_distance: 3
[t=9.32095s, 3550644 KB] Complexity 7:
Total concept elements: 258
Total role elements: 18
Total numerical elements: 112
Total boolean elements: 26
    b_nullary: 0
    c_one_of: 2
    c_top: 1
    c_bot: 1
    c_primitive: 5
    r_primitive: 4
    c_and: 117
    c_not: 80
    c_equal: 2
    c_some: 20
    c_all: 30
    r_restrict: 4
    r_and: 2
    r_inverse: 8
    r_transitive_closure: 0
    b_empty: 26
    n_count: 103
    n_concept_distance: 9
[t=9.35584s, 3550644 KB] Complexity 8:
Total concept elements: 511
Total role elements: 19
Total numerical elements: 168
Total boolean elements: 39
    b_nullary: 0
    c_one_of: 2
    c_top: 1
    c_bot: 1
    c_primitive: 5
    r_primitive: 4
    c_and: 249
    c_not: 115
    c_equal: 2
    c_some: 59
    c_all: 77
    r_restrict: 4
    r_and: 2
    r_inverse: 9
    r_transitive_closure: 0
    b_empty: 39
    n_count: 159
    n_concept_distance: 9
[t=9.41732s, 3550644 KB] Complexity 9:
Total concept elements: 857
Total role elements: 19
Total numerical elements: 387
Total boolean elements: 71
    b_nullary: 0
    c_one_of: 2
    c_top: 1
    c_bot: 1
    c_primitive: 5
    r_primitive: 4
    c_and: 452
    c_not: 244
    c_equal: 2
    c_some: 66
    c_all: 84
    r_restrict: 4
    r_and: 2
    r_inverse: 9
    r_transitive_closure: 0
    b_empty: 71
    n_count: 350
    n_concept_distance: 37
[t=9.41744s, 3550644 KB] Finished generating composite features.
DomainFeatureDataStatistics:
    num_dlplan_states: 28
    num_boolean_features: 71
    num_numerical_features: 387
2023-03-04 19:13:22 INFO     [40m[34m..done[0m
2023-03-04 19:13:22 INFO     [40m[34mInitializing InstanceFeatureDatas...[0m
2023-03-04 19:13:22 INFO     [40m[34m..done[0m
2023-03-04 19:13:22 INFO     [40m[34mInitializing StatePairEquivalenceDatas...[0m
2023-03-04 19:13:23 INFO     [40m[34m..done[0m
2023-03-04 19:13:23 INFO     [40m[34mInitializing TupleGraphEquivalences...[0m
TupleGraphEquivalenceFactoryStatistics:
    num_subgoal_tuples: 216
    num_single_rule_subgoal_tuples: 216
    num_multi_rule_subgoal_tuples: 0
2023-03-04 19:13:23 INFO     [40m[34m..done[0m
2023-03-04 19:13:23 INFO     [40m[34m..done[0m
2023-03-04 19:13:23 INFO     [40m[33mIteration data preprocessing summary:[0m
DomainFeatureDataStatistics:
    num_dlplan_states: 28
    num_boolean_features: 71
    num_numerical_features: 387
StatePairEquivalenceStatistics:
    num_subgoal_states: 104
    num_equivalences: 36
TupleGraphEquivalenceFactoryStatistics:
    num_subgoal_tuples: 216
    num_single_rule_subgoal_tuples: 216
    num_multi_rule_subgoal_tuples: 0
TupleGraphEquivalenceFactoryStatistics:
    num_subgoal_tuples: 90
    num_single_rule_subgoal_tuples: 90
    num_multi_rule_subgoal_tuples: 0
2023-03-04 19:13:23 INFO     [40m[34mGrounding Logic Program...[0m
2023-03-04 19:13:25 INFO     [40m[34m..done[0m
2023-03-04 19:13:25 INFO     [40m[34mSolving Logic Program...[0m
Clingo statistics:
{'call': 0.0, 'result': 1.0, 'signal': 9.0, 'exhausted': 0.0, 'costs': [12.0], 'lower': [12.0], 'concurrency': 32.0, 'winner': 32.0, 'times': {'total': 77.99469184875488, 'cpu': 2380.507783, 'solve': 74.70554900169373, 'unsat': 0.0, 'sat': 25.601486206054688}, 'models': {'enumerated': 75.0, 'optimal': 1.0}}
Solution cost: [12.0]
Total time: 77.99469184875488
CPU time: 2380.507783
Solve time: 74.70554900169373
2023-03-04 19:14:41 INFO     [40m[34m..done[0m
2023-03-04 19:14:41 INFO     Learned the following sketch:
(:policy
(:boolean_features "b_empty(c_and(c_one_of(rooma),c_primitive(at-robby,0)))")
(:numerical_features "n_count(r_primitive(carry,0,1))")
(:rule (:conditions (:c_n_eq 0) (:c_b_neg 0)) (:effects (:e_n_inc 0)))
(:rule (:conditions (:c_n_eq 0) (:c_b_pos 0)) (:effects (:e_b_neg 0)))
(:rule (:conditions (:c_n_gt 0) (:c_b_neg 0)) (:effects (:e_b_pos 0)))
(:rule (:conditions (:c_n_gt 0) (:c_b_pos 0)) (:effects (:e_n_dec 0)))
)
Numer of sketch rules: 4
Number of selected features: 2
Maximum complexity of selected feature: 4
2023-03-04 19:14:41 INFO     [40m[34mVerifying learned sketch...[0m
2023-03-04 19:14:41 INFO     [40m[34m..done[0m
[40m[31mSketch solves all instances![0m
2023-03-04 19:14:41 INFO     [40m[32mSummary:[0m
LearningStatistics:
    num_training_instances: 1
    num_selected_training_instances: 1
    num_states_in_selected_training_instances: 28
    num_features_in_pool: 458
    num_cpu_seconds: 2577.34 seconds
    num_peak_memory_mb: 1930.22 MB
Resulting sketch:
(:policy
(:boolean_features "b_empty(c_and(c_one_of(rooma),c_primitive(at-robby,0)))")
(:numerical_features "n_count(r_primitive(carry,0,1))")
(:rule (:conditions (:c_n_eq 0) (:c_b_neg 0)) (:effects (:e_n_inc 0)))
(:rule (:conditions (:c_n_eq 0) (:c_b_pos 0)) (:effects (:e_b_neg 0)))
(:rule (:conditions (:c_n_gt 0) (:c_b_neg 0)) (:effects (:e_b_pos 0)))
(:rule (:conditions (:c_n_gt 0) (:c_b_pos 0)) (:effects (:e_n_dec 0)))
)
Numer of sketch rules: 4
Number of selected features: 2
Maximum complexity of selected feature: 4
Resulting sketch minimized:
(:policy
(:boolean_features "b_empty(c_and(c_one_of(rooma),c_primitive(at-robby,0)))")
(:numerical_features "n_count(r_primitive(carry,0,1))")
(:rule (:conditions (:c_n_eq 0) (:c_b_neg 0)) (:effects (:e_n_inc 0)))
(:rule (:conditions (:c_n_eq 0) (:c_b_pos 0)) (:effects (:e_b_neg 0)))
(:rule (:conditions (:c_n_gt 0) (:c_b_neg 0)) (:effects (:e_b_pos 0)))
(:rule (:conditions (:c_n_gt 0) (:c_b_pos 0)) (:effects (:e_n_dec 0)))
)
Numer of sketch rules: 4
Number of selected features: 2
Maximum complexity of selected feature: 4
2023-03-04 19:14:41 INFO     [40m[33mSummary:[0m
2023-03-04 19:14:41 INFO     [40m[32mHierarchical sketch:[0m
[40m[32mLevel 0 sketch:[0m
(:policy
(:boolean_features "b_empty(c_and(c_one_of(rooma),c_primitive(at-robby,0)))")
(:numerical_features "n_count(r_primitive(carry,0,1))")
(:rule (:conditions (:c_n_eq 0) (:c_b_neg 0)) (:effects (:e_n_inc 0)))
(:rule (:conditions (:c_n_eq 0) (:c_b_pos 0)) (:effects (:e_b_neg 0)))
(:rule (:conditions (:c_n_gt 0) (:c_b_neg 0)) (:effects (:e_b_pos 0)))
(:rule (:conditions (:c_n_gt 0) (:c_b_pos 0)) (:effects (:e_n_dec 0)))
)
Num features: 2
Max feature complexity 4
Num rules: 4
LearningStatistics:
    num_training_instances: 1
    num_selected_training_instances: 1
    num_states_in_selected_training_instances: 28
    num_features_in_pool: 458
    num_cpu_seconds: 2577.34 seconds
    num_peak_memory_mb: 1930.22 MB
RESOURCES FOR PREPROCESSING: 1.12 CPU sec - 1289.95 MB
================================================================================
END OF STEP #1: Incremental learning module. 2579.25 CPU sec - 1930.27 MB
================================================================================
