INFO     planner time limit: None
INFO     planner memory limit: None

INFO     Running translator.
INFO     translator stdin: None
INFO     translator time limit: None
INFO     translator memory limit: None
INFO     translator command line string: /proj/ssiw/projects/code/sketch-learner/.venv/bin/python3 /proj/ssiw/projects/code/sketch-learner/learning/d2l/libs/dlplan/libs/scorpion/builds/release/bin/translate/translate.py /proj/ssiw/projects/code/sketch-learner/learning/d2l/benchmarks/blocks_4_on/domain.pddl /proj/ssiw/projects/code/sketch-learner/learning/d2l/benchmarks/blocks_4_on/p-4-0.pddl --dump-predicates --dump-constants --dump-static-atoms --dump-goal-atoms --sas-file output.sas
Parsing...
Problem blocksworld: bw-rand-4 [:strips]
Types:
  object
Constants:
Objects:
  b1: object
  b2: object
  b3: object
  b4: object
Predicates:
  clear(?x: object)
  on-table(?x: object)
  arm-empty()
  holding(?x: object)
  on(?x: object, ?y: object)
  =(?x: object, ?y: object)
Functions:
Init:
  Atom on-table(b3)
  Atom on-table(b1)
  Atom arm-empty()
  Atom on(b4, b1)
  Atom clear(b2)
  Atom clear(b3)
  Atom on(b2, b4)
  Atom =(b1, b1)
  Atom =(b2, b2)
  Atom =(b3, b3)
  Atom =(b4, b4)
Goal:
  Atom on(b1, b2)
Actions:
pickup(?ob: object)
Precondition:
  Conjunction
    Atom clear(?ob)
    Atom on-table(?ob)
    Atom arm-empty()
Effects:
  Atom holding(?ob)
  NegatedAtom clear(?ob)
  NegatedAtom on-table(?ob)
  NegatedAtom arm-empty()
Cost:
  None
putdown(?ob: object)
Precondition:
  Atom holding(?ob)
Effects:
  Atom clear(?ob)
  Atom arm-empty()
  Atom on-table(?ob)
  NegatedAtom holding(?ob)
Cost:
  None
stack(?ob: object, ?underob: object)
Precondition:
  Conjunction
    Atom clear(?underob)
    Atom holding(?ob)
Effects:
  Atom arm-empty()
  Atom clear(?ob)
  Atom on(?ob, ?underob)
  NegatedAtom clear(?underob)
  NegatedAtom holding(?ob)
Cost:
  None
unstack(?ob: object, ?underob: object)
Precondition:
  Conjunction
    Atom on(?ob, ?underob)
    Atom clear(?ob)
    Atom arm-empty()
Effects:
  Atom holding(?ob)
  Atom clear(?underob)
  NegatedAtom on(?ob, ?underob)
  NegatedAtom clear(?ob)
  NegatedAtom arm-empty()
Cost:
  None
Parsing: [0.010s CPU, 0.005s wall-clock]
Atom on(b1, b2)
Normalizing task... [0.000s CPU, 0.000s wall-clock]
Instantiating...
Generating Datalog program... [0.000s CPU, 0.000s wall-clock]
Normalizing Datalog program...
Normalizing Datalog program: [0.010s CPU, 0.002s wall-clock]
Preparing model... [0.000s CPU, 0.001s wall-clock]
Generated 21 rules.
Computing model... [0.000s CPU, 0.002s wall-clock]
78 relevant atoms
52 auxiliary atoms
130 final queue length
204 total queue pushes
Completing instantiation... [0.000s CPU, 0.002s wall-clock]
Instantiating: [0.010s CPU, 0.007s wall-clock]
Computing fact groups...
Finding invariants...
10 initial candidates
Finding invariants: [0.000s CPU, 0.004s wall-clock]
Checking invariant weight... [0.000s CPU, 0.000s wall-clock]
Instantiating groups... [0.000s CPU, 0.000s wall-clock]
Collecting mutex groups... [0.000s CPU, 0.000s wall-clock]
Choosing groups...
5 uncovered facts
Choosing groups: [0.000s CPU, 0.000s wall-clock]
Building translation key... [0.000s CPU, 0.000s wall-clock]
Computing fact groups: [0.000s CPU, 0.005s wall-clock]
Building STRIPS to SAS dictionary... [0.000s CPU, 0.000s wall-clock]
Building dictionary for full mutex groups... [0.000s CPU, 0.000s wall-clock]
Building mutex information...
Building mutex information: [0.000s CPU, 0.000s wall-clock]
Translating task...
Processing axioms...
Simplifying axioms... [0.000s CPU, 0.000s wall-clock]
Translator axioms removed by simplifying: 0
Computing negative axioms... [0.000s CPU, 0.000s wall-clock]
Processing axioms: [0.000s CPU, 0.000s wall-clock]
Translating task: [0.000s CPU, 0.002s wall-clock]
44 effect conditions simplified
0 implied preconditions added
Detecting unreachable propositions...
0 operators removed
0 axioms removed
8 propositions removed
Detecting unreachable propositions: [0.000s CPU, 0.001s wall-clock]
Reordering and filtering variables...
9 of 9 variables necessary.
5 of 9 mutex groups necessary.
32 of 32 operators necessary.
0 of 0 axiom rules necessary.
Reordering and filtering variables: [0.000s CPU, 0.001s wall-clock]
Translator variables: 9
Translator derived variables: 0
Translator facts: 30
Translator goal facts: 1
Translator mutex groups: 5
Translator total mutex groups size: 25
Translator operators: 32
Translator axioms: 0
Translator task size: 293
Translator peak memory: 149284 KB
Writing output... [0.000s CPU, 0.001s wall-clock]
Done! [0.030s CPU, 0.023s wall-clock]
translate exit code: 0

INFO     Running search (release).
INFO     search stdin: output.sas
INFO     search time limit: None
INFO     search memory limit: None
INFO     search command line string: /proj/ssiw/projects/code/sketch-learner/learning/d2l/libs/dlplan/libs/scorpion/builds/release/bin/downward --search 'dump_reachable_search_space()' --internal-plan-file sas_plan < output.sas
[t=0.000187333s, 18608 KB] reading input...
[t=0.00142983s, 18616 KB] done reading input!
[t=0.00630653s, 19012 KB] Building successor generator...done!
[t=0.00664262s, 19012 KB] peak memory difference for successor generator creation: 0 KB
[t=0.00671713s, 19012 KB] time for successor generation creation: 8.1762e-05s
[t=0.00681363s, 19012 KB] Variables: 9
[t=0.00688927s, 19012 KB] FactPairs: 30
[t=0.00696039s, 19012 KB] Bytes per state: 4
[t=0.00730783s, 19012 KB] Dumping the reachable state space...
# F (fact): [fact ID] [name]
# G (goal state): [goal state ID] [fact ID 1] [fact ID 2] ...
# N (non-goal state): [non-goal state ID] [fact ID 1] [fact ID 2] ...
# T (transition): [source state ID] [target state ID]
# The initial state has ID 0.
F 0 holding(b2)
F 1 on(b2,b1)
F 2 on(b2,b3)
F 3 on(b2,b4)
F 4 on-table(b2)
F 5 holding(b3)
F 6 on(b3,b1)
F 7 on(b3,b2)
F 8 on(b3,b4)
F 9 on-table(b3)
F 10 holding(b4)
F 11 on(b4,b1)
F 12 on(b4,b2)
F 13 on(b4,b3)
F 14 on-table(b4)
F 15 clear(b2)
F 16 clear(b3)
F 17 clear(b4)
F 18 arm-empty()
F 19 clear(b1)
F 20 holding(b1)
F 21 on(b1,b2)
F 22 on(b1,b3)
F 23 on(b1,b4)
F 24 on-table(b1)
N 0 3 9 11 15 16 18 24
T 0 1
T 0 2
N 1 0 9 11 16 17 24
T 1 3
T 1 4
T 1 0
N 2 3 5 11 15 24
T 2 0
T 2 5
N 3 4 9 11 15 16 17 18 24
T 3 1
T 3 6
T 3 7
N 4 2 9 11 15 17 18 24
T 4 1
T 4 8
N 5 3 7 11 16 18 24
T 5 2
N 6 4 5 11 15 17 24
T 6 3
T 6 9
T 6 10
N 7 4 9 10 15 16 19 24
T 7 11
T 7 12
T 7 13
T 7 3
N 8 2 9 10 15 19 24
T 8 14
T 8 15
T 8 4
N 9 4 7 11 16 17 18 24
T 9 6
T 9 16
N 10 4 8 11 15 16 18 24
T 10 17
T 10 6
N 11 4 9 14 15 16 17 18 19 24
T 11 18
T 11 19
T 11 7
T 11 20
N 12 4 9 12 16 17 18 19 24
T 12 21
T 12 7
T 12 22
N 13 4 9 13 15 17 18 19 24
T 13 23
T 13 7
T 13 24
N 14 2 9 14 15 17 18 19 24
T 14 18
T 14 8
T 14 25
N 15 2 9 12 17 18 19 24
T 15 8
T 15 26
N 16 4 7 10 16 19 24
T 16 27
T 16 28
T 16 9
N 17 0 8 11 16 24
T 17 10
T 17 29
N 18 0 9 14 16 17 19 24
T 18 11
T 18 14
T 18 30
T 18 31
N 19 4 5 14 15 17 19 24
T 19 11
T 19 27
T 19 32
T 19 33
N 20 4 9 14 15 16 17 20
T 20 34
T 20 35
T 20 36
T 20 11
N 21 4 5 12 17 19 24
T 21 12
T 21 37
T 21 38
N 22 4 9 12 16 17 20
T 22 39
T 22 40
T 22 12
N 23 0 9 13 17 19 24
T 23 13
T 23 41
T 23 42
N 24 4 9 13 15 17 20
T 24 43
T 24 44
T 24 13
N 25 2 9 14 15 17 20
T 25 45
T 25 46
T 25 14
N 26 2 9 12 17 20
T 26 47
T 26 15
N 27 4 7 14 16 17 18 19 24
T 27 19
T 27 16
T 27 48
N 28 4 7 13 17 18 19 24
T 28 16
T 28 49
N 29 2 8 11 15 18 24
T 29 17
N 30 3 9 14 15 16 18 19 24
T 30 18
T 30 50
T 30 51
N 31 1 9 14 15 16 17 18 24
T 31 18
T 31 52
T 31 53
N 32 4 8 14 15 16 18 19 24
T 32 54
T 32 19
T 32 55
N 33 4 6 14 15 16 17 18 24
T 33 56
T 33 19
T 33 57
G 34 4 9 14 16 17 18 19 21
T 34 58
T 34 59
T 34 20
N 35 4 9 14 15 17 18 19 22
T 35 60
T 35 61
T 35 20
N 36 4 9 14 15 16 18 19 23
T 36 62
T 36 63
T 36 20
N 37 4 8 12 16 18 19 24
T 37 21
T 37 64
N 38 4 6 12 16 17 18 24
T 38 21
T 38 57
N 39 4 9 12 17 18 19 22
T 39 61
T 39 22
N 40 4 9 12 16 18 19 23
T 40 65
T 40 22
N 41 3 9 13 15 18 19 24
T 41 23
T 41 66
N 42 1 9 13 15 17 18 24
T 42 23
T 42 53
G 43 4 9 13 17 18 19 21
T 43 59
T 43 24
N 44 4 9 13 15 18 19 23
T 44 67
T 44 24
G 45 2 9 14 17 18 19 21
T 45 68
T 45 25
N 46 2 9 14 15 18 19 23
T 46 62
T 46 25
N 47 2 9 12 18 19 23
T 47 26
N 48 4 7 14 16 17 20
T 48 69
T 48 70
T 48 27
N 49 4 7 13 17 20
T 49 71
T 49 28
N 50 3 5 14 15 19 24
T 50 30
T 50 72
T 50 73
N 51 3 9 14 15 16 20
T 51 74
T 51 75
T 51 30
N 52 1 5 14 15 17 24
T 52 31
T 52 76
T 52 77
N 53 1 9 10 15 16 24
T 53 31
T 53 78
T 53 42
N 54 0 8 14 16 19 24
T 54 32
T 54 79
T 54 77
N 55 4 8 14 15 16 20
T 55 80
T 55 81
T 55 32
N 56 0 6 14 16 17 24
T 56 33
T 56 82
T 56 73
N 57 4 6 10 15 16 24
T 57 33
T 57 38
T 57 83
G 58 4 5 14 17 19 21
T 58 34
T 58 80
T 58 84
G 59 4 9 10 16 19 21
T 59 34
T 59 43
T 59 85
N 60 0 9 14 17 19 22
T 60 35
T 60 75
T 60 86
N 61 4 9 10 15 19 22
T 61 35
T 61 39
T 61 87
N 62 0 9 14 16 19 23
T 62 36
T 62 46
T 62 88
N 63 4 5 14 15 19 23
T 63 36
T 63 70
T 63 89
N 64 4 8 12 16 20
T 64 90
T 64 37
N 65 4 5 12 19 23
T 65 40
T 65 91
N 66 3 9 13 15 20
T 66 92
T 66 41
N 67 0 9 13 19 23
T 67 44
T 67 93
G 68 2 9 10 19 21
T 68 45
T 68 94
N 69 4 7 14 17 18 19 22
T 69 95
T 69 48
N 70 4 7 14 16 18 19 23
T 70 63
T 70 48
N 71 4 7 13 18 19 23
T 71 49
N 72 3 7 14 16 18 19 24
T 72 50
T 72 96
N 73 3 6 14 15 16 18 24
T 73 56
T 73 50
G 74 3 9 14 16 18 19 21
T 74 97
T 74 51
N 75 3 9 14 15 18 19 22
T 75 60
T 75 51
N 76 1 7 14 16 17 18 24
T 76 52
T 76 98
N 77 1 8 14 15 16 18 24
T 77 54
T 77 52
N 78 1 9 12 16 17 18 24
T 78 99
T 78 53
N 79 2 8 14 15 18 19 24
T 79 54
T 79 100
G 80 4 8 14 16 18 19 21
T 80 58
T 80 55
N 81 4 8 14 15 18 19 22
T 81 101
T 81 55
N 82 2 6 14 15 17 18 24
T 82 56
T 82 102
N 83 4 6 13 15 17 18 24
T 83 103
T 83 57
G 84 4 6 14 16 17 18 21
T 84 58
T 84 104
G 85 4 9 11 16 17 18 21
T 85 105
T 85 59
N 86 1 9 14 15 17 18 22
T 86 60
T 86 106
N 87 4 9 11 15 17 18 22
T 87 107
T 87 61
N 88 1 9 14 15 16 18 23
T 88 62
T 88 108
N 89 4 6 14 15 16 18 23
T 89 109
T 89 63
N 90 4 8 12 18 19 22
T 90 64
N 91 4 6 12 16 18 23
T 91 65
G 92 3 9 13 18 19 21
T 92 66
N 93 1 9 13 15 18 23
T 93 67
G 94 2 9 11 17 18 21
T 94 68
N 95 4 7 10 19 22
T 95 69
T 95 110
N 96 3 7 14 16 20
T 96 111
T 96 72
G 97 3 5 14 19 21
T 97 74
T 97 112
N 98 1 7 10 16 24
T 98 76
T 98 113
N 99 1 5 12 17 24
T 99 78
T 99 114
N 100 2 8 14 15 20
T 100 115
T 100 79
N 101 0 8 14 19 22
T 101 81
T 101 116
N 102 2 6 10 15 24
T 102 82
T 102 117
N 103 0 6 13 17 24
T 103 83
T 103 118
G 104 4 6 10 16 21
T 104 84
T 104 119
G 105 4 5 11 17 21
T 105 85
T 105 120
N 106 1 9 10 15 22
T 106 86
T 106 121
N 107 0 9 11 17 22
T 107 87
T 107 122
N 108 1 5 14 15 23
T 108 88
T 108 123
N 109 0 6 14 16 23
T 109 89
T 109 124
N 110 4 7 11 17 18 22
T 110 95
N 111 3 7 14 18 19 22
T 111 96
G 112 3 6 14 16 18 21
T 112 97
N 113 1 7 13 17 18 24
T 113 98
N 114 1 8 12 16 18 24
T 114 99
G 115 2 8 14 18 19 21
T 115 100
N 116 1 8 14 15 18 22
T 116 101
N 117 2 6 12 17 18 24
T 117 102
N 118 3 6 13 15 18 24
T 118 103
G 119 4 6 13 17 18 21
T 119 104
G 120 4 8 11 16 18 21
T 120 105
N 121 1 9 12 17 18 22
T 121 106
N 122 3 9 11 15 18 22
T 122 107
N 123 1 7 14 16 18 23
T 123 108
N 124 2 6 14 15 18 23
T 124 109
[t=0.00975468s, 19012 KB] Finished dumping the reachable state space.
[t=0.00991836s, 19012 KB] Actual search time: 0.00226321s
[t=0.0100044s, 19012 KB] Expanded 125 state(s).
[t=0.0100044s, 19012 KB] Reopened 0 state(s).
[t=0.0100044s, 19012 KB] Evaluated 0 state(s).
[t=0.0100044s, 19012 KB] Evaluations: 0
[t=0.0100044s, 19012 KB] Generated 273 state(s).
[t=0.0100044s, 19012 KB] Dead ends: 0 state(s).
[t=0.0100044s, 19012 KB] Number of registered states: 125
[t=0.0100044s, 19012 KB] Closed list load factor: 125/255 = 0.490196
[t=0.0100044s, 19012 KB] Search time: 0.00269803s
[t=0.0100044s, 19012 KB] Total time: 0.0100044s
Search stopped without finding a solution.
Peak memory: 19012 KB
Remove intermediate file output.sas
search exit code: 12

Driver aborting after search
INFO     Planner time: 0.17s
