INFO     planner time limit: None
INFO     planner memory limit: None

INFO     Running translator.
INFO     translator stdin: None
INFO     translator time limit: None
INFO     translator memory limit: None
INFO     translator command line string: /proj/ssiw/projects/code/sketch-learner/.venv/bin/python3 /proj/ssiw/projects/code/sketch-learner/learning/d2l/libs/dlplan/libs/scorpion/builds/release/bin/translate/translate.py /proj/ssiw/projects/code/sketch-learner/learning/d2l/benchmarks/delivery/domain.pddl /proj/ssiw/projects/code/sketch-learner/learning/d2l/benchmarks/delivery/instance_3_3_2_9.pddl --dump-predicates --dump-constants --dump-static-atoms --dump-goal-atoms --sas-file output.sas
Parsing...
Problem delivery: delivery-3x3-2 [:equality, :typing]
Types:
  object
  cell
  locatable
  package
  truck
Constants:
Objects:
  c_0_0: cell
  c_0_1: cell
  c_0_2: cell
  c_1_0: cell
  c_1_1: cell
  c_1_2: cell
  c_2_0: cell
  c_2_1: cell
  c_2_2: cell
  p1: package
  p2: package
  t1: truck
Predicates:
  at(?x1: locatable, ?x2: cell)
  carrying(?x1: truck, ?x2: package)
  empty(?x1: truck)
  adjacent(?x1: cell, ?x2: cell)
  =(?x: object, ?y: object)
Functions:
Init:
  Atom adjacent(c_1_1, c_1_0)
  Atom adjacent(c_2_2, c_2_1)
  Atom adjacent(c_1_0, c_2_0)
  Atom adjacent(c_2_0, c_2_1)
  Atom adjacent(c_0_1, c_0_0)
  Atom adjacent(c_0_0, c_1_0)
  Atom at(t1, c_2_0)
  Atom adjacent(c_1_2, c_1_1)
  Atom adjacent(c_1_1, c_0_1)
  Atom adjacent(c_1_0, c_1_1)
  Atom adjacent(c_2_2, c_1_2)
  Atom adjacent(c_2_1, c_2_0)
  Atom adjacent(c_0_2, c_1_2)
  Atom adjacent(c_1_2, c_2_2)
  Atom adjacent(c_0_1, c_1_1)
  Atom adjacent(c_1_1, c_2_1)
  Atom adjacent(c_2_1, c_2_2)
  Atom adjacent(c_1_2, c_0_2)
  Atom adjacent(c_2_1, c_1_1)
  Atom adjacent(c_2_0, c_1_0)
  Atom at(p1, c_0_2)
  Atom at(p2, c_2_0)
  Atom adjacent(c_0_0, c_0_1)
  Atom adjacent(c_0_2, c_0_1)
  Atom empty(t1)
  Atom adjacent(c_1_1, c_1_2)
  Atom adjacent(c_0_1, c_0_2)
  Atom adjacent(c_1_0, c_0_0)
  Atom =(c_0_0, c_0_0)
  Atom =(c_0_1, c_0_1)
  Atom =(c_0_2, c_0_2)
  Atom =(c_1_0, c_1_0)
  Atom =(c_1_1, c_1_1)
  Atom =(c_1_2, c_1_2)
  Atom =(c_2_0, c_2_0)
  Atom =(c_2_1, c_2_1)
  Atom =(c_2_2, c_2_2)
  Atom =(p1, p1)
  Atom =(p2, p2)
  Atom =(t1, t1)
Goal:
  Conjunction
    Atom at(p1, c_2_2)
    Atom at(p2, c_2_2)
Actions:
pick-package(?t: truck, ?p: package, ?x: cell)
Precondition:
  Conjunction
    Atom at(?p, ?x)
    Atom at(?t, ?x)
    Atom empty(?t)
Effects:
  NegatedAtom at(?p, ?x)
  NegatedAtom empty(?t)
  Atom carrying(?t, ?p)
Cost:
  None
drop-package(?t: truck, ?p: package, ?x: cell)
Precondition:
  Conjunction
    Atom at(?t, ?x)
    Atom carrying(?t, ?p)
Effects:
  Atom empty(?t)
  NegatedAtom carrying(?t, ?p)
  Atom at(?p, ?x)
Cost:
  None
move(?t: truck, ?from: cell, ?to: cell)
Precondition:
  Conjunction
    Atom adjacent(?from, ?to)
    Atom at(?t, ?from)
Effects:
  NegatedAtom at(?t, ?from)
  Atom at(?t, ?to)
Cost:
  None
Parsing: [0.010s CPU, 0.004s wall-clock]
<pddl.conditions.Conjunction object at 0x2ab645e9a910>
Atom at(p1, c_2_2)
Atom at(p2, c_2_2)
Normalizing task... [0.000s CPU, 0.000s wall-clock]
Instantiating...
Generating Datalog program... [0.000s CPU, 0.000s wall-clock]
Normalizing Datalog program...
Normalizing Datalog program: [0.000s CPU, 0.001s wall-clock]
Preparing model... [0.000s CPU, 0.000s wall-clock]
Generated 18 rules.
Computing model... [0.000s CPU, 0.002s wall-clock]
154 relevant atoms
132 auxiliary atoms
286 final queue length
338 total queue pushes
Completing instantiation... [0.000s CPU, 0.001s wall-clock]
Instantiating: [0.000s CPU, 0.004s wall-clock]
Computing fact groups...
Finding invariants...
8 initial candidates
Finding invariants: [0.000s CPU, 0.001s wall-clock]
Checking invariant weight... [0.000s CPU, 0.000s wall-clock]
Instantiating groups... [0.000s CPU, 0.000s wall-clock]
Collecting mutex groups... [0.000s CPU, 0.000s wall-clock]
Choosing groups...
1 uncovered facts
Choosing groups: [0.000s CPU, 0.000s wall-clock]
Building translation key... [0.000s CPU, 0.000s wall-clock]
Computing fact groups: [0.000s CPU, 0.001s wall-clock]
Building STRIPS to SAS dictionary... [0.000s CPU, 0.000s wall-clock]
Building dictionary for full mutex groups... [0.000s CPU, 0.000s wall-clock]
Building mutex information...
Building mutex information: [0.000s CPU, 0.000s wall-clock]
Translating task...
Processing axioms...
Simplifying axioms... [0.000s CPU, 0.000s wall-clock]
Translator axioms removed by simplifying: 0
Computing negative axioms... [0.000s CPU, 0.000s wall-clock]
Processing axioms: [0.000s CPU, 0.000s wall-clock]
Translating task: [0.000s CPU, 0.001s wall-clock]
18 effect conditions simplified
0 implied preconditions added
Detecting unreachable propositions...
0 operators removed
0 axioms removed
3 propositions removed
Detecting unreachable propositions: [0.000s CPU, 0.001s wall-clock]
Reordering and filtering variables...
4 of 4 variables necessary.
1 of 4 mutex groups necessary.
60 of 60 operators necessary.
0 of 0 axiom rules necessary.
Reordering and filtering variables: [0.000s CPU, 0.000s wall-clock]
Translator variables: 4
Translator derived variables: 0
Translator facts: 31
Translator goal facts: 2
Translator mutex groups: 1
Translator total mutex groups size: 3
Translator operators: 60
Translator axioms: 0
Translator task size: 310
Translator peak memory: 149284 KB
Writing output... [0.000s CPU, 0.001s wall-clock]
Done! [0.010s CPU, 0.014s wall-clock]
translate exit code: 0

INFO     Running search (release).
INFO     search stdin: output.sas
INFO     search time limit: None
INFO     search memory limit: None
INFO     search command line string: /proj/ssiw/projects/code/sketch-learner/learning/d2l/libs/dlplan/libs/scorpion/builds/release/bin/downward --search 'dump_reachable_search_space()' --internal-plan-file sas_plan < output.sas
[t=0.000181485s, 18608 KB] reading input...
[t=0.0014963s, 18616 KB] done reading input!
[t=0.00629822s, 19008 KB] Building successor generator...done!
[t=0.00663708s, 19008 KB] peak memory difference for successor generator creation: 0 KB
[t=0.00671152s, 19008 KB] time for successor generation creation: 8.6473e-05s
[t=0.00679939s, 19008 KB] Variables: 4
[t=0.0068745s, 19008 KB] FactPairs: 31
[t=0.00694615s, 19008 KB] Bytes per state: 4
[t=0.00729996s, 19140 KB] Dumping the reachable state space...
# F (fact): [fact ID] [name]
# G (goal state): [goal state ID] [fact ID 1] [fact ID 2] ...
# N (non-goal state): [non-goal state ID] [fact ID 1] [fact ID 2] ...
# T (transition): [source state ID] [target state ID]
# The initial state has ID 0.
F 0 at(t1,c_0_0)
F 1 at(t1,c_0_1)
F 2 at(t1,c_0_2)
F 3 at(t1,c_1_0)
F 4 at(t1,c_1_1)
F 5 at(t1,c_1_2)
F 6 at(t1,c_2_0)
F 7 at(t1,c_2_1)
F 8 at(t1,c_2_2)
F 9 empty(t1)
F 10 at(p1,c_0_0)
F 11 at(p1,c_0_1)
F 12 at(p1,c_0_2)
F 13 at(p1,c_1_0)
F 14 at(p1,c_1_1)
F 15 at(p1,c_1_2)
F 16 at(p1,c_2_0)
F 17 at(p1,c_2_1)
F 18 at(p1,c_2_2)
F 19 carrying(t1,p1)
F 20 at(p2,c_0_0)
F 21 at(p2,c_0_1)
F 22 at(p2,c_0_2)
F 23 at(p2,c_1_0)
F 24 at(p2,c_1_1)
F 25 at(p2,c_1_2)
F 26 at(p2,c_2_0)
F 27 at(p2,c_2_1)
F 28 at(p2,c_2_2)
F 29 carrying(t1,p2)
N 0 6 9 12 26
T 0 1
T 0 2
T 0 3
N 1 3 9 12 26
T 1 4
T 1 5
T 1 0
N 2 7 9 12 26
T 2 5
T 2 0
T 2 6
N 3 6 12 29
T 3 7
T 3 8
T 3 0
N 4 0 9 12 26
T 4 9
T 4 1
N 5 4 9 12 26
T 5 9
T 5 1
T 5 10
T 5 2
N 6 8 9 12 26
T 6 10
T 6 2
N 7 3 12 29
T 7 11
T 7 12
T 7 3
T 7 13
N 8 7 12 29
T 8 12
T 8 3
T 8 14
T 8 15
N 9 1 9 12 26
T 9 4
T 9 16
T 9 5
N 10 5 9 12 26
T 10 16
T 10 5
T 10 6
N 11 0 12 29
T 11 17
T 11 7
T 11 18
N 12 4 12 29
T 12 17
T 12 7
T 12 19
T 12 8
T 12 20
N 13 3 9 12 23
T 13 21
T 13 22
T 13 23
T 13 7
N 14 8 12 29
T 14 19
T 14 8
T 14 24
N 15 7 9 12 27
T 15 25
T 15 26
T 15 27
T 15 8
N 16 2 9 12 26
T 16 9
T 16 10
T 16 28
N 17 1 12 29
T 17 11
T 17 29
T 17 12
T 17 30
N 18 0 9 12 20
T 18 31
T 18 32
T 18 11
N 19 5 12 29
T 19 29
T 19 12
T 19 14
T 19 33
N 20 4 9 12 24
T 20 34
T 20 35
T 20 36
T 20 37
T 20 12
N 21 0 9 12 23
T 21 38
T 21 13
N 22 4 9 12 23
T 22 38
T 22 13
T 22 39
T 22 40
N 23 6 9 12 23
T 23 13
T 23 40
N 24 8 9 12 28
T 24 41
T 24 42
T 24 14
N 25 4 9 12 27
T 25 43
T 25 44
T 25 45
T 25 15
N 26 6 9 12 27
T 26 44
T 26 15
N 27 8 9 12 27
T 27 45
T 27 15
N 28 2 19 26
T 28 46
T 28 47
T 28 16
N 29 2 12 29
T 29 17
T 29 19
T 29 48
N 30 1 9 12 21
T 30 49
T 30 50
T 30 51
T 30 17
N 31 1 9 12 20
T 31 18
T 31 52
T 31 53
N 32 3 9 12 20
T 32 18
T 32 53
T 32 54
N 33 5 9 12 25
T 33 55
T 33 56
T 33 57
T 33 19
N 34 1 9 12 24
T 34 58
T 34 59
T 34 20
N 35 3 9 12 24
T 35 58
T 35 20
T 35 60
N 36 5 9 12 24
T 36 59
T 36 20
T 36 61
N 37 7 9 12 24
T 37 20
T 37 60
T 37 61
N 38 1 9 12 23
T 38 21
T 38 62
T 38 22
N 39 5 9 12 23
T 39 62
T 39 22
T 39 63
N 40 7 9 12 23
T 40 22
T 40 23
T 40 63
N 41 5 9 12 28
T 41 64
T 41 65
T 41 24
N 42 7 9 12 28
T 42 65
T 42 66
T 42 24
N 43 1 9 12 27
T 43 67
T 43 68
T 43 25
N 44 3 9 12 27
T 44 67
T 44 25
T 44 26
N 45 5 9 12 27
T 45 68
T 45 25
T 45 27
N 46 1 19 26
T 46 69
T 46 28
T 46 70
T 46 71
N 47 5 19 26
T 47 28
T 47 70
T 47 72
T 47 73
N 48 2 9 12 22
T 48 74
T 48 75
T 48 76
T 48 29
N 49 0 9 12 21
T 49 30
T 49 77
N 50 2 9 12 21
T 50 30
T 50 78
T 50 79
N 51 4 9 12 21
T 51 30
T 51 77
T 51 78
T 51 80
N 52 2 9 12 20
T 52 31
T 52 81
T 52 82
N 53 4 9 12 20
T 53 31
T 53 32
T 53 81
T 53 83
N 54 6 9 12 20
T 54 32
T 54 83
N 55 2 9 12 25
T 55 84
T 55 33
T 55 85
N 56 4 9 12 25
T 56 84
T 56 86
T 56 33
T 56 87
N 57 8 9 12 25
T 57 33
T 57 87
N 58 0 9 12 24
T 58 34
T 58 35
N 59 2 9 12 24
T 59 34
T 59 36
T 59 88
N 60 6 9 12 24
T 60 35
T 60 37
N 61 8 9 12 24
T 61 36
T 61 37
N 62 2 9 12 23
T 62 38
T 62 39
T 62 89
N 63 8 9 12 23
T 63 39
T 63 40
N 64 2 9 12 28
T 64 90
T 64 41
T 64 91
N 65 4 9 12 28
T 65 90
T 65 92
T 65 41
T 65 42
N 66 6 9 12 28
T 66 92
T 66 42
N 67 0 9 12 27
T 67 43
T 67 44
N 68 2 9 12 27
T 68 43
T 68 45
T 68 93
N 69 0 19 26
T 69 46
T 69 94
T 69 95
N 70 4 19 26
T 70 46
T 70 94
T 70 47
T 70 96
T 70 97
N 71 1 9 11 26
T 71 98
T 71 99
T 71 100
T 71 46
N 72 8 19 26
T 72 47
T 72 96
T 72 101
N 73 5 9 15 26
T 73 102
T 73 103
T 73 104
T 73 47
N 74 1 9 12 22
T 74 105
T 74 48
T 74 106
N 75 5 9 12 22
T 75 48
T 75 106
T 75 107
N 76 2 19 22
T 76 108
T 76 109
T 76 48
N 77 3 9 12 21
T 77 49
T 77 51
T 77 110
N 78 5 9 12 21
T 78 50
T 78 51
T 78 111
N 79 2 19 21
T 79 112
T 79 113
T 79 50
N 80 7 9 12 21
T 80 51
T 80 110
T 80 111
N 81 5 9 12 20
T 81 52
T 81 53
T 81 114
N 82 2 19 20
T 82 115
T 82 116
T 82 52
N 83 7 9 12 20
T 83 53
T 83 54
T 83 114
N 84 1 9 12 25
T 84 117
T 84 55
T 84 56
N 85 2 19 25
T 85 118
T 85 119
T 85 55
N 86 3 9 12 25
T 86 117
T 86 56
T 86 120
N 87 7 9 12 25
T 87 56
T 87 120
T 87 57
N 88 2 19 24
T 88 121
T 88 122
T 88 59
N 89 2 19 23
T 89 123
T 89 124
T 89 62
N 90 1 9 12 28
T 90 125
T 90 64
T 90 65
N 91 2 19 28
T 91 126
T 91 127
T 91 64
N 92 3 9 12 28
T 92 125
T 92 65
T 92 66
N 93 2 19 27
T 93 128
T 93 129
T 93 68
N 94 3 19 26
T 94 69
T 94 70
T 94 130
T 94 131
N 95 0 9 10 26
T 95 132
T 95 133
T 95 69
N 96 7 19 26
T 96 70
T 96 130
T 96 72
T 96 134
N 97 4 9 14 26
T 97 135
T 97 136
T 97 137
T 97 138
T 97 70
N 98 0 9 11 26
T 98 71
T 98 139
N 99 2 9 11 26
T 99 71
T 99 140
N 100 4 9 11 26
T 100 71
T 100 139
T 100 140
T 100 141
N 101 8 9 18 26
T 101 142
T 101 143
T 101 72
N 102 2 9 15 26
T 102 144
T 102 73
N 103 4 9 15 26
T 103 144
T 103 145
T 103 73
T 103 146
N 104 8 9 15 26
T 104 73
T 104 146
N 105 0 9 12 22
T 105 74
T 105 147
N 106 4 9 12 22
T 106 74
T 106 147
T 106 75
T 106 148
N 107 8 9 12 22
T 107 75
T 107 148
N 108 1 19 22
T 108 149
T 108 76
T 108 150
T 108 151
N 109 5 19 22
T 109 76
T 109 150
T 109 152
T 109 153
N 110 6 9 12 21
T 110 77
T 110 80
N 111 8 9 12 21
T 111 78
T 111 80
N 112 1 19 21
T 112 154
T 112 79
T 112 155
T 112 156
N 113 5 19 21
T 113 79
T 113 155
T 113 157
T 113 158
N 114 8 9 12 20
T 114 81
T 114 83
N 115 1 19 20
T 115 159
T 115 82
T 115 160
T 115 161
N 116 5 19 20
T 116 82
T 116 160
T 116 162
T 116 163
N 117 0 9 12 25
T 117 84
T 117 86
N 118 1 19 25
T 118 164
T 118 85
T 118 165
T 118 166
N 119 5 19 25
T 119 85
T 119 165
T 119 167
T 119 168
N 120 6 9 12 25
T 120 86
T 120 87
N 121 1 19 24
T 121 169
T 121 88
T 121 170
T 121 171
N 122 5 19 24
T 122 88
T 122 170
T 122 172
T 122 173
N 123 1 19 23
T 123 174
T 123 89
T 123 175
T 123 176
N 124 5 19 23
T 124 89
T 124 175
T 124 177
T 124 178
N 125 0 9 12 28
T 125 90
T 125 92
N 126 1 19 28
T 126 179
T 126 91
T 126 180
T 126 181
N 127 5 19 28
T 127 91
T 127 180
T 127 182
T 127 183
N 128 1 19 27
T 128 184
T 128 93
T 128 185
T 128 186
N 129 5 19 27
T 129 93
T 129 185
T 129 187
T 129 188
N 130 6 19 26
T 130 94
T 130 96
T 130 189
N 131 3 9 13 26
T 131 190
T 131 191
T 131 192
T 131 94
N 132 1 9 10 26
T 132 95
T 132 193
T 132 194
N 133 3 9 10 26
T 133 95
T 133 194
T 133 195
N 134 7 9 17 26
T 134 196
T 134 197
T 134 198
T 134 96
N 135 1 9 14 26
T 135 199
T 135 200
T 135 97
N 136 3 9 14 26
T 136 199
T 136 97
T 136 201
N 137 5 9 14 26
T 137 200
T 137 97
T 137 202
N 138 7 9 14 26
T 138 97
T 138 201
T 138 202
N 139 3 9 11 26
T 139 98
T 139 100
T 139 203
N 140 5 9 11 26
T 140 99
T 140 100
T 140 204
N 141 7 9 11 26
T 141 100
T 141 203
T 141 204
N 142 5 9 18 26
T 142 205
T 142 206
T 142 101
N 143 7 9 18 26
T 143 206
T 143 207
T 143 101
N 144 1 9 15 26
T 144 208
T 144 102
T 144 103
N 145 3 9 15 26
T 145 208
T 145 103
T 145 209
N 146 7 9 15 26
T 146 103
T 146 209
T 146 104
N 147 3 9 12 22
T 147 105
T 147 106
T 147 210
N 148 7 9 12 22
T 148 106
T 148 210
T 148 107
N 149 0 19 22
T 149 108
T 149 211
T 149 212
N 150 4 19 22
T 150 108
T 150 211
T 150 109
T 150 213
T 150 214
N 151 1 9 11 22
T 151 215
T 151 216
T 151 217
T 151 108
N 152 8 19 22
T 152 109
T 152 213
T 152 218
N 153 5 9 15 22
T 153 219
T 153 220
T 153 221
T 153 109
N 154 0 19 21
T 154 112
T 154 222
T 154 223
N 155 4 19 21
T 155 112
T 155 222
T 155 113
T 155 224
T 155 225
N 156 1 9 11 21
T 156 226
T 156 227
T 156 228
T 156 112
T 156 229
N 157 8 19 21
T 157 113
T 157 224
T 157 230
N 158 5 9 15 21
T 158 231
T 158 232
T 158 233
T 158 113
N 159 0 19 20
T 159 115
T 159 234
T 159 235
N 160 4 19 20
T 160 115
T 160 234
T 160 116
T 160 236
T 160 237
N 161 1 9 11 20
T 161 238
T 161 239
T 161 240
T 161 115
N 162 8 19 20
T 162 116
T 162 236
T 162 241
N 163 5 9 15 20
T 163 242
T 163 243
T 163 244
T 163 116
N 164 0 19 25
T 164 118
T 164 245
T 164 246
N 165 4 19 25
T 165 118
T 165 245
T 165 119
T 165 247
T 165 248
N 166 1 9 11 25
T 166 249
T 166 250
T 166 251
T 166 118
N 167 8 19 25
T 167 119
T 167 247
T 167 252
N 168 5 9 15 25
T 168 253
T 168 254
T 168 255
T 168 119
T 168 256
N 169 0 19 24
T 169 121
T 169 257
T 169 258
N 170 4 19 24
T 170 121
T 170 257
T 170 122
T 170 259
T 170 260
N 171 1 9 11 24
T 171 261
T 171 262
T 171 263
T 171 121
N 172 8 19 24
T 172 122
T 172 259
T 172 264
N 173 5 9 15 24
T 173 265
T 173 266
T 173 267
T 173 122
N 174 0 19 23
T 174 123
T 174 268
T 174 269
N 175 4 19 23
T 175 123
T 175 268
T 175 124
T 175 270
T 175 271
N 176 1 9 11 23
T 176 272
T 176 273
T 176 274
T 176 123
N 177 8 19 23
T 177 124
T 177 270
T 177 275
N 178 5 9 15 23
T 178 276
T 178 277
T 178 278
T 178 124
N 179 0 19 28
T 179 126
T 179 279
T 179 280
N 180 4 19 28
T 180 126
T 180 279
T 180 127
T 180 281
T 180 282
N 181 1 9 11 28
T 181 283
T 181 284
T 181 285
T 181 126
N 182 8 19 28
T 182 127
T 182 281
T 182 286
N 183 5 9 15 28
T 183 287
T 183 288
T 183 289
T 183 127
N 184 0 19 27
T 184 128
T 184 290
T 184 291
N 185 4 19 27
T 185 128
T 185 290
T 185 129
T 185 292
T 185 293
N 186 1 9 11 27
T 186 294
T 186 295
T 186 296
T 186 128
N 187 8 19 27
T 187 129
T 187 292
T 187 297
N 188 5 9 15 27
T 188 298
T 188 299
T 188 300
T 188 129
N 189 6 9 16 26
T 189 301
T 189 302
T 189 130
T 189 303
N 190 0 9 13 26
T 190 304
T 190 131
N 191 4 9 13 26
T 191 304
T 191 131
T 191 305
T 191 306
N 192 6 9 13 26
T 192 131
T 192 306
T 192 307
N 193 2 9 10 26
T 193 132
T 193 308
N 194 4 9 10 26
T 194 132
T 194 133
T 194 308
T 194 309
N 195 6 9 10 26
T 195 133
T 195 309
T 195 310
N 196 4 9 17 26
T 196 311
T 196 312
T 196 313
T 196 134
N 197 6 9 17 26
T 197 312
T 197 134
T 197 314
N 198 8 9 17 26
T 198 313
T 198 134
N 199 0 9 14 26
T 199 135
T 199 136
N 200 2 9 14 26
T 200 135
T 200 137
N 201 6 9 14 26
T 201 136
T 201 138
T 201 315
N 202 8 9 14 26
T 202 137
T 202 138
N 203 6 9 11 26
T 203 139
T 203 141
T 203 316
N 204 8 9 11 26
T 204 140
T 204 141
N 205 2 9 18 26
T 205 317
T 205 142
N 206 4 9 18 26
T 206 317
T 206 318
T 206 142
T 206 143
N 207 6 9 18 26
T 207 318
T 207 143
T 207 319
N 208 0 9 15 26
T 208 144
T 208 145
N 209 6 9 15 26
T 209 145
T 209 146
T 209 320
N 210 6 9 12 22
T 210 147
T 210 148
N 211 3 19 22
T 211 149
T 211 150
T 211 321
T 211 322
N 212 0 9 10 22
T 212 323
T 212 324
T 212 149
N 213 7 19 22
T 213 150
T 213 321
T 213 152
T 213 325
N 214 4 9 14 22
T 214 326
T 214 327
T 214 328
T 214 329
T 214 150
N 215 0 9 11 22
T 215 151
T 215 330
N 216 2 9 11 22
T 216 151
T 216 331
T 216 332
N 217 4 9 11 22
T 217 151
T 217 330
T 217 331
T 217 333
N 218 8 9 18 22
T 218 334
T 218 335
T 218 152
N 219 2 9 15 22
T 219 336
T 219 153
T 219 337
N 220 4 9 15 22
T 220 336
T 220 338
T 220 153
T 220 339
N 221 8 9 15 22
T 221 153
T 221 339
N 222 3 19 21
T 222 154
T 222 155
T 222 340
T 222 341
N 223 0 9 10 21
T 223 342
T 223 343
T 223 154
N 224 7 19 21
T 224 155
T 224 340
T 224 157
T 224 344
N 225 4 9 14 21
T 225 345
T 225 346
T 225 347
T 225 348
T 225 155
N 226 0 9 11 21
T 226 156
T 226 349
N 227 2 9 11 21
T 227 156
T 227 350
N 228 4 9 11 21
T 228 156
T 228 349
T 228 350
T 228 351
N 229 1 11 29
T 229 352
T 229 332
T 229 353
T 229 156
N 230 8 9 18 21
T 230 354
T 230 355
T 230 157
N 231 2 9 15 21
T 231 356
T 231 158
N 232 4 9 15 21
T 232 356
T 232 357
T 232 158
T 232 358
N 233 8 9 15 21
T 233 158
T 233 358
N 234 3 19 20
T 234 159
T 234 160
T 234 359
T 234 360
N 235 0 9 10 20
T 235 361
T 235 362
T 235 159
T 235 363
N 236 7 19 20
T 236 160
T 236 359
T 236 162
T 236 364
N 237 4 9 14 20
T 237 365
T 237 366
T 237 367
T 237 368
T 237 160
N 238 0 9 11 20
T 238 161
T 238 369
T 238 352
N 239 2 9 11 20
T 239 161
T 239 370
N 240 4 9 11 20
T 240 161
T 240 369
T 240 370
T 240 371
N 241 8 9 18 20
T 241 372
T 241 373
T 241 162
N 242 2 9 15 20
T 242 374
T 242 163
N 243 4 9 15 20
T 243 374
T 243 375
T 243 163
T 243 376
N 244 8 9 15 20
T 244 163
T 244 376
N 245 3 19 25
T 245 164
T 245 165
T 245 377
T 245 378
N 246 0 9 10 25
T 246 379
T 246 380
T 246 164
N 247 7 19 25
T 247 165
T 247 377
T 247 167
T 247 381
N 248 4 9 14 25
T 248 382
T 248 383
T 248 384
T 248 385
T 248 165
N 249 0 9 11 25
T 249 166
T 249 386
N 250 2 9 11 25
T 250 166
T 250 387
N 251 4 9 11 25
T 251 166
T 251 386
T 251 387
T 251 388
N 252 8 9 18 25
T 252 389
T 252 390
T 252 167
N 253 2 9 15 25
T 253 391
T 253 168
N 254 4 9 15 25
T 254 391
T 254 392
T 254 168
T 254 393
N 255 8 9 15 25
T 255 168
T 255 393
N 256 5 15 29
T 256 337
T 256 394
T 256 395
T 256 168
N 257 3 19 24
T 257 169
T 257 170
T 257 396
T 257 397
N 258 0 9 10 24
T 258 398
T 258 399
T 258 169
N 259 7 19 24
T 259 170
T 259 396
T 259 172
T 259 400
N 260 4 9 14 24
T 260 401
T 260 402
T 260 403
T 260 404
T 260 170
T 260 405
N 261 0 9 11 24
T 261 171
T 261 406
N 262 2 9 11 24
T 262 171
T 262 407
N 263 4 9 11 24
T 263 171
T 263 406
T 263 407
T 263 408
T 263 353
N 264 8 9 18 24
T 264 409
T 264 410
T 264 172
N 265 2 9 15 24
T 265 411
T 265 173
N 266 4 9 15 24
T 266 411
T 266 412
T 266 173
T 266 413
T 266 394
N 267 8 9 15 24
T 267 173
T 267 413
N 268 3 19 23
T 268 174
T 268 175
T 268 414
T 268 415
N 269 0 9 10 23
T 269 416
T 269 417
T 269 174
N 270 7 19 23
T 270 175
T 270 414
T 270 177
T 270 418
N 271 4 9 14 23
T 271 419
T 271 420
T 271 421
T 271 422
T 271 175
N 272 0 9 11 23
T 272 176
T 272 423
N 273 2 9 11 23
T 273 176
T 273 424
N 274 4 9 11 23
T 274 176
T 274 423
T 274 424
T 274 425
N 275 8 9 18 23
T 275 426
T 275 427
T 275 177
N 276 2 9 15 23
T 276 428
T 276 178
N 277 4 9 15 23
T 277 428
T 277 429
T 277 178
T 277 430
N 278 8 9 15 23
T 278 178
T 278 430
N 279 3 19 28
T 279 179
T 279 180
T 279 431
T 279 432
N 280 0 9 10 28
T 280 433
T 280 434
T 280 179
N 281 7 19 28
T 281 180
T 281 431
T 281 182
T 281 435
N 282 4 9 14 28
T 282 436
T 282 437
T 282 438
T 282 439
T 282 180
N 283 0 9 11 28
T 283 181
T 283 440
N 284 2 9 11 28
T 284 181
T 284 441
N 285 4 9 11 28
T 285 181
T 285 440
T 285 441
T 285 442
G 286 8 9 18 28
T 286 443
T 286 444
T 286 182
T 286 445
N 287 2 9 15 28
T 287 446
T 287 183
N 288 4 9 15 28
T 288 446
T 288 447
T 288 183
T 288 448
N 289 8 9 15 28
T 289 183
T 289 448
T 289 395
N 290 3 19 27
T 290 184
T 290 185
T 290 449
T 290 450
N 291 0 9 10 27
T 291 451
T 291 452
T 291 184
N 292 7 19 27
T 292 185
T 292 449
T 292 187
T 292 453
N 293 4 9 14 27
T 293 454
T 293 455
T 293 456
T 293 457
T 293 185
N 294 0 9 11 27
T 294 186
T 294 458
N 295 2 9 11 27
T 295 186
T 295 459
N 296 4 9 11 27
T 296 186
T 296 458
T 296 459
T 296 460
N 297 8 9 18 27
T 297 461
T 297 462
T 297 187
N 298 2 9 15 27
T 298 463
T 298 188
N 299 4 9 15 27
T 299 463
T 299 464
T 299 188
T 299 465
N 300 8 9 15 27
T 300 188
T 300 465
N 301 3 9 16 26
T 301 466
T 301 467
T 301 189
N 302 7 9 16 26
T 302 467
T 302 189
T 302 468
N 303 6 16 29
T 303 469
T 303 470
T 303 189
N 304 1 9 13 26
T 304 190
T 304 471
T 304 191
N 305 5 9 13 26
T 305 471
T 305 191
T 305 472
N 306 7 9 13 26
T 306 191
T 306 192
T 306 472
N 307 6 13 29
T 307 473
T 307 474
T 307 192
N 308 5 9 10 26
T 308 193
T 308 194
T 308 475
N 309 7 9 10 26
T 309 194
T 309 195
T 309 475
N 310 6 10 29
T 310 476
T 310 477
T 310 195
N 311 1 9 17 26
T 311 478
T 311 479
T 311 196
N 312 3 9 17 26
T 312 478
T 312 196
T 312 197
N 313 5 9 17 26
T 313 479
T 313 196
T 313 198
N 314 6 17 29
T 314 480
T 314 481
T 314 197
N 315 6 14 29
T 315 482
T 315 483
T 315 201
N 316 6 11 29
T 316 484
T 316 485
T 316 203
N 317 1 9 18 26
T 317 486
T 317 205
T 317 206
N 318 3 9 18 26
T 318 486
T 318 206
T 318 207
N 319 6 18 29
T 319 487
T 319 488
T 319 207
N 320 6 15 29
T 320 489
T 320 490
T 320 209
N 321 6 19 22
T 321 211
T 321 213
T 321 491
N 322 3 9 13 22
T 322 492
T 322 493
T 322 494
T 322 211
N 323 1 9 10 22
T 323 212
T 323 495
T 323 496
N 324 3 9 10 22
T 324 212
T 324 496
T 324 497
N 325 7 9 17 22
T 325 498
T 325 499
T 325 500
T 325 213
N 326 1 9 14 22
T 326 501
T 326 502
T 326 214
N 327 3 9 14 22
T 327 501
T 327 214
T 327 503
N 328 5 9 14 22
T 328 502
T 328 214
T 328 504
N 329 7 9 14 22
T 329 214
T 329 503
T 329 504
N 330 3 9 11 22
T 330 215
T 330 217
T 330 505
N 331 5 9 11 22
T 331 216
T 331 217
T 331 506
N 332 2 11 29
T 332 229
T 332 507
T 332 216
N 333 7 9 11 22
T 333 217
T 333 505
T 333 506
N 334 5 9 18 22
T 334 508
T 334 509
T 334 218
N 335 7 9 18 22
T 335 509
T 335 510
T 335 218
N 336 1 9 15 22
T 336 511
T 336 219
T 336 220
N 337 2 15 29
T 337 512
T 337 256
T 337 219
N 338 3 9 15 22
T 338 511
T 338 220
T 338 513
N 339 7 9 15 22
T 339 220
T 339 513
T 339 221
N 340 6 19 21
T 340 222
T 340 224
T 340 514
N 341 3 9 13 21
T 341 515
T 341 516
T 341 517
T 341 222
N 342 1 9 10 21
T 342 223
T 342 518
T 342 519
T 342 520
N 343 3 9 10 21
T 343 223
T 343 519
T 343 521
N 344 7 9 17 21
T 344 522
T 344 523
T 344 524
T 344 224
N 345 1 9 14 21
T 345 525
T 345 526
T 345 225
T 345 527
N 346 3 9 14 21
T 346 525
T 346 225
T 346 528
N 347 5 9 14 21
T 347 526
T 347 225
T 347 529
N 348 7 9 14 21
T 348 225
T 348 528
T 348 529
N 349 3 9 11 21
T 349 226
T 349 228
T 349 530
N 350 5 9 11 21
T 350 227
T 350 228
T 350 531
N 351 7 9 11 21
T 351 228
T 351 530
T 351 531
N 352 0 11 29
T 352 229
T 352 484
T 352 238
N 353 4 11 29
T 353 229
T 353 484
T 353 507
T 353 485
T 353 263
N 354 5 9 18 21
T 354 532
T 354 533
T 354 230
N 355 7 9 18 21
T 355 533
T 355 534
T 355 230
N 356 1 9 15 21
T 356 535
T 356 231
T 356 232
T 356 512
N 357 3 9 15 21
T 357 535
T 357 232
T 357 536
N 358 7 9 15 21
T 358 232
T 358 536
T 358 233
N 359 6 19 20
T 359 234
T 359 236
T 359 537
N 360 3 9 13 20
T 360 538
T 360 539
T 360 540
T 360 234
N 361 1 9 10 20
T 361 235
T 361 541
T 361 542
N 362 3 9 10 20
T 362 235
T 362 542
T 362 543
N 363 0 10 29
T 363 520
T 363 476
T 363 235
N 364 7 9 17 20
T 364 544
T 364 545
T 364 546
T 364 236
N 365 1 9 14 20
T 365 547
T 365 548
T 365 237
N 366 3 9 14 20
T 366 547
T 366 237
T 366 549
N 367 5 9 14 20
T 367 548
T 367 237
T 367 550
N 368 7 9 14 20
T 368 237
T 368 549
T 368 550
N 369 3 9 11 20
T 369 238
T 369 240
T 369 551
N 370 5 9 11 20
T 370 239
T 370 240
T 370 552
N 371 7 9 11 20
T 371 240
T 371 551
T 371 552
N 372 5 9 18 20
T 372 553
T 372 554
T 372 241
N 373 7 9 18 20
T 373 554
T 373 555
T 373 241
N 374 1 9 15 20
T 374 556
T 374 242
T 374 243
N 375 3 9 15 20
T 375 556
T 375 243
T 375 557
N 376 7 9 15 20
T 376 243
T 376 557
T 376 244
N 377 6 19 25
T 377 245
T 377 247
T 377 558
N 378 3 9 13 25
T 378 559
T 378 560
T 378 561
T 378 245
N 379 1 9 10 25
T 379 246
T 379 562
T 379 563
N 380 3 9 10 25
T 380 246
T 380 563
T 380 564
N 381 7 9 17 25
T 381 565
T 381 566
T 381 567
T 381 247
N 382 1 9 14 25
T 382 568
T 382 569
T 382 248
N 383 3 9 14 25
T 383 568
T 383 248
T 383 570
N 384 5 9 14 25
T 384 569
T 384 248
T 384 571
T 384 572
N 385 7 9 14 25
T 385 248
T 385 570
T 385 571
N 386 3 9 11 25
T 386 249
T 386 251
T 386 573
N 387 5 9 11 25
T 387 250
T 387 251
T 387 574
T 387 507
N 388 7 9 11 25
T 388 251
T 388 573
T 388 574
N 389 5 9 18 25
T 389 575
T 389 576
T 389 252
T 389 577
N 390 7 9 18 25
T 390 576
T 390 578
T 390 252
N 391 1 9 15 25
T 391 579
T 391 253
T 391 254
N 392 3 9 15 25
T 392 579
T 392 254
T 392 580
N 393 7 9 15 25
T 393 254
T 393 580
T 393 255
N 394 4 15 29
T 394 512
T 394 489
T 394 256
T 394 490
T 394 266
N 395 8 15 29
T 395 256
T 395 490
T 395 289
N 396 6 19 24
T 396 257
T 396 259
T 396 581
N 397 3 9 13 24
T 397 582
T 397 583
T 397 584
T 397 257
N 398 1 9 10 24
T 398 258
T 398 585
T 398 586
N 399 3 9 10 24
T 399 258
T 399 586
T 399 587
N 400 7 9 17 24
T 400 588
T 400 589
T 400 590
T 400 259
N 401 1 9 14 24
T 401 591
T 401 592
T 401 260
N 402 3 9 14 24
T 402 591
T 402 260
T 402 593
N 403 5 9 14 24
T 403 592
T 403 260
T 403 594
N 404 7 9 14 24
T 404 260
T 404 593
T 404 594
N 405 4 14 29
T 405 527
T 405 482
T 405 572
T 405 483
T 405 260
N 406 3 9 11 24
T 406 261
T 406 263
T 406 595
N 407 5 9 11 24
T 407 262
T 407 263
T 407 596
N 408 7 9 11 24
T 408 263
T 408 595
T 408 596
N 409 5 9 18 24
T 409 597
T 409 598
T 409 264
N 410 7 9 18 24
T 410 598
T 410 599
T 410 264
N 411 1 9 15 24
T 411 600
T 411 265
T 411 266
N 412 3 9 15 24
T 412 600
T 412 266
T 412 601
N 413 7 9 15 24
T 413 266
T 413 601
T 413 267
N 414 6 19 23
T 414 268
T 414 270
T 414 602
N 415 3 9 13 23
T 415 603
T 415 604
T 415 605
T 415 268
T 415 473
N 416 1 9 10 23
T 416 269
T 416 606
T 416 607
N 417 3 9 10 23
T 417 269
T 417 607
T 417 608
T 417 476
N 418 7 9 17 23
T 418 609
T 418 610
T 418 611
T 418 270
N 419 1 9 14 23
T 419 612
T 419 613
T 419 271
N 420 3 9 14 23
T 420 612
T 420 271
T 420 614
T 420 482
N 421 5 9 14 23
T 421 613
T 421 271
T 421 615
N 422 7 9 14 23
T 422 271
T 422 614
T 422 615
N 423 3 9 11 23
T 423 272
T 423 274
T 423 616
T 423 484
N 424 5 9 11 23
T 424 273
T 424 274
T 424 617
N 425 7 9 11 23
T 425 274
T 425 616
T 425 617
N 426 5 9 18 23
T 426 618
T 426 619
T 426 275
N 427 7 9 18 23
T 427 619
T 427 620
T 427 275
N 428 1 9 15 23
T 428 621
T 428 276
T 428 277
N 429 3 9 15 23
T 429 621
T 429 277
T 429 622
T 429 489
N 430 7 9 15 23
T 430 277
T 430 622
T 430 278
N 431 6 19 28
T 431 279
T 431 281
T 431 623
N 432 3 9 13 28
T 432 624
T 432 625
T 432 626
T 432 279
N 433 1 9 10 28
T 433 280
T 433 627
T 433 628
N 434 3 9 10 28
T 434 280
T 434 628
T 434 629
N 435 7 9 17 28
T 435 630
T 435 631
T 435 632
T 435 281
N 436 1 9 14 28
T 436 633
T 436 634
T 436 282
N 437 3 9 14 28
T 437 633
T 437 282
T 437 635
N 438 5 9 14 28
T 438 634
T 438 282
T 438 636
N 439 7 9 14 28
T 439 282
T 439 635
T 439 636
N 440 3 9 11 28
T 440 283
T 440 285
T 440 637
N 441 5 9 11 28
T 441 284
T 441 285
T 441 638
N 442 7 9 11 28
T 442 285
T 442 637
T 442 638
G 443 5 9 18 28
T 443 639
T 443 640
T 443 286
G 444 7 9 18 28
T 444 640
T 444 641
T 444 286
N 445 8 18 29
T 445 577
T 445 488
T 445 286
N 446 1 9 15 28
T 446 642
T 446 287
T 446 288
N 447 3 9 15 28
T 447 642
T 447 288
T 447 643
N 448 7 9 15 28
T 448 288
T 448 643
T 448 289
N 449 6 19 27
T 449 290
T 449 292
T 449 644
N 450 3 9 13 27
T 450 645
T 450 646
T 450 647
T 450 290
N 451 1 9 10 27
T 451 291
T 451 648
T 451 649
N 452 3 9 10 27
T 452 291
T 452 649
T 452 650
N 453 7 9 17 27
T 453 651
T 453 652
T 453 653
T 453 292
T 453 481
N 454 1 9 14 27
T 454 654
T 454 655
T 454 293
N 455 3 9 14 27
T 455 654
T 455 293
T 455 656
N 456 5 9 14 27
T 456 655
T 456 293
T 456 657
N 457 7 9 14 27
T 457 293
T 457 656
T 457 657
T 457 483
N 458 3 9 11 27
T 458 294
T 458 296
T 458 658
N 459 5 9 11 27
T 459 295
T 459 296
T 459 659
N 460 7 9 11 27
T 460 296
T 460 658
T 460 659
T 460 485
N 461 5 9 18 27
T 461 660
T 461 661
T 461 297
N 462 7 9 18 27
T 462 661
T 462 662
T 462 297
T 462 488
N 463 1 9 15 27
T 463 663
T 463 298
T 463 299
N 464 3 9 15 27
T 464 663
T 464 299
T 464 664
N 465 7 9 15 27
T 465 299
T 465 664
T 465 300
T 465 490
N 466 0 9 16 26
T 466 665
T 466 301
N 467 4 9 16 26
T 467 665
T 467 301
T 467 666
T 467 302
N 468 8 9 16 26
T 468 666
T 468 302
N 469 3 16 29
T 469 667
T 469 668
T 469 303
T 469 669
N 470 7 16 29
T 470 668
T 470 303
T 470 670
T 470 671
N 471 2 9 13 26
T 471 304
T 471 305
N 472 8 9 13 26
T 472 305
T 472 306
N 473 3 13 29
T 473 672
T 473 673
T 473 307
T 473 415
N 474 7 13 29
T 474 673
T 474 307
T 474 674
T 474 675
N 475 8 9 10 26
T 475 308
T 475 309
N 476 3 10 29
T 476 363
T 476 676
T 476 310
T 476 417
N 477 7 10 29
T 477 676
T 477 310
T 477 677
T 477 678
N 478 0 9 17 26
T 478 311
T 478 312
N 479 2 9 17 26
T 479 311
T 479 313
N 480 3 17 29
T 480 679
T 480 680
T 480 314
T 480 681
N 481 7 17 29
T 481 680
T 481 314
T 481 682
T 481 453
N 482 3 14 29
T 482 683
T 482 405
T 482 315
T 482 420
N 483 7 14 29
T 483 405
T 483 315
T 483 684
T 483 457
N 484 3 11 29
T 484 352
T 484 353
T 484 316
T 484 423
N 485 7 11 29
T 485 353
T 485 316
T 485 685
T 485 460
N 486 0 9 18 26
T 486 317
T 486 318
N 487 3 18 29
T 487 686
T 487 687
T 487 319
T 487 688
N 488 7 18 29
T 488 687
T 488 319
T 488 445
T 488 462
N 489 3 15 29
T 489 689
T 489 394
T 489 320
T 489 429
N 490 7 15 29
T 490 394
T 490 320
T 490 395
T 490 465
N 491 6 9 16 22
T 491 690
T 491 691
T 491 321
N 492 0 9 13 22
T 492 692
T 492 322
N 493 4 9 13 22
T 493 692
T 493 322
T 493 693
T 493 694
N 494 6 9 13 22
T 494 322
T 494 694
N 495 2 9 10 22
T 495 323
T 495 695
T 495 696
N 496 4 9 10 22
T 496 323
T 496 324
T 496 695
T 496 697
N 497 6 9 10 22
T 497 324
T 497 697
N 498 4 9 17 22
T 498 698
T 498 699
T 498 700
T 498 325
N 499 6 9 17 22
T 499 699
T 499 325
N 500 8 9 17 22
T 500 700
T 500 325
N 501 0 9 14 22
T 501 326
T 501 327
N 502 2 9 14 22
T 502 326
T 502 328
T 502 701
N 503 6 9 14 22
T 503 327
T 503 329
N 504 8 9 14 22
T 504 328
T 504 329
N 505 6 9 11 22
T 505 330
T 505 333
N 506 8 9 11 22
T 506 331
T 506 333
N 507 5 11 29
T 507 332
T 507 353
T 507 685
T 507 387
N 508 2 9 18 22
T 508 702
T 508 334
T 508 703
N 509 4 9 18 22
T 509 702
T 509 704
T 509 334
T 509 335
N 510 6 9 18 22
T 510 704
T 510 335
N 511 0 9 15 22
T 511 336
T 511 338
N 512 1 15 29
T 512 689
T 512 337
T 512 394
T 512 356
N 513 6 9 15 22
T 513 338
T 513 339
N 514 6 9 16 21
T 514 705
T 514 706
T 514 340
N 515 0 9 13 21
T 515 707
T 515 341
N 516 4 9 13 21
T 516 707
T 516 341
T 516 708
T 516 709
N 517 6 9 13 21
T 517 341
T 517 709
N 518 2 9 10 21
T 518 342
T 518 710
N 519 4 9 10 21
T 519 342
T 519 343
T 519 710
T 519 711
N 520 1 10 29
T 520 363
T 520 696
T 520 676
T 520 342
N 521 6 9 10 21
T 521 343
T 521 711
N 522 4 9 17 21
T 522 712
T 522 713
T 522 714
T 522 344
N 523 6 9 17 21
T 523 713
T 523 344
N 524 8 9 17 21
T 524 714
T 524 344
N 525 0 9 14 21
T 525 345
T 525 346
N 526 2 9 14 21
T 526 345
T 526 347
N 527 1 14 29
T 527 683
T 527 701
T 527 405
T 527 345
N 528 6 9 14 21
T 528 346
T 528 348
N 529 8 9 14 21
T 529 347
T 529 348
N 530 6 9 11 21
T 530 349
T 530 351
N 531 8 9 11 21
T 531 350
T 531 351
N 532 2 9 18 21
T 532 715
T 532 354
N 533 4 9 18 21
T 533 715
T 533 716
T 533 354
T 533 355
N 534 6 9 18 21
T 534 716
T 534 355
N 535 0 9 15 21
T 535 356
T 535 357
N 536 6 9 15 21
T 536 357
T 536 358
N 537 6 9 16 20
T 537 717
T 537 718
T 537 359
N 538 0 9 13 20
T 538 719
T 538 360
T 538 672
N 539 4 9 13 20
T 539 719
T 539 360
T 539 720
T 539 721
N 540 6 9 13 20
T 540 360
T 540 721
N 541 2 9 10 20
T 541 361
T 541 722
N 542 4 9 10 20
T 542 361
T 542 362
T 542 722
T 542 723
N 543 6 9 10 20
T 543 362
T 543 723
N 544 4 9 17 20
T 544 724
T 544 725
T 544 726
T 544 364
N 545 6 9 17 20
T 545 725
T 545 364
N 546 8 9 17 20
T 546 726
T 546 364
N 547 0 9 14 20
T 547 365
T 547 366
T 547 683
N 548 2 9 14 20
T 548 365
T 548 367
N 549 6 9 14 20
T 549 366
T 549 368
N 550 8 9 14 20
T 550 367
T 550 368
N 551 6 9 11 20
T 551 369
T 551 371
N 552 8 9 11 20
T 552 370
T 552 371
N 553 2 9 18 20
T 553 727
T 553 372
N 554 4 9 18 20
T 554 727
T 554 728
T 554 372
T 554 373
N 555 6 9 18 20
T 555 728
T 555 373
N 556 0 9 15 20
T 556 374
T 556 375
T 556 689
N 557 6 9 15 20
T 557 375
T 557 376
N 558 6 9 16 25
T 558 729
T 558 730
T 558 377
N 559 0 9 13 25
T 559 731
T 559 378
N 560 4 9 13 25
T 560 731
T 560 378
T 560 732
T 560 733
N 561 6 9 13 25
T 561 378
T 561 733
N 562 2 9 10 25
T 562 379
T 562 734
N 563 4 9 10 25
T 563 379
T 563 380
T 563 734
T 563 735
N 564 6 9 10 25
T 564 380
T 564 735
N 565 4 9 17 25
T 565 736
T 565 737
T 565 738
T 565 381
N 566 6 9 17 25
T 566 737
T 566 381
N 567 8 9 17 25
T 567 738
T 567 381
N 568 0 9 14 25
T 568 382
T 568 383
N 569 2 9 14 25
T 569 382
T 569 384
N 570 6 9 14 25
T 570 383
T 570 385
N 571 8 9 14 25
T 571 384
T 571 385
N 572 5 14 29
T 572 701
T 572 405
T 572 684
T 572 384
N 573 6 9 11 25
T 573 386
T 573 388
N 574 8 9 11 25
T 574 387
T 574 388
N 575 2 9 18 25
T 575 739
T 575 389
N 576 4 9 18 25
T 576 739
T 576 740
T 576 389
T 576 390
N 577 5 18 29
T 577 703
T 577 687
T 577 445
T 577 389
N 578 6 9 18 25
T 578 740
T 578 390
N 579 0 9 15 25
T 579 391
T 579 392
N 580 6 9 15 25
T 580 392
T 580 393
N 581 6 9 16 24
T 581 741
T 581 742
T 581 396
N 582 0 9 13 24
T 582 743
T 582 397
N 583 4 9 13 24
T 583 743
T 583 397
T 583 744
T 583 745
T 583 673
N 584 6 9 13 24
T 584 397
T 584 745
N 585 2 9 10 24
T 585 398
T 585 746
N 586 4 9 10 24
T 586 398
T 586 399
T 586 746
T 586 747
T 586 676
N 587 6 9 10 24
T 587 399
T 587 747
N 588 4 9 17 24
T 588 748
T 588 749
T 588 750
T 588 400
T 588 680
N 589 6 9 17 24
T 589 749
T 589 400
N 590 8 9 17 24
T 590 750
T 590 400
N 591 0 9 14 24
T 591 401
T 591 402
N 592 2 9 14 24
T 592 401
T 592 403
N 593 6 9 14 24
T 593 402
T 593 404
N 594 8 9 14 24
T 594 403
T 594 404
N 595 6 9 11 24
T 595 406
T 595 408
N 596 8 9 11 24
T 596 407
T 596 408
N 597 2 9 18 24
T 597 751
T 597 409
N 598 4 9 18 24
T 598 751
T 598 752
T 598 409
T 598 410
T 598 687
N 599 6 9 18 24
T 599 752
T 599 410
N 600 0 9 15 24
T 600 411
T 600 412
N 601 6 9 15 24
T 601 412
T 601 413
N 602 6 9 16 23
T 602 669
T 602 753
T 602 414
N 603 0 9 13 23
T 603 754
T 603 415
N 604 4 9 13 23
T 604 754
T 604 415
T 604 755
T 604 756
N 605 6 9 13 23
T 605 415
T 605 756
N 606 2 9 10 23
T 606 416
T 606 757
N 607 4 9 10 23
T 607 416
T 607 417
T 607 757
T 607 758
N 608 6 9 10 23
T 608 417
T 608 758
N 609 4 9 17 23
T 609 759
T 609 681
T 609 760
T 609 418
N 610 6 9 17 23
T 610 681
T 610 418
N 611 8 9 17 23
T 611 760
T 611 418
N 612 0 9 14 23
T 612 419
T 612 420
N 613 2 9 14 23
T 613 419
T 613 421
N 614 6 9 14 23
T 614 420
T 614 422
N 615 8 9 14 23
T 615 421
T 615 422
N 616 6 9 11 23
T 616 423
T 616 425
N 617 8 9 11 23
T 617 424
T 617 425
N 618 2 9 18 23
T 618 761
T 618 426
N 619 4 9 18 23
T 619 761
T 619 688
T 619 426
T 619 427
N 620 6 9 18 23
T 620 688
T 620 427
N 621 0 9 15 23
T 621 428
T 621 429
N 622 6 9 15 23
T 622 429
T 622 430
N 623 6 9 16 28
T 623 762
T 623 763
T 623 431
N 624 0 9 13 28
T 624 764
T 624 432
N 625 4 9 13 28
T 625 764
T 625 432
T 625 765
T 625 766
N 626 6 9 13 28
T 626 432
T 626 766
N 627 2 9 10 28
T 627 433
T 627 767
N 628 4 9 10 28
T 628 433
T 628 434
T 628 767
T 628 768
N 629 6 9 10 28
T 629 434
T 629 768
N 630 4 9 17 28
T 630 769
T 630 770
T 630 771
T 630 435
N 631 6 9 17 28
T 631 770
T 631 435
N 632 8 9 17 28
T 632 771
T 632 435
T 632 682
N 633 0 9 14 28
T 633 436
T 633 437
N 634 2 9 14 28
T 634 436
T 634 438
N 635 6 9 14 28
T 635 437
T 635 439
N 636 8 9 14 28
T 636 438
T 636 439
T 636 684
N 637 6 9 11 28
T 637 440
T 637 442
N 638 8 9 11 28
T 638 441
T 638 442
T 638 685
G 639 2 9 18 28
T 639 772
T 639 443
G 640 4 9 18 28
T 640 772
T 640 773
T 640 443
T 640 444
G 641 6 9 18 28
T 641 773
T 641 444
N 642 0 9 15 28
T 642 446
T 642 447
N 643 6 9 15 28
T 643 447
T 643 448
N 644 6 9 16 27
T 644 774
T 644 671
T 644 449
N 645 0 9 13 27
T 645 775
T 645 450
N 646 4 9 13 27
T 646 775
T 646 450
T 646 776
T 646 675
N 647 6 9 13 27
T 647 450
T 647 675
N 648 2 9 10 27
T 648 451
T 648 777
N 649 4 9 10 27
T 649 451
T 649 452
T 649 777
T 649 678
N 650 6 9 10 27
T 650 452
T 650 678
N 651 4 9 17 27
T 651 778
T 651 779
T 651 780
T 651 453
N 652 6 9 17 27
T 652 779
T 652 453
N 653 8 9 17 27
T 653 780
T 653 453
N 654 0 9 14 27
T 654 454
T 654 455
N 655 2 9 14 27
T 655 454
T 655 456
N 656 6 9 14 27
T 656 455
T 656 457
N 657 8 9 14 27
T 657 456
T 657 457
N 658 6 9 11 27
T 658 458
T 658 460
N 659 8 9 11 27
T 659 459
T 659 460
N 660 2 9 18 27
T 660 781
T 660 461
N 661 4 9 18 27
T 661 781
T 661 782
T 661 461
T 661 462
N 662 6 9 18 27
T 662 782
T 662 462
N 663 0 9 15 27
T 663 463
T 663 464
N 664 6 9 15 27
T 664 464
T 664 465
N 665 1 9 16 26
T 665 466
T 665 783
T 665 467
N 666 5 9 16 26
T 666 783
T 666 467
T 666 468
N 667 0 16 29
T 667 784
T 667 469
T 667 785
N 668 4 16 29
T 668 784
T 668 469
T 668 786
T 668 470
T 668 787
N 669 3 9 16 23
T 669 788
T 669 789
T 669 602
T 669 469
N 670 8 16 29
T 670 786
T 670 470
T 670 790
N 671 7 9 16 27
T 671 791
T 671 644
T 671 792
T 671 470
N 672 0 13 29
T 672 793
T 672 473
T 672 538
N 673 4 13 29
T 673 793
T 673 473
T 673 794
T 673 474
T 673 583
N 674 8 13 29
T 674 794
T 674 474
T 674 795
N 675 7 9 13 27
T 675 646
T 675 647
T 675 796
T 675 474
N 676 4 10 29
T 676 520
T 676 476
T 676 797
T 676 477
T 676 586
N 677 8 10 29
T 677 797
T 677 477
T 677 798
N 678 7 9 10 27
T 678 649
T 678 650
T 678 799
T 678 477
N 679 0 17 29
T 679 800
T 679 480
T 679 801
N 680 4 17 29
T 680 800
T 680 480
T 680 802
T 680 481
T 680 588
N 681 3 9 17 23
T 681 803
T 681 609
T 681 610
T 681 480
N 682 8 17 29
T 682 802
T 682 481
T 682 632
N 683 0 14 29
T 683 527
T 683 482
T 683 547
N 684 8 14 29
T 684 572
T 684 483
T 684 636
N 685 8 11 29
T 685 507
T 685 485
T 685 638
N 686 0 18 29
T 686 804
T 686 487
T 686 805
N 687 4 18 29
T 687 804
T 687 487
T 687 577
T 687 488
T 687 598
N 688 3 9 18 23
T 688 806
T 688 619
T 688 620
T 688 487
N 689 0 15 29
T 689 512
T 689 489
T 689 556
N 690 3 9 16 22
T 690 807
T 690 808
T 690 491
N 691 7 9 16 22
T 691 808
T 691 491
T 691 809
N 692 1 9 13 22
T 692 492
T 692 810
T 692 493
N 693 5 9 13 22
T 693 810
T 693 493
T 693 811
N 694 7 9 13 22
T 694 493
T 694 494
T 694 811
N 695 5 9 10 22
T 695 495
T 695 496
T 695 812
N 696 2 10 29
T 696 520
T 696 797
T 696 495
N 697 7 9 10 22
T 697 496
T 697 497
T 697 812
N 698 1 9 17 22
T 698 813
T 698 814
T 698 498
N 699 3 9 17 22
T 699 813
T 699 498
T 699 499
N 700 5 9 17 22
T 700 814
T 700 498
T 700 500
N 701 2 14 29
T 701 527
T 701 572
T 701 502
N 702 1 9 18 22
T 702 815
T 702 508
T 702 509
N 703 2 18 29
T 703 804
T 703 577
T 703 508
N 704 3 9 18 22
T 704 815
T 704 509
T 704 510
N 705 3 9 16 21
T 705 816
T 705 817
T 705 514
N 706 7 9 16 21
T 706 817
T 706 514
T 706 818
N 707 1 9 13 21
T 707 515
T 707 819
T 707 516
T 707 793
N 708 5 9 13 21
T 708 819
T 708 516
T 708 820
N 709 7 9 13 21
T 709 516
T 709 517
T 709 820
N 710 5 9 10 21
T 710 518
T 710 519
T 710 821
N 711 7 9 10 21
T 711 519
T 711 521
T 711 821
N 712 1 9 17 21
T 712 822
T 712 823
T 712 522
T 712 800
N 713 3 9 17 21
T 713 822
T 713 522
T 713 523
N 714 5 9 17 21
T 714 823
T 714 522
T 714 524
N 715 1 9 18 21
T 715 824
T 715 532
T 715 533
T 715 804
N 716 3 9 18 21
T 716 824
T 716 533
T 716 534
N 717 3 9 16 20
T 717 785
T 717 825
T 717 537
N 718 7 9 16 20
T 718 825
T 718 537
T 718 826
N 719 1 9 13 20
T 719 538
T 719 827
T 719 539
N 720 5 9 13 20
T 720 827
T 720 539
T 720 828
N 721 7 9 13 20
T 721 539
T 721 540
T 721 828
N 722 5 9 10 20
T 722 541
T 722 542
T 722 829
N 723 7 9 10 20
T 723 542
T 723 543
T 723 829
N 724 1 9 17 20
T 724 801
T 724 830
T 724 544
N 725 3 9 17 20
T 725 801
T 725 544
T 725 545
N 726 5 9 17 20
T 726 830
T 726 544
T 726 546
N 727 1 9 18 20
T 727 805
T 727 553
T 727 554
N 728 3 9 18 20
T 728 805
T 728 554
T 728 555
N 729 3 9 16 25
T 729 831
T 729 832
T 729 558
N 730 7 9 16 25
T 730 832
T 730 558
T 730 833
N 731 1 9 13 25
T 731 559
T 731 834
T 731 560
N 732 5 9 13 25
T 732 834
T 732 560
T 732 835
T 732 794
N 733 7 9 13 25
T 733 560
T 733 561
T 733 835
N 734 5 9 10 25
T 734 562
T 734 563
T 734 836
T 734 797
N 735 7 9 10 25
T 735 563
T 735 564
T 735 836
N 736 1 9 17 25
T 736 837
T 736 838
T 736 565
N 737 3 9 17 25
T 737 837
T 737 565
T 737 566
N 738 5 9 17 25
T 738 838
T 738 565
T 738 567
T 738 802
N 739 1 9 18 25
T 739 839
T 739 575
T 739 576
N 740 3 9 18 25
T 740 839
T 740 576
T 740 578
N 741 3 9 16 24
T 741 840
T 741 787
T 741 581
N 742 7 9 16 24
T 742 787
T 742 581
T 742 841
N 743 1 9 13 24
T 743 582
T 743 842
T 743 583
N 744 5 9 13 24
T 744 842
T 744 583
T 744 843
N 745 7 9 13 24
T 745 583
T 745 584
T 745 843
N 746 5 9 10 24
T 746 585
T 746 586
T 746 844
N 747 7 9 10 24
T 747 586
T 747 587
T 747 844
N 748 1 9 17 24
T 748 845
T 748 846
T 748 588
N 749 3 9 17 24
T 749 845
T 749 588
T 749 589
N 750 5 9 17 24
T 750 846
T 750 588
T 750 590
N 751 1 9 18 24
T 751 847
T 751 597
T 751 598
N 752 3 9 18 24
T 752 847
T 752 598
T 752 599
N 753 7 9 16 23
T 753 789
T 753 602
T 753 848
N 754 1 9 13 23
T 754 603
T 754 849
T 754 604
N 755 5 9 13 23
T 755 849
T 755 604
T 755 850
N 756 7 9 13 23
T 756 604
T 756 605
T 756 850
N 757 5 9 10 23
T 757 606
T 757 607
T 757 851
N 758 7 9 10 23
T 758 607
T 758 608
T 758 851
N 759 1 9 17 23
T 759 803
T 759 852
T 759 609
N 760 5 9 17 23
T 760 852
T 760 609
T 760 611
N 761 1 9 18 23
T 761 806
T 761 618
T 761 619
N 762 3 9 16 28
T 762 853
T 762 854
T 762 623
N 763 7 9 16 28
T 763 854
T 763 623
T 763 790
N 764 1 9 13 28
T 764 624
T 764 855
T 764 625
N 765 5 9 13 28
T 765 855
T 765 625
T 765 795
N 766 7 9 13 28
T 766 625
T 766 626
T 766 795
N 767 5 9 10 28
T 767 627
T 767 628
T 767 798
N 768 7 9 10 28
T 768 628
T 768 629
T 768 798
N 769 1 9 17 28
T 769 856
T 769 857
T 769 630
N 770 3 9 17 28
T 770 856
T 770 630
T 770 631
N 771 5 9 17 28
T 771 857
T 771 630
T 771 632
G 772 1 9 18 28
T 772 858
T 772 639
T 772 640
G 773 3 9 18 28
T 773 858
T 773 640
T 773 641
N 774 3 9 16 27
T 774 859
T 774 791
T 774 644
N 775 1 9 13 27
T 775 645
T 775 860
T 775 646
N 776 5 9 13 27
T 776 860
T 776 646
T 776 796
N 777 5 9 10 27
T 777 648
T 777 649
T 777 799
N 778 1 9 17 27
T 778 861
T 778 862
T 778 651
N 779 3 9 17 27
T 779 861
T 779 651
T 779 652
N 780 5 9 17 27
T 780 862
T 780 651
T 780 653
N 781 1 9 18 27
T 781 863
T 781 660
T 781 661
N 782 3 9 18 27
T 782 863
T 782 661
T 782 662
N 783 2 9 16 26
T 783 665
T 783 666
N 784 1 16 29
T 784 667
T 784 864
T 784 668
T 784 865
N 785 0 9 16 20
T 785 866
T 785 717
T 785 667
N 786 5 16 29
T 786 864
T 786 668
T 786 670
T 786 867
N 787 4 9 16 24
T 787 868
T 787 741
T 787 869
T 787 742
T 787 668
N 788 0 9 16 23
T 788 870
T 788 669
N 789 4 9 16 23
T 789 870
T 789 669
T 789 871
T 789 753
N 790 8 9 16 28
T 790 872
T 790 763
T 790 670
N 791 4 9 16 27
T 791 873
T 791 774
T 791 874
T 791 671
N 792 8 9 16 27
T 792 874
T 792 671
N 793 1 13 29
T 793 672
T 793 875
T 793 673
T 793 707
N 794 5 13 29
T 794 875
T 794 673
T 794 674
T 794 732
N 795 8 9 13 28
T 795 765
T 795 766
T 795 674
N 796 8 9 13 27
T 796 776
T 796 675
N 797 5 10 29
T 797 696
T 797 676
T 797 677
T 797 734
N 798 8 9 10 28
T 798 767
T 798 768
T 798 677
N 799 8 9 10 27
T 799 777
T 799 678
N 800 1 17 29
T 800 679
T 800 876
T 800 680
T 800 712
N 801 0 9 17 20
T 801 724
T 801 725
T 801 679
N 802 5 17 29
T 802 876
T 802 680
T 802 682
T 802 738
N 803 0 9 17 23
T 803 759
T 803 681
N 804 1 18 29
T 804 686
T 804 703
T 804 687
T 804 715
N 805 0 9 18 20
T 805 727
T 805 728
T 805 686
N 806 0 9 18 23
T 806 761
T 806 688
N 807 0 9 16 22
T 807 877
T 807 690
N 808 4 9 16 22
T 808 877
T 808 690
T 808 878
T 808 691
N 809 8 9 16 22
T 809 878
T 809 691
N 810 2 9 13 22
T 810 692
T 810 693
T 810 875
N 811 8 9 13 22
T 811 693
T 811 694
N 812 8 9 10 22
T 812 695
T 812 697
N 813 0 9 17 22
T 813 698
T 813 699
N 814 2 9 17 22
T 814 698
T 814 700
T 814 876
N 815 0 9 18 22
T 815 702
T 815 704
N 816 0 9 16 21
T 816 865
T 816 705
N 817 4 9 16 21
T 817 865
T 817 705
T 817 879
T 817 706
N 818 8 9 16 21
T 818 879
T 818 706
N 819 2 9 13 21
T 819 707
T 819 708
N 820 8 9 13 21
T 820 708
T 820 709
N 821 8 9 10 21
T 821 710
T 821 711
N 822 0 9 17 21
T 822 712
T 822 713
N 823 2 9 17 21
T 823 712
T 823 714
N 824 0 9 18 21
T 824 715
T 824 716
N 825 4 9 16 20
T 825 866
T 825 717
T 825 880
T 825 718
N 826 8 9 16 20
T 826 880
T 826 718
N 827 2 9 13 20
T 827 719
T 827 720
N 828 8 9 13 20
T 828 720
T 828 721
N 829 8 9 10 20
T 829 722
T 829 723
N 830 2 9 17 20
T 830 724
T 830 726
N 831 0 9 16 25
T 831 881
T 831 729
N 832 4 9 16 25
T 832 881
T 832 729
T 832 867
T 832 730
N 833 8 9 16 25
T 833 867
T 833 730
N 834 2 9 13 25
T 834 731
T 834 732
N 835 8 9 13 25
T 835 732
T 835 733
N 836 8 9 10 25
T 836 734
T 836 735
N 837 0 9 17 25
T 837 736
T 837 737
N 838 2 9 17 25
T 838 736
T 838 738
N 839 0 9 18 25
T 839 739
T 839 740
N 840 0 9 16 24
T 840 868
T 840 741
N 841 8 9 16 24
T 841 869
T 841 742
N 842 2 9 13 24
T 842 743
T 842 744
N 843 8 9 13 24
T 843 744
T 843 745
N 844 8 9 10 24
T 844 746
T 844 747
N 845 0 9 17 24
T 845 748
T 845 749
N 846 2 9 17 24
T 846 748
T 846 750
N 847 0 9 18 24
T 847 751
T 847 752
N 848 8 9 16 23
T 848 871
T 848 753
N 849 2 9 13 23
T 849 754
T 849 755
N 850 8 9 13 23
T 850 755
T 850 756
N 851 8 9 10 23
T 851 757
T 851 758
N 852 2 9 17 23
T 852 759
T 852 760
N 853 0 9 16 28
T 853 882
T 853 762
N 854 4 9 16 28
T 854 882
T 854 762
T 854 872
T 854 763
N 855 2 9 13 28
T 855 764
T 855 765
N 856 0 9 17 28
T 856 769
T 856 770
N 857 2 9 17 28
T 857 769
T 857 771
G 858 0 9 18 28
T 858 772
T 858 773
N 859 0 9 16 27
T 859 873
T 859 774
N 860 2 9 13 27
T 860 775
T 860 776
N 861 0 9 17 27
T 861 778
T 861 779
N 862 2 9 17 27
T 862 778
T 862 780
N 863 0 9 18 27
T 863 781
T 863 782
N 864 2 16 29
T 864 784
T 864 786
T 864 883
N 865 1 9 16 21
T 865 816
T 865 884
T 865 817
T 865 784
N 866 1 9 16 20
T 866 785
T 866 885
T 866 825
N 867 5 9 16 25
T 867 886
T 867 832
T 867 833
T 867 786
N 868 1 9 16 24
T 868 840
T 868 887
T 868 787
N 869 5 9 16 24
T 869 887
T 869 787
T 869 841
N 870 1 9 16 23
T 870 788
T 870 888
T 870 789
N 871 5 9 16 23
T 871 888
T 871 789
T 871 848
N 872 5 9 16 28
T 872 889
T 872 854
T 872 790
N 873 1 9 16 27
T 873 859
T 873 890
T 873 791
N 874 5 9 16 27
T 874 890
T 874 791
T 874 792
N 875 2 13 29
T 875 793
T 875 794
T 875 810
N 876 2 17 29
T 876 800
T 876 802
T 876 814
N 877 1 9 16 22
T 877 807
T 877 883
T 877 808
N 878 5 9 16 22
T 878 883
T 878 808
T 878 809
N 879 5 9 16 21
T 879 884
T 879 817
T 879 818
N 880 5 9 16 20
T 880 885
T 880 825
T 880 826
N 881 1 9 16 25
T 881 831
T 881 886
T 881 832
N 882 1 9 16 28
T 882 853
T 882 889
T 882 854
N 883 2 9 16 22
T 883 877
T 883 878
T 883 864
N 884 2 9 16 21
T 884 865
T 884 879
N 885 2 9 16 20
T 885 866
T 885 880
N 886 2 9 16 25
T 886 881
T 886 867
N 887 2 9 16 24
T 887 868
T 887 869
N 888 2 9 16 23
T 888 870
T 888 871
N 889 2 9 16 28
T 889 882
T 889 872
N 890 2 9 16 27
T 890 873
T 890 874
[t=0.0189782s, 19140 KB] Finished dumping the reachable state space.
[t=0.019097s, 19140 KB] Actual search time: 0.0113051s
[t=0.0191559s, 19140 KB] Expanded 891 state(s).
[t=0.0191559s, 19140 KB] Reopened 0 state(s).
[t=0.0191559s, 19140 KB] Evaluated 0 state(s).
[t=0.0191559s, 19140 KB] Evaluations: 0
[t=0.0191559s, 19140 KB] Generated 2701 state(s).
[t=0.0191559s, 19140 KB] Dead ends: 0 state(s).
[t=0.0191559s, 19140 KB] Number of registered states: 891
[t=0.0191559s, 19140 KB] Closed list load factor: 891/1023 = 0.870968
[t=0.0191559s, 19140 KB] Search time: 0.0118583s
[t=0.0191559s, 19140 KB] Total time: 0.0191559s
Search stopped without finding a solution.
Peak memory: 19140 KB
Remove intermediate file output.sas
search exit code: 12

Driver aborting after search
INFO     Planner time: 0.17s
